Training unet-2000-256-16-crop-100-00005...
epochs=100 lr=0.0005, error=<function cross_entropy at 0x7f190b9efb50>
    [0] Processed 0/125 batches (0.00%)
    [0] Processed 37/125 batches (29.60%)
    [0] Processed 74/125 batches (59.20%)
    [0] Processed 111/125 batches (88.80%)
Checkpoint 1 saved to /virtual/drosari3/models/unet-2000-256-16-crop-100-00005/unet-2000-256-16-crop-100-00005-checkpoint_epoch_1.pth
[09:29:30] Epoch [1/100] Loss: 2.0385 Accuracy: 52.36%
    [1] Processed 0/125 batches (0.00%)
    [1] Processed 37/125 batches (29.60%)
    [1] Processed 74/125 batches (59.20%)
    [1] Processed 111/125 batches (88.80%)
[09:35:00] Epoch [2/100] Loss: 1.7316 Accuracy: 55.64%
    [2] Processed 0/125 batches (0.00%)
    [2] Processed 37/125 batches (29.60%)
    [2] Processed 74/125 batches (59.20%)
    [2] Processed 111/125 batches (88.80%)
[09:40:26] Epoch [3/100] Loss: 1.6402 Accuracy: 58.13%
    [3] Processed 0/125 batches (0.00%)
    [3] Processed 37/125 batches (29.60%)
    [3] Processed 74/125 batches (59.20%)
    [3] Processed 111/125 batches (88.80%)
[09:45:42] Epoch [4/100] Loss: 1.6134 Accuracy: 58.23%
    [4] Processed 0/125 batches (0.00%)
    [4] Processed 37/125 batches (29.60%)
    [4] Processed 74/125 batches (59.20%)
    [4] Processed 111/125 batches (88.80%)
[09:50:58] Epoch [5/100] Loss: 1.5588 Accuracy: 59.72%
    [5] Processed 0/125 batches (0.00%)
    [5] Processed 37/125 batches (29.60%)
    [5] Processed 74/125 batches (59.20%)
    [5] Processed 111/125 batches (88.80%)
[09:56:15] Epoch [6/100] Loss: 1.5357 Accuracy: 59.95%
    [6] Processed 0/125 batches (0.00%)
    [6] Processed 37/125 batches (29.60%)
    [6] Processed 74/125 batches (59.20%)
    [6] Processed 111/125 batches (88.80%)
[10:01:31] Epoch [7/100] Loss: 1.5045 Accuracy: 60.61%
    [7] Processed 0/125 batches (0.00%)
    [7] Processed 37/125 batches (29.60%)
    [7] Processed 74/125 batches (59.20%)
    [7] Processed 111/125 batches (88.80%)
[10:06:48] Epoch [8/100] Loss: 1.4774 Accuracy: 60.86%
    [8] Processed 0/125 batches (0.00%)
    [8] Processed 37/125 batches (29.60%)
    [8] Processed 74/125 batches (59.20%)
    [8] Processed 111/125 batches (88.80%)
[10:12:07] Epoch [9/100] Loss: 1.4624 Accuracy: 61.69%
    [9] Processed 0/125 batches (0.00%)
    [9] Processed 37/125 batches (29.60%)
    [9] Processed 74/125 batches (59.20%)
    [9] Processed 111/125 batches (88.80%)
[10:17:24] Epoch [10/100] Loss: 1.4350 Accuracy: 62.57%
    [10] Processed 0/125 batches (0.00%)
    [10] Processed 37/125 batches (29.60%)
    [10] Processed 74/125 batches (59.20%)
    [10] Processed 111/125 batches (88.80%)
Checkpoint 11 saved to /virtual/drosari3/models/unet-2000-256-16-crop-100-00005/unet-2000-256-16-crop-100-00005-checkpoint_epoch_11.pth
[10:22:41] Epoch [11/100] Loss: 1.4036 Accuracy: 63.43%
    [11] Processed 0/125 batches (0.00%)
    [11] Processed 37/125 batches (29.60%)
    [11] Processed 74/125 batches (59.20%)
    [11] Processed 111/125 batches (88.80%)
[10:27:58] Epoch [12/100] Loss: 1.3963 Accuracy: 63.45%
    [12] Processed 0/125 batches (0.00%)
    [12] Processed 37/125 batches (29.60%)
    [12] Processed 74/125 batches (59.20%)
    [12] Processed 111/125 batches (88.80%)
[10:33:15] Epoch [13/100] Loss: 1.3823 Accuracy: 63.82%
    [13] Processed 0/125 batches (0.00%)
    [13] Processed 37/125 batches (29.60%)
    [13] Processed 74/125 batches (59.20%)
    [13] Processed 111/125 batches (88.80%)
[10:38:31] Epoch [14/100] Loss: 1.3714 Accuracy: 64.07%
    [14] Processed 0/125 batches (0.00%)
    [14] Processed 37/125 batches (29.60%)
    [14] Processed 74/125 batches (59.20%)
    [14] Processed 111/125 batches (88.80%)
[10:43:47] Epoch [15/100] Loss: 1.3467 Accuracy: 64.56%
    [15] Processed 0/125 batches (0.00%)
    [15] Processed 37/125 batches (29.60%)
    [15] Processed 74/125 batches (59.20%)
    [15] Processed 111/125 batches (88.80%)
[10:49:03] Epoch [16/100] Loss: 1.3399 Accuracy: 64.69%
    [16] Processed 0/125 batches (0.00%)
    [16] Processed 37/125 batches (29.60%)
    [16] Processed 74/125 batches (59.20%)
    [16] Processed 111/125 batches (88.80%)
[10:54:18] Epoch [17/100] Loss: 1.3305 Accuracy: 64.93%
    [17] Processed 0/125 batches (0.00%)
    [17] Processed 37/125 batches (29.60%)
    [17] Processed 74/125 batches (59.20%)
    [17] Processed 111/125 batches (88.80%)
[10:59:35] Epoch [18/100] Loss: 1.3052 Accuracy: 66.00%
    [18] Processed 0/125 batches (0.00%)
    [18] Processed 37/125 batches (29.60%)
    [18] Processed 74/125 batches (59.20%)
    [18] Processed 111/125 batches (88.80%)
[11:04:51] Epoch [19/100] Loss: 1.2927 Accuracy: 66.02%
    [19] Processed 0/125 batches (0.00%)
    [19] Processed 37/125 batches (29.60%)
    [19] Processed 74/125 batches (59.20%)
    [19] Processed 111/125 batches (88.80%)
[11:10:07] Epoch [20/100] Loss: 1.2736 Accuracy: 66.89%
    [20] Processed 0/125 batches (0.00%)
    [20] Processed 37/125 batches (29.60%)
    [20] Processed 74/125 batches (59.20%)
    [20] Processed 111/125 batches (88.80%)
Checkpoint 21 saved to /virtual/drosari3/models/unet-2000-256-16-crop-100-00005/unet-2000-256-16-crop-100-00005-checkpoint_epoch_21.pth
[11:15:23] Epoch [21/100] Loss: 1.2554 Accuracy: 67.08%
    [21] Processed 0/125 batches (0.00%)
    [21] Processed 37/125 batches (29.60%)
    [21] Processed 74/125 batches (59.20%)
    [21] Processed 111/125 batches (88.80%)
[11:20:40] Epoch [22/100] Loss: 1.2369 Accuracy: 68.08%
    [22] Processed 0/125 batches (0.00%)
    [22] Processed 37/125 batches (29.60%)
    [22] Processed 74/125 batches (59.20%)
    [22] Processed 111/125 batches (88.80%)
[11:25:56] Epoch [23/100] Loss: 1.2136 Accuracy: 68.48%
    [23] Processed 0/125 batches (0.00%)
    [23] Processed 37/125 batches (29.60%)
    [23] Processed 74/125 batches (59.20%)
    [23] Processed 111/125 batches (88.80%)
[11:31:14] Epoch [24/100] Loss: 1.1742 Accuracy: 69.82%
    [24] Processed 0/125 batches (0.00%)
    [24] Processed 37/125 batches (29.60%)
    [24] Processed 74/125 batches (59.20%)
    [24] Processed 111/125 batches (88.80%)
[11:36:31] Epoch [25/100] Loss: 1.1618 Accuracy: 70.05%
    [25] Processed 0/125 batches (0.00%)
    [25] Processed 37/125 batches (29.60%)
    [25] Processed 74/125 batches (59.20%)
    [25] Processed 111/125 batches (88.80%)
[11:41:47] Epoch [26/100] Loss: 1.1599 Accuracy: 69.82%
    [26] Processed 0/125 batches (0.00%)
    [26] Processed 37/125 batches (29.60%)
    [26] Processed 74/125 batches (59.20%)
    [26] Processed 111/125 batches (88.80%)
[11:47:03] Epoch [27/100] Loss: 1.1714 Accuracy: 69.82%
    [27] Processed 0/125 batches (0.00%)
    [27] Processed 37/125 batches (29.60%)
    [27] Processed 74/125 batches (59.20%)
    [27] Processed 111/125 batches (88.80%)
[11:52:19] Epoch [28/100] Loss: 1.1002 Accuracy: 71.83%
    [28] Processed 0/125 batches (0.00%)
    [28] Processed 37/125 batches (29.60%)
    [28] Processed 74/125 batches (59.20%)
    [28] Processed 111/125 batches (88.80%)
[11:57:36] Epoch [29/100] Loss: 1.0931 Accuracy: 71.76%
    [29] Processed 0/125 batches (0.00%)
    [29] Processed 37/125 batches (29.60%)
    [29] Processed 74/125 batches (59.20%)
    [29] Processed 111/125 batches (88.80%)
[12:02:52] Epoch [30/100] Loss: 1.0780 Accuracy: 72.16%
    [30] Processed 0/125 batches (0.00%)
    [30] Processed 37/125 batches (29.60%)
    [30] Processed 74/125 batches (59.20%)
    [30] Processed 111/125 batches (88.80%)
Checkpoint 31 saved to /virtual/drosari3/models/unet-2000-256-16-crop-100-00005/unet-2000-256-16-crop-100-00005-checkpoint_epoch_31.pth
[12:08:09] Epoch [31/100] Loss: 1.0565 Accuracy: 72.71%
    [31] Processed 0/125 batches (0.00%)
    [31] Processed 37/125 batches (29.60%)
    [31] Processed 74/125 batches (59.20%)
    [31] Processed 111/125 batches (88.80%)
[12:13:26] Epoch [32/100] Loss: 1.0272 Accuracy: 73.45%
    [32] Processed 0/125 batches (0.00%)
    [32] Processed 37/125 batches (29.60%)
    [32] Processed 74/125 batches (59.20%)
    [32] Processed 111/125 batches (88.80%)
[12:18:43] Epoch [33/100] Loss: 1.0131 Accuracy: 73.57%
    [33] Processed 0/125 batches (0.00%)
    [33] Processed 37/125 batches (29.60%)
    [33] Processed 74/125 batches (59.20%)
    [33] Processed 111/125 batches (88.80%)
[12:23:59] Epoch [34/100] Loss: 0.9937 Accuracy: 74.20%
    [34] Processed 0/125 batches (0.00%)
    [34] Processed 37/125 batches (29.60%)
    [34] Processed 74/125 batches (59.20%)
    [34] Processed 111/125 batches (88.80%)
[12:29:17] Epoch [35/100] Loss: 0.9837 Accuracy: 74.27%
    [35] Processed 0/125 batches (0.00%)
    [35] Processed 37/125 batches (29.60%)
    [35] Processed 74/125 batches (59.20%)
    [35] Processed 111/125 batches (88.80%)
[12:34:33] Epoch [36/100] Loss: 0.9585 Accuracy: 74.92%
    [36] Processed 0/125 batches (0.00%)
    [36] Processed 37/125 batches (29.60%)
    [36] Processed 74/125 batches (59.20%)
    [36] Processed 111/125 batches (88.80%)
[12:39:50] Epoch [37/100] Loss: 0.9731 Accuracy: 74.70%
    [37] Processed 0/125 batches (0.00%)
    [37] Processed 37/125 batches (29.60%)
    [37] Processed 74/125 batches (59.20%)
    [37] Processed 111/125 batches (88.80%)
[12:45:07] Epoch [38/100] Loss: 0.9270 Accuracy: 75.74%
    [38] Processed 0/125 batches (0.00%)
    [38] Processed 37/125 batches (29.60%)
    [38] Processed 74/125 batches (59.20%)
    [38] Processed 111/125 batches (88.80%)
[12:50:24] Epoch [39/100] Loss: 0.8939 Accuracy: 76.71%
    [39] Processed 0/125 batches (0.00%)
    [39] Processed 37/125 batches (29.60%)
    [39] Processed 74/125 batches (59.20%)
    [39] Processed 111/125 batches (88.80%)
[12:55:41] Epoch [40/100] Loss: 0.8806 Accuracy: 76.92%
    [40] Processed 0/125 batches (0.00%)
    [40] Processed 37/125 batches (29.60%)
    [40] Processed 74/125 batches (59.20%)
    [40] Processed 111/125 batches (88.80%)
Checkpoint 41 saved to /virtual/drosari3/models/unet-2000-256-16-crop-100-00005/unet-2000-256-16-crop-100-00005-checkpoint_epoch_41.pth
[13:00:58] Epoch [41/100] Loss: 0.8565 Accuracy: 77.36%
    [41] Processed 0/125 batches (0.00%)
    [41] Processed 37/125 batches (29.60%)
    [41] Processed 74/125 batches (59.20%)
    [41] Processed 111/125 batches (88.80%)
[13:06:15] Epoch [42/100] Loss: 0.8450 Accuracy: 77.78%
    [42] Processed 0/125 batches (0.00%)
    [42] Processed 37/125 batches (29.60%)
    [42] Processed 74/125 batches (59.20%)
    [42] Processed 111/125 batches (88.80%)
[13:11:31] Epoch [43/100] Loss: 0.8273 Accuracy: 78.05%
    [43] Processed 0/125 batches (0.00%)
    [43] Processed 37/125 batches (29.60%)
    [43] Processed 74/125 batches (59.20%)
    [43] Processed 111/125 batches (88.80%)
[13:16:47] Epoch [44/100] Loss: 0.8047 Accuracy: 78.59%
    [44] Processed 0/125 batches (0.00%)
    [44] Processed 37/125 batches (29.60%)
    [44] Processed 74/125 batches (59.20%)
    [44] Processed 111/125 batches (88.80%)
[13:21:57] Epoch [45/100] Loss: 0.7772 Accuracy: 79.29%
    [45] Processed 0/125 batches (0.00%)
    [45] Processed 37/125 batches (29.60%)
    [45] Processed 74/125 batches (59.20%)
    [45] Processed 111/125 batches (88.80%)
[13:27:08] Epoch [46/100] Loss: 0.7436 Accuracy: 79.91%
    [46] Processed 0/125 batches (0.00%)
    [46] Processed 37/125 batches (29.60%)
    [46] Processed 74/125 batches (59.20%)
    [46] Processed 111/125 batches (88.80%)
[13:32:31] Epoch [47/100] Loss: 0.7654 Accuracy: 79.55%
    [47] Processed 0/125 batches (0.00%)
    [47] Processed 37/125 batches (29.60%)
    [47] Processed 74/125 batches (59.20%)
    [47] Processed 111/125 batches (88.80%)
[13:37:41] Epoch [48/100] Loss: 0.6954 Accuracy: 81.08%
    [48] Processed 0/125 batches (0.00%)
    [48] Processed 37/125 batches (29.60%)
    [48] Processed 74/125 batches (59.20%)
    [48] Processed 111/125 batches (88.80%)
[13:42:51] Epoch [49/100] Loss: 0.6540 Accuracy: 82.16%
    [49] Processed 0/125 batches (0.00%)
    [49] Processed 37/125 batches (29.60%)
    [49] Processed 74/125 batches (59.20%)
    [49] Processed 111/125 batches (88.80%)
[13:48:02] Epoch [50/100] Loss: 0.6862 Accuracy: 81.40%
    [50] Processed 0/125 batches (0.00%)
    [50] Processed 37/125 batches (29.60%)
    [50] Processed 74/125 batches (59.20%)
    [50] Processed 111/125 batches (88.80%)
Checkpoint 51 saved to /virtual/drosari3/models/unet-2000-256-16-crop-100-00005/unet-2000-256-16-crop-100-00005-checkpoint_epoch_51.pth
[13:53:12] Epoch [51/100] Loss: 0.6457 Accuracy: 82.32%
    [51] Processed 0/125 batches (0.00%)
    [51] Processed 37/125 batches (29.60%)
    [51] Processed 74/125 batches (59.20%)
    [51] Processed 111/125 batches (88.80%)
[13:58:21] Epoch [52/100] Loss: 0.6258 Accuracy: 82.79%
    [52] Processed 0/125 batches (0.00%)
    [52] Processed 37/125 batches (29.60%)
    [52] Processed 74/125 batches (59.20%)
    [52] Processed 111/125 batches (88.80%)
[14:03:32] Epoch [53/100] Loss: 0.6148 Accuracy: 83.05%
    [53] Processed 0/125 batches (0.00%)
    [53] Processed 37/125 batches (29.60%)
    [53] Processed 74/125 batches (59.20%)
    [53] Processed 111/125 batches (88.80%)
[14:08:41] Epoch [54/100] Loss: 0.5790 Accuracy: 83.97%
    [54] Processed 0/125 batches (0.00%)
    [54] Processed 37/125 batches (29.60%)
    [54] Processed 74/125 batches (59.20%)
    [54] Processed 111/125 batches (88.80%)
[14:14:00] Epoch [55/100] Loss: 0.5586 Accuracy: 84.49%
    [55] Processed 0/125 batches (0.00%)
    [55] Processed 37/125 batches (29.60%)
    [55] Processed 74/125 batches (59.20%)
    [55] Processed 111/125 batches (88.80%)
[14:19:13] Epoch [56/100] Loss: 0.5455 Accuracy: 84.61%
    [56] Processed 0/125 batches (0.00%)
    [56] Processed 37/125 batches (29.60%)
    [56] Processed 74/125 batches (59.20%)
    [56] Processed 111/125 batches (88.80%)
[14:24:26] Epoch [57/100] Loss: 0.5407 Accuracy: 84.66%
    [57] Processed 0/125 batches (0.00%)
    [57] Processed 37/125 batches (29.60%)
    [57] Processed 74/125 batches (59.20%)
    [57] Processed 111/125 batches (88.80%)
[14:29:39] Epoch [58/100] Loss: 0.5148 Accuracy: 85.46%
    [58] Processed 0/125 batches (0.00%)
    [58] Processed 37/125 batches (29.60%)
    [58] Processed 74/125 batches (59.20%)
    [58] Processed 111/125 batches (88.80%)
[14:34:51] Epoch [59/100] Loss: 0.4773 Accuracy: 86.42%
    [59] Processed 0/125 batches (0.00%)
    [59] Processed 37/125 batches (29.60%)
    [59] Processed 74/125 batches (59.20%)
    [59] Processed 111/125 batches (88.80%)
[14:40:03] Epoch [60/100] Loss: 0.4572 Accuracy: 86.86%
    [60] Processed 0/125 batches (0.00%)
    [60] Processed 37/125 batches (29.60%)
    [60] Processed 74/125 batches (59.20%)
    [60] Processed 111/125 batches (88.80%)
Checkpoint 61 saved to /virtual/drosari3/models/unet-2000-256-16-crop-100-00005/unet-2000-256-16-crop-100-00005-checkpoint_epoch_61.pth
[14:45:19] Epoch [61/100] Loss: 0.4844 Accuracy: 86.23%
    [61] Processed 0/125 batches (0.00%)
    [61] Processed 37/125 batches (29.60%)
    [61] Processed 74/125 batches (59.20%)
    [61] Processed 111/125 batches (88.80%)
[14:50:33] Epoch [62/100] Loss: 0.4730 Accuracy: 86.61%
    [62] Processed 0/125 batches (0.00%)
    [62] Processed 37/125 batches (29.60%)
    [62] Processed 74/125 batches (59.20%)
    [62] Processed 111/125 batches (88.80%)
[14:55:48] Epoch [63/100] Loss: 0.4193 Accuracy: 87.92%
    [63] Processed 0/125 batches (0.00%)
    [63] Processed 37/125 batches (29.60%)
    [63] Processed 74/125 batches (59.20%)
    [63] Processed 111/125 batches (88.80%)
[15:01:03] Epoch [64/100] Loss: 0.4192 Accuracy: 87.85%
    [64] Processed 0/125 batches (0.00%)
    [64] Processed 37/125 batches (29.60%)
    [64] Processed 74/125 batches (59.20%)
    [64] Processed 111/125 batches (88.80%)
[15:06:22] Epoch [65/100] Loss: 0.3826 Accuracy: 88.85%
    [65] Processed 0/125 batches (0.00%)
    [65] Processed 37/125 batches (29.60%)
    [65] Processed 74/125 batches (59.20%)
    [65] Processed 111/125 batches (88.80%)
[15:11:36] Epoch [66/100] Loss: 0.3826 Accuracy: 88.86%
    [66] Processed 0/125 batches (0.00%)
    [66] Processed 37/125 batches (29.60%)
    [66] Processed 74/125 batches (59.20%)
    [66] Processed 111/125 batches (88.80%)
[15:16:50] Epoch [67/100] Loss: 0.3754 Accuracy: 88.95%
    [67] Processed 0/125 batches (0.00%)
    [67] Processed 37/125 batches (29.60%)
    [67] Processed 74/125 batches (59.20%)
    [67] Processed 111/125 batches (88.80%)
[15:22:06] Epoch [68/100] Loss: 0.3500 Accuracy: 89.82%
    [68] Processed 0/125 batches (0.00%)
    [68] Processed 37/125 batches (29.60%)
    [68] Processed 74/125 batches (59.20%)
    [68] Processed 111/125 batches (88.80%)
[15:27:21] Epoch [69/100] Loss: 0.3397 Accuracy: 90.08%
    [69] Processed 0/125 batches (0.00%)
    [69] Processed 37/125 batches (29.60%)
    [69] Processed 74/125 batches (59.20%)
    [69] Processed 111/125 batches (88.80%)
[15:32:37] Epoch [70/100] Loss: 0.3063 Accuracy: 91.02%
    [70] Processed 0/125 batches (0.00%)
    [70] Processed 37/125 batches (29.60%)
    [70] Processed 74/125 batches (59.20%)
    [70] Processed 111/125 batches (88.80%)
Checkpoint 71 saved to /virtual/drosari3/models/unet-2000-256-16-crop-100-00005/unet-2000-256-16-crop-100-00005-checkpoint_epoch_71.pth
[15:37:50] Epoch [71/100] Loss: 0.3393 Accuracy: 90.13%
    [71] Processed 0/125 batches (0.00%)
    [71] Processed 37/125 batches (29.60%)
    [71] Processed 74/125 batches (59.20%)
    [71] Processed 111/125 batches (88.80%)
[15:43:02] Epoch [72/100] Loss: 0.3817 Accuracy: 89.02%
    [72] Processed 0/125 batches (0.00%)
    [72] Processed 37/125 batches (29.60%)
    [72] Processed 74/125 batches (59.20%)
    [72] Processed 111/125 batches (88.80%)
[15:48:14] Epoch [73/100] Loss: 0.3253 Accuracy: 90.48%
    [73] Processed 0/125 batches (0.00%)
    [73] Processed 37/125 batches (29.60%)
    [73] Processed 74/125 batches (59.20%)
    [73] Processed 111/125 batches (88.80%)
[15:53:26] Epoch [74/100] Loss: 0.2707 Accuracy: 92.04%
    [74] Processed 0/125 batches (0.00%)
    [74] Processed 37/125 batches (29.60%)
    [74] Processed 74/125 batches (59.20%)
    [74] Processed 111/125 batches (88.80%)
[15:58:38] Epoch [75/100] Loss: 0.2434 Accuracy: 92.86%
    [75] Processed 0/125 batches (0.00%)
    [75] Processed 37/125 batches (29.60%)
    [75] Processed 74/125 batches (59.20%)
    [75] Processed 111/125 batches (88.80%)
[16:03:49] Epoch [76/100] Loss: 0.2298 Accuracy: 93.24%
    [76] Processed 0/125 batches (0.00%)
    [76] Processed 37/125 batches (29.60%)
    [76] Processed 74/125 batches (59.20%)
    [76] Processed 111/125 batches (88.80%)
[16:09:01] Epoch [77/100] Loss: 0.2236 Accuracy: 93.37%
    [77] Processed 0/125 batches (0.00%)
    [77] Processed 37/125 batches (29.60%)
    [77] Processed 74/125 batches (59.20%)
    [77] Processed 111/125 batches (88.80%)
[16:14:12] Epoch [78/100] Loss: 0.2414 Accuracy: 92.88%
    [78] Processed 0/125 batches (0.00%)
    [78] Processed 37/125 batches (29.60%)
    [78] Processed 74/125 batches (59.20%)
    [78] Processed 111/125 batches (88.80%)
[16:19:24] Epoch [79/100] Loss: 0.3130 Accuracy: 90.94%
    [79] Processed 0/125 batches (0.00%)
    [79] Processed 37/125 batches (29.60%)
    [79] Processed 74/125 batches (59.20%)
    [79] Processed 111/125 batches (88.80%)
[16:24:35] Epoch [80/100] Loss: 0.3208 Accuracy: 90.72%
    [80] Processed 0/125 batches (0.00%)
    [80] Processed 37/125 batches (29.60%)
    [80] Processed 74/125 batches (59.20%)
    [80] Processed 111/125 batches (88.80%)
Checkpoint 81 saved to /virtual/drosari3/models/unet-2000-256-16-crop-100-00005/unet-2000-256-16-crop-100-00005-checkpoint_epoch_81.pth
[16:29:47] Epoch [81/100] Loss: 0.2585 Accuracy: 92.45%
    [81] Processed 0/125 batches (0.00%)
    [81] Processed 37/125 batches (29.60%)
    [81] Processed 74/125 batches (59.20%)
    [81] Processed 111/125 batches (88.80%)
[16:34:59] Epoch [82/100] Loss: 0.2089 Accuracy: 93.84%
    [82] Processed 0/125 batches (0.00%)
    [82] Processed 37/125 batches (29.60%)
    [82] Processed 74/125 batches (59.20%)
    [82] Processed 111/125 batches (88.80%)
[16:40:10] Epoch [83/100] Loss: 0.1866 Accuracy: 94.50%
    [83] Processed 0/125 batches (0.00%)
    [83] Processed 37/125 batches (29.60%)
    [83] Processed 74/125 batches (59.20%)
    [83] Processed 111/125 batches (88.80%)
[16:45:22] Epoch [84/100] Loss: 0.1683 Accuracy: 94.97%
    [84] Processed 0/125 batches (0.00%)
    [84] Processed 37/125 batches (29.60%)
    [84] Processed 74/125 batches (59.20%)
    [84] Processed 111/125 batches (88.80%)
[16:50:34] Epoch [85/100] Loss: 0.1569 Accuracy: 95.36%
    [85] Processed 0/125 batches (0.00%)
    [85] Processed 37/125 batches (29.60%)
    [85] Processed 74/125 batches (59.20%)
    [85] Processed 111/125 batches (88.80%)
[16:55:46] Epoch [86/100] Loss: 0.1492 Accuracy: 95.55%
    [86] Processed 0/125 batches (0.00%)
    [86] Processed 37/125 batches (29.60%)
    [86] Processed 74/125 batches (59.20%)
    [86] Processed 111/125 batches (88.80%)
[17:00:58] Epoch [87/100] Loss: 0.1428 Accuracy: 95.73%
    [87] Processed 0/125 batches (0.00%)
    [87] Processed 37/125 batches (29.60%)
    [87] Processed 74/125 batches (59.20%)
    [87] Processed 111/125 batches (88.80%)
[17:06:09] Epoch [88/100] Loss: 0.2958 Accuracy: 91.58%
    [88] Processed 0/125 batches (0.00%)
    [88] Processed 37/125 batches (29.60%)
    [88] Processed 74/125 batches (59.20%)
    [88] Processed 111/125 batches (88.80%)
[17:11:21] Epoch [89/100] Loss: 0.2960 Accuracy: 91.30%
    [89] Processed 0/125 batches (0.00%)
    [89] Processed 37/125 batches (29.60%)
    [89] Processed 74/125 batches (59.20%)
    [89] Processed 111/125 batches (88.80%)
[17:16:33] Epoch [90/100] Loss: 0.1941 Accuracy: 94.23%
    [90] Processed 0/125 batches (0.00%)
    [90] Processed 37/125 batches (29.60%)
    [90] Processed 74/125 batches (59.20%)
    [90] Processed 111/125 batches (88.80%)
Checkpoint 91 saved to /virtual/drosari3/models/unet-2000-256-16-crop-100-00005/unet-2000-256-16-crop-100-00005-checkpoint_epoch_91.pth
[17:21:46] Epoch [91/100] Loss: 0.1607 Accuracy: 95.15%
    [91] Processed 0/125 batches (0.00%)
    [91] Processed 37/125 batches (29.60%)
    [91] Processed 74/125 batches (59.20%)
    [91] Processed 111/125 batches (88.80%)
[17:26:58] Epoch [92/100] Loss: 0.1335 Accuracy: 95.97%
    [92] Processed 0/125 batches (0.00%)
    [92] Processed 37/125 batches (29.60%)
    [92] Processed 74/125 batches (59.20%)
    [92] Processed 111/125 batches (88.80%)
[17:32:10] Epoch [93/100] Loss: 0.1287 Accuracy: 96.15%
    [93] Processed 0/125 batches (0.00%)
    [93] Processed 37/125 batches (29.60%)
    [93] Processed 74/125 batches (59.20%)
    [93] Processed 111/125 batches (88.80%)
[17:37:22] Epoch [94/100] Loss: 0.1992 Accuracy: 94.13%
    [94] Processed 0/125 batches (0.00%)
    [94] Processed 37/125 batches (29.60%)
    [94] Processed 74/125 batches (59.20%)
    [94] Processed 111/125 batches (88.80%)
[17:42:34] Epoch [95/100] Loss: 0.2506 Accuracy: 92.76%
    [95] Processed 0/125 batches (0.00%)
    [95] Processed 37/125 batches (29.60%)
    [95] Processed 74/125 batches (59.20%)
    [95] Processed 111/125 batches (88.80%)
[17:47:46] Epoch [96/100] Loss: 0.1965 Accuracy: 94.20%
    [96] Processed 0/125 batches (0.00%)
    [96] Processed 37/125 batches (29.60%)
    [96] Processed 74/125 batches (59.20%)
    [96] Processed 111/125 batches (88.80%)
[17:52:58] Epoch [97/100] Loss: 0.1602 Accuracy: 95.18%
    [97] Processed 0/125 batches (0.00%)
    [97] Processed 37/125 batches (29.60%)
    [97] Processed 74/125 batches (59.20%)
    [97] Processed 111/125 batches (88.80%)
[17:58:13] Epoch [98/100] Loss: 0.1303 Accuracy: 96.04%
    [98] Processed 0/125 batches (0.00%)
    [98] Processed 37/125 batches (29.60%)
    [98] Processed 74/125 batches (59.20%)
    [98] Processed 111/125 batches (88.80%)
[18:03:25] Epoch [99/100] Loss: 0.1198 Accuracy: 96.39%
    [99] Processed 0/125 batches (0.00%)
    [99] Processed 37/125 batches (29.60%)
    [99] Processed 74/125 batches (59.20%)
    [99] Processed 111/125 batches (88.80%)
[18:08:37] Epoch [100/100] Loss: 0.1161 Accuracy: 96.43%
Evaluating /virtual/drosari3/models/unet-2000-256-16-crop-100-00005/unet-2000-256-16-crop-100-00005.pth...
Accuracies: [52.35678482055664, 55.64341049194336, 58.128849792480466, 58.23043670654297, 59.71570892333985, 59.94973602294922, 60.61487350463867, 60.85562591552734, 61.69013595581055, 62.565348052978514, 63.43058700561524, 63.45316390991211, 63.819017028808595, 64.07242736816406, 64.55617446899414, 64.68752670288086, 64.93213195800782, 66.00029373168945, 66.01738739013672, 66.89351425170898, 67.08330764770508, 68.08258438110352, 68.4824447631836, 69.81748962402344, 70.04710540771484, 69.81691513061523, 69.82097549438477, 71.83295593261718, 71.75998458862304, 72.16371612548828, 72.71249389648438, 73.44538803100586, 73.57457962036133, 74.19757919311523, 74.2677375793457, 74.92189254760743, 74.69604568481445, 75.73605651855469, 76.70892181396485, 76.92207183837891, 77.36167373657227, 77.78023681640624, 78.05124969482422, 78.58548202514649, 79.28521575927735, 79.90565338134766, 79.55111770629883, 81.07666015625, 82.15980453491211, 81.3955078125, 82.32154998779296, 82.78941955566407, 83.05062408447266, 83.96906661987305, 84.49276428222656, 84.6097427368164, 84.66294937133789, 85.4584732055664, 86.42032470703126, 86.86171798706054, 86.23053131103515, 86.6052490234375, 87.92474822998047, 87.84795532226562, 88.85383453369141, 88.85963363647461, 88.95095748901367, 89.81996002197266, 90.07941589355468, 91.02462463378906, 90.12588806152344, 89.0211799621582, 90.4791145324707, 92.04364395141602, 92.85680847167968, 93.2401023864746, 93.36898880004883, 92.87814788818359, 90.9354019165039, 90.7234603881836, 92.44867935180665, 93.83899307250977, 94.50432662963867, 94.97145767211914, 95.35662002563477, 95.55362319946289, 95.7332763671875, 91.5834846496582, 91.29991455078125, 94.23251724243164, 95.15331115722657, 95.96913375854493, 96.1516716003418, 94.12977905273438, 92.76062393188477, 94.20069885253906, 95.17537841796874, 96.04422225952149, 96.38795013427735, 96.42782058715821]
Losses: [2.0385090675354003, 1.7315593128204345, 1.640164393901825, 1.6134026145935059, 1.5587633285522462, 1.5356667551994323, 1.5045113401412964, 1.4773744525909425, 1.462425274848938, 1.434975558280945, 1.4036427850723268, 1.396319118976593, 1.382330445766449, 1.3714319348335267, 1.3467120742797851, 1.3399492907524109, 1.3305160593986511, 1.305218135356903, 1.2927499451637268, 1.2736341977119445, 1.2554059867858887, 1.236892195224762, 1.2136182332038878, 1.1742123694419861, 1.1618174753189088, 1.159926501274109, 1.17140980052948, 1.100198091506958, 1.0930696671009064, 1.0780387063026429, 1.0565336561203003, 1.0272402901649476, 1.0130704526901244, 0.9937459416389466, 0.9836760306358338, 0.9584620237350464, 0.9731121127605438, 0.9269527673721314, 0.8938797340393067, 0.8806251032352448, 0.8564697875976562, 0.845013039112091, 0.8272923486232757, 0.8046731512546539, 0.7771975560188293, 0.7435972814559937, 0.7654152693748474, 0.6954074294567109, 0.6540134570598602, 0.6862422635555268, 0.6457014303207398, 0.6257597044706344, 0.6148205015659333, 0.5789752804040909, 0.5586419661045074, 0.5454584424495696, 0.5406597193479538, 0.5147952603101731, 0.47725982129573824, 0.4572488133907318, 0.4844235954284668, 0.47300468266010287, 0.41934448677301406, 0.41921854150295257, 0.38260508608818056, 0.38264669793844225, 0.37535816252231596, 0.35002346843481064, 0.33970498406887056, 0.3062510283589363, 0.3392540911436081, 0.3817085620164871, 0.32534759724140166, 0.2706564638018608, 0.24338469076156616, 0.22977386152744292, 0.2235986614227295, 0.2413843966126442, 0.312973590195179, 0.32078561264276506, 0.25850401097536085, 0.20888207057118416, 0.18662237703800202, 0.1683458551168442, 0.15694575613737105, 0.14918705889582634, 0.14280728256702424, 0.2957851989269257, 0.29599087899923326, 0.19406192719936372, 0.16068569284677506, 0.13348106610774993, 0.12866995307803153, 0.19923435300588607, 0.25055111342668535, 0.1965375421643257, 0.16018471828103065, 0.13034254920482635, 0.11981743961572647, 0.11612161239981651]
Testing Image: 0/125
Testing Image: 5/125
Testing Image: 10/125
Testing Image: 15/125
Testing Image: 20/125
Testing Image: 25/125
Testing Image: 30/125
Testing Image: 35/125
Testing Image: 40/125
Testing Image: 45/125
Testing Image: 50/125
Testing Image: 55/125
Testing Image: 60/125
Testing Image: 65/125
Testing Image: 70/125
Testing Image: 75/125
Testing Image: 80/125
Testing Image: 85/125
Testing Image: 90/125
Testing Image: 95/125
Testing Image: 100/125
Testing Image: 105/125
Testing Image: 110/125
Testing Image: 115/125
Testing Image: 120/125
Validation mIoU: 0.2835
