Training unet-18000-256-20-crop-75-00005...
epochs=75 lr=0.0005, error=<function cross_entropy at 0x7f00e113d120>
    [0] Processed 0/900 batches (0.00%)
    [0] Processed 270/900 batches (30.00%)
    [0] Processed 540/900 batches (60.00%)
    [0] Processed 810/900 batches (90.00%)
Checkpoint 1 saved to /virtual/drosari3/models/unet-18000-256-20-crop-75-00005/unet-18000-256-20-crop-75-00005-checkpoint_epoch_1.pth
[14:40:13] Epoch [1/75] Loss: 1.6436 Accuracy: 59.11%
    [1] Processed 0/900 batches (0.00%)
    [1] Processed 270/900 batches (30.00%)
    [1] Processed 540/900 batches (60.00%)
    [1] Processed 810/900 batches (90.00%)
[14:50:59] Epoch [2/75] Loss: 1.4659 Accuracy: 61.94%
    [2] Processed 0/900 batches (0.00%)
    [2] Processed 270/900 batches (30.00%)
    [2] Processed 540/900 batches (60.00%)
    [2] Processed 810/900 batches (90.00%)
[15:01:45] Epoch [3/75] Loss: 1.3920 Accuracy: 63.98%
    [3] Processed 0/900 batches (0.00%)
    [3] Processed 270/900 batches (30.00%)
    [3] Processed 540/900 batches (60.00%)
    [3] Processed 810/900 batches (90.00%)
[15:12:30] Epoch [4/75] Loss: 1.2713 Accuracy: 67.72%
    [4] Processed 0/900 batches (0.00%)
    [4] Processed 270/900 batches (30.00%)
    [4] Processed 540/900 batches (60.00%)
    [4] Processed 810/900 batches (90.00%)
[15:23:14] Epoch [5/75] Loss: 1.1652 Accuracy: 70.77%
    [5] Processed 0/900 batches (0.00%)
    [5] Processed 270/900 batches (30.00%)
    [5] Processed 540/900 batches (60.00%)
    [5] Processed 810/900 batches (90.00%)
[15:33:59] Epoch [6/75] Loss: 1.0875 Accuracy: 72.67%
    [6] Processed 0/900 batches (0.00%)
    [6] Processed 270/900 batches (30.00%)
    [6] Processed 540/900 batches (60.00%)
    [6] Processed 810/900 batches (90.00%)
[15:44:45] Epoch [7/75] Loss: 1.0447 Accuracy: 73.66%
    [7] Processed 0/900 batches (0.00%)
    [7] Processed 270/900 batches (30.00%)
    [7] Processed 540/900 batches (60.00%)
    [7] Processed 810/900 batches (90.00%)
[15:55:29] Epoch [8/75] Loss: 0.9989 Accuracy: 74.64%
    [8] Processed 0/900 batches (0.00%)
    [8] Processed 270/900 batches (30.00%)
    [8] Processed 540/900 batches (60.00%)
    [8] Processed 810/900 batches (90.00%)
[16:06:13] Epoch [9/75] Loss: 0.9675 Accuracy: 75.33%
    [9] Processed 0/900 batches (0.00%)
    [9] Processed 270/900 batches (30.00%)
    [9] Processed 540/900 batches (60.00%)
    [9] Processed 810/900 batches (90.00%)
[16:16:59] Epoch [10/75] Loss: 0.9416 Accuracy: 75.84%
    [10] Processed 0/900 batches (0.00%)
    [10] Processed 270/900 batches (30.00%)
    [10] Processed 540/900 batches (60.00%)
    [10] Processed 810/900 batches (90.00%)
Checkpoint 11 saved to /virtual/drosari3/models/unet-18000-256-20-crop-75-00005/unet-18000-256-20-crop-75-00005-checkpoint_epoch_11.pth
[16:27:44] Epoch [11/75] Loss: 0.9123 Accuracy: 76.51%
    [11] Processed 0/900 batches (0.00%)
    [11] Processed 270/900 batches (30.00%)
    [11] Processed 540/900 batches (60.00%)
    [11] Processed 810/900 batches (90.00%)
[16:38:29] Epoch [12/75] Loss: 0.8881 Accuracy: 76.95%
    [12] Processed 0/900 batches (0.00%)
    [12] Processed 270/900 batches (30.00%)
    [12] Processed 540/900 batches (60.00%)
    [12] Processed 810/900 batches (90.00%)
[16:49:13] Epoch [13/75] Loss: 0.8670 Accuracy: 77.46%
    [13] Processed 0/900 batches (0.00%)
    [13] Processed 270/900 batches (30.00%)
    [13] Processed 540/900 batches (60.00%)
    [13] Processed 810/900 batches (90.00%)
[16:59:57] Epoch [14/75] Loss: 0.8419 Accuracy: 77.96%
    [14] Processed 0/900 batches (0.00%)
    [14] Processed 270/900 batches (30.00%)
    [14] Processed 540/900 batches (60.00%)
    [14] Processed 810/900 batches (90.00%)
[17:10:43] Epoch [15/75] Loss: 0.8243 Accuracy: 78.29%
    [15] Processed 0/900 batches (0.00%)
    [15] Processed 270/900 batches (30.00%)
    [15] Processed 540/900 batches (60.00%)
    [15] Processed 810/900 batches (90.00%)
[17:21:28] Epoch [16/75] Loss: 0.7975 Accuracy: 78.93%
    [16] Processed 0/900 batches (0.00%)
    [16] Processed 270/900 batches (30.00%)
    [16] Processed 540/900 batches (60.00%)
    [16] Processed 810/900 batches (90.00%)
[17:32:13] Epoch [17/75] Loss: 0.7717 Accuracy: 79.38%
    [17] Processed 0/900 batches (0.00%)
    [17] Processed 270/900 batches (30.00%)
    [17] Processed 540/900 batches (60.00%)
    [17] Processed 810/900 batches (90.00%)
[17:42:58] Epoch [18/75] Loss: 0.7531 Accuracy: 79.77%
    [18] Processed 0/900 batches (0.00%)
    [18] Processed 270/900 batches (30.00%)
    [18] Processed 540/900 batches (60.00%)
    [18] Processed 810/900 batches (90.00%)
[17:53:42] Epoch [19/75] Loss: 0.7288 Accuracy: 80.31%
    [19] Processed 0/900 batches (0.00%)
    [19] Processed 270/900 batches (30.00%)
    [19] Processed 540/900 batches (60.00%)
    [19] Processed 810/900 batches (90.00%)
[18:04:26] Epoch [20/75] Loss: 0.7042 Accuracy: 80.88%
    [20] Processed 0/900 batches (0.00%)
    [20] Processed 270/900 batches (30.00%)
    [20] Processed 540/900 batches (60.00%)
    [20] Processed 810/900 batches (90.00%)
Checkpoint 21 saved to /virtual/drosari3/models/unet-18000-256-20-crop-75-00005/unet-18000-256-20-crop-75-00005-checkpoint_epoch_21.pth
[18:15:12] Epoch [21/75] Loss: 0.6799 Accuracy: 81.36%
    [21] Processed 0/900 batches (0.00%)
    [21] Processed 270/900 batches (30.00%)
    [21] Processed 540/900 batches (60.00%)
    [21] Processed 810/900 batches (90.00%)
[18:25:56] Epoch [22/75] Loss: 0.6594 Accuracy: 81.88%
    [22] Processed 0/900 batches (0.00%)
    [22] Processed 270/900 batches (30.00%)
    [22] Processed 540/900 batches (60.00%)
    [22] Processed 810/900 batches (90.00%)
[18:36:41] Epoch [23/75] Loss: 0.6373 Accuracy: 82.37%
    [23] Processed 0/900 batches (0.00%)
    [23] Processed 270/900 batches (30.00%)
    [23] Processed 540/900 batches (60.00%)
    [23] Processed 810/900 batches (90.00%)
[18:47:26] Epoch [24/75] Loss: 0.6109 Accuracy: 82.95%
    [24] Processed 0/900 batches (0.00%)
    [24] Processed 270/900 batches (30.00%)
    [24] Processed 540/900 batches (60.00%)
    [24] Processed 810/900 batches (90.00%)
[18:58:11] Epoch [25/75] Loss: 0.5815 Accuracy: 83.68%
    [25] Processed 0/900 batches (0.00%)
    [25] Processed 270/900 batches (30.00%)
    [25] Processed 540/900 batches (60.00%)
    [25] Processed 810/900 batches (90.00%)
[19:08:55] Epoch [26/75] Loss: 0.5654 Accuracy: 84.02%
    [26] Processed 0/900 batches (0.00%)
    [26] Processed 270/900 batches (30.00%)
    [26] Processed 540/900 batches (60.00%)
    [26] Processed 810/900 batches (90.00%)
[19:19:41] Epoch [27/75] Loss: 0.5374 Accuracy: 84.76%
    [27] Processed 0/900 batches (0.00%)
