Training unet-18000-256-16-crop-150-0000175...
epochs=150 lr=0.000175, error=<function cross_entropy at 0x7f3422f41120>
    [0] Processed 0/1125 batches (0.00%)
    [0] Processed 337/1125 batches (29.96%)
    [0] Processed 674/1125 batches (59.91%)
    [0] Processed 1011/1125 batches (89.87%)
Checkpoint 1 saved to /virtual/drosari3/models/unet-18000-256-16-crop-150-0000175/unet-18000-256-16-crop-150-0000175-checkpoint_epoch_1.pth
[20:59:44] Epoch [1/150] Loss: 1.6950 Accuracy: 57.53%
    [1] Processed 0/1125 batches (0.00%)
    [1] Processed 337/1125 batches (29.96%)
    [1] Processed 674/1125 batches (59.91%)
    [1] Processed 1011/1125 batches (89.87%)
[21:08:34] Epoch [2/150] Loss: 1.4508 Accuracy: 62.41%
    [2] Processed 0/1125 batches (0.00%)
    [2] Processed 337/1125 batches (29.96%)
    [2] Processed 674/1125 batches (59.91%)
    [2] Processed 1011/1125 batches (89.87%)
[21:17:24] Epoch [3/150] Loss: 1.2816 Accuracy: 67.29%
    [3] Processed 0/1125 batches (0.00%)
    [3] Processed 337/1125 batches (29.96%)
    [3] Processed 674/1125 batches (59.91%)
    [3] Processed 1011/1125 batches (89.87%)
[21:26:13] Epoch [4/150] Loss: 1.1532 Accuracy: 70.91%
    [4] Processed 0/1125 batches (0.00%)
    [4] Processed 337/1125 batches (29.96%)
    [4] Processed 674/1125 batches (59.91%)
    [4] Processed 1011/1125 batches (89.87%)
[21:35:02] Epoch [5/150] Loss: 1.0877 Accuracy: 72.59%
    [5] Processed 0/1125 batches (0.00%)
    [5] Processed 337/1125 batches (29.96%)
    [5] Processed 674/1125 batches (59.91%)
    [5] Processed 1011/1125 batches (89.87%)
[21:43:52] Epoch [6/150] Loss: 1.0362 Accuracy: 73.77%
    [6] Processed 0/1125 batches (0.00%)
    [6] Processed 337/1125 batches (29.96%)
    [6] Processed 674/1125 batches (59.91%)
    [6] Processed 1011/1125 batches (89.87%)
[21:52:41] Epoch [7/150] Loss: 0.9905 Accuracy: 74.83%
    [7] Processed 0/1125 batches (0.00%)
    [7] Processed 337/1125 batches (29.96%)
    [7] Processed 674/1125 batches (59.91%)
    [7] Processed 1011/1125 batches (89.87%)
[22:01:30] Epoch [8/150] Loss: 0.9581 Accuracy: 75.54%
    [8] Processed 0/1125 batches (0.00%)
    [8] Processed 337/1125 batches (29.96%)
    [8] Processed 674/1125 batches (59.91%)
    [8] Processed 1011/1125 batches (89.87%)
[22:10:18] Epoch [9/150] Loss: 0.9267 Accuracy: 76.16%
    [9] Processed 0/1125 batches (0.00%)
    [9] Processed 337/1125 batches (29.96%)
    [9] Processed 674/1125 batches (59.91%)
    [9] Processed 1011/1125 batches (89.87%)
[22:19:06] Epoch [10/150] Loss: 0.8942 Accuracy: 76.91%
    [10] Processed 0/1125 batches (0.00%)
    [10] Processed 337/1125 batches (29.96%)
    [10] Processed 674/1125 batches (59.91%)
    [10] Processed 1011/1125 batches (89.87%)
Checkpoint 11 saved to /virtual/drosari3/models/unet-18000-256-16-crop-150-0000175/unet-18000-256-16-crop-150-0000175-checkpoint_epoch_11.pth
[22:27:55] Epoch [11/150] Loss: 0.8592 Accuracy: 77.60%
    [11] Processed 0/1125 batches (0.00%)
    [11] Processed 337/1125 batches (29.96%)
    [11] Processed 674/1125 batches (59.91%)
    [11] Processed 1011/1125 batches (89.87%)
[22:36:44] Epoch [12/150] Loss: 0.8303 Accuracy: 78.18%
    [12] Processed 0/1125 batches (0.00%)
    [12] Processed 337/1125 batches (29.96%)
    [12] Processed 674/1125 batches (59.91%)
    [12] Processed 1011/1125 batches (89.87%)
[22:45:32] Epoch [13/150] Loss: 0.7971 Accuracy: 78.87%
    [13] Processed 0/1125 batches (0.00%)
    [13] Processed 337/1125 batches (29.96%)
    [13] Processed 674/1125 batches (59.91%)
    [13] Processed 1011/1125 batches (89.87%)
[22:54:20] Epoch [14/150] Loss: 0.7676 Accuracy: 79.43%
    [14] Processed 0/1125 batches (0.00%)
    [14] Processed 337/1125 batches (29.96%)
    [14] Processed 674/1125 batches (59.91%)
    [14] Processed 1011/1125 batches (89.87%)
[23:03:08] Epoch [15/150] Loss: 0.7330 Accuracy: 80.23%
    [15] Processed 0/1125 batches (0.00%)
    [15] Processed 337/1125 batches (29.96%)
    [15] Processed 674/1125 batches (59.91%)
    [15] Processed 1011/1125 batches (89.87%)
[23:11:56] Epoch [16/150] Loss: 0.6933 Accuracy: 81.04%
    [16] Processed 0/1125 batches (0.00%)
    [16] Processed 337/1125 batches (29.96%)
    [16] Processed 674/1125 batches (59.91%)
    [16] Processed 1011/1125 batches (89.87%)
[23:20:45] Epoch [17/150] Loss: 0.6551 Accuracy: 81.91%
    [17] Processed 0/1125 batches (0.00%)
    [17] Processed 337/1125 batches (29.96%)
    [17] Processed 674/1125 batches (59.91%)
    [17] Processed 1011/1125 batches (89.87%)
[23:29:34] Epoch [18/150] Loss: 0.6144 Accuracy: 82.87%
    [18] Processed 0/1125 batches (0.00%)
    [18] Processed 337/1125 batches (29.96%)
    [18] Processed 674/1125 batches (59.91%)
    [18] Processed 1011/1125 batches (89.87%)
[23:38:23] Epoch [19/150] Loss: 0.5749 Accuracy: 83.81%
    [19] Processed 0/1125 batches (0.00%)
    [19] Processed 337/1125 batches (29.96%)
    [19] Processed 674/1125 batches (59.91%)
    [19] Processed 1011/1125 batches (89.87%)
[23:47:12] Epoch [20/150] Loss: 0.5355 Accuracy: 84.80%
    [20] Processed 0/1125 batches (0.00%)
    [20] Processed 337/1125 batches (29.96%)
    [20] Processed 674/1125 batches (59.91%)
    [20] Processed 1011/1125 batches (89.87%)
Checkpoint 21 saved to /virtual/drosari3/models/unet-18000-256-16-crop-150-0000175/unet-18000-256-16-crop-150-0000175-checkpoint_epoch_21.pth
[23:56:02] Epoch [21/150] Loss: 0.4983 Accuracy: 85.75%
    [21] Processed 0/1125 batches (0.00%)
    [21] Processed 337/1125 batches (29.96%)
    [21] Processed 674/1125 batches (59.91%)
    [21] Processed 1011/1125 batches (89.87%)
[00:04:51] Epoch [22/150] Loss: 0.4731 Accuracy: 86.39%
    [22] Processed 0/1125 batches (0.00%)
    [22] Processed 337/1125 batches (29.96%)
    [22] Processed 674/1125 batches (59.91%)
    [22] Processed 1011/1125 batches (89.87%)
[00:13:40] Epoch [23/150] Loss: 0.4422 Accuracy: 87.31%
    [23] Processed 0/1125 batches (0.00%)
    [23] Processed 337/1125 batches (29.96%)
    [23] Processed 674/1125 batches (59.91%)
    [23] Processed 1011/1125 batches (89.87%)
[00:22:29] Epoch [24/150] Loss: 0.4083 Accuracy: 88.19%
    [24] Processed 0/1125 batches (0.00%)
    [24] Processed 337/1125 batches (29.96%)
    [24] Processed 674/1125 batches (59.91%)
    [24] Processed 1011/1125 batches (89.87%)
[00:31:19] Epoch [25/150] Loss: 0.3770 Accuracy: 89.12%
    [25] Processed 0/1125 batches (0.00%)
    [25] Processed 337/1125 batches (29.96%)
    [25] Processed 674/1125 batches (59.91%)
    [25] Processed 1011/1125 batches (89.87%)
[00:40:09] Epoch [26/150] Loss: 0.3528 Accuracy: 89.80%
    [26] Processed 0/1125 batches (0.00%)
    [26] Processed 337/1125 batches (29.96%)
    [26] Processed 674/1125 batches (59.91%)
    [26] Processed 1011/1125 batches (89.87%)
[00:48:59] Epoch [27/150] Loss: 0.3309 Accuracy: 90.39%
    [27] Processed 0/1125 batches (0.00%)
    [27] Processed 337/1125 batches (29.96%)
    [27] Processed 674/1125 batches (59.91%)
    [27] Processed 1011/1125 batches (89.87%)
[00:57:48] Epoch [28/150] Loss: 0.3087 Accuracy: 91.01%
    [28] Processed 0/1125 batches (0.00%)
    [28] Processed 337/1125 batches (29.96%)
    [28] Processed 674/1125 batches (59.91%)
    [28] Processed 1011/1125 batches (89.87%)
[01:06:39] Epoch [29/150] Loss: 0.2864 Accuracy: 91.64%
    [29] Processed 0/1125 batches (0.00%)
    [29] Processed 337/1125 batches (29.96%)
    [29] Processed 674/1125 batches (59.91%)
    [29] Processed 1011/1125 batches (89.87%)
[01:15:29] Epoch [30/150] Loss: 0.2757 Accuracy: 91.92%
    [30] Processed 0/1125 batches (0.00%)
    [30] Processed 337/1125 batches (29.96%)
    [30] Processed 674/1125 batches (59.91%)
    [30] Processed 1011/1125 batches (89.87%)
Checkpoint 31 saved to /virtual/drosari3/models/unet-18000-256-16-crop-150-0000175/unet-18000-256-16-crop-150-0000175-checkpoint_epoch_31.pth
[01:24:19] Epoch [31/150] Loss: 0.2584 Accuracy: 92.43%
    [31] Processed 0/1125 batches (0.00%)
    [31] Processed 337/1125 batches (29.96%)
    [31] Processed 674/1125 batches (59.91%)
    [31] Processed 1011/1125 batches (89.87%)
[01:33:09] Epoch [32/150] Loss: 0.2400 Accuracy: 92.93%
    [32] Processed 0/1125 batches (0.00%)
    [32] Processed 337/1125 batches (29.96%)
    [32] Processed 674/1125 batches (59.91%)
    [32] Processed 1011/1125 batches (89.87%)
[01:41:59] Epoch [33/150] Loss: 0.2249 Accuracy: 93.36%
    [33] Processed 0/1125 batches (0.00%)
    [33] Processed 337/1125 batches (29.96%)
    [33] Processed 674/1125 batches (59.91%)
    [33] Processed 1011/1125 batches (89.87%)
[01:50:49] Epoch [34/150] Loss: 0.2128 Accuracy: 93.68%
    [34] Processed 0/1125 batches (0.00%)
    [34] Processed 337/1125 batches (29.96%)
    [34] Processed 674/1125 batches (59.91%)
    [34] Processed 1011/1125 batches (89.87%)
[01:59:39] Epoch [35/150] Loss: 0.2060 Accuracy: 93.87%
    [35] Processed 0/1125 batches (0.00%)
    [35] Processed 337/1125 batches (29.96%)
    [35] Processed 674/1125 batches (59.91%)
    [35] Processed 1011/1125 batches (89.87%)
[02:08:30] Epoch [36/150] Loss: 0.1906 Accuracy: 94.32%
    [36] Processed 0/1125 batches (0.00%)
    [36] Processed 337/1125 batches (29.96%)
    [36] Processed 674/1125 batches (59.91%)
    [36] Processed 1011/1125 batches (89.87%)
[02:17:20] Epoch [37/150] Loss: 0.1914 Accuracy: 94.29%
    [37] Processed 0/1125 batches (0.00%)
    [37] Processed 337/1125 batches (29.96%)
    [37] Processed 674/1125 batches (59.91%)
    [37] Processed 1011/1125 batches (89.87%)
[02:26:09] Epoch [38/150] Loss: 0.1740 Accuracy: 94.77%
    [38] Processed 0/1125 batches (0.00%)
    [38] Processed 337/1125 batches (29.96%)
    [38] Processed 674/1125 batches (59.91%)
    [38] Processed 1011/1125 batches (89.87%)
[02:34:59] Epoch [39/150] Loss: 0.1706 Accuracy: 94.89%
    [39] Processed 0/1125 batches (0.00%)
    [39] Processed 337/1125 batches (29.96%)
    [39] Processed 674/1125 batches (59.91%)
    [39] Processed 1011/1125 batches (89.87%)
[02:43:49] Epoch [40/150] Loss: 0.1696 Accuracy: 94.88%
    [40] Processed 0/1125 batches (0.00%)
    [40] Processed 337/1125 batches (29.96%)
    [40] Processed 674/1125 batches (59.91%)
    [40] Processed 1011/1125 batches (89.87%)
Checkpoint 41 saved to /virtual/drosari3/models/unet-18000-256-16-crop-150-0000175/unet-18000-256-16-crop-150-0000175-checkpoint_epoch_41.pth
[02:52:40] Epoch [41/150] Loss: 0.1442 Accuracy: 95.61%
    [41] Processed 0/1125 batches (0.00%)
    [41] Processed 337/1125 batches (29.96%)
    [41] Processed 674/1125 batches (59.91%)
    [41] Processed 1011/1125 batches (89.87%)
[03:01:30] Epoch [42/150] Loss: 0.1462 Accuracy: 95.54%
    [42] Processed 0/1125 batches (0.00%)
    [42] Processed 337/1125 batches (29.96%)
    [42] Processed 674/1125 batches (59.91%)
    [42] Processed 1011/1125 batches (89.87%)
[03:10:19] Epoch [43/150] Loss: 0.1475 Accuracy: 95.49%
    [43] Processed 0/1125 batches (0.00%)
    [43] Processed 337/1125 batches (29.96%)
    [43] Processed 674/1125 batches (59.91%)
    [43] Processed 1011/1125 batches (89.87%)
[03:19:09] Epoch [44/150] Loss: 0.1378 Accuracy: 95.79%
    [44] Processed 0/1125 batches (0.00%)
    [44] Processed 337/1125 batches (29.96%)
    [44] Processed 674/1125 batches (59.91%)
    [44] Processed 1011/1125 batches (89.87%)
[03:28:00] Epoch [45/150] Loss: 0.1308 Accuracy: 95.97%
    [45] Processed 0/1125 batches (0.00%)
    [45] Processed 337/1125 batches (29.96%)
    [45] Processed 674/1125 batches (59.91%)
    [45] Processed 1011/1125 batches (89.87%)
[03:36:50] Epoch [46/150] Loss: 0.1293 Accuracy: 96.01%
    [46] Processed 0/1125 batches (0.00%)
    [46] Processed 337/1125 batches (29.96%)
    [46] Processed 674/1125 batches (59.91%)
    [46] Processed 1011/1125 batches (89.87%)
[03:45:41] Epoch [47/150] Loss: 0.1364 Accuracy: 95.80%
    [47] Processed 0/1125 batches (0.00%)
    [47] Processed 337/1125 batches (29.96%)
    [47] Processed 674/1125 batches (59.91%)
    [47] Processed 1011/1125 batches (89.87%)
[03:54:31] Epoch [48/150] Loss: 0.1129 Accuracy: 96.46%
    [48] Processed 0/1125 batches (0.00%)
    [48] Processed 337/1125 batches (29.96%)
    [48] Processed 674/1125 batches (59.91%)
    [48] Processed 1011/1125 batches (89.87%)
[04:03:21] Epoch [49/150] Loss: 0.1221 Accuracy: 96.19%
    [49] Processed 0/1125 batches (0.00%)
    [49] Processed 337/1125 batches (29.96%)
    [49] Processed 674/1125 batches (59.91%)
    [49] Processed 1011/1125 batches (89.87%)
[04:12:12] Epoch [50/150] Loss: 0.1215 Accuracy: 96.21%
    [50] Processed 0/1125 batches (0.00%)
    [50] Processed 337/1125 batches (29.96%)
    [50] Processed 674/1125 batches (59.91%)
    [50] Processed 1011/1125 batches (89.87%)
Checkpoint 51 saved to /virtual/drosari3/models/unet-18000-256-16-crop-150-0000175/unet-18000-256-16-crop-150-0000175-checkpoint_epoch_51.pth
[04:21:03] Epoch [51/150] Loss: 0.1098 Accuracy: 96.56%
    [51] Processed 0/1125 batches (0.00%)
    [51] Processed 337/1125 batches (29.96%)
    [51] Processed 674/1125 batches (59.91%)
    [51] Processed 1011/1125 batches (89.87%)
[04:29:53] Epoch [52/150] Loss: 0.0947 Accuracy: 96.97%
    [52] Processed 0/1125 batches (0.00%)
    [52] Processed 337/1125 batches (29.96%)
    [52] Processed 674/1125 batches (59.91%)
    [52] Processed 1011/1125 batches (89.87%)
[04:38:43] Epoch [53/150] Loss: 0.1106 Accuracy: 96.49%
    [53] Processed 0/1125 batches (0.00%)
    [53] Processed 337/1125 batches (29.96%)
    [53] Processed 674/1125 batches (59.91%)
    [53] Processed 1011/1125 batches (89.87%)
[04:47:34] Epoch [54/150] Loss: 0.1159 Accuracy: 96.37%
    [54] Processed 0/1125 batches (0.00%)
    [54] Processed 337/1125 batches (29.96%)
    [54] Processed 674/1125 batches (59.91%)
    [54] Processed 1011/1125 batches (89.87%)
[04:56:24] Epoch [55/150] Loss: 0.0877 Accuracy: 97.16%
    [55] Processed 0/1125 batches (0.00%)
    [55] Processed 337/1125 batches (29.96%)
    [55] Processed 674/1125 batches (59.91%)
    [55] Processed 1011/1125 batches (89.87%)
[05:05:15] Epoch [56/150] Loss: 0.0924 Accuracy: 97.02%
    [56] Processed 0/1125 batches (0.00%)
    [56] Processed 337/1125 batches (29.96%)
    [56] Processed 674/1125 batches (59.91%)
    [56] Processed 1011/1125 batches (89.87%)
[05:14:05] Epoch [57/150] Loss: 0.1070 Accuracy: 96.60%
    [57] Processed 0/1125 batches (0.00%)
    [57] Processed 337/1125 batches (29.96%)
    [57] Processed 674/1125 batches (59.91%)
    [57] Processed 1011/1125 batches (89.87%)
[05:22:55] Epoch [58/150] Loss: 0.0935 Accuracy: 97.00%
    [58] Processed 0/1125 batches (0.00%)
    [58] Processed 337/1125 batches (29.96%)
    [58] Processed 674/1125 batches (59.91%)
    [58] Processed 1011/1125 batches (89.87%)
[05:31:47] Epoch [59/150] Loss: 0.0917 Accuracy: 97.04%
    [59] Processed 0/1125 batches (0.00%)
    [59] Processed 337/1125 batches (29.96%)
    [59] Processed 674/1125 batches (59.91%)
    [59] Processed 1011/1125 batches (89.87%)
[05:40:37] Epoch [60/150] Loss: 0.0790 Accuracy: 97.40%
    [60] Processed 0/1125 batches (0.00%)
    [60] Processed 337/1125 batches (29.96%)
    [60] Processed 674/1125 batches (59.91%)
    [60] Processed 1011/1125 batches (89.87%)
Checkpoint 61 saved to /virtual/drosari3/models/unet-18000-256-16-crop-150-0000175/unet-18000-256-16-crop-150-0000175-checkpoint_epoch_61.pth
[05:49:27] Epoch [61/150] Loss: 0.1045 Accuracy: 96.70%
    [61] Processed 0/1125 batches (0.00%)
    [61] Processed 337/1125 batches (29.96%)
    [61] Processed 674/1125 batches (59.91%)
    [61] Processed 1011/1125 batches (89.87%)
[05:58:17] Epoch [62/150] Loss: 0.0795 Accuracy: 97.39%
    [62] Processed 0/1125 batches (0.00%)
    [62] Processed 337/1125 batches (29.96%)
    [62] Processed 674/1125 batches (59.91%)
    [62] Processed 1011/1125 batches (89.87%)
[06:07:07] Epoch [63/150] Loss: 0.0846 Accuracy: 97.23%
    [63] Processed 0/1125 batches (0.00%)
    [63] Processed 337/1125 batches (29.96%)
    [63] Processed 674/1125 batches (59.91%)
    [63] Processed 1011/1125 batches (89.87%)
[06:15:58] Epoch [64/150] Loss: 0.0842 Accuracy: 97.24%
    [64] Processed 0/1125 batches (0.00%)
    [64] Processed 337/1125 batches (29.96%)
    [64] Processed 674/1125 batches (59.91%)
    [64] Processed 1011/1125 batches (89.87%)
[06:24:48] Epoch [65/150] Loss: 0.0733 Accuracy: 97.57%
    [65] Processed 0/1125 batches (0.00%)
    [65] Processed 337/1125 batches (29.96%)
    [65] Processed 674/1125 batches (59.91%)
    [65] Processed 1011/1125 batches (89.87%)
[06:33:38] Epoch [66/150] Loss: 0.0848 Accuracy: 97.22%
    [66] Processed 0/1125 batches (0.00%)
    [66] Processed 337/1125 batches (29.96%)
    [66] Processed 674/1125 batches (59.91%)
    [66] Processed 1011/1125 batches (89.87%)
[06:42:28] Epoch [67/150] Loss: 0.0671 Accuracy: 97.74%
    [67] Processed 0/1125 batches (0.00%)
    [67] Processed 337/1125 batches (29.96%)
    [67] Processed 674/1125 batches (59.91%)
    [67] Processed 1011/1125 batches (89.87%)
[06:51:17] Epoch [68/150] Loss: 0.0739 Accuracy: 97.54%
    [68] Processed 0/1125 batches (0.00%)
    [68] Processed 337/1125 batches (29.96%)
    [68] Processed 674/1125 batches (59.91%)
    [68] Processed 1011/1125 batches (89.87%)
[07:00:06] Epoch [69/150] Loss: 0.0741 Accuracy: 97.52%
    [69] Processed 0/1125 batches (0.00%)
    [69] Processed 337/1125 batches (29.96%)
    [69] Processed 674/1125 batches (59.91%)
    [69] Processed 1011/1125 batches (89.87%)
[07:08:54] Epoch [70/150] Loss: 0.0858 Accuracy: 97.19%
    [70] Processed 0/1125 batches (0.00%)
    [70] Processed 337/1125 batches (29.96%)
    [70] Processed 674/1125 batches (59.91%)
    [70] Processed 1011/1125 batches (89.87%)
Checkpoint 71 saved to /virtual/drosari3/models/unet-18000-256-16-crop-150-0000175/unet-18000-256-16-crop-150-0000175-checkpoint_epoch_71.pth
[07:17:43] Epoch [71/150] Loss: 0.0705 Accuracy: 97.64%
    [71] Processed 0/1125 batches (0.00%)
    [71] Processed 337/1125 batches (29.96%)
    [71] Processed 674/1125 batches (59.91%)
    [71] Processed 1011/1125 batches (89.87%)
[07:26:32] Epoch [72/150] Loss: 0.0655 Accuracy: 97.79%
    [72] Processed 0/1125 batches (0.00%)
    [72] Processed 337/1125 batches (29.96%)
    [72] Processed 674/1125 batches (59.91%)
    [72] Processed 1011/1125 batches (89.87%)
[07:35:20] Epoch [73/150] Loss: 0.0667 Accuracy: 97.75%
    [73] Processed 0/1125 batches (0.00%)
    [73] Processed 337/1125 batches (29.96%)
    [73] Processed 674/1125 batches (59.91%)
    [73] Processed 1011/1125 batches (89.87%)
[07:44:09] Epoch [74/150] Loss: 0.0768 Accuracy: 97.48%
    [74] Processed 0/1125 batches (0.00%)
    [74] Processed 337/1125 batches (29.96%)
    [74] Processed 674/1125 batches (59.91%)
    [74] Processed 1011/1125 batches (89.87%)
[07:52:57] Epoch [75/150] Loss: 0.0795 Accuracy: 97.41%
    [75] Processed 0/1125 batches (0.00%)
    [75] Processed 337/1125 batches (29.96%)
    [75] Processed 674/1125 batches (59.91%)
    [75] Processed 1011/1125 batches (89.87%)
[08:01:46] Epoch [76/150] Loss: 0.0627 Accuracy: 97.87%
    [76] Processed 0/1125 batches (0.00%)
    [76] Processed 337/1125 batches (29.96%)
    [76] Processed 674/1125 batches (59.91%)
    [76] Processed 1011/1125 batches (89.87%)
[08:10:34] Epoch [77/150] Loss: 0.0551 Accuracy: 98.09%
    [77] Processed 0/1125 batches (0.00%)
    [77] Processed 337/1125 batches (29.96%)
    [77] Processed 674/1125 batches (59.91%)
    [77] Processed 1011/1125 batches (89.87%)
[08:19:23] Epoch [78/150] Loss: 0.0666 Accuracy: 97.76%
    [78] Processed 0/1125 batches (0.00%)
    [78] Processed 337/1125 batches (29.96%)
    [78] Processed 674/1125 batches (59.91%)
    [78] Processed 1011/1125 batches (89.87%)
[08:28:11] Epoch [79/150] Loss: 0.0831 Accuracy: 97.31%
    [79] Processed 0/1125 batches (0.00%)
    [79] Processed 337/1125 batches (29.96%)
    [79] Processed 674/1125 batches (59.91%)
    [79] Processed 1011/1125 batches (89.87%)
[08:37:00] Epoch [80/150] Loss: 0.0598 Accuracy: 97.97%
    [80] Processed 0/1125 batches (0.00%)
    [80] Processed 337/1125 batches (29.96%)
    [80] Processed 674/1125 batches (59.91%)
    [80] Processed 1011/1125 batches (89.87%)
Checkpoint 81 saved to /virtual/drosari3/models/unet-18000-256-16-crop-150-0000175/unet-18000-256-16-crop-150-0000175-checkpoint_epoch_81.pth
[08:45:49] Epoch [81/150] Loss: 0.0491 Accuracy: 98.28%
    [81] Processed 0/1125 batches (0.00%)
    [81] Processed 337/1125 batches (29.96%)
    [81] Processed 674/1125 batches (59.91%)
    [81] Processed 1011/1125 batches (89.87%)
[08:54:38] Epoch [82/150] Loss: 0.0471 Accuracy: 98.34%
    [82] Processed 0/1125 batches (0.00%)
    [82] Processed 337/1125 batches (29.96%)
    [82] Processed 674/1125 batches (59.91%)
    [82] Processed 1011/1125 batches (89.87%)
[09:03:27] Epoch [83/150] Loss: 0.0898 Accuracy: 97.08%
    [83] Processed 0/1125 batches (0.00%)
    [83] Processed 337/1125 batches (29.96%)
    [83] Processed 674/1125 batches (59.91%)
    [83] Processed 1011/1125 batches (89.87%)
[09:12:15] Epoch [84/150] Loss: 0.0537 Accuracy: 98.16%
    [84] Processed 0/1125 batches (0.00%)
    [84] Processed 337/1125 batches (29.96%)
    [84] Processed 674/1125 batches (59.91%)
    [84] Processed 1011/1125 batches (89.87%)
[09:21:04] Epoch [85/150] Loss: 0.0717 Accuracy: 97.68%
    [85] Processed 0/1125 batches (0.00%)
    [85] Processed 337/1125 batches (29.96%)
    [85] Processed 674/1125 batches (59.91%)
    [85] Processed 1011/1125 batches (89.87%)
[09:29:52] Epoch [86/150] Loss: 0.0601 Accuracy: 97.97%
    [86] Processed 0/1125 batches (0.00%)
    [86] Processed 337/1125 batches (29.96%)
    [86] Processed 674/1125 batches (59.91%)
    [86] Processed 1011/1125 batches (89.87%)
[09:38:41] Epoch [87/150] Loss: 0.0508 Accuracy: 98.23%
    [87] Processed 0/1125 batches (0.00%)
    [87] Processed 337/1125 batches (29.96%)
    [87] Processed 674/1125 batches (59.91%)
    [87] Processed 1011/1125 batches (89.87%)
[09:47:29] Epoch [88/150] Loss: 0.0604 Accuracy: 97.95%
    [88] Processed 0/1125 batches (0.00%)
    [88] Processed 337/1125 batches (29.96%)
    [88] Processed 674/1125 batches (59.91%)
    [88] Processed 1011/1125 batches (89.87%)
[09:56:18] Epoch [89/150] Loss: 0.0486 Accuracy: 98.29%
    [89] Processed 0/1125 batches (0.00%)
    [89] Processed 337/1125 batches (29.96%)
    [89] Processed 674/1125 batches (59.91%)
    [89] Processed 1011/1125 batches (89.87%)
[10:05:07] Epoch [90/150] Loss: 0.0628 Accuracy: 97.89%
    [90] Processed 0/1125 batches (0.00%)
    [90] Processed 337/1125 batches (29.96%)
    [90] Processed 674/1125 batches (59.91%)
    [90] Processed 1011/1125 batches (89.87%)
Checkpoint 91 saved to /virtual/drosari3/models/unet-18000-256-16-crop-150-0000175/unet-18000-256-16-crop-150-0000175-checkpoint_epoch_91.pth
[10:13:56] Epoch [91/150] Loss: 0.0483 Accuracy: 98.31%
    [91] Processed 0/1125 batches (0.00%)
    [91] Processed 337/1125 batches (29.96%)
    [91] Processed 674/1125 batches (59.91%)
    [91] Processed 1011/1125 batches (89.87%)
[10:22:44] Epoch [92/150] Loss: 0.0651 Accuracy: 97.85%
    [92] Processed 0/1125 batches (0.00%)
    [92] Processed 337/1125 batches (29.96%)
    [92] Processed 674/1125 batches (59.91%)
    [92] Processed 1011/1125 batches (89.87%)
[10:31:33] Epoch [93/150] Loss: 0.0515 Accuracy: 98.20%
    [93] Processed 0/1125 batches (0.00%)
    [93] Processed 337/1125 batches (29.96%)
    [93] Processed 674/1125 batches (59.91%)
    [93] Processed 1011/1125 batches (89.87%)
[10:40:21] Epoch [94/150] Loss: 0.0422 Accuracy: 98.51%
    [94] Processed 0/1125 batches (0.00%)
    [94] Processed 337/1125 batches (29.96%)
    [94] Processed 674/1125 batches (59.91%)
    [94] Processed 1011/1125 batches (89.87%)
[10:49:10] Epoch [95/150] Loss: 0.0638 Accuracy: 97.87%
    [95] Processed 0/1125 batches (0.00%)
    [95] Processed 337/1125 batches (29.96%)
    [95] Processed 674/1125 batches (59.91%)
    [95] Processed 1011/1125 batches (89.87%)
[10:57:59] Epoch [96/150] Loss: 0.0500 Accuracy: 98.25%
    [96] Processed 0/1125 batches (0.00%)
    [96] Processed 337/1125 batches (29.96%)
    [96] Processed 674/1125 batches (59.91%)
    [96] Processed 1011/1125 batches (89.87%)
[11:06:47] Epoch [97/150] Loss: 0.0484 Accuracy: 98.30%
    [97] Processed 0/1125 batches (0.00%)
    [97] Processed 337/1125 batches (29.96%)
    [97] Processed 674/1125 batches (59.91%)
    [97] Processed 1011/1125 batches (89.87%)
[11:15:36] Epoch [98/150] Loss: 0.0714 Accuracy: 97.65%
    [98] Processed 0/1125 batches (0.00%)
    [98] Processed 337/1125 batches (29.96%)
    [98] Processed 674/1125 batches (59.91%)
    [98] Processed 1011/1125 batches (89.87%)
[11:24:25] Epoch [99/150] Loss: 0.0504 Accuracy: 98.24%
    [99] Processed 0/1125 batches (0.00%)
    [99] Processed 337/1125 batches (29.96%)
    [99] Processed 674/1125 batches (59.91%)
    [99] Processed 1011/1125 batches (89.87%)
[11:33:14] Epoch [100/150] Loss: 0.0417 Accuracy: 98.50%
    [100] Processed 0/1125 batches (0.00%)
    [100] Processed 337/1125 batches (29.96%)
    [100] Processed 674/1125 batches (59.91%)
    [100] Processed 1011/1125 batches (89.87%)
Checkpoint 101 saved to /virtual/drosari3/models/unet-18000-256-16-crop-150-0000175/unet-18000-256-16-crop-150-0000175-checkpoint_epoch_101.pth
[11:42:03] Epoch [101/150] Loss: 0.0481 Accuracy: 98.34%
    [101] Processed 0/1125 batches (0.00%)
    [101] Processed 337/1125 batches (29.96%)
    [101] Processed 674/1125 batches (59.91%)
    [101] Processed 1011/1125 batches (89.87%)
[11:50:53] Epoch [102/150] Loss: 0.0602 Accuracy: 97.97%
    [102] Processed 0/1125 batches (0.00%)
    [102] Processed 337/1125 batches (29.96%)
    [102] Processed 674/1125 batches (59.91%)
    [102] Processed 1011/1125 batches (89.87%)
[11:59:42] Epoch [103/150] Loss: 0.0421 Accuracy: 98.49%
    [103] Processed 0/1125 batches (0.00%)
    [103] Processed 337/1125 batches (29.96%)
    [103] Processed 674/1125 batches (59.91%)
    [103] Processed 1011/1125 batches (89.87%)
[12:08:31] Epoch [104/150] Loss: 0.0330 Accuracy: 98.78%
    [104] Processed 0/1125 batches (0.00%)
    [104] Processed 337/1125 batches (29.96%)
    [104] Processed 674/1125 batches (59.91%)
    [104] Processed 1011/1125 batches (89.87%)
[12:17:20] Epoch [105/150] Loss: 0.0548 Accuracy: 98.12%
    [105] Processed 0/1125 batches (0.00%)
    [105] Processed 337/1125 batches (29.96%)
    [105] Processed 674/1125 batches (59.91%)
    [105] Processed 1011/1125 batches (89.87%)
[12:26:09] Epoch [106/150] Loss: 0.0437 Accuracy: 98.45%
    [106] Processed 0/1125 batches (0.00%)
    [106] Processed 337/1125 batches (29.96%)
    [106] Processed 674/1125 batches (59.91%)
    [106] Processed 1011/1125 batches (89.87%)
[12:34:58] Epoch [107/150] Loss: 0.0437 Accuracy: 98.45%
    [107] Processed 0/1125 batches (0.00%)
    [107] Processed 337/1125 batches (29.96%)
    [107] Processed 674/1125 batches (59.91%)
    [107] Processed 1011/1125 batches (89.87%)
[12:43:47] Epoch [108/150] Loss: 0.0588 Accuracy: 98.02%
    [108] Processed 0/1125 batches (0.00%)
    [108] Processed 337/1125 batches (29.96%)
    [108] Processed 674/1125 batches (59.91%)
    [108] Processed 1011/1125 batches (89.87%)
[12:52:35] Epoch [109/150] Loss: 0.0525 Accuracy: 98.19%
    [109] Processed 0/1125 batches (0.00%)
    [109] Processed 337/1125 batches (29.96%)
    [109] Processed 674/1125 batches (59.91%)
    [109] Processed 1011/1125 batches (89.87%)
[13:01:24] Epoch [110/150] Loss: 0.0440 Accuracy: 98.44%
    [110] Processed 0/1125 batches (0.00%)
    [110] Processed 337/1125 batches (29.96%)
    [110] Processed 674/1125 batches (59.91%)
    [110] Processed 1011/1125 batches (89.87%)
Checkpoint 111 saved to /virtual/drosari3/models/unet-18000-256-16-crop-150-0000175/unet-18000-256-16-crop-150-0000175-checkpoint_epoch_111.pth
[13:10:13] Epoch [111/150] Loss: 0.0339 Accuracy: 98.74%
    [111] Processed 0/1125 batches (0.00%)
    [111] Processed 337/1125 batches (29.96%)
    [111] Processed 674/1125 batches (59.91%)
    [111] Processed 1011/1125 batches (89.87%)
[13:19:02] Epoch [112/150] Loss: 0.0411 Accuracy: 98.55%
    [112] Processed 0/1125 batches (0.00%)
    [112] Processed 337/1125 batches (29.96%)
    [112] Processed 674/1125 batches (59.91%)
    [112] Processed 1011/1125 batches (89.87%)
[13:27:51] Epoch [113/150] Loss: 0.0556 Accuracy: 98.13%
    [113] Processed 0/1125 batches (0.00%)
    [113] Processed 337/1125 batches (29.96%)
    [113] Processed 674/1125 batches (59.91%)
    [113] Processed 1011/1125 batches (89.87%)
[13:36:40] Epoch [114/150] Loss: 0.0422 Accuracy: 98.50%
    [114] Processed 0/1125 batches (0.00%)
    [114] Processed 337/1125 batches (29.96%)
    [114] Processed 674/1125 batches (59.91%)
    [114] Processed 1011/1125 batches (89.87%)
[13:45:29] Epoch [115/150] Loss: 0.0549 Accuracy: 98.15%
    [115] Processed 0/1125 batches (0.00%)
    [115] Processed 337/1125 batches (29.96%)
    [115] Processed 674/1125 batches (59.91%)
    [115] Processed 1011/1125 batches (89.87%)
[13:54:18] Epoch [116/150] Loss: 0.0371 Accuracy: 98.65%
    [116] Processed 0/1125 batches (0.00%)
    [116] Processed 337/1125 batches (29.96%)
    [116] Processed 674/1125 batches (59.91%)
    [116] Processed 1011/1125 batches (89.87%)
[14:03:07] Epoch [117/150] Loss: 0.0492 Accuracy: 98.32%
    [117] Processed 0/1125 batches (0.00%)
    [117] Processed 337/1125 batches (29.96%)
    [117] Processed 674/1125 batches (59.91%)
    [117] Processed 1011/1125 batches (89.87%)
[14:11:55] Epoch [118/150] Loss: 0.0400 Accuracy: 98.57%
    [118] Processed 0/1125 batches (0.00%)
    [118] Processed 337/1125 batches (29.96%)
    [118] Processed 674/1125 batches (59.91%)
    [118] Processed 1011/1125 batches (89.87%)
[14:20:44] Epoch [119/150] Loss: 0.0515 Accuracy: 98.23%
    [119] Processed 0/1125 batches (0.00%)
    [119] Processed 337/1125 batches (29.96%)
    [119] Processed 674/1125 batches (59.91%)
    [119] Processed 1011/1125 batches (89.87%)
[14:29:33] Epoch [120/150] Loss: 0.0374 Accuracy: 98.66%
    [120] Processed 0/1125 batches (0.00%)
    [120] Processed 337/1125 batches (29.96%)
    [120] Processed 674/1125 batches (59.91%)
    [120] Processed 1011/1125 batches (89.87%)
Checkpoint 121 saved to /virtual/drosari3/models/unet-18000-256-16-crop-150-0000175/unet-18000-256-16-crop-150-0000175-checkpoint_epoch_121.pth
[14:38:22] Epoch [121/150] Loss: 0.0517 Accuracy: 98.24%
    [121] Processed 0/1125 batches (0.00%)
    [121] Processed 337/1125 batches (29.96%)
    [121] Processed 674/1125 batches (59.91%)
    [121] Processed 1011/1125 batches (89.87%)
[14:47:11] Epoch [122/150] Loss: 0.0414 Accuracy: 98.53%
    [122] Processed 0/1125 batches (0.00%)
    [122] Processed 337/1125 batches (29.96%)
    [122] Processed 674/1125 batches (59.91%)
    [122] Processed 1011/1125 batches (89.87%)
[14:56:00] Epoch [123/150] Loss: 0.0330 Accuracy: 98.81%
    [123] Processed 0/1125 batches (0.00%)
    [123] Processed 337/1125 batches (29.96%)
    [123] Processed 674/1125 batches (59.91%)
    [123] Processed 1011/1125 batches (89.87%)
[15:04:49] Epoch [124/150] Loss: 0.0327 Accuracy: 98.80%
    [124] Processed 0/1125 batches (0.00%)
    [124] Processed 337/1125 batches (29.96%)
    [124] Processed 674/1125 batches (59.91%)
    [124] Processed 1011/1125 batches (89.87%)
[15:13:37] Epoch [125/150] Loss: 0.0551 Accuracy: 98.13%
    [125] Processed 0/1125 batches (0.00%)
    [125] Processed 337/1125 batches (29.96%)
    [125] Processed 674/1125 batches (59.91%)
    [125] Processed 1011/1125 batches (89.87%)
[15:22:26] Epoch [126/150] Loss: 0.0435 Accuracy: 98.49%
    [126] Processed 0/1125 batches (0.00%)
    [126] Processed 337/1125 batches (29.96%)
    [126] Processed 674/1125 batches (59.91%)
    [126] Processed 1011/1125 batches (89.87%)
[15:31:15] Epoch [127/150] Loss: 0.0379 Accuracy: 98.63%
    [127] Processed 0/1125 batches (0.00%)
    [127] Processed 337/1125 batches (29.96%)
    [127] Processed 674/1125 batches (59.91%)
    [127] Processed 1011/1125 batches (89.87%)
[15:40:04] Epoch [128/150] Loss: 0.0351 Accuracy: 98.72%
    [128] Processed 0/1125 batches (0.00%)
    [128] Processed 337/1125 batches (29.96%)
    [128] Processed 674/1125 batches (59.91%)
    [128] Processed 1011/1125 batches (89.87%)
[15:48:54] Epoch [129/150] Loss: 0.0310 Accuracy: 98.85%
    [129] Processed 0/1125 batches (0.00%)
    [129] Processed 337/1125 batches (29.96%)
    [129] Processed 674/1125 batches (59.91%)
    [129] Processed 1011/1125 batches (89.87%)
[15:57:42] Epoch [130/150] Loss: 0.0552 Accuracy: 98.17%
    [130] Processed 0/1125 batches (0.00%)
    [130] Processed 337/1125 batches (29.96%)
    [130] Processed 674/1125 batches (59.91%)
    [130] Processed 1011/1125 batches (89.87%)
Checkpoint 131 saved to /virtual/drosari3/models/unet-18000-256-16-crop-150-0000175/unet-18000-256-16-crop-150-0000175-checkpoint_epoch_131.pth
[16:06:31] Epoch [131/150] Loss: 0.0332 Accuracy: 98.78%
    [131] Processed 0/1125 batches (0.00%)
    [131] Processed 337/1125 batches (29.96%)
    [131] Processed 674/1125 batches (59.91%)
    [131] Processed 1011/1125 batches (89.87%)
[16:15:20] Epoch [132/150] Loss: 0.0454 Accuracy: 98.41%
    [132] Processed 0/1125 batches (0.00%)
    [132] Processed 337/1125 batches (29.96%)
    [132] Processed 674/1125 batches (59.91%)
    [132] Processed 1011/1125 batches (89.87%)
[16:24:09] Epoch [133/150] Loss: 0.0352 Accuracy: 98.73%
    [133] Processed 0/1125 batches (0.00%)
    [133] Processed 337/1125 batches (29.96%)
    [133] Processed 674/1125 batches (59.91%)
    [133] Processed 1011/1125 batches (89.87%)
[16:32:58] Epoch [134/150] Loss: 0.0410 Accuracy: 98.58%
    [134] Processed 0/1125 batches (0.00%)
    [134] Processed 337/1125 batches (29.96%)
    [134] Processed 674/1125 batches (59.91%)
    [134] Processed 1011/1125 batches (89.87%)
[16:41:46] Epoch [135/150] Loss: 0.0391 Accuracy: 98.61%
    [135] Processed 0/1125 batches (0.00%)
    [135] Processed 337/1125 batches (29.96%)
    [135] Processed 674/1125 batches (59.91%)
    [135] Processed 1011/1125 batches (89.87%)
[16:50:35] Epoch [136/150] Loss: 0.0334 Accuracy: 98.79%
    [136] Processed 0/1125 batches (0.00%)
    [136] Processed 337/1125 batches (29.96%)
    [136] Processed 674/1125 batches (59.91%)
    [136] Processed 1011/1125 batches (89.87%)
[16:59:24] Epoch [137/150] Loss: 0.0414 Accuracy: 98.53%
    [137] Processed 0/1125 batches (0.00%)
    [137] Processed 337/1125 batches (29.96%)
    [137] Processed 674/1125 batches (59.91%)
    [137] Processed 1011/1125 batches (89.87%)
[17:08:13] Epoch [138/150] Loss: 0.0347 Accuracy: 98.75%
    [138] Processed 0/1125 batches (0.00%)
    [138] Processed 337/1125 batches (29.96%)
    [138] Processed 674/1125 batches (59.91%)
    [138] Processed 1011/1125 batches (89.87%)
[17:17:02] Epoch [139/150] Loss: 0.0338 Accuracy: 98.76%
    [139] Processed 0/1125 batches (0.00%)
    [139] Processed 337/1125 batches (29.96%)
    [139] Processed 674/1125 batches (59.91%)
    [139] Processed 1011/1125 batches (89.87%)
[17:25:51] Epoch [140/150] Loss: 0.0477 Accuracy: 98.43%
    [140] Processed 0/1125 batches (0.00%)
    [140] Processed 337/1125 batches (29.96%)
    [140] Processed 674/1125 batches (59.91%)
    [140] Processed 1011/1125 batches (89.87%)
Checkpoint 141 saved to /virtual/drosari3/models/unet-18000-256-16-crop-150-0000175/unet-18000-256-16-crop-150-0000175-checkpoint_epoch_141.pth
[17:34:40] Epoch [141/150] Loss: 0.0353 Accuracy: 98.72%
    [141] Processed 0/1125 batches (0.00%)
    [141] Processed 337/1125 batches (29.96%)
    [141] Processed 674/1125 batches (59.91%)
    [141] Processed 1011/1125 batches (89.87%)
[17:43:29] Epoch [142/150] Loss: 0.0280 Accuracy: 98.95%
    [142] Processed 0/1125 batches (0.00%)
    [142] Processed 337/1125 batches (29.96%)
    [142] Processed 674/1125 batches (59.91%)
    [142] Processed 1011/1125 batches (89.87%)
[17:52:18] Epoch [143/150] Loss: 0.0278 Accuracy: 98.96%
    [143] Processed 0/1125 batches (0.00%)
    [143] Processed 337/1125 batches (29.96%)
    [143] Processed 674/1125 batches (59.91%)
    [143] Processed 1011/1125 batches (89.87%)
[18:01:07] Epoch [144/150] Loss: 0.0392 Accuracy: 98.62%
    [144] Processed 0/1125 batches (0.00%)
    [144] Processed 337/1125 batches (29.96%)
    [144] Processed 674/1125 batches (59.91%)
    [144] Processed 1011/1125 batches (89.87%)
[18:09:56] Epoch [145/150] Loss: 0.0334 Accuracy: 98.79%
    [145] Processed 0/1125 batches (0.00%)
    [145] Processed 337/1125 batches (29.96%)
    [145] Processed 674/1125 batches (59.91%)
    [145] Processed 1011/1125 batches (89.87%)
[18:18:44] Epoch [146/150] Loss: 0.0285 Accuracy: 98.94%
    [146] Processed 0/1125 batches (0.00%)
    [146] Processed 337/1125 batches (29.96%)
    [146] Processed 674/1125 batches (59.91%)
    [146] Processed 1011/1125 batches (89.87%)
[18:27:33] Epoch [147/150] Loss: 0.0270 Accuracy: 98.99%
    [147] Processed 0/1125 batches (0.00%)
    [147] Processed 337/1125 batches (29.96%)
    [147] Processed 674/1125 batches (59.91%)
    [147] Processed 1011/1125 batches (89.87%)
[18:36:22] Epoch [148/150] Loss: 0.0456 Accuracy: 98.43%
    [148] Processed 0/1125 batches (0.00%)
    [148] Processed 337/1125 batches (29.96%)
    [148] Processed 674/1125 batches (59.91%)
    [148] Processed 1011/1125 batches (89.87%)
[18:45:10] Epoch [149/150] Loss: 0.0345 Accuracy: 98.76%
    [149] Processed 0/1125 batches (0.00%)
    [149] Processed 337/1125 batches (29.96%)
    [149] Processed 674/1125 batches (59.91%)
    [149] Processed 1011/1125 batches (89.87%)
[18:53:59] Epoch [150/150] Loss: 0.0272 Accuracy: 98.98%
Evaluating /virtual/csc490_mapillary/models/unet-18000-256-16-crop-150-0000175/unet-18000-256-16-crop-150-0000175.pth...
Traceback (most recent call last):
  File "/virtual/drosari3/csc490-mapillary-vistas/main.py", line 72, in <module>
    model.load_state_dict(torch.load(saved_model_path))
  File "/usr/local/lib/python3.10/dist-packages/torch/serialization.py", line 791, in load
    with _open_file_like(f, 'rb') as opened_file:
  File "/usr/local/lib/python3.10/dist-packages/torch/serialization.py", line 271, in _open_file_like
    return _open_file(name_or_buffer, mode)
  File "/usr/local/lib/python3.10/dist-packages/torch/serialization.py", line 252, in __init__
    super().__init__(open(name, mode))
FileNotFoundError: [Errno 2] No such file or directory: '/virtual/csc490_mapillary/models/unet-18000-256-16-crop-150-0000175/unet-18000-256-16-crop-150-0000175.pth'
