Training unet-2000-256-16-crop-100-00001...
epochs=100 lr=0.0001, error=<function cross_entropy at 0x7fa6de3f7b50>
    [0] Processed 0/125 batches (0.00%)
    [0] Processed 37/125 batches (29.60%)
    [0] Processed 74/125 batches (59.20%)
    [0] Processed 111/125 batches (88.80%)
Checkpoint 1 saved to /virtual/drosari3/models/unet-2000-256-16-crop-100-00001/unet-2000-256-16-crop-100-00001-checkpoint_epoch_1.pth
[20:52:15] Epoch [1/100] Loss: 2.5699 Accuracy: 47.01%
    [1] Processed 0/125 batches (0.00%)
    [1] Processed 37/125 batches (29.60%)
    [1] Processed 74/125 batches (59.20%)
    [1] Processed 111/125 batches (88.80%)
[20:57:49] Epoch [2/100] Loss: 1.8421 Accuracy: 53.78%
    [2] Processed 0/125 batches (0.00%)
    [2] Processed 37/125 batches (29.60%)
    [2] Processed 74/125 batches (59.20%)
    [2] Processed 111/125 batches (88.80%)
[21:03:18] Epoch [3/100] Loss: 1.7612 Accuracy: 53.91%
    [3] Processed 0/125 batches (0.00%)
    [3] Processed 37/125 batches (29.60%)
    [3] Processed 74/125 batches (59.20%)
    [3] Processed 111/125 batches (88.80%)
[21:08:34] Epoch [4/100] Loss: 1.7297 Accuracy: 54.35%
    [4] Processed 0/125 batches (0.00%)
    [4] Processed 37/125 batches (29.60%)
    [4] Processed 74/125 batches (59.20%)
    [4] Processed 111/125 batches (88.80%)
[21:13:50] Epoch [5/100] Loss: 1.6968 Accuracy: 55.34%
    [5] Processed 0/125 batches (0.00%)
    [5] Processed 37/125 batches (29.60%)
    [5] Processed 74/125 batches (59.20%)
    [5] Processed 111/125 batches (88.80%)
[21:19:07] Epoch [6/100] Loss: 1.6799 Accuracy: 55.94%
    [6] Processed 0/125 batches (0.00%)
    [6] Processed 37/125 batches (29.60%)
    [6] Processed 74/125 batches (59.20%)
    [6] Processed 111/125 batches (88.80%)
[21:24:23] Epoch [7/100] Loss: 1.6386 Accuracy: 57.00%
    [7] Processed 0/125 batches (0.00%)
    [7] Processed 37/125 batches (29.60%)
    [7] Processed 74/125 batches (59.20%)
    [7] Processed 111/125 batches (88.80%)
[21:29:40] Epoch [8/100] Loss: 1.5880 Accuracy: 58.36%
    [8] Processed 0/125 batches (0.00%)
    [8] Processed 37/125 batches (29.60%)
    [8] Processed 74/125 batches (59.20%)
    [8] Processed 111/125 batches (88.80%)
[21:34:58] Epoch [9/100] Loss: 1.5573 Accuracy: 59.60%
    [9] Processed 0/125 batches (0.00%)
    [9] Processed 37/125 batches (29.60%)
    [9] Processed 74/125 batches (59.20%)
    [9] Processed 111/125 batches (88.80%)
[21:40:14] Epoch [10/100] Loss: 1.5324 Accuracy: 60.33%
    [10] Processed 0/125 batches (0.00%)
    [10] Processed 37/125 batches (29.60%)
    [10] Processed 74/125 batches (59.20%)
    [10] Processed 111/125 batches (88.80%)
Checkpoint 11 saved to /virtual/drosari3/models/unet-2000-256-16-crop-100-00001/unet-2000-256-16-crop-100-00001-checkpoint_epoch_11.pth
[21:45:32] Epoch [11/100] Loss: 1.5172 Accuracy: 61.12%
    [11] Processed 0/125 batches (0.00%)
    [11] Processed 37/125 batches (29.60%)
    [11] Processed 74/125 batches (59.20%)
    [11] Processed 111/125 batches (88.80%)
[21:50:48] Epoch [12/100] Loss: 1.5123 Accuracy: 60.88%
    [12] Processed 0/125 batches (0.00%)
    [12] Processed 37/125 batches (29.60%)
    [12] Processed 74/125 batches (59.20%)
    [12] Processed 111/125 batches (88.80%)
[21:56:04] Epoch [13/100] Loss: 1.4872 Accuracy: 61.48%
    [13] Processed 0/125 batches (0.00%)
    [13] Processed 37/125 batches (29.60%)
    [13] Processed 74/125 batches (59.20%)
    [13] Processed 111/125 batches (88.80%)
[22:01:20] Epoch [14/100] Loss: 1.4687 Accuracy: 61.96%
    [14] Processed 0/125 batches (0.00%)
    [14] Processed 37/125 batches (29.60%)
    [14] Processed 74/125 batches (59.20%)
    [14] Processed 111/125 batches (88.80%)
[22:06:35] Epoch [15/100] Loss: 1.4474 Accuracy: 62.26%
    [15] Processed 0/125 batches (0.00%)
    [15] Processed 37/125 batches (29.60%)
    [15] Processed 74/125 batches (59.20%)
    [15] Processed 111/125 batches (88.80%)
[22:11:51] Epoch [16/100] Loss: 1.4350 Accuracy: 62.61%
    [16] Processed 0/125 batches (0.00%)
    [16] Processed 37/125 batches (29.60%)
    [16] Processed 74/125 batches (59.20%)
    [16] Processed 111/125 batches (88.80%)
[22:17:07] Epoch [17/100] Loss: 1.4204 Accuracy: 63.07%
    [17] Processed 0/125 batches (0.00%)
    [17] Processed 37/125 batches (29.60%)
    [17] Processed 74/125 batches (59.20%)
    [17] Processed 111/125 batches (88.80%)
[22:22:23] Epoch [18/100] Loss: 1.4135 Accuracy: 63.31%
    [18] Processed 0/125 batches (0.00%)
    [18] Processed 37/125 batches (29.60%)
    [18] Processed 74/125 batches (59.20%)
    [18] Processed 111/125 batches (88.80%)
[22:27:39] Epoch [19/100] Loss: 1.3877 Accuracy: 64.12%
    [19] Processed 0/125 batches (0.00%)
    [19] Processed 37/125 batches (29.60%)
    [19] Processed 74/125 batches (59.20%)
    [19] Processed 111/125 batches (88.80%)
[22:32:56] Epoch [20/100] Loss: 1.3789 Accuracy: 64.29%
    [20] Processed 0/125 batches (0.00%)
    [20] Processed 37/125 batches (29.60%)
    [20] Processed 74/125 batches (59.20%)
    [20] Processed 111/125 batches (88.80%)
Checkpoint 21 saved to /virtual/drosari3/models/unet-2000-256-16-crop-100-00001/unet-2000-256-16-crop-100-00001-checkpoint_epoch_21.pth
[22:38:11] Epoch [21/100] Loss: 1.3561 Accuracy: 64.65%
    [21] Processed 0/125 batches (0.00%)
    [21] Processed 37/125 batches (29.60%)
    [21] Processed 74/125 batches (59.20%)
    [21] Processed 111/125 batches (88.80%)
[22:43:28] Epoch [22/100] Loss: 1.3556 Accuracy: 64.64%
    [22] Processed 0/125 batches (0.00%)
    [22] Processed 37/125 batches (29.60%)
    [22] Processed 74/125 batches (59.20%)
    [22] Processed 111/125 batches (88.80%)
[22:48:45] Epoch [23/100] Loss: 1.3288 Accuracy: 65.46%
    [23] Processed 0/125 batches (0.00%)
    [23] Processed 37/125 batches (29.60%)
    [23] Processed 74/125 batches (59.20%)
    [23] Processed 111/125 batches (88.80%)
[22:54:01] Epoch [24/100] Loss: 1.3241 Accuracy: 65.46%
    [24] Processed 0/125 batches (0.00%)
    [24] Processed 37/125 batches (29.60%)
    [24] Processed 74/125 batches (59.20%)
    [24] Processed 111/125 batches (88.80%)
[22:59:18] Epoch [25/100] Loss: 1.3089 Accuracy: 65.86%
    [25] Processed 0/125 batches (0.00%)
    [25] Processed 37/125 batches (29.60%)
    [25] Processed 74/125 batches (59.20%)
    [25] Processed 111/125 batches (88.80%)
[23:04:34] Epoch [26/100] Loss: 1.2785 Accuracy: 66.95%
    [26] Processed 0/125 batches (0.00%)
    [26] Processed 37/125 batches (29.60%)
    [26] Processed 74/125 batches (59.20%)
    [26] Processed 111/125 batches (88.80%)
[23:09:50] Epoch [27/100] Loss: 1.2700 Accuracy: 67.18%
    [27] Processed 0/125 batches (0.00%)
    [27] Processed 37/125 batches (29.60%)
    [27] Processed 74/125 batches (59.20%)
    [27] Processed 111/125 batches (88.80%)
[23:15:06] Epoch [28/100] Loss: 1.2651 Accuracy: 67.29%
    [28] Processed 0/125 batches (0.00%)
    [28] Processed 37/125 batches (29.60%)
    [28] Processed 74/125 batches (59.20%)
    [28] Processed 111/125 batches (88.80%)
[23:20:23] Epoch [29/100] Loss: 1.2432 Accuracy: 67.90%
    [29] Processed 0/125 batches (0.00%)
    [29] Processed 37/125 batches (29.60%)
    [29] Processed 74/125 batches (59.20%)
    [29] Processed 111/125 batches (88.80%)
[23:25:39] Epoch [30/100] Loss: 1.2246 Accuracy: 68.31%
    [30] Processed 0/125 batches (0.00%)
    [30] Processed 37/125 batches (29.60%)
    [30] Processed 74/125 batches (59.20%)
    [30] Processed 111/125 batches (88.80%)
Checkpoint 31 saved to /virtual/drosari3/models/unet-2000-256-16-crop-100-00001/unet-2000-256-16-crop-100-00001-checkpoint_epoch_31.pth
[23:30:57] Epoch [31/100] Loss: 1.2066 Accuracy: 68.87%
    [31] Processed 0/125 batches (0.00%)
    [31] Processed 37/125 batches (29.60%)
    [31] Processed 74/125 batches (59.20%)
    [31] Processed 111/125 batches (88.80%)
[23:36:13] Epoch [32/100] Loss: 1.1884 Accuracy: 69.14%
    [32] Processed 0/125 batches (0.00%)
    [32] Processed 37/125 batches (29.60%)
    [32] Processed 74/125 batches (59.20%)
    [32] Processed 111/125 batches (88.80%)
[23:41:30] Epoch [33/100] Loss: 1.1756 Accuracy: 69.66%
    [33] Processed 0/125 batches (0.00%)
    [33] Processed 37/125 batches (29.60%)
    [33] Processed 74/125 batches (59.20%)
    [33] Processed 111/125 batches (88.80%)
[23:46:47] Epoch [34/100] Loss: 1.1780 Accuracy: 69.50%
    [34] Processed 0/125 batches (0.00%)
    [34] Processed 37/125 batches (29.60%)
    [34] Processed 74/125 batches (59.20%)
    [34] Processed 111/125 batches (88.80%)
[23:52:04] Epoch [35/100] Loss: 1.1420 Accuracy: 70.43%
    [35] Processed 0/125 batches (0.00%)
    [35] Processed 37/125 batches (29.60%)
    [35] Processed 74/125 batches (59.20%)
    [35] Processed 111/125 batches (88.80%)
[23:57:20] Epoch [36/100] Loss: 1.1319 Accuracy: 70.98%
    [36] Processed 0/125 batches (0.00%)
    [36] Processed 37/125 batches (29.60%)
    [36] Processed 74/125 batches (59.20%)
    [36] Processed 111/125 batches (88.80%)
[00:02:38] Epoch [37/100] Loss: 1.1233 Accuracy: 70.84%
    [37] Processed 0/125 batches (0.00%)
    [37] Processed 37/125 batches (29.60%)
    [37] Processed 74/125 batches (59.20%)
    [37] Processed 111/125 batches (88.80%)
[00:07:59] Epoch [38/100] Loss: 1.0871 Accuracy: 71.76%
    [38] Processed 0/125 batches (0.00%)
    [38] Processed 37/125 batches (29.60%)
    [38] Processed 74/125 batches (59.20%)
    [38] Processed 111/125 batches (88.80%)
[00:13:17] Epoch [39/100] Loss: 1.0823 Accuracy: 71.86%
    [39] Processed 0/125 batches (0.00%)
    [39] Processed 37/125 batches (29.60%)
    [39] Processed 74/125 batches (59.20%)
    [39] Processed 111/125 batches (88.80%)
[00:18:34] Epoch [40/100] Loss: 1.0498 Accuracy: 72.61%
    [40] Processed 0/125 batches (0.00%)
    [40] Processed 37/125 batches (29.60%)
    [40] Processed 74/125 batches (59.20%)
    [40] Processed 111/125 batches (88.80%)
Checkpoint 41 saved to /virtual/drosari3/models/unet-2000-256-16-crop-100-00001/unet-2000-256-16-crop-100-00001-checkpoint_epoch_41.pth
[00:23:51] Epoch [41/100] Loss: 1.0271 Accuracy: 73.22%
    [41] Processed 0/125 batches (0.00%)
    [41] Processed 37/125 batches (29.60%)
    [41] Processed 74/125 batches (59.20%)
    [41] Processed 111/125 batches (88.80%)
[00:29:06] Epoch [42/100] Loss: 1.0011 Accuracy: 73.83%
    [42] Processed 0/125 batches (0.00%)
    [42] Processed 37/125 batches (29.60%)
    [42] Processed 74/125 batches (59.20%)
    [42] Processed 111/125 batches (88.80%)
[00:34:22] Epoch [43/100] Loss: 0.9809 Accuracy: 74.20%
    [43] Processed 0/125 batches (0.00%)
    [43] Processed 37/125 batches (29.60%)
    [43] Processed 74/125 batches (59.20%)
    [43] Processed 111/125 batches (88.80%)
[00:39:40] Epoch [44/100] Loss: 0.9555 Accuracy: 74.75%
    [44] Processed 0/125 batches (0.00%)
    [44] Processed 37/125 batches (29.60%)
    [44] Processed 74/125 batches (59.20%)
    [44] Processed 111/125 batches (88.80%)
[00:44:57] Epoch [45/100] Loss: 0.9065 Accuracy: 75.88%
    [45] Processed 0/125 batches (0.00%)
    [45] Processed 37/125 batches (29.60%)
    [45] Processed 74/125 batches (59.20%)
    [45] Processed 111/125 batches (88.80%)
[00:50:14] Epoch [46/100] Loss: 0.8811 Accuracy: 76.72%
    [46] Processed 0/125 batches (0.00%)
    [46] Processed 37/125 batches (29.60%)
    [46] Processed 74/125 batches (59.20%)
    [46] Processed 111/125 batches (88.80%)
[00:55:30] Epoch [47/100] Loss: 0.8550 Accuracy: 77.21%
    [47] Processed 0/125 batches (0.00%)
    [47] Processed 37/125 batches (29.60%)
    [47] Processed 74/125 batches (59.20%)
    [47] Processed 111/125 batches (88.80%)
[01:00:47] Epoch [48/100] Loss: 0.8115 Accuracy: 77.93%
    [48] Processed 0/125 batches (0.00%)
    [48] Processed 37/125 batches (29.60%)
    [48] Processed 74/125 batches (59.20%)
    [48] Processed 111/125 batches (88.80%)
[01:06:03] Epoch [49/100] Loss: 0.7944 Accuracy: 78.74%
    [49] Processed 0/125 batches (0.00%)
    [49] Processed 37/125 batches (29.60%)
    [49] Processed 74/125 batches (59.20%)
    [49] Processed 111/125 batches (88.80%)
[01:11:20] Epoch [50/100] Loss: 0.7718 Accuracy: 78.80%
    [50] Processed 0/125 batches (0.00%)
    [50] Processed 37/125 batches (29.60%)
    [50] Processed 74/125 batches (59.20%)
    [50] Processed 111/125 batches (88.80%)
Checkpoint 51 saved to /virtual/drosari3/models/unet-2000-256-16-crop-100-00001/unet-2000-256-16-crop-100-00001-checkpoint_epoch_51.pth
[01:16:37] Epoch [51/100] Loss: 0.7223 Accuracy: 80.08%
    [51] Processed 0/125 batches (0.00%)
    [51] Processed 37/125 batches (29.60%)
    [51] Processed 74/125 batches (59.20%)
    [51] Processed 111/125 batches (88.80%)
[01:21:55] Epoch [52/100] Loss: 0.6844 Accuracy: 81.08%
    [52] Processed 0/125 batches (0.00%)
    [52] Processed 37/125 batches (29.60%)
    [52] Processed 74/125 batches (59.20%)
    [52] Processed 111/125 batches (88.80%)
[01:27:12] Epoch [53/100] Loss: 0.6716 Accuracy: 81.31%
    [53] Processed 0/125 batches (0.00%)
    [53] Processed 37/125 batches (29.60%)
    [53] Processed 74/125 batches (59.20%)
    [53] Processed 111/125 batches (88.80%)
[01:32:29] Epoch [54/100] Loss: 0.6275 Accuracy: 82.35%
    [54] Processed 0/125 batches (0.00%)
    [54] Processed 37/125 batches (29.60%)
    [54] Processed 74/125 batches (59.20%)
    [54] Processed 111/125 batches (88.80%)
[01:37:47] Epoch [55/100] Loss: 0.5877 Accuracy: 83.44%
    [55] Processed 0/125 batches (0.00%)
    [55] Processed 37/125 batches (29.60%)
    [55] Processed 74/125 batches (59.20%)
    [55] Processed 111/125 batches (88.80%)
[01:43:04] Epoch [56/100] Loss: 0.5831 Accuracy: 83.53%
    [56] Processed 0/125 batches (0.00%)
    [56] Processed 37/125 batches (29.60%)
    [56] Processed 74/125 batches (59.20%)
    [56] Processed 111/125 batches (88.80%)
[01:48:22] Epoch [57/100] Loss: 0.5442 Accuracy: 84.40%
    [57] Processed 0/125 batches (0.00%)
    [57] Processed 37/125 batches (29.60%)
    [57] Processed 74/125 batches (59.20%)
    [57] Processed 111/125 batches (88.80%)
[01:53:39] Epoch [58/100] Loss: 0.5306 Accuracy: 84.95%
    [58] Processed 0/125 batches (0.00%)
    [58] Processed 37/125 batches (29.60%)
    [58] Processed 74/125 batches (59.20%)
    [58] Processed 111/125 batches (88.80%)
[01:58:57] Epoch [59/100] Loss: 0.4920 Accuracy: 85.83%
    [59] Processed 0/125 batches (0.00%)
    [59] Processed 37/125 batches (29.60%)
    [59] Processed 74/125 batches (59.20%)
    [59] Processed 111/125 batches (88.80%)
[02:04:15] Epoch [60/100] Loss: 0.4765 Accuracy: 86.34%
    [60] Processed 0/125 batches (0.00%)
    [60] Processed 37/125 batches (29.60%)
    [60] Processed 74/125 batches (59.20%)
    [60] Processed 111/125 batches (88.80%)
Checkpoint 61 saved to /virtual/drosari3/models/unet-2000-256-16-crop-100-00001/unet-2000-256-16-crop-100-00001-checkpoint_epoch_61.pth
[02:09:35] Epoch [61/100] Loss: 0.4504 Accuracy: 87.08%
    [61] Processed 0/125 batches (0.00%)
    [61] Processed 37/125 batches (29.60%)
    [61] Processed 74/125 batches (59.20%)
    [61] Processed 111/125 batches (88.80%)
[02:14:53] Epoch [62/100] Loss: 0.4416 Accuracy: 87.15%
    [62] Processed 0/125 batches (0.00%)
    [62] Processed 37/125 batches (29.60%)
    [62] Processed 74/125 batches (59.20%)
    [62] Processed 111/125 batches (88.80%)
[02:20:11] Epoch [63/100] Loss: 0.4321 Accuracy: 87.51%
    [63] Processed 0/125 batches (0.00%)
    [63] Processed 37/125 batches (29.60%)
    [63] Processed 74/125 batches (59.20%)
    [63] Processed 111/125 batches (88.80%)
[02:25:29] Epoch [64/100] Loss: 0.4066 Accuracy: 88.16%
    [64] Processed 0/125 batches (0.00%)
    [64] Processed 37/125 batches (29.60%)
    [64] Processed 74/125 batches (59.20%)
    [64] Processed 111/125 batches (88.80%)
[02:30:46] Epoch [65/100] Loss: 0.4062 Accuracy: 88.32%
    [65] Processed 0/125 batches (0.00%)
    [65] Processed 37/125 batches (29.60%)
    [65] Processed 74/125 batches (59.20%)
    [65] Processed 111/125 batches (88.80%)
[02:36:04] Epoch [66/100] Loss: 0.3792 Accuracy: 88.99%
    [66] Processed 0/125 batches (0.00%)
    [66] Processed 37/125 batches (29.60%)
    [66] Processed 74/125 batches (59.20%)
    [66] Processed 111/125 batches (88.80%)
[02:41:22] Epoch [67/100] Loss: 0.3536 Accuracy: 89.61%
    [67] Processed 0/125 batches (0.00%)
    [67] Processed 37/125 batches (29.60%)
    [67] Processed 74/125 batches (59.20%)
    [67] Processed 111/125 batches (88.80%)
[02:46:41] Epoch [68/100] Loss: 0.3362 Accuracy: 90.14%
    [68] Processed 0/125 batches (0.00%)
    [68] Processed 37/125 batches (29.60%)
    [68] Processed 74/125 batches (59.20%)
    [68] Processed 111/125 batches (88.80%)
[02:51:59] Epoch [69/100] Loss: 0.3255 Accuracy: 90.42%
    [69] Processed 0/125 batches (0.00%)
    [69] Processed 37/125 batches (29.60%)
    [69] Processed 74/125 batches (59.20%)
    [69] Processed 111/125 batches (88.80%)
[02:57:17] Epoch [70/100] Loss: 0.3027 Accuracy: 91.10%
    [70] Processed 0/125 batches (0.00%)
    [70] Processed 37/125 batches (29.60%)
    [70] Processed 74/125 batches (59.20%)
    [70] Processed 111/125 batches (88.80%)
Checkpoint 71 saved to /virtual/drosari3/models/unet-2000-256-16-crop-100-00001/unet-2000-256-16-crop-100-00001-checkpoint_epoch_71.pth
[03:02:35] Epoch [71/100] Loss: 0.2863 Accuracy: 91.57%
    [71] Processed 0/125 batches (0.00%)
    [71] Processed 37/125 batches (29.60%)
    [71] Processed 74/125 batches (59.20%)
    [71] Processed 111/125 batches (88.80%)
[03:07:52] Epoch [72/100] Loss: 0.3018 Accuracy: 91.14%
    [72] Processed 0/125 batches (0.00%)
    [72] Processed 37/125 batches (29.60%)
    [72] Processed 74/125 batches (59.20%)
    [72] Processed 111/125 batches (88.80%)
[03:13:09] Epoch [73/100] Loss: 0.2883 Accuracy: 91.53%
    [73] Processed 0/125 batches (0.00%)
    [73] Processed 37/125 batches (29.60%)
    [73] Processed 74/125 batches (59.20%)
    [73] Processed 111/125 batches (88.80%)
[03:18:27] Epoch [74/100] Loss: 0.2580 Accuracy: 92.48%
    [74] Processed 0/125 batches (0.00%)
    [74] Processed 37/125 batches (29.60%)
    [74] Processed 74/125 batches (59.20%)
    [74] Processed 111/125 batches (88.80%)
[03:23:44] Epoch [75/100] Loss: 0.2811 Accuracy: 91.76%
    [75] Processed 0/125 batches (0.00%)
    [75] Processed 37/125 batches (29.60%)
    [75] Processed 74/125 batches (59.20%)
    [75] Processed 111/125 batches (88.80%)
[03:29:02] Epoch [76/100] Loss: 0.2441 Accuracy: 92.79%
    [76] Processed 0/125 batches (0.00%)
    [76] Processed 37/125 batches (29.60%)
    [76] Processed 74/125 batches (59.20%)
    [76] Processed 111/125 batches (88.80%)
[03:34:19] Epoch [77/100] Loss: 0.2580 Accuracy: 92.40%
    [77] Processed 0/125 batches (0.00%)
    [77] Processed 37/125 batches (29.60%)
    [77] Processed 74/125 batches (59.20%)
    [77] Processed 111/125 batches (88.80%)
[03:39:37] Epoch [78/100] Loss: 0.2516 Accuracy: 92.52%
    [78] Processed 0/125 batches (0.00%)
    [78] Processed 37/125 batches (29.60%)
    [78] Processed 74/125 batches (59.20%)
    [78] Processed 111/125 batches (88.80%)
[03:44:55] Epoch [79/100] Loss: 0.2223 Accuracy: 93.36%
    [79] Processed 0/125 batches (0.00%)
    [79] Processed 37/125 batches (29.60%)
    [79] Processed 74/125 batches (59.20%)
    [79] Processed 111/125 batches (88.80%)
[03:50:12] Epoch [80/100] Loss: 0.2051 Accuracy: 93.93%
    [80] Processed 0/125 batches (0.00%)
    [80] Processed 37/125 batches (29.60%)
    [80] Processed 74/125 batches (59.20%)
    [80] Processed 111/125 batches (88.80%)
Checkpoint 81 saved to /virtual/drosari3/models/unet-2000-256-16-crop-100-00001/unet-2000-256-16-crop-100-00001-checkpoint_epoch_81.pth
[03:55:30] Epoch [81/100] Loss: 0.1965 Accuracy: 94.18%
    [81] Processed 0/125 batches (0.00%)
    [81] Processed 37/125 batches (29.60%)
    [81] Processed 74/125 batches (59.20%)
    [81] Processed 111/125 batches (88.80%)
[04:00:46] Epoch [82/100] Loss: 0.2305 Accuracy: 93.29%
    [82] Processed 0/125 batches (0.00%)
    [82] Processed 37/125 batches (29.60%)
    [82] Processed 74/125 batches (59.20%)
    [82] Processed 111/125 batches (88.80%)
[04:06:07] Epoch [83/100] Loss: 0.2225 Accuracy: 93.40%
    [83] Processed 0/125 batches (0.00%)
    [83] Processed 37/125 batches (29.60%)
    [83] Processed 74/125 batches (59.20%)
    [83] Processed 111/125 batches (88.80%)
[04:11:24] Epoch [84/100] Loss: 0.2158 Accuracy: 93.56%
    [84] Processed 0/125 batches (0.00%)
    [84] Processed 37/125 batches (29.60%)
    [84] Processed 74/125 batches (59.20%)
    [84] Processed 111/125 batches (88.80%)
[04:16:41] Epoch [85/100] Loss: 0.1927 Accuracy: 94.24%
    [85] Processed 0/125 batches (0.00%)
    [85] Processed 37/125 batches (29.60%)
    [85] Processed 74/125 batches (59.20%)
    [85] Processed 111/125 batches (88.80%)
[04:21:58] Epoch [86/100] Loss: 0.1812 Accuracy: 94.55%
    [86] Processed 0/125 batches (0.00%)
    [86] Processed 37/125 batches (29.60%)
    [86] Processed 74/125 batches (59.20%)
    [86] Processed 111/125 batches (88.80%)
[04:27:16] Epoch [87/100] Loss: 0.1694 Accuracy: 94.87%
    [87] Processed 0/125 batches (0.00%)
    [87] Processed 37/125 batches (29.60%)
    [87] Processed 74/125 batches (59.20%)
    [87] Processed 111/125 batches (88.80%)
[04:32:33] Epoch [88/100] Loss: 0.1624 Accuracy: 95.12%
    [88] Processed 0/125 batches (0.00%)
    [88] Processed 37/125 batches (29.60%)
    [88] Processed 74/125 batches (59.20%)
    [88] Processed 111/125 batches (88.80%)
[04:37:50] Epoch [89/100] Loss: 0.2021 Accuracy: 94.14%
    [89] Processed 0/125 batches (0.00%)
    [89] Processed 37/125 batches (29.60%)
    [89] Processed 74/125 batches (59.20%)
    [89] Processed 111/125 batches (88.80%)
[04:43:07] Epoch [90/100] Loss: 0.2073 Accuracy: 93.78%
    [90] Processed 0/125 batches (0.00%)
    [90] Processed 37/125 batches (29.60%)
    [90] Processed 74/125 batches (59.20%)
    [90] Processed 111/125 batches (88.80%)
Checkpoint 91 saved to /virtual/drosari3/models/unet-2000-256-16-crop-100-00001/unet-2000-256-16-crop-100-00001-checkpoint_epoch_91.pth
[04:48:25] Epoch [91/100] Loss: 0.1896 Accuracy: 94.30%
    [91] Processed 0/125 batches (0.00%)
    [91] Processed 37/125 batches (29.60%)
    [91] Processed 74/125 batches (59.20%)
    [91] Processed 111/125 batches (88.80%)
[04:53:42] Epoch [92/100] Loss: 0.1575 Accuracy: 95.27%
    [92] Processed 0/125 batches (0.00%)
    [92] Processed 37/125 batches (29.60%)
    [92] Processed 74/125 batches (59.20%)
    [92] Processed 111/125 batches (88.80%)
[04:58:59] Epoch [93/100] Loss: 0.1755 Accuracy: 94.74%
    [93] Processed 0/125 batches (0.00%)
    [93] Processed 37/125 batches (29.60%)
    [93] Processed 74/125 batches (59.20%)
    [93] Processed 111/125 batches (88.80%)
[05:04:16] Epoch [94/100] Loss: 0.1774 Accuracy: 94.78%
    [94] Processed 0/125 batches (0.00%)
    [94] Processed 37/125 batches (29.60%)
    [94] Processed 74/125 batches (59.20%)
    [94] Processed 111/125 batches (88.80%)
[05:09:32] Epoch [95/100] Loss: 0.1856 Accuracy: 94.52%
    [95] Processed 0/125 batches (0.00%)
    [95] Processed 37/125 batches (29.60%)
    [95] Processed 74/125 batches (59.20%)
    [95] Processed 111/125 batches (88.80%)
[05:14:48] Epoch [96/100] Loss: 0.1768 Accuracy: 94.66%
    [96] Processed 0/125 batches (0.00%)
    [96] Processed 37/125 batches (29.60%)
    [96] Processed 74/125 batches (59.20%)
    [96] Processed 111/125 batches (88.80%)
[05:20:05] Epoch [97/100] Loss: 0.1302 Accuracy: 96.00%
    [97] Processed 0/125 batches (0.00%)
    [97] Processed 37/125 batches (29.60%)
    [97] Processed 74/125 batches (59.20%)
    [97] Processed 111/125 batches (88.80%)
[05:25:21] Epoch [98/100] Loss: 0.1202 Accuracy: 96.32%
    [98] Processed 0/125 batches (0.00%)
    [98] Processed 37/125 batches (29.60%)
    [98] Processed 74/125 batches (59.20%)
    [98] Processed 111/125 batches (88.80%)
[05:30:38] Epoch [99/100] Loss: 0.1185 Accuracy: 96.33%
    [99] Processed 0/125 batches (0.00%)
    [99] Processed 37/125 batches (29.60%)
    [99] Processed 74/125 batches (59.20%)
    [99] Processed 111/125 batches (88.80%)
[05:35:55] Epoch [100/100] Loss: 0.1159 Accuracy: 96.45%
Evaluating /virtual/drosari3/models/unet-2000-256-16-crop-100-00001/unet-2000-256-16-crop-100-00001.pth...
Accuracies: [47.009805297851564, 53.7834228515625, 53.911485290527345, 54.35243148803711, 55.343421936035156, 55.93523406982422, 57.00481185913086, 58.360417175292966, 59.5954475402832, 60.33438949584961, 61.12278289794922, 60.88478546142578, 61.478058624267575, 61.96328506469727, 62.261697387695314, 62.60637512207031, 63.067176055908206, 63.31105194091797, 64.11817169189453, 64.29027252197265, 64.65210189819337, 64.64172134399413, 65.45626525878906, 65.45701293945312, 65.86060028076172, 66.95253219604493, 67.1759765625, 67.2938720703125, 67.89686508178711, 68.3120132446289, 68.86968612670898, 69.13600158691406, 69.65885467529297, 69.50213851928712, 70.42619552612305, 70.98056259155274, 70.84080352783204, 71.75945434570312, 71.85812530517578, 72.6118377685547, 73.22123336791992, 73.83210220336915, 74.2014892578125, 74.7543113708496, 75.87502975463867, 76.72366714477539, 77.2067497253418, 77.93356628417969, 78.7359375, 78.80052032470704, 80.07948455810546, 81.08390197753906, 81.30722274780274, 82.34638137817383, 83.44202728271485, 83.53267974853516, 84.39907836914062, 84.94979858398438, 85.82602920532227, 86.33817520141602, 87.07666854858398, 87.1489974975586, 87.50907745361329, 88.16424179077148, 88.32147216796875, 88.98548736572266, 89.61064529418945, 90.13705444335938, 90.42061157226563, 91.10022354125977, 91.56918563842774, 91.14281311035157, 91.52781982421875, 92.47833251953125, 91.75973434448242, 92.7859100341797, 92.40105972290038, 92.52192306518555, 93.36141052246094, 93.9312759399414, 94.17615356445313, 93.293310546875, 93.40202331542969, 93.56383895874023, 94.24190368652344, 94.54610671997071, 94.86504745483398, 95.11684646606446, 94.13609924316407, 93.78481597900391, 94.29955139160157, 95.26616744995117, 94.7431022644043, 94.78359527587891, 94.51574478149413, 94.65754776000976, 96.00395278930664, 96.32128829956055, 96.33462066650391, 96.44565200805664]
Losses: [2.5699141216278076, 1.8420821084976196, 1.7612000484466552, 1.7297278628349304, 1.69681538772583, 1.6798979020118714, 1.6385686955451966, 1.5879621753692628, 1.5573450531959534, 1.5324027991294862, 1.5172308707237243, 1.512254623889923, 1.4872331609725953, 1.4687357006072999, 1.4473733677864076, 1.4350097002983093, 1.4204477462768554, 1.4135380535125732, 1.3877184138298035, 1.3788671312332152, 1.3561033749580382, 1.3555874481201171, 1.3288427934646607, 1.3240733470916748, 1.3088536772727966, 1.2785485420227052, 1.2700137796401978, 1.2650726082324981, 1.243223268508911, 1.2246007061004638, 1.2065940961837769, 1.1883901648521424, 1.1756006441116333, 1.1780166177749634, 1.1419641642570495, 1.1318865160942078, 1.123288999557495, 1.087069180727005, 1.0823333559036254, 1.0498443176746368, 1.0271452572345734, 1.0010506126880645, 0.9808794965744019, 0.9554590821266175, 0.9064655432701111, 0.8811077182292938, 0.855000233411789, 0.8114866020679474, 0.7944222745895386, 0.7717613160610199, 0.722285802602768, 0.6844044744968414, 0.6716096900701523, 0.6274767565727234, 0.5876789376735687, 0.5830848053693771, 0.5441647896766663, 0.53062861931324, 0.49204576218128204, 0.47649976003170014, 0.4503802188634872, 0.4416472052335739, 0.4320660719871521, 0.40660819864273073, 0.4061742345094681, 0.37924818843603136, 0.35364156782627104, 0.3362047395706177, 0.32554717594385146, 0.30273774099349976, 0.2862943506240845, 0.30182459235191345, 0.2883362339735031, 0.25804627186059953, 0.2810562001466751, 0.2440927505493164, 0.2580007585287094, 0.2515841466188431, 0.2222711797952652, 0.20514908510446547, 0.19653672820329665, 0.23051444345712663, 0.22249534738063811, 0.2158111293911934, 0.19266435706615448, 0.18118957751989365, 0.16943756127357482, 0.16243219721317292, 0.2021004598736763, 0.20727874225378037, 0.18962407624721528, 0.15748882454633711, 0.17548197829723358, 0.17742101553082465, 0.18561177948117255, 0.17678813713788985, 0.1302025614976883, 0.12019093155860901, 0.11850555238127708, 0.115946767359972]
Testing Image: 0/125
Testing Image: 5/125
Testing Image: 10/125
Testing Image: 15/125
Testing Image: 20/125
Testing Image: 25/125
Testing Image: 30/125
Testing Image: 35/125
Testing Image: 40/125
Testing Image: 45/125
Testing Image: 50/125
Testing Image: 55/125
Testing Image: 60/125
Testing Image: 65/125
Testing Image: 70/125
Testing Image: 75/125
Testing Image: 80/125
Testing Image: 85/125
Testing Image: 90/125
Testing Image: 95/125
Testing Image: 100/125
Testing Image: 105/125
Testing Image: 110/125
Testing Image: 115/125
Testing Image: 120/125
Validation mIoU: 0.3679
