Training unet-18000-256-20-crop-100-000025...
epochs=100 lr=0.00025, error=<function cross_entropy at 0x7f71867f7ac0>
    [0] Processed 0/900 batches (0.00%)
    [0] Processed 270/900 batches (30.00%)
    [0] Processed 540/900 batches (60.00%)
    [0] Processed 810/900 batches (90.00%)
Checkpoint 1 saved to /virtual/drosari3/models/unet-18000-256-20-crop-100-000025/unet-18000-256-20-crop-100-000025-checkpoint_epoch_1.pth
[21:07:17] Epoch [1/100] Loss: 1.6976 Accuracy: 57.66%
    [1] Processed 0/900 batches (0.00%)
    [1] Processed 270/900 batches (30.00%)
    [1] Processed 540/900 batches (60.00%)
    [1] Processed 810/900 batches (90.00%)
[21:18:01] Epoch [2/100] Loss: 1.3978 Accuracy: 64.40%
    [2] Processed 0/900 batches (0.00%)
    [2] Processed 270/900 batches (30.00%)
    [2] Processed 540/900 batches (60.00%)
    [2] Processed 810/900 batches (90.00%)
[21:28:44] Epoch [3/100] Loss: 1.2572 Accuracy: 68.27%
    [3] Processed 0/900 batches (0.00%)
    [3] Processed 270/900 batches (30.00%)
    [3] Processed 540/900 batches (60.00%)
    [3] Processed 810/900 batches (90.00%)
[21:39:28] Epoch [4/100] Loss: 1.1444 Accuracy: 71.31%
    [4] Processed 0/900 batches (0.00%)
    [4] Processed 270/900 batches (30.00%)
    [4] Processed 540/900 batches (60.00%)
    [4] Processed 810/900 batches (90.00%)
[21:50:11] Epoch [5/100] Loss: 1.0783 Accuracy: 72.90%
    [5] Processed 0/900 batches (0.00%)
    [5] Processed 270/900 batches (30.00%)
    [5] Processed 540/900 batches (60.00%)
    [5] Processed 810/900 batches (90.00%)
[22:00:54] Epoch [6/100] Loss: 1.0253 Accuracy: 74.10%
    [6] Processed 0/900 batches (0.00%)
    [6] Processed 270/900 batches (30.00%)
    [6] Processed 540/900 batches (60.00%)
    [6] Processed 810/900 batches (90.00%)
[22:11:39] Epoch [7/100] Loss: 0.9880 Accuracy: 74.91%
    [7] Processed 0/900 batches (0.00%)
    [7] Processed 270/900 batches (30.00%)
    [7] Processed 540/900 batches (60.00%)
    [7] Processed 810/900 batches (90.00%)
[22:22:22] Epoch [8/100] Loss: 0.9517 Accuracy: 75.58%
    [8] Processed 0/900 batches (0.00%)
    [8] Processed 270/900 batches (30.00%)
    [8] Processed 540/900 batches (60.00%)
    [8] Processed 810/900 batches (90.00%)
[22:33:05] Epoch [9/100] Loss: 0.9219 Accuracy: 76.22%
    [9] Processed 0/900 batches (0.00%)
    [9] Processed 270/900 batches (30.00%)
    [9] Processed 540/900 batches (60.00%)
    [9] Processed 810/900 batches (90.00%)
[22:43:49] Epoch [10/100] Loss: 0.8879 Accuracy: 76.97%
    [10] Processed 0/900 batches (0.00%)
    [10] Processed 270/900 batches (30.00%)
    [10] Processed 540/900 batches (60.00%)
    [10] Processed 810/900 batches (90.00%)
Checkpoint 11 saved to /virtual/drosari3/models/unet-18000-256-20-crop-100-000025/unet-18000-256-20-crop-100-000025-checkpoint_epoch_11.pth
[22:54:33] Epoch [11/100] Loss: 0.8544 Accuracy: 77.66%
    [11] Processed 0/900 batches (0.00%)
    [11] Processed 270/900 batches (30.00%)
    [11] Processed 540/900 batches (60.00%)
    [11] Processed 810/900 batches (90.00%)
[23:05:16] Epoch [12/100] Loss: 0.8291 Accuracy: 78.23%
    [12] Processed 0/900 batches (0.00%)
    [12] Processed 270/900 batches (30.00%)
    [12] Processed 540/900 batches (60.00%)
    [12] Processed 810/900 batches (90.00%)
[23:16:00] Epoch [13/100] Loss: 0.7983 Accuracy: 78.88%
    [13] Processed 0/900 batches (0.00%)
    [13] Processed 270/900 batches (30.00%)
    [13] Processed 540/900 batches (60.00%)
    [13] Processed 810/900 batches (90.00%)
[23:26:44] Epoch [14/100] Loss: 0.7664 Accuracy: 79.54%
    [14] Processed 0/900 batches (0.00%)
    [14] Processed 270/900 batches (30.00%)
    [14] Processed 540/900 batches (60.00%)
    [14] Processed 810/900 batches (90.00%)
[23:37:28] Epoch [15/100] Loss: 0.7388 Accuracy: 80.11%
    [15] Processed 0/900 batches (0.00%)
    [15] Processed 270/900 batches (30.00%)
    [15] Processed 540/900 batches (60.00%)
    [15] Processed 810/900 batches (90.00%)
[23:48:12] Epoch [16/100] Loss: 0.6964 Accuracy: 81.04%
    [16] Processed 0/900 batches (0.00%)
    [16] Processed 270/900 batches (30.00%)
    [16] Processed 540/900 batches (60.00%)
    [16] Processed 810/900 batches (90.00%)
[23:58:55] Epoch [17/100] Loss: 0.6671 Accuracy: 81.66%
    [17] Processed 0/900 batches (0.00%)
    [17] Processed 270/900 batches (30.00%)
    [17] Processed 540/900 batches (60.00%)
    [17] Processed 810/900 batches (90.00%)
[00:09:39] Epoch [18/100] Loss: 0.6351 Accuracy: 82.41%
    [18] Processed 0/900 batches (0.00%)
    [18] Processed 270/900 batches (30.00%)
    [18] Processed 540/900 batches (60.00%)
    [18] Processed 810/900 batches (90.00%)
[00:20:23] Epoch [19/100] Loss: 0.5995 Accuracy: 83.29%
    [19] Processed 0/900 batches (0.00%)
    [19] Processed 270/900 batches (30.00%)
    [19] Processed 540/900 batches (60.00%)
    [19] Processed 810/900 batches (90.00%)
[00:31:07] Epoch [20/100] Loss: 0.5636 Accuracy: 84.21%
    [20] Processed 0/900 batches (0.00%)
    [20] Processed 270/900 batches (30.00%)
    [20] Processed 540/900 batches (60.00%)
    [20] Processed 810/900 batches (90.00%)
Checkpoint 21 saved to /virtual/drosari3/models/unet-18000-256-20-crop-100-000025/unet-18000-256-20-crop-100-000025-checkpoint_epoch_21.pth
[00:41:51] Epoch [21/100] Loss: 0.5298 Accuracy: 85.09%
    [21] Processed 0/900 batches (0.00%)
    [21] Processed 270/900 batches (30.00%)
    [21] Processed 540/900 batches (60.00%)
    [21] Processed 810/900 batches (90.00%)
[00:52:35] Epoch [22/100] Loss: 0.4903 Accuracy: 86.14%
    [22] Processed 0/900 batches (0.00%)
    [22] Processed 270/900 batches (30.00%)
    [22] Processed 540/900 batches (60.00%)
    [22] Processed 810/900 batches (90.00%)
[01:03:18] Epoch [23/100] Loss: 0.4517 Accuracy: 87.13%
    [23] Processed 0/900 batches (0.00%)
    [23] Processed 270/900 batches (30.00%)
    [23] Processed 540/900 batches (60.00%)
    [23] Processed 810/900 batches (90.00%)
[01:14:02] Epoch [24/100] Loss: 0.4236 Accuracy: 87.86%
    [24] Processed 0/900 batches (0.00%)
    [24] Processed 270/900 batches (30.00%)
    [24] Processed 540/900 batches (60.00%)
    [24] Processed 810/900 batches (90.00%)
[01:24:46] Epoch [25/100] Loss: 0.4001 Accuracy: 88.54%
    [25] Processed 0/900 batches (0.00%)
    [25] Processed 270/900 batches (30.00%)
    [25] Processed 540/900 batches (60.00%)
    [25] Processed 810/900 batches (90.00%)
[01:35:30] Epoch [26/100] Loss: 0.3637 Accuracy: 89.51%
    [26] Processed 0/900 batches (0.00%)
    [26] Processed 270/900 batches (30.00%)
    [26] Processed 540/900 batches (60.00%)
    [26] Processed 810/900 batches (90.00%)
[01:46:14] Epoch [27/100] Loss: 0.3425 Accuracy: 90.08%
    [27] Processed 0/900 batches (0.00%)
    [27] Processed 270/900 batches (30.00%)
    [27] Processed 540/900 batches (60.00%)
    [27] Processed 810/900 batches (90.00%)
[01:56:58] Epoch [28/100] Loss: 0.3199 Accuracy: 90.72%
    [28] Processed 0/900 batches (0.00%)
    [28] Processed 270/900 batches (30.00%)
    [28] Processed 540/900 batches (60.00%)
    [28] Processed 810/900 batches (90.00%)
[02:07:42] Epoch [29/100] Loss: 0.2987 Accuracy: 91.29%
    [29] Processed 0/900 batches (0.00%)
    [29] Processed 270/900 batches (30.00%)
    [29] Processed 540/900 batches (60.00%)
    [29] Processed 810/900 batches (90.00%)
[02:18:26] Epoch [30/100] Loss: 0.2754 Accuracy: 91.95%
    [30] Processed 0/900 batches (0.00%)
    [30] Processed 270/900 batches (30.00%)
    [30] Processed 540/900 batches (60.00%)
    [30] Processed 810/900 batches (90.00%)
Checkpoint 31 saved to /virtual/drosari3/models/unet-18000-256-20-crop-100-000025/unet-18000-256-20-crop-100-000025-checkpoint_epoch_31.pth
[02:29:10] Epoch [31/100] Loss: 0.2574 Accuracy: 92.43%
    [31] Processed 0/900 batches (0.00%)
    [31] Processed 270/900 batches (30.00%)
    [31] Processed 540/900 batches (60.00%)
    [31] Processed 810/900 batches (90.00%)
[02:39:54] Epoch [32/100] Loss: 0.2549 Accuracy: 92.50%
    [32] Processed 0/900 batches (0.00%)
    [32] Processed 270/900 batches (30.00%)
    [32] Processed 540/900 batches (60.00%)
    [32] Processed 810/900 batches (90.00%)
[02:50:38] Epoch [33/100] Loss: 0.2352 Accuracy: 93.08%
    [33] Processed 0/900 batches (0.00%)
    [33] Processed 270/900 batches (30.00%)
    [33] Processed 540/900 batches (60.00%)
    [33] Processed 810/900 batches (90.00%)
[03:01:21] Epoch [34/100] Loss: 0.2130 Accuracy: 93.70%
    [34] Processed 0/900 batches (0.00%)
    [34] Processed 270/900 batches (30.00%)
    [34] Processed 540/900 batches (60.00%)
    [34] Processed 810/900 batches (90.00%)
[03:12:05] Epoch [35/100] Loss: 0.2129 Accuracy: 93.69%
    [35] Processed 0/900 batches (0.00%)
    [35] Processed 270/900 batches (30.00%)
    [35] Processed 540/900 batches (60.00%)
    [35] Processed 810/900 batches (90.00%)
[03:22:49] Epoch [36/100] Loss: 0.1963 Accuracy: 94.15%
    [36] Processed 0/900 batches (0.00%)
    [36] Processed 270/900 batches (30.00%)
    [36] Processed 540/900 batches (60.00%)
    [36] Processed 810/900 batches (90.00%)
[03:33:32] Epoch [37/100] Loss: 0.1862 Accuracy: 94.43%
    [37] Processed 0/900 batches (0.00%)
    [37] Processed 270/900 batches (30.00%)
    [37] Processed 540/900 batches (60.00%)
    [37] Processed 810/900 batches (90.00%)
[03:44:16] Epoch [38/100] Loss: 0.1851 Accuracy: 94.46%
    [38] Processed 0/900 batches (0.00%)
    [38] Processed 270/900 batches (30.00%)
    [38] Processed 540/900 batches (60.00%)
    [38] Processed 810/900 batches (90.00%)
[03:55:00] Epoch [39/100] Loss: 0.1696 Accuracy: 94.93%
    [39] Processed 0/900 batches (0.00%)
    [39] Processed 270/900 batches (30.00%)
    [39] Processed 540/900 batches (60.00%)
    [39] Processed 810/900 batches (90.00%)
[04:05:43] Epoch [40/100] Loss: 0.1569 Accuracy: 95.26%
    [40] Processed 0/900 batches (0.00%)
    [40] Processed 270/900 batches (30.00%)
    [40] Processed 540/900 batches (60.00%)
    [40] Processed 810/900 batches (90.00%)
Checkpoint 41 saved to /virtual/drosari3/models/unet-18000-256-20-crop-100-000025/unet-18000-256-20-crop-100-000025-checkpoint_epoch_41.pth
[04:16:27] Epoch [41/100] Loss: 0.1617 Accuracy: 95.11%
    [41] Processed 0/900 batches (0.00%)
    [41] Processed 270/900 batches (30.00%)
    [41] Processed 540/900 batches (60.00%)
    [41] Processed 810/900 batches (90.00%)
[04:27:11] Epoch [42/100] Loss: 0.1522 Accuracy: 95.37%
    [42] Processed 0/900 batches (0.00%)
    [42] Processed 270/900 batches (30.00%)
    [42] Processed 540/900 batches (60.00%)
    [42] Processed 810/900 batches (90.00%)
[04:37:55] Epoch [43/100] Loss: 0.1552 Accuracy: 95.28%
    [43] Processed 0/900 batches (0.00%)
    [43] Processed 270/900 batches (30.00%)
    [43] Processed 540/900 batches (60.00%)
    [43] Processed 810/900 batches (90.00%)
[04:48:39] Epoch [44/100] Loss: 0.1346 Accuracy: 95.84%
    [44] Processed 0/900 batches (0.00%)
    [44] Processed 270/900 batches (30.00%)
    [44] Processed 540/900 batches (60.00%)
    [44] Processed 810/900 batches (90.00%)
[04:59:22] Epoch [45/100] Loss: 0.1190 Accuracy: 96.30%
    [45] Processed 0/900 batches (0.00%)
    [45] Processed 270/900 batches (30.00%)
    [45] Processed 540/900 batches (60.00%)
    [45] Processed 810/900 batches (90.00%)
[05:10:07] Epoch [46/100] Loss: 0.1562 Accuracy: 95.24%
    [46] Processed 0/900 batches (0.00%)
    [46] Processed 270/900 batches (30.00%)
    [46] Processed 540/900 batches (60.00%)
    [46] Processed 810/900 batches (90.00%)
[05:20:50] Epoch [47/100] Loss: 0.1143 Accuracy: 96.42%
    [47] Processed 0/900 batches (0.00%)
    [47] Processed 270/900 batches (30.00%)
    [47] Processed 540/900 batches (60.00%)
    [47] Processed 810/900 batches (90.00%)
[05:31:34] Epoch [48/100] Loss: 0.1275 Accuracy: 96.02%
    [48] Processed 0/900 batches (0.00%)
    [48] Processed 270/900 batches (30.00%)
    [48] Processed 540/900 batches (60.00%)
    [48] Processed 810/900 batches (90.00%)
[05:42:18] Epoch [49/100] Loss: 0.1379 Accuracy: 95.74%
    [49] Processed 0/900 batches (0.00%)
    [49] Processed 270/900 batches (30.00%)
    [49] Processed 540/900 batches (60.00%)
    [49] Processed 810/900 batches (90.00%)
[05:53:01] Epoch [50/100] Loss: 0.1170 Accuracy: 96.33%
    [50] Processed 0/900 batches (0.00%)
    [50] Processed 270/900 batches (30.00%)
    [50] Processed 540/900 batches (60.00%)
    [50] Processed 810/900 batches (90.00%)
Checkpoint 51 saved to /virtual/drosari3/models/unet-18000-256-20-crop-100-000025/unet-18000-256-20-crop-100-000025-checkpoint_epoch_51.pth
[06:03:45] Epoch [51/100] Loss: 0.1010 Accuracy: 96.78%
    [51] Processed 0/900 batches (0.00%)
    [51] Processed 270/900 batches (30.00%)
    [51] Processed 540/900 batches (60.00%)
    [51] Processed 810/900 batches (90.00%)
[06:14:29] Epoch [52/100] Loss: 0.1331 Accuracy: 95.90%
    [52] Processed 0/900 batches (0.00%)
    [52] Processed 270/900 batches (30.00%)
    [52] Processed 540/900 batches (60.00%)
    [52] Processed 810/900 batches (90.00%)
[06:25:12] Epoch [53/100] Loss: 0.0997 Accuracy: 96.81%
    [53] Processed 0/900 batches (0.00%)
    [53] Processed 270/900 batches (30.00%)
    [53] Processed 540/900 batches (60.00%)
    [53] Processed 810/900 batches (90.00%)
[06:35:56] Epoch [54/100] Loss: 0.1019 Accuracy: 96.76%
    [54] Processed 0/900 batches (0.00%)
    [54] Processed 270/900 batches (30.00%)
    [54] Processed 540/900 batches (60.00%)
    [54] Processed 810/900 batches (90.00%)
[06:46:39] Epoch [55/100] Loss: 0.0920 Accuracy: 97.03%
    [55] Processed 0/900 batches (0.00%)
    [55] Processed 270/900 batches (30.00%)
    [55] Processed 540/900 batches (60.00%)
    [55] Processed 810/900 batches (90.00%)
[06:57:23] Epoch [56/100] Loss: 0.1385 Accuracy: 95.70%
    [56] Processed 0/900 batches (0.00%)
    [56] Processed 270/900 batches (30.00%)
    [56] Processed 540/900 batches (60.00%)
    [56] Processed 810/900 batches (90.00%)
[07:08:06] Epoch [57/100] Loss: 0.0895 Accuracy: 97.09%
    [57] Processed 0/900 batches (0.00%)
    [57] Processed 270/900 batches (30.00%)
    [57] Processed 540/900 batches (60.00%)
    [57] Processed 810/900 batches (90.00%)
[07:18:50] Epoch [58/100] Loss: 0.0748 Accuracy: 97.52%
    [58] Processed 0/900 batches (0.00%)
    [58] Processed 270/900 batches (30.00%)
    [58] Processed 540/900 batches (60.00%)
    [58] Processed 810/900 batches (90.00%)
[07:29:33] Epoch [59/100] Loss: 0.1174 Accuracy: 96.30%
    [59] Processed 0/900 batches (0.00%)
    [59] Processed 270/900 batches (30.00%)
    [59] Processed 540/900 batches (60.00%)
    [59] Processed 810/900 batches (90.00%)
[07:40:17] Epoch [60/100] Loss: 0.0806 Accuracy: 97.35%
    [60] Processed 0/900 batches (0.00%)
    [60] Processed 270/900 batches (30.00%)
    [60] Processed 540/900 batches (60.00%)
    [60] Processed 810/900 batches (90.00%)
Checkpoint 61 saved to /virtual/drosari3/models/unet-18000-256-20-crop-100-000025/unet-18000-256-20-crop-100-000025-checkpoint_epoch_61.pth
[07:51:00] Epoch [61/100] Loss: 0.0958 Accuracy: 96.91%
    [61] Processed 0/900 batches (0.00%)
    [61] Processed 270/900 batches (30.00%)
    [61] Processed 540/900 batches (60.00%)
    [61] Processed 810/900 batches (90.00%)
[08:01:44] Epoch [62/100] Loss: 0.0892 Accuracy: 97.11%
    [62] Processed 0/900 batches (0.00%)
    [62] Processed 270/900 batches (30.00%)
    [62] Processed 540/900 batches (60.00%)
    [62] Processed 810/900 batches (90.00%)
[08:12:27] Epoch [63/100] Loss: 0.0976 Accuracy: 96.85%
    [63] Processed 0/900 batches (0.00%)
    [63] Processed 270/900 batches (30.00%)
    [63] Processed 540/900 batches (60.00%)
    [63] Processed 810/900 batches (90.00%)
[08:23:10] Epoch [64/100] Loss: 0.0830 Accuracy: 97.28%
    [64] Processed 0/900 batches (0.00%)
    [64] Processed 270/900 batches (30.00%)
    [64] Processed 540/900 batches (60.00%)
    [64] Processed 810/900 batches (90.00%)
[08:33:54] Epoch [65/100] Loss: 0.0649 Accuracy: 97.78%
    [65] Processed 0/900 batches (0.00%)
    [65] Processed 270/900 batches (30.00%)
    [65] Processed 540/900 batches (60.00%)
    [65] Processed 810/900 batches (90.00%)
[08:44:37] Epoch [66/100] Loss: 0.1065 Accuracy: 96.63%
    [66] Processed 0/900 batches (0.00%)
    [66] Processed 270/900 batches (30.00%)
    [66] Processed 540/900 batches (60.00%)
    [66] Processed 810/900 batches (90.00%)
[08:55:20] Epoch [67/100] Loss: 0.0802 Accuracy: 97.34%
    [67] Processed 0/900 batches (0.00%)
    [67] Processed 270/900 batches (30.00%)
    [67] Processed 540/900 batches (60.00%)
    [67] Processed 810/900 batches (90.00%)
[09:06:05] Epoch [68/100] Loss: 0.0633 Accuracy: 97.84%
    [68] Processed 0/900 batches (0.00%)
    [68] Processed 270/900 batches (30.00%)
    [68] Processed 540/900 batches (60.00%)
    [68] Processed 810/900 batches (90.00%)
[09:16:48] Epoch [69/100] Loss: 0.0870 Accuracy: 97.14%
    [69] Processed 0/900 batches (0.00%)
    [69] Processed 270/900 batches (30.00%)
    [69] Processed 540/900 batches (60.00%)
    [69] Processed 810/900 batches (90.00%)
[09:27:32] Epoch [70/100] Loss: 0.0820 Accuracy: 97.30%
    [70] Processed 0/900 batches (0.00%)
    [70] Processed 270/900 batches (30.00%)
    [70] Processed 540/900 batches (60.00%)
    [70] Processed 810/900 batches (90.00%)
Checkpoint 71 saved to /virtual/drosari3/models/unet-18000-256-20-crop-100-000025/unet-18000-256-20-crop-100-000025-checkpoint_epoch_71.pth
[09:38:16] Epoch [71/100] Loss: 0.0808 Accuracy: 97.32%
    [71] Processed 0/900 batches (0.00%)
    [71] Processed 270/900 batches (30.00%)
    [71] Processed 540/900 batches (60.00%)
    [71] Processed 810/900 batches (90.00%)
[09:49:00] Epoch [72/100] Loss: 0.0557 Accuracy: 98.06%
    [72] Processed 0/900 batches (0.00%)
    [72] Processed 270/900 batches (30.00%)
    [72] Processed 540/900 batches (60.00%)
    [72] Processed 810/900 batches (90.00%)
[09:59:44] Epoch [73/100] Loss: 0.0826 Accuracy: 97.32%
    [73] Processed 0/900 batches (0.00%)
    [73] Processed 270/900 batches (30.00%)
    [73] Processed 540/900 batches (60.00%)
    [73] Processed 810/900 batches (90.00%)
[10:10:28] Epoch [74/100] Loss: 0.0872 Accuracy: 97.15%
    [74] Processed 0/900 batches (0.00%)
    [74] Processed 270/900 batches (30.00%)
    [74] Processed 540/900 batches (60.00%)
    [74] Processed 810/900 batches (90.00%)
[10:21:11] Epoch [75/100] Loss: 0.0551 Accuracy: 98.08%
    [75] Processed 0/900 batches (0.00%)
    [75] Processed 270/900 batches (30.00%)
    [75] Processed 540/900 batches (60.00%)
    [75] Processed 810/900 batches (90.00%)
[10:31:54] Epoch [76/100] Loss: 0.0496 Accuracy: 98.24%
    [76] Processed 0/900 batches (0.00%)
    [76] Processed 270/900 batches (30.00%)
    [76] Processed 540/900 batches (60.00%)
    [76] Processed 810/900 batches (90.00%)
[10:42:38] Epoch [77/100] Loss: 0.1136 Accuracy: 96.44%
    [77] Processed 0/900 batches (0.00%)
    [77] Processed 270/900 batches (30.00%)
    [77] Processed 540/900 batches (60.00%)
    [77] Processed 810/900 batches (90.00%)
[10:53:21] Epoch [78/100] Loss: 0.0536 Accuracy: 98.12%
    [78] Processed 0/900 batches (0.00%)
    [78] Processed 270/900 batches (30.00%)
    [78] Processed 540/900 batches (60.00%)
    [78] Processed 810/900 batches (90.00%)
[11:04:05] Epoch [79/100] Loss: 0.0467 Accuracy: 98.35%
    [79] Processed 0/900 batches (0.00%)
    [79] Processed 270/900 batches (30.00%)
    [79] Processed 540/900 batches (60.00%)
    [79] Processed 810/900 batches (90.00%)
[11:14:48] Epoch [80/100] Loss: 0.0824 Accuracy: 97.27%
    [80] Processed 0/900 batches (0.00%)
    [80] Processed 270/900 batches (30.00%)
    [80] Processed 540/900 batches (60.00%)
    [80] Processed 810/900 batches (90.00%)
Checkpoint 81 saved to /virtual/drosari3/models/unet-18000-256-20-crop-100-000025/unet-18000-256-20-crop-100-000025-checkpoint_epoch_81.pth
[11:25:32] Epoch [81/100] Loss: 0.0786 Accuracy: 97.41%
    [81] Processed 0/900 batches (0.00%)
    [81] Processed 270/900 batches (30.00%)
    [81] Processed 540/900 batches (60.00%)
    [81] Processed 810/900 batches (90.00%)
[11:36:15] Epoch [82/100] Loss: 0.0710 Accuracy: 97.63%
    [82] Processed 0/900 batches (0.00%)
    [82] Processed 270/900 batches (30.00%)
    [82] Processed 540/900 batches (60.00%)
    [82] Processed 810/900 batches (90.00%)
[11:46:58] Epoch [83/100] Loss: 0.0651 Accuracy: 97.80%
    [83] Processed 0/900 batches (0.00%)
    [83] Processed 270/900 batches (30.00%)
    [83] Processed 540/900 batches (60.00%)
    [83] Processed 810/900 batches (90.00%)
[11:57:41] Epoch [84/100] Loss: 0.0598 Accuracy: 97.94%
    [84] Processed 0/900 batches (0.00%)
    [84] Processed 270/900 batches (30.00%)
    [84] Processed 540/900 batches (60.00%)
    [84] Processed 810/900 batches (90.00%)
[12:08:25] Epoch [85/100] Loss: 0.0659 Accuracy: 97.77%
    [85] Processed 0/900 batches (0.00%)
    [85] Processed 270/900 batches (30.00%)
    [85] Processed 540/900 batches (60.00%)
