Opening config.ini...
MAX_IMAGES: 18000
BATCH_SIZE: 18
LEARNING_RATE: 0.0001
EPOCHS: 100
TRANSFORM: CentreCrop
IMAGE_DIMEN: 256
EVALUATION_IMAGES: ['_gcgraos355QHyu7iFMK1w', '_QDf_pTzs-sEyBubXqmqxA', '_wbVgGy7xrO_C_gsz-BCvA', 'FYoB0UGu40k9nKurB8pucw', '1pFw6qQwFQ__QdnYYB7YLA', '-C-x3xSPFIEjqbyVC5PRaQ', '_Uu1yfgmkbji9nkUT3Tikw', '_nDuQstcKZ714CoL0G5iZg']
CHECKPOINT_SAVE_INTERVAL: 10
MODEL_LOCATION: /virtual/drosari3/models/model-18000-CentreCrop-256-18-00001-100-wCE
MODEL_NAME: model-18000-CentreCrop-256-18-00001-100-wCE
Training model-18000-CentreCrop-256-18-00001-100-wCE...
epochs=100 lr=0.0001, error=<function cross_entropy at 0x7f133811f7f0>
    [0] Processed 0/1000 batches (0.00%)
    [0] Processed 300/1000 batches (30.00%)
    [0] Processed 600/1000 batches (60.00%)
    [0] Processed 900/1000 batches (90.00%)
Checkpoint 1 saved to /virtual/drosari3/models/model-18000-CentreCrop-256-18-00001-100-wCE/checkpoints/checkpoint_epoch_1.pth
[01:10:09] Epoch [1/100] Loss: 3.5779 Accuracy: 54.22%
    [1] Processed 0/1000 batches (0.00%)
    [1] Processed 300/1000 batches (30.00%)
    [1] Processed 600/1000 batches (60.00%)
    [1] Processed 900/1000 batches (90.00%)
[01:30:12] Epoch [2/100] Loss: 3.3101 Accuracy: 57.96%
    [2] Processed 0/1000 batches (0.00%)
    [2] Processed 300/1000 batches (30.00%)
    [2] Processed 600/1000 batches (60.00%)
    [2] Processed 900/1000 batches (90.00%)
[01:50:26] Epoch [3/100] Loss: 3.1135 Accuracy: 61.53%
    [3] Processed 0/1000 batches (0.00%)
    [3] Processed 300/1000 batches (30.00%)
    [3] Processed 600/1000 batches (60.00%)
    [3] Processed 900/1000 batches (90.00%)
[02:10:30] Epoch [4/100] Loss: 2.9845 Accuracy: 63.21%
    [4] Processed 0/1000 batches (0.00%)
    [4] Processed 300/1000 batches (30.00%)
    [4] Processed 600/1000 batches (60.00%)
    [4] Processed 900/1000 batches (90.00%)
[02:30:31] Epoch [5/100] Loss: 2.8939 Accuracy: 64.60%
    [5] Processed 0/1000 batches (0.00%)
    [5] Processed 300/1000 batches (30.00%)
    [5] Processed 600/1000 batches (60.00%)
    [5] Processed 900/1000 batches (90.00%)
[02:50:34] Epoch [6/100] Loss: 2.7988 Accuracy: 65.91%
    [6] Processed 0/1000 batches (0.00%)
    [6] Processed 300/1000 batches (30.00%)
    [6] Processed 600/1000 batches (60.00%)
    [6] Processed 900/1000 batches (90.00%)
[03:10:30] Epoch [7/100] Loss: 2.7112 Accuracy: 67.32%
    [7] Processed 0/1000 batches (0.00%)
    [7] Processed 300/1000 batches (30.00%)
    [7] Processed 600/1000 batches (60.00%)
    [7] Processed 900/1000 batches (90.00%)
[03:30:32] Epoch [8/100] Loss: 2.6487 Accuracy: 68.09%
    [8] Processed 0/1000 batches (0.00%)
    [8] Processed 300/1000 batches (30.00%)
    [8] Processed 600/1000 batches (60.00%)
    [8] Processed 900/1000 batches (90.00%)
[03:50:37] Epoch [9/100] Loss: 2.5694 Accuracy: 68.90%
    [9] Processed 0/1000 batches (0.00%)
    [9] Processed 300/1000 batches (30.00%)
    [9] Processed 600/1000 batches (60.00%)
    [9] Processed 900/1000 batches (90.00%)
[04:10:44] Epoch [10/100] Loss: 2.5221 Accuracy: 69.72%
    [10] Processed 0/1000 batches (0.00%)
    [10] Processed 300/1000 batches (30.00%)
    [10] Processed 600/1000 batches (60.00%)
    [10] Processed 900/1000 batches (90.00%)
Checkpoint 11 saved to /virtual/drosari3/models/model-18000-CentreCrop-256-18-00001-100-wCE/checkpoints/checkpoint_epoch_11.pth
[04:30:43] Epoch [11/100] Loss: 2.4640 Accuracy: 70.39%
    [11] Processed 0/1000 batches (0.00%)
    [11] Processed 300/1000 batches (30.00%)
    [11] Processed 600/1000 batches (60.00%)
    [11] Processed 900/1000 batches (90.00%)
[04:50:53] Epoch [12/100] Loss: 2.4119 Accuracy: 70.53%
    [12] Processed 0/1000 batches (0.00%)
    [12] Processed 300/1000 batches (30.00%)
    [12] Processed 600/1000 batches (60.00%)
    [12] Processed 900/1000 batches (90.00%)
[05:10:55] Epoch [13/100] Loss: 2.3537 Accuracy: 71.03%
    [13] Processed 0/1000 batches (0.00%)
    [13] Processed 300/1000 batches (30.00%)
    [13] Processed 600/1000 batches (60.00%)
    [13] Processed 900/1000 batches (90.00%)
[05:30:55] Epoch [14/100] Loss: 2.2955 Accuracy: 71.67%
    [14] Processed 0/1000 batches (0.00%)
    [14] Processed 300/1000 batches (30.00%)
    [14] Processed 600/1000 batches (60.00%)
    [14] Processed 900/1000 batches (90.00%)
[05:50:53] Epoch [15/100] Loss: 2.2593 Accuracy: 71.85%
    [15] Processed 0/1000 batches (0.00%)
    [15] Processed 300/1000 batches (30.00%)
    [15] Processed 600/1000 batches (60.00%)
    [15] Processed 900/1000 batches (90.00%)
[06:10:56] Epoch [16/100] Loss: 2.2010 Accuracy: 72.18%
    [16] Processed 0/1000 batches (0.00%)
    [16] Processed 300/1000 batches (30.00%)
    [16] Processed 600/1000 batches (60.00%)
    [16] Processed 900/1000 batches (90.00%)
[06:30:52] Epoch [17/100] Loss: 2.1520 Accuracy: 72.70%
    [17] Processed 0/1000 batches (0.00%)
    [17] Processed 300/1000 batches (30.00%)
    [17] Processed 600/1000 batches (60.00%)
    [17] Processed 900/1000 batches (90.00%)
[06:50:44] Epoch [18/100] Loss: 2.1034 Accuracy: 72.91%
    [18] Processed 0/1000 batches (0.00%)
    [18] Processed 300/1000 batches (30.00%)
    [18] Processed 600/1000 batches (60.00%)
    [18] Processed 900/1000 batches (90.00%)
[07:10:49] Epoch [19/100] Loss: 2.0469 Accuracy: 73.44%
    [19] Processed 0/1000 batches (0.00%)
    [19] Processed 300/1000 batches (30.00%)
    [19] Processed 600/1000 batches (60.00%)
    [19] Processed 900/1000 batches (90.00%)
[07:31:00] Epoch [20/100] Loss: 1.9812 Accuracy: 73.75%
    [20] Processed 0/1000 batches (0.00%)
    [20] Processed 300/1000 batches (30.00%)
    [20] Processed 600/1000 batches (60.00%)
    [20] Processed 900/1000 batches (90.00%)
Checkpoint 21 saved to /virtual/drosari3/models/model-18000-CentreCrop-256-18-00001-100-wCE/checkpoints/checkpoint_epoch_21.pth
[07:50:54] Epoch [21/100] Loss: 1.9319 Accuracy: 74.00%
    [21] Processed 0/1000 batches (0.00%)
    [21] Processed 300/1000 batches (30.00%)
    [21] Processed 600/1000 batches (60.00%)
    [21] Processed 900/1000 batches (90.00%)
[08:11:00] Epoch [22/100] Loss: 1.8777 Accuracy: 74.41%
    [22] Processed 0/1000 batches (0.00%)
    [22] Processed 300/1000 batches (30.00%)
    [22] Processed 600/1000 batches (60.00%)
    [22] Processed 900/1000 batches (90.00%)
[08:31:25] Epoch [23/100] Loss: 1.8001 Accuracy: 74.92%
    [23] Processed 0/1000 batches (0.00%)
    [23] Processed 300/1000 batches (30.00%)
    [23] Processed 600/1000 batches (60.00%)
    [23] Processed 900/1000 batches (90.00%)
[08:51:33] Epoch [24/100] Loss: 1.7488 Accuracy: 75.23%
    [24] Processed 0/1000 batches (0.00%)
    [24] Processed 300/1000 batches (30.00%)
    [24] Processed 600/1000 batches (60.00%)
    [24] Processed 900/1000 batches (90.00%)
[09:11:50] Epoch [25/100] Loss: 1.6907 Accuracy: 75.70%
    [25] Processed 0/1000 batches (0.00%)
    [25] Processed 300/1000 batches (30.00%)
    [25] Processed 600/1000 batches (60.00%)
    [25] Processed 900/1000 batches (90.00%)
[09:32:02] Epoch [26/100] Loss: 1.6108 Accuracy: 76.54%
    [26] Processed 0/1000 batches (0.00%)
    [26] Processed 300/1000 batches (30.00%)
    [26] Processed 600/1000 batches (60.00%)
    [26] Processed 900/1000 batches (90.00%)
[09:52:08] Epoch [27/100] Loss: 1.5332 Accuracy: 77.25%
    [27] Processed 0/1000 batches (0.00%)
    [27] Processed 300/1000 batches (30.00%)
    [27] Processed 600/1000 batches (60.00%)
    [27] Processed 900/1000 batches (90.00%)
[10:12:12] Epoch [28/100] Loss: 1.4792 Accuracy: 77.84%
    [28] Processed 0/1000 batches (0.00%)
    [28] Processed 300/1000 batches (30.00%)
    [28] Processed 600/1000 batches (60.00%)
    [28] Processed 900/1000 batches (90.00%)
[10:32:15] Epoch [29/100] Loss: 1.4209 Accuracy: 78.33%
    [29] Processed 0/1000 batches (0.00%)
    [29] Processed 300/1000 batches (30.00%)
    [29] Processed 600/1000 batches (60.00%)
    [29] Processed 900/1000 batches (90.00%)
[10:52:19] Epoch [30/100] Loss: 1.3304 Accuracy: 79.28%
    [30] Processed 0/1000 batches (0.00%)
    [30] Processed 300/1000 batches (30.00%)
    [30] Processed 600/1000 batches (60.00%)
    [30] Processed 900/1000 batches (90.00%)
Checkpoint 31 saved to /virtual/drosari3/models/model-18000-CentreCrop-256-18-00001-100-wCE/checkpoints/checkpoint_epoch_31.pth
[11:12:24] Epoch [31/100] Loss: 1.2926 Accuracy: 79.68%
    [31] Processed 0/1000 batches (0.00%)
    [31] Processed 300/1000 batches (30.00%)
    [31] Processed 600/1000 batches (60.00%)
    [31] Processed 900/1000 batches (90.00%)
[11:32:30] Epoch [32/100] Loss: 1.1924 Accuracy: 81.13%
    [32] Processed 0/1000 batches (0.00%)
    [32] Processed 300/1000 batches (30.00%)
    [32] Processed 600/1000 batches (60.00%)
    [32] Processed 900/1000 batches (90.00%)
[11:52:42] Epoch [33/100] Loss: 1.1309 Accuracy: 81.68%
    [33] Processed 0/1000 batches (0.00%)
    [33] Processed 300/1000 batches (30.00%)
    [33] Processed 600/1000 batches (60.00%)
    [33] Processed 900/1000 batches (90.00%)
[12:12:49] Epoch [34/100] Loss: 1.0568 Accuracy: 82.62%
    [34] Processed 0/1000 batches (0.00%)
    [34] Processed 300/1000 batches (30.00%)
    [34] Processed 600/1000 batches (60.00%)
    [34] Processed 900/1000 batches (90.00%)
[12:33:02] Epoch [35/100] Loss: 1.0140 Accuracy: 83.18%
    [35] Processed 0/1000 batches (0.00%)
    [35] Processed 300/1000 batches (30.00%)
    [35] Processed 600/1000 batches (60.00%)
    [35] Processed 900/1000 batches (90.00%)
[12:53:13] Epoch [36/100] Loss: 0.9992 Accuracy: 83.34%
    [36] Processed 0/1000 batches (0.00%)
    [36] Processed 300/1000 batches (30.00%)
    [36] Processed 600/1000 batches (60.00%)
    [36] Processed 900/1000 batches (90.00%)
[13:13:25] Epoch [37/100] Loss: 0.9084 Accuracy: 84.63%
    [37] Processed 0/1000 batches (0.00%)
    [37] Processed 300/1000 batches (30.00%)
    [37] Processed 600/1000 batches (60.00%)
    [37] Processed 900/1000 batches (90.00%)
[13:33:46] Epoch [38/100] Loss: 0.8876 Accuracy: 85.02%
    [38] Processed 0/1000 batches (0.00%)
    [38] Processed 300/1000 batches (30.00%)
    [38] Processed 600/1000 batches (60.00%)
    [38] Processed 900/1000 batches (90.00%)
[13:54:03] Epoch [39/100] Loss: 0.8563 Accuracy: 85.51%
    [39] Processed 0/1000 batches (0.00%)
    [39] Processed 300/1000 batches (30.00%)
    [39] Processed 600/1000 batches (60.00%)
    [39] Processed 900/1000 batches (90.00%)
[14:14:05] Epoch [40/100] Loss: 0.7754 Accuracy: 86.71%
    [40] Processed 0/1000 batches (0.00%)
    [40] Processed 300/1000 batches (30.00%)
    [40] Processed 600/1000 batches (60.00%)
    [40] Processed 900/1000 batches (90.00%)
Checkpoint 41 saved to /virtual/drosari3/models/model-18000-CentreCrop-256-18-00001-100-wCE/checkpoints/checkpoint_epoch_41.pth
[14:34:07] Epoch [41/100] Loss: 0.7469 Accuracy: 87.16%
    [41] Processed 0/1000 batches (0.00%)
    [41] Processed 300/1000 batches (30.00%)
    [41] Processed 600/1000 batches (60.00%)
    [41] Processed 900/1000 batches (90.00%)
[14:54:12] Epoch [42/100] Loss: 0.7468 Accuracy: 87.23%
    [42] Processed 0/1000 batches (0.00%)
    [42] Processed 300/1000 batches (30.00%)
    [42] Processed 600/1000 batches (60.00%)
    [42] Processed 900/1000 batches (90.00%)
[15:14:17] Epoch [43/100] Loss: 0.7130 Accuracy: 87.73%
    [43] Processed 0/1000 batches (0.00%)
    [43] Processed 300/1000 batches (30.00%)
    [43] Processed 600/1000 batches (60.00%)
    [43] Processed 900/1000 batches (90.00%)
[15:34:14] Epoch [44/100] Loss: 0.6260 Accuracy: 89.05%
    [44] Processed 0/1000 batches (0.00%)
    [44] Processed 300/1000 batches (30.00%)
    [44] Processed 600/1000 batches (60.00%)
    [44] Processed 900/1000 batches (90.00%)
[15:54:13] Epoch [45/100] Loss: 0.6227 Accuracy: 89.32%
    [45] Processed 0/1000 batches (0.00%)
    [45] Processed 300/1000 batches (30.00%)
    [45] Processed 600/1000 batches (60.00%)
    [45] Processed 900/1000 batches (90.00%)
[16:14:11] Epoch [46/100] Loss: 0.5827 Accuracy: 89.87%
    [46] Processed 0/1000 batches (0.00%)
    [46] Processed 300/1000 batches (30.00%)
    [46] Processed 600/1000 batches (60.00%)
    [46] Processed 900/1000 batches (90.00%)
[16:34:14] Epoch [47/100] Loss: 0.5581 Accuracy: 90.23%
    [47] Processed 0/1000 batches (0.00%)
    [47] Processed 300/1000 batches (30.00%)
    [47] Processed 600/1000 batches (60.00%)
    [47] Processed 900/1000 batches (90.00%)
[16:54:14] Epoch [48/100] Loss: 0.5205 Accuracy: 90.89%
    [48] Processed 0/1000 batches (0.00%)
    [48] Processed 300/1000 batches (30.00%)
    [48] Processed 600/1000 batches (60.00%)
    [48] Processed 900/1000 batches (90.00%)
[17:14:12] Epoch [49/100] Loss: 0.5079 Accuracy: 91.32%
    [49] Processed 0/1000 batches (0.00%)
    [49] Processed 300/1000 batches (30.00%)
    [49] Processed 600/1000 batches (60.00%)
    [49] Processed 900/1000 batches (90.00%)
[17:34:01] Epoch [50/100] Loss: 0.5220 Accuracy: 90.96%
    [50] Processed 0/1000 batches (0.00%)
    [50] Processed 300/1000 batches (30.00%)
    [50] Processed 600/1000 batches (60.00%)
    [50] Processed 900/1000 batches (90.00%)
Checkpoint 51 saved to /virtual/drosari3/models/model-18000-CentreCrop-256-18-00001-100-wCE/checkpoints/checkpoint_epoch_51.pth
[17:54:06] Epoch [51/100] Loss: 0.4559 Accuracy: 92.13%
    [51] Processed 0/1000 batches (0.00%)
    [51] Processed 300/1000 batches (30.00%)
    [51] Processed 600/1000 batches (60.00%)
    [51] Processed 900/1000 batches (90.00%)
[18:14:17] Epoch [52/100] Loss: 0.4199 Accuracy: 92.68%
    [52] Processed 0/1000 batches (0.00%)
    [52] Processed 300/1000 batches (30.00%)
    [52] Processed 600/1000 batches (60.00%)
    [52] Processed 900/1000 batches (90.00%)
[18:34:14] Epoch [53/100] Loss: 0.4809 Accuracy: 91.73%
    [53] Processed 0/1000 batches (0.00%)
    [53] Processed 300/1000 batches (30.00%)
    [53] Processed 600/1000 batches (60.00%)
    [53] Processed 900/1000 batches (90.00%)
[18:54:15] Epoch [54/100] Loss: 0.4077 Accuracy: 93.13%
    [54] Processed 0/1000 batches (0.00%)
    [54] Processed 300/1000 batches (30.00%)
    [54] Processed 600/1000 batches (60.00%)
    [54] Processed 900/1000 batches (90.00%)
[19:14:19] Epoch [55/100] Loss: 0.3816 Accuracy: 93.48%
    [55] Processed 0/1000 batches (0.00%)
    [55] Processed 300/1000 batches (30.00%)
    [55] Processed 600/1000 batches (60.00%)
    [55] Processed 900/1000 batches (90.00%)
[19:34:24] Epoch [56/100] Loss: 0.4063 Accuracy: 92.92%
    [56] Processed 0/1000 batches (0.00%)
    [56] Processed 300/1000 batches (30.00%)
    [56] Processed 600/1000 batches (60.00%)
    [56] Processed 900/1000 batches (90.00%)
[19:54:21] Epoch [57/100] Loss: 0.3814 Accuracy: 93.39%
    [57] Processed 0/1000 batches (0.00%)
    [57] Processed 300/1000 batches (30.00%)
    [57] Processed 600/1000 batches (60.00%)
    [57] Processed 900/1000 batches (90.00%)
[20:14:34] Epoch [58/100] Loss: 0.3312 Accuracy: 94.27%
    [58] Processed 0/1000 batches (0.00%)
    [58] Processed 300/1000 batches (30.00%)
    [58] Processed 600/1000 batches (60.00%)
    [58] Processed 900/1000 batches (90.00%)
[20:35:25] Epoch [59/100] Loss: 0.3534 Accuracy: 93.93%
    [59] Processed 0/1000 batches (0.00%)
    [59] Processed 300/1000 batches (30.00%)
    [59] Processed 600/1000 batches (60.00%)
    [59] Processed 900/1000 batches (90.00%)
[20:55:43] Epoch [60/100] Loss: 0.4092 Accuracy: 92.89%
    [60] Processed 0/1000 batches (0.00%)
    [60] Processed 300/1000 batches (30.00%)
    [60] Processed 600/1000 batches (60.00%)
    [60] Processed 900/1000 batches (90.00%)
Checkpoint 61 saved to /virtual/drosari3/models/model-18000-CentreCrop-256-18-00001-100-wCE/checkpoints/checkpoint_epoch_61.pth
[21:16:03] Epoch [61/100] Loss: 0.3358 Accuracy: 94.17%
    [61] Processed 0/1000 batches (0.00%)
    [61] Processed 300/1000 batches (30.00%)
    [61] Processed 600/1000 batches (60.00%)
    [61] Processed 900/1000 batches (90.00%)
[21:36:56] Epoch [62/100] Loss: 0.3228 Accuracy: 94.41%
    [62] Processed 0/1000 batches (0.00%)
    [62] Processed 300/1000 batches (30.00%)
    [62] Processed 600/1000 batches (60.00%)
    [62] Processed 900/1000 batches (90.00%)
[21:57:02] Epoch [63/100] Loss: 0.3068 Accuracy: 94.68%
    [63] Processed 0/1000 batches (0.00%)
    [63] Processed 300/1000 batches (30.00%)
    [63] Processed 600/1000 batches (60.00%)
    [63] Processed 900/1000 batches (90.00%)
[22:17:01] Epoch [64/100] Loss: 0.3449 Accuracy: 93.90%
    [64] Processed 0/1000 batches (0.00%)
    [64] Processed 300/1000 batches (30.00%)
    [64] Processed 600/1000 batches (60.00%)
    [64] Processed 900/1000 batches (90.00%)
[22:37:00] Epoch [65/100] Loss: 0.3025 Accuracy: 94.67%
    [65] Processed 0/1000 batches (0.00%)
    [65] Processed 300/1000 batches (30.00%)
    [65] Processed 600/1000 batches (60.00%)
    [65] Processed 900/1000 batches (90.00%)
[22:56:55] Epoch [66/100] Loss: 0.2987 Accuracy: 94.80%
    [66] Processed 0/1000 batches (0.00%)
    [66] Processed 300/1000 batches (30.00%)
    [66] Processed 600/1000 batches (60.00%)
    [66] Processed 900/1000 batches (90.00%)
[23:17:00] Epoch [67/100] Loss: 0.2978 Accuracy: 94.74%
    [67] Processed 0/1000 batches (0.00%)
    [67] Processed 300/1000 batches (30.00%)
    [67] Processed 600/1000 batches (60.00%)
    [67] Processed 900/1000 batches (90.00%)
[23:37:01] Epoch [68/100] Loss: 0.2876 Accuracy: 95.04%
    [68] Processed 0/1000 batches (0.00%)
    [68] Processed 300/1000 batches (30.00%)
    [68] Processed 600/1000 batches (60.00%)
    [68] Processed 900/1000 batches (90.00%)
[23:56:59] Epoch [69/100] Loss: 0.2807 Accuracy: 95.08%
    [69] Processed 0/1000 batches (0.00%)
    [69] Processed 300/1000 batches (30.00%)
    [69] Processed 600/1000 batches (60.00%)
    [69] Processed 900/1000 batches (90.00%)
[00:16:57] Epoch [70/100] Loss: 0.2995 Accuracy: 94.72%
    [70] Processed 0/1000 batches (0.00%)
    [70] Processed 300/1000 batches (30.00%)
    [70] Processed 600/1000 batches (60.00%)
    [70] Processed 900/1000 batches (90.00%)
Checkpoint 71 saved to /virtual/drosari3/models/model-18000-CentreCrop-256-18-00001-100-wCE/checkpoints/checkpoint_epoch_71.pth
[00:36:54] Epoch [71/100] Loss: 0.2597 Accuracy: 95.41%
    [71] Processed 0/1000 batches (0.00%)
    [71] Processed 300/1000 batches (30.00%)
    [71] Processed 600/1000 batches (60.00%)
    [71] Processed 900/1000 batches (90.00%)
[00:57:02] Epoch [72/100] Loss: 0.2762 Accuracy: 95.10%
    [72] Processed 0/1000 batches (0.00%)
    [72] Processed 300/1000 batches (30.00%)
    [72] Processed 600/1000 batches (60.00%)
    [72] Processed 900/1000 batches (90.00%)
[01:17:13] Epoch [73/100] Loss: 0.2498 Accuracy: 95.53%
    [73] Processed 0/1000 batches (0.00%)
    [73] Processed 300/1000 batches (30.00%)
    [73] Processed 600/1000 batches (60.00%)
    [73] Processed 900/1000 batches (90.00%)
[01:37:16] Epoch [74/100] Loss: 0.2335 Accuracy: 95.79%
    [74] Processed 0/1000 batches (0.00%)
    [74] Processed 300/1000 batches (30.00%)
    [74] Processed 600/1000 batches (60.00%)
    [74] Processed 900/1000 batches (90.00%)
[01:57:14] Epoch [75/100] Loss: 0.2799 Accuracy: 94.89%
    [75] Processed 0/1000 batches (0.00%)
    [75] Processed 300/1000 batches (30.00%)
    [75] Processed 600/1000 batches (60.00%)
    [75] Processed 900/1000 batches (90.00%)
[02:17:16] Epoch [76/100] Loss: 0.2572 Accuracy: 95.48%
    [76] Processed 0/1000 batches (0.00%)
    [76] Processed 300/1000 batches (30.00%)
    [76] Processed 600/1000 batches (60.00%)
    [76] Processed 900/1000 batches (90.00%)
[02:37:21] Epoch [77/100] Loss: 0.2854 Accuracy: 95.01%
    [77] Processed 0/1000 batches (0.00%)
    [77] Processed 300/1000 batches (30.00%)
    [77] Processed 600/1000 batches (60.00%)
    [77] Processed 900/1000 batches (90.00%)
[02:57:22] Epoch [78/100] Loss: 0.2430 Accuracy: 95.84%
    [78] Processed 0/1000 batches (0.00%)
    [78] Processed 300/1000 batches (30.00%)
    [78] Processed 600/1000 batches (60.00%)
    [78] Processed 900/1000 batches (90.00%)
[03:17:24] Epoch [79/100] Loss: 0.2970 Accuracy: 95.04%
    [79] Processed 0/1000 batches (0.00%)
    [79] Processed 300/1000 batches (30.00%)
    [79] Processed 600/1000 batches (60.00%)
    [79] Processed 900/1000 batches (90.00%)
[03:37:22] Epoch [80/100] Loss: 0.3038 Accuracy: 94.99%
    [80] Processed 0/1000 batches (0.00%)
    [80] Processed 300/1000 batches (30.00%)
    [80] Processed 600/1000 batches (60.00%)
    [80] Processed 900/1000 batches (90.00%)
Checkpoint 81 saved to /virtual/drosari3/models/model-18000-CentreCrop-256-18-00001-100-wCE/checkpoints/checkpoint_epoch_81.pth
[03:57:17] Epoch [81/100] Loss: 0.2090 Accuracy: 96.33%
    [81] Processed 0/1000 batches (0.00%)
    [81] Processed 300/1000 batches (30.00%)
    [81] Processed 600/1000 batches (60.00%)
    [81] Processed 900/1000 batches (90.00%)
[04:17:26] Epoch [82/100] Loss: 0.2169 Accuracy: 96.13%
    [82] Processed 0/1000 batches (0.00%)
    [82] Processed 300/1000 batches (30.00%)
    [82] Processed 600/1000 batches (60.00%)
    [82] Processed 900/1000 batches (90.00%)
[04:37:21] Epoch [83/100] Loss: 0.2430 Accuracy: 95.87%
    [83] Processed 0/1000 batches (0.00%)
    [83] Processed 300/1000 batches (30.00%)
    [83] Processed 600/1000 batches (60.00%)
    [83] Processed 900/1000 batches (90.00%)
[04:57:25] Epoch [84/100] Loss: 0.2138 Accuracy: 96.27%
    [84] Processed 0/1000 batches (0.00%)
    [84] Processed 300/1000 batches (30.00%)
    [84] Processed 600/1000 batches (60.00%)
    [84] Processed 900/1000 batches (90.00%)
[05:17:25] Epoch [85/100] Loss: 0.2573 Accuracy: 95.25%
    [85] Processed 0/1000 batches (0.00%)
    [85] Processed 300/1000 batches (30.00%)
    [85] Processed 600/1000 batches (60.00%)
    [85] Processed 900/1000 batches (90.00%)
[05:37:22] Epoch [86/100] Loss: 0.1744 Accuracy: 96.76%
    [86] Processed 0/1000 batches (0.00%)
    [86] Processed 300/1000 batches (30.00%)
    [86] Processed 600/1000 batches (60.00%)
    [86] Processed 900/1000 batches (90.00%)
[05:57:24] Epoch [87/100] Loss: 0.2207 Accuracy: 95.92%
    [87] Processed 0/1000 batches (0.00%)
    [87] Processed 300/1000 batches (30.00%)
    [87] Processed 600/1000 batches (60.00%)
    [87] Processed 900/1000 batches (90.00%)
[06:17:29] Epoch [88/100] Loss: 0.2675 Accuracy: 95.50%
    [88] Processed 0/1000 batches (0.00%)
    [88] Processed 300/1000 batches (30.00%)
    [88] Processed 600/1000 batches (60.00%)
    [88] Processed 900/1000 batches (90.00%)
[06:37:34] Epoch [89/100] Loss: 0.2142 Accuracy: 96.24%
    [89] Processed 0/1000 batches (0.00%)
    [89] Processed 300/1000 batches (30.00%)
    [89] Processed 600/1000 batches (60.00%)
    [89] Processed 900/1000 batches (90.00%)
[06:57:30] Epoch [90/100] Loss: 0.1865 Accuracy: 96.58%
    [90] Processed 0/1000 batches (0.00%)
    [90] Processed 300/1000 batches (30.00%)
    [90] Processed 600/1000 batches (60.00%)
    [90] Processed 900/1000 batches (90.00%)
Checkpoint 91 saved to /virtual/drosari3/models/model-18000-CentreCrop-256-18-00001-100-wCE/checkpoints/checkpoint_epoch_91.pth
[07:17:27] Epoch [91/100] Loss: 0.2060 Accuracy: 96.15%
    [91] Processed 0/1000 batches (0.00%)
    [91] Processed 300/1000 batches (30.00%)
    [91] Processed 600/1000 batches (60.00%)
    [91] Processed 900/1000 batches (90.00%)
[07:37:25] Epoch [92/100] Loss: 0.1761 Accuracy: 96.72%
    [92] Processed 0/1000 batches (0.00%)
    [92] Processed 300/1000 batches (30.00%)
    [92] Processed 600/1000 batches (60.00%)
    [92] Processed 900/1000 batches (90.00%)
[07:57:30] Epoch [93/100] Loss: 0.1721 Accuracy: 96.76%
    [93] Processed 0/1000 batches (0.00%)
    [93] Processed 300/1000 batches (30.00%)
    [93] Processed 600/1000 batches (60.00%)
    [93] Processed 900/1000 batches (90.00%)
[08:17:29] Epoch [94/100] Loss: 0.1806 Accuracy: 96.62%
    [94] Processed 0/1000 batches (0.00%)
    [94] Processed 300/1000 batches (30.00%)
    [94] Processed 600/1000 batches (60.00%)
    [94] Processed 900/1000 batches (90.00%)
[08:37:36] Epoch [95/100] Loss: 0.1789 Accuracy: 96.70%
    [95] Processed 0/1000 batches (0.00%)
    [95] Processed 300/1000 batches (30.00%)
    [95] Processed 600/1000 batches (60.00%)
    [95] Processed 900/1000 batches (90.00%)
[08:57:39] Epoch [96/100] Loss: 0.1977 Accuracy: 96.38%
    [96] Processed 0/1000 batches (0.00%)
    [96] Processed 300/1000 batches (30.00%)
    [96] Processed 600/1000 batches (60.00%)
    [96] Processed 900/1000 batches (90.00%)
[09:17:45] Epoch [97/100] Loss: 0.2020 Accuracy: 96.33%
    [97] Processed 0/1000 batches (0.00%)
    [97] Processed 300/1000 batches (30.00%)
    [97] Processed 600/1000 batches (60.00%)
    [97] Processed 900/1000 batches (90.00%)
[09:37:59] Epoch [98/100] Loss: 0.1903 Accuracy: 96.60%
    [98] Processed 0/1000 batches (0.00%)
    [98] Processed 300/1000 batches (30.00%)
    [98] Processed 600/1000 batches (60.00%)
    [98] Processed 900/1000 batches (90.00%)
[09:58:08] Epoch [99/100] Loss: 0.1606 Accuracy: 96.99%
    [99] Processed 0/1000 batches (0.00%)
    [99] Processed 300/1000 batches (30.00%)
    [99] Processed 600/1000 batches (60.00%)
    [99] Processed 900/1000 batches (90.00%)
[10:18:16] Epoch [100/100] Loss: 0.1475 Accuracy: 97.22%
Testing Image: 0/112
Testing Image: 5/112
Testing Image: 10/112
Testing Image: 15/112
Testing Image: 20/112
Testing Image: 25/112
Testing Image: 30/112
Testing Image: 35/112
Testing Image: 40/112
Testing Image: 45/112
Testing Image: 50/112
Testing Image: 55/112
Testing Image: 60/112
Testing Image: 65/112
Testing Image: 70/112
Testing Image: 75/112
Testing Image: 80/112
Testing Image: 85/112
Testing Image: 90/112
Testing Image: 95/112
Testing Image: 100/112
Testing Image: 105/112
Testing Image: 110/112
Validation mIoU: 0.1481
Testing individual images...
Done
