Opening config.ini...
MAX_IMAGES: 18000
BATCH_SIZE: 18
LEARNING_RATE: 5e-05
EPOCHS: 100
TRANSFORM: RandomCrop
IMAGE_DIMEN: 256
EVALUATION_IMAGES: ['_gcgraos355QHyu7iFMK1w', '_QDf_pTzs-sEyBubXqmqxA', '_wbVgGy7xrO_C_gsz-BCvA', 'FYoB0UGu40k9nKurB8pucw', '1pFw6qQwFQ__QdnYYB7YLA', '-C-x3xSPFIEjqbyVC5PRaQ', '_Uu1yfgmkbji9nkUT3Tikw', '_nDuQstcKZ714CoL0G5iZg']
CHECKPOINT_SAVE_INTERVAL: 10
MODEL_LOCATION: /virtual/drosari3/models/model-18000-RandomCrop-256-18-5e-05-100-wCE
MODEL_NAME: model-18000-RandomCrop-256-18-5e-05-100-wCE
Training model-18000-RandomCrop-256-18-5e-05-100-wCE...
epochs=100 lr=5e-05, error=<function cross_entropy at 0x7f161732b6d0>
    [0] Processed 0/1000 batches (0.00%)
    [0] Processed 300/1000 batches (30.00%)
    [0] Processed 600/1000 batches (60.00%)
    [0] Processed 900/1000 batches (90.00%)
Checkpoint 1 saved to /virtual/drosari3/models/model-18000-RandomCrop-256-18-5e-05-100-wCE/checkpoints/checkpoint_epoch_1.pth
[23:03:28] Epoch [1/100] Loss: 1.8846 Accuracy: 41.33%
    [1] Processed 0/1000 batches (0.00%)
    [1] Processed 300/1000 batches (30.00%)
    [1] Processed 600/1000 batches (60.00%)
    [1] Processed 900/1000 batches (90.00%)
[23:23:42] Epoch [2/100] Loss: 1.7343 Accuracy: 49.56%
    [2] Processed 0/1000 batches (0.00%)
    [2] Processed 300/1000 batches (30.00%)
    [2] Processed 600/1000 batches (60.00%)
    [2] Processed 900/1000 batches (90.00%)
[23:43:47] Epoch [3/100] Loss: 1.7121 Accuracy: 52.52%
    [3] Processed 0/1000 batches (0.00%)
    [3] Processed 300/1000 batches (30.00%)
    [3] Processed 600/1000 batches (60.00%)
    [3] Processed 900/1000 batches (90.00%)
[00:03:58] Epoch [4/100] Loss: 1.6323 Accuracy: 56.05%
    [4] Processed 0/1000 batches (0.00%)
    [4] Processed 300/1000 batches (30.00%)
    [4] Processed 600/1000 batches (60.00%)
    [4] Processed 900/1000 batches (90.00%)
[00:24:06] Epoch [5/100] Loss: 1.5434 Accuracy: 60.89%
    [5] Processed 0/1000 batches (0.00%)
    [5] Processed 300/1000 batches (30.00%)
    [5] Processed 600/1000 batches (60.00%)
    [5] Processed 900/1000 batches (90.00%)
[00:44:12] Epoch [6/100] Loss: 1.5209 Accuracy: 61.26%
    [6] Processed 0/1000 batches (0.00%)
    [6] Processed 300/1000 batches (30.00%)
    [6] Processed 600/1000 batches (60.00%)
    [6] Processed 900/1000 batches (90.00%)
[01:04:26] Epoch [7/100] Loss: 1.4998 Accuracy: 62.06%
    [7] Processed 0/1000 batches (0.00%)
    [7] Processed 300/1000 batches (30.00%)
    [7] Processed 600/1000 batches (60.00%)
    [7] Processed 900/1000 batches (90.00%)
[01:24:39] Epoch [8/100] Loss: 1.4742 Accuracy: 62.83%
    [8] Processed 0/1000 batches (0.00%)
    [8] Processed 300/1000 batches (30.00%)
    [8] Processed 600/1000 batches (60.00%)
    [8] Processed 900/1000 batches (90.00%)
[01:44:43] Epoch [9/100] Loss: 1.4399 Accuracy: 63.92%
    [9] Processed 0/1000 batches (0.00%)
    [9] Processed 300/1000 batches (30.00%)
    [9] Processed 600/1000 batches (60.00%)
    [9] Processed 900/1000 batches (90.00%)
[02:04:52] Epoch [10/100] Loss: 1.4235 Accuracy: 64.23%
    [10] Processed 0/1000 batches (0.00%)
    [10] Processed 300/1000 batches (30.00%)
    [10] Processed 600/1000 batches (60.00%)
    [10] Processed 900/1000 batches (90.00%)
Checkpoint 11 saved to /virtual/drosari3/models/model-18000-RandomCrop-256-18-5e-05-100-wCE/checkpoints/checkpoint_epoch_11.pth
[02:25:01] Epoch [11/100] Loss: 1.4063 Accuracy: 65.13%
    [11] Processed 0/1000 batches (0.00%)
    [11] Processed 300/1000 batches (30.00%)
    [11] Processed 600/1000 batches (60.00%)
    [11] Processed 900/1000 batches (90.00%)
[02:45:12] Epoch [12/100] Loss: 1.4085 Accuracy: 65.09%
    [12] Processed 0/1000 batches (0.00%)
    [12] Processed 300/1000 batches (30.00%)
    [12] Processed 600/1000 batches (60.00%)
    [12] Processed 900/1000 batches (90.00%)
[03:05:24] Epoch [13/100] Loss: 1.3908 Accuracy: 65.33%
    [13] Processed 0/1000 batches (0.00%)
    [13] Processed 300/1000 batches (30.00%)
    [13] Processed 600/1000 batches (60.00%)
    [13] Processed 900/1000 batches (90.00%)
[03:25:31] Epoch [14/100] Loss: 1.3635 Accuracy: 66.46%
    [14] Processed 0/1000 batches (0.00%)
    [14] Processed 300/1000 batches (30.00%)
    [14] Processed 600/1000 batches (60.00%)
    [14] Processed 900/1000 batches (90.00%)
[03:45:43] Epoch [15/100] Loss: 1.3733 Accuracy: 66.03%
    [15] Processed 0/1000 batches (0.00%)
    [15] Processed 300/1000 batches (30.00%)
    [15] Processed 600/1000 batches (60.00%)
    [15] Processed 900/1000 batches (90.00%)
[04:05:52] Epoch [16/100] Loss: 1.3606 Accuracy: 67.04%
    [16] Processed 0/1000 batches (0.00%)
    [16] Processed 300/1000 batches (30.00%)
    [16] Processed 600/1000 batches (60.00%)
    [16] Processed 900/1000 batches (90.00%)
[04:26:02] Epoch [17/100] Loss: 1.3422 Accuracy: 66.88%
    [17] Processed 0/1000 batches (0.00%)
    [17] Processed 300/1000 batches (30.00%)
    [17] Processed 600/1000 batches (60.00%)
    [17] Processed 900/1000 batches (90.00%)
[04:46:14] Epoch [18/100] Loss: 1.3471 Accuracy: 67.35%
    [18] Processed 0/1000 batches (0.00%)
    [18] Processed 300/1000 batches (30.00%)
    [18] Processed 600/1000 batches (60.00%)
    [18] Processed 900/1000 batches (90.00%)
[05:06:17] Epoch [19/100] Loss: 1.3305 Accuracy: 67.33%
    [19] Processed 0/1000 batches (0.00%)
    [19] Processed 300/1000 batches (30.00%)
    [19] Processed 600/1000 batches (60.00%)
    [19] Processed 900/1000 batches (90.00%)
[05:26:21] Epoch [20/100] Loss: 1.3115 Accuracy: 68.02%
    [20] Processed 0/1000 batches (0.00%)
    [20] Processed 300/1000 batches (30.00%)
    [20] Processed 600/1000 batches (60.00%)
    [20] Processed 900/1000 batches (90.00%)
Checkpoint 21 saved to /virtual/drosari3/models/model-18000-RandomCrop-256-18-5e-05-100-wCE/checkpoints/checkpoint_epoch_21.pth
[05:46:28] Epoch [21/100] Loss: 1.3028 Accuracy: 67.94%
    [21] Processed 0/1000 batches (0.00%)
    [21] Processed 300/1000 batches (30.00%)
    [21] Processed 600/1000 batches (60.00%)
    [21] Processed 900/1000 batches (90.00%)
[06:06:40] Epoch [22/100] Loss: 1.3077 Accuracy: 68.35%
    [22] Processed 0/1000 batches (0.00%)
    [22] Processed 300/1000 batches (30.00%)
    [22] Processed 600/1000 batches (60.00%)
    [22] Processed 900/1000 batches (90.00%)
[06:26:46] Epoch [23/100] Loss: 1.2897 Accuracy: 68.41%
    [23] Processed 0/1000 batches (0.00%)
    [23] Processed 300/1000 batches (30.00%)
    [23] Processed 600/1000 batches (60.00%)
    [23] Processed 900/1000 batches (90.00%)
[06:46:55] Epoch [24/100] Loss: 1.2689 Accuracy: 69.16%
    [24] Processed 0/1000 batches (0.00%)
    [24] Processed 300/1000 batches (30.00%)
    [24] Processed 600/1000 batches (60.00%)
    [24] Processed 900/1000 batches (90.00%)
[07:07:00] Epoch [25/100] Loss: 1.2609 Accuracy: 68.73%
    [25] Processed 0/1000 batches (0.00%)
    [25] Processed 300/1000 batches (30.00%)
    [25] Processed 600/1000 batches (60.00%)
    [25] Processed 900/1000 batches (90.00%)
[07:27:05] Epoch [26/100] Loss: 1.2748 Accuracy: 68.82%
    [26] Processed 0/1000 batches (0.00%)
    [26] Processed 300/1000 batches (30.00%)
    [26] Processed 600/1000 batches (60.00%)
    [26] Processed 900/1000 batches (90.00%)
[07:47:16] Epoch [27/100] Loss: 1.2695 Accuracy: 68.84%
    [27] Processed 0/1000 batches (0.00%)
    [27] Processed 300/1000 batches (30.00%)
    [27] Processed 600/1000 batches (60.00%)
    [27] Processed 900/1000 batches (90.00%)
[08:07:27] Epoch [28/100] Loss: 1.2393 Accuracy: 69.22%
    [28] Processed 0/1000 batches (0.00%)
    [28] Processed 300/1000 batches (30.00%)
    [28] Processed 600/1000 batches (60.00%)
    [28] Processed 900/1000 batches (90.00%)
[08:27:37] Epoch [29/100] Loss: 1.2462 Accuracy: 68.98%
    [29] Processed 0/1000 batches (0.00%)
    [29] Processed 300/1000 batches (30.00%)
    [29] Processed 600/1000 batches (60.00%)
    [29] Processed 900/1000 batches (90.00%)
[08:47:46] Epoch [30/100] Loss: 1.2371 Accuracy: 69.33%
    [30] Processed 0/1000 batches (0.00%)
    [30] Processed 300/1000 batches (30.00%)
    [30] Processed 600/1000 batches (60.00%)
    [30] Processed 900/1000 batches (90.00%)
Checkpoint 31 saved to /virtual/drosari3/models/model-18000-RandomCrop-256-18-5e-05-100-wCE/checkpoints/checkpoint_epoch_31.pth
[09:07:59] Epoch [31/100] Loss: 1.2198 Accuracy: 69.71%
    [31] Processed 0/1000 batches (0.00%)
    [31] Processed 300/1000 batches (30.00%)
    [31] Processed 600/1000 batches (60.00%)
    [31] Processed 900/1000 batches (90.00%)
[09:28:10] Epoch [32/100] Loss: 1.2167 Accuracy: 69.84%
    [32] Processed 0/1000 batches (0.00%)
    [32] Processed 300/1000 batches (30.00%)
    [32] Processed 600/1000 batches (60.00%)
    [32] Processed 900/1000 batches (90.00%)
[09:48:27] Epoch [33/100] Loss: 1.2068 Accuracy: 70.20%
    [33] Processed 0/1000 batches (0.00%)
    [33] Processed 300/1000 batches (30.00%)
    [33] Processed 600/1000 batches (60.00%)
    [33] Processed 900/1000 batches (90.00%)
[10:08:49] Epoch [34/100] Loss: 1.2124 Accuracy: 69.55%
    [34] Processed 0/1000 batches (0.00%)
    [34] Processed 300/1000 batches (30.00%)
    [34] Processed 600/1000 batches (60.00%)
    [34] Processed 900/1000 batches (90.00%)
[10:28:58] Epoch [35/100] Loss: 1.2031 Accuracy: 70.01%
    [35] Processed 0/1000 batches (0.00%)
    [35] Processed 300/1000 batches (30.00%)
    [35] Processed 600/1000 batches (60.00%)
    [35] Processed 900/1000 batches (90.00%)
[10:49:14] Epoch [36/100] Loss: 1.2081 Accuracy: 69.81%
    [36] Processed 0/1000 batches (0.00%)
    [36] Processed 300/1000 batches (30.00%)
    [36] Processed 600/1000 batches (60.00%)
    [36] Processed 900/1000 batches (90.00%)
[11:09:30] Epoch [37/100] Loss: 1.2084 Accuracy: 70.43%
    [37] Processed 0/1000 batches (0.00%)
    [37] Processed 300/1000 batches (30.00%)
    [37] Processed 600/1000 batches (60.00%)
    [37] Processed 900/1000 batches (90.00%)
[11:29:41] Epoch [38/100] Loss: 1.2070 Accuracy: 70.29%
    [38] Processed 0/1000 batches (0.00%)
    [38] Processed 300/1000 batches (30.00%)
    [38] Processed 600/1000 batches (60.00%)
    [38] Processed 900/1000 batches (90.00%)
[11:49:49] Epoch [39/100] Loss: 1.1779 Accuracy: 70.77%
    [39] Processed 0/1000 batches (0.00%)
    [39] Processed 300/1000 batches (30.00%)
    [39] Processed 600/1000 batches (60.00%)
    [39] Processed 900/1000 batches (90.00%)
[12:10:04] Epoch [40/100] Loss: 1.1935 Accuracy: 70.87%
    [40] Processed 0/1000 batches (0.00%)
    [40] Processed 300/1000 batches (30.00%)
    [40] Processed 600/1000 batches (60.00%)
    [40] Processed 900/1000 batches (90.00%)
Checkpoint 41 saved to /virtual/drosari3/models/model-18000-RandomCrop-256-18-5e-05-100-wCE/checkpoints/checkpoint_epoch_41.pth
[12:30:14] Epoch [41/100] Loss: 1.1842 Accuracy: 70.68%
    [41] Processed 0/1000 batches (0.00%)
    [41] Processed 300/1000 batches (30.00%)
    [41] Processed 600/1000 batches (60.00%)
    [41] Processed 900/1000 batches (90.00%)
[12:50:43] Epoch [42/100] Loss: 1.1576 Accuracy: 70.82%
    [42] Processed 0/1000 batches (0.00%)
    [42] Processed 300/1000 batches (30.00%)
    [42] Processed 600/1000 batches (60.00%)
    [42] Processed 900/1000 batches (90.00%)
[13:11:00] Epoch [43/100] Loss: 1.1498 Accuracy: 71.67%
    [43] Processed 0/1000 batches (0.00%)
    [43] Processed 300/1000 batches (30.00%)
    [43] Processed 600/1000 batches (60.00%)
    [43] Processed 900/1000 batches (90.00%)
[13:31:15] Epoch [44/100] Loss: 1.1727 Accuracy: 70.44%
    [44] Processed 0/1000 batches (0.00%)
    [44] Processed 300/1000 batches (30.00%)
    [44] Processed 600/1000 batches (60.00%)
    [44] Processed 900/1000 batches (90.00%)
[13:51:29] Epoch [45/100] Loss: 1.1686 Accuracy: 71.10%
    [45] Processed 0/1000 batches (0.00%)
    [45] Processed 300/1000 batches (30.00%)
    [45] Processed 600/1000 batches (60.00%)
    [45] Processed 900/1000 batches (90.00%)
[14:11:50] Epoch [46/100] Loss: 1.1515 Accuracy: 71.42%
    [46] Processed 0/1000 batches (0.00%)
    [46] Processed 300/1000 batches (30.00%)
    [46] Processed 600/1000 batches (60.00%)
    [46] Processed 900/1000 batches (90.00%)
[14:32:01] Epoch [47/100] Loss: 1.1547 Accuracy: 71.32%
    [47] Processed 0/1000 batches (0.00%)
    [47] Processed 300/1000 batches (30.00%)
    [47] Processed 600/1000 batches (60.00%)
    [47] Processed 900/1000 batches (90.00%)
[14:52:19] Epoch [48/100] Loss: 1.1549 Accuracy: 71.31%
    [48] Processed 0/1000 batches (0.00%)
    [48] Processed 300/1000 batches (30.00%)
    [48] Processed 600/1000 batches (60.00%)
    [48] Processed 900/1000 batches (90.00%)
[15:12:32] Epoch [49/100] Loss: 1.1443 Accuracy: 71.47%
    [49] Processed 0/1000 batches (0.00%)
    [49] Processed 300/1000 batches (30.00%)
    [49] Processed 600/1000 batches (60.00%)
    [49] Processed 900/1000 batches (90.00%)
[15:32:49] Epoch [50/100] Loss: 1.1354 Accuracy: 71.57%
    [50] Processed 0/1000 batches (0.00%)
    [50] Processed 300/1000 batches (30.00%)
    [50] Processed 600/1000 batches (60.00%)
    [50] Processed 900/1000 batches (90.00%)
Checkpoint 51 saved to /virtual/drosari3/models/model-18000-RandomCrop-256-18-5e-05-100-wCE/checkpoints/checkpoint_epoch_51.pth
[15:53:09] Epoch [51/100] Loss: 1.1461 Accuracy: 70.92%
    [51] Processed 0/1000 batches (0.00%)
    [51] Processed 300/1000 batches (30.00%)
    [51] Processed 600/1000 batches (60.00%)
    [51] Processed 900/1000 batches (90.00%)
[16:13:27] Epoch [52/100] Loss: 1.1483 Accuracy: 71.75%
    [52] Processed 0/1000 batches (0.00%)
    [52] Processed 300/1000 batches (30.00%)
    [52] Processed 600/1000 batches (60.00%)
    [52] Processed 900/1000 batches (90.00%)
[16:33:47] Epoch [53/100] Loss: 1.1274 Accuracy: 71.66%
    [53] Processed 0/1000 batches (0.00%)
    [53] Processed 300/1000 batches (30.00%)
    [53] Processed 600/1000 batches (60.00%)
    [53] Processed 900/1000 batches (90.00%)
[16:54:03] Epoch [54/100] Loss: 1.1264 Accuracy: 72.01%
    [54] Processed 0/1000 batches (0.00%)
    [54] Processed 300/1000 batches (30.00%)
    [54] Processed 600/1000 batches (60.00%)
    [54] Processed 900/1000 batches (90.00%)
[17:14:22] Epoch [55/100] Loss: 1.1234 Accuracy: 71.71%
    [55] Processed 0/1000 batches (0.00%)
    [55] Processed 300/1000 batches (30.00%)
    [55] Processed 600/1000 batches (60.00%)
    [55] Processed 900/1000 batches (90.00%)
[17:34:42] Epoch [56/100] Loss: 1.1203 Accuracy: 72.21%
    [56] Processed 0/1000 batches (0.00%)
    [56] Processed 300/1000 batches (30.00%)
    [56] Processed 600/1000 batches (60.00%)
    [56] Processed 900/1000 batches (90.00%)
[17:55:03] Epoch [57/100] Loss: 1.1040 Accuracy: 71.68%
    [57] Processed 0/1000 batches (0.00%)
    [57] Processed 300/1000 batches (30.00%)
    [57] Processed 600/1000 batches (60.00%)
    [57] Processed 900/1000 batches (90.00%)
[18:15:22] Epoch [58/100] Loss: 1.1255 Accuracy: 72.09%
    [58] Processed 0/1000 batches (0.00%)
    [58] Processed 300/1000 batches (30.00%)
    [58] Processed 600/1000 batches (60.00%)
    [58] Processed 900/1000 batches (90.00%)
[18:35:38] Epoch [59/100] Loss: 1.1095 Accuracy: 71.71%
    [59] Processed 0/1000 batches (0.00%)
    [59] Processed 300/1000 batches (30.00%)
    [59] Processed 600/1000 batches (60.00%)
    [59] Processed 900/1000 batches (90.00%)
[18:55:58] Epoch [60/100] Loss: 1.1075 Accuracy: 72.08%
    [60] Processed 0/1000 batches (0.00%)
    [60] Processed 300/1000 batches (30.00%)
    [60] Processed 600/1000 batches (60.00%)
    [60] Processed 900/1000 batches (90.00%)
Checkpoint 61 saved to /virtual/drosari3/models/model-18000-RandomCrop-256-18-5e-05-100-wCE/checkpoints/checkpoint_epoch_61.pth
[19:16:20] Epoch [61/100] Loss: 1.1193 Accuracy: 71.60%
    [61] Processed 0/1000 batches (0.00%)
    [61] Processed 300/1000 batches (30.00%)
    [61] Processed 600/1000 batches (60.00%)
    [61] Processed 900/1000 batches (90.00%)
[19:36:47] Epoch [62/100] Loss: 1.1008 Accuracy: 72.39%
    [62] Processed 0/1000 batches (0.00%)
    [62] Processed 300/1000 batches (30.00%)
    [62] Processed 600/1000 batches (60.00%)
    [62] Processed 900/1000 batches (90.00%)
[19:57:07] Epoch [63/100] Loss: 1.1039 Accuracy: 72.32%
    [63] Processed 0/1000 batches (0.00%)
    [63] Processed 300/1000 batches (30.00%)
    [63] Processed 600/1000 batches (60.00%)
    [63] Processed 900/1000 batches (90.00%)
[20:17:32] Epoch [64/100] Loss: 1.1036 Accuracy: 72.50%
    [64] Processed 0/1000 batches (0.00%)
    [64] Processed 300/1000 batches (30.00%)
    [64] Processed 600/1000 batches (60.00%)
    [64] Processed 900/1000 batches (90.00%)
[20:37:55] Epoch [65/100] Loss: 1.0832 Accuracy: 72.55%
    [65] Processed 0/1000 batches (0.00%)
    [65] Processed 300/1000 batches (30.00%)
    [65] Processed 600/1000 batches (60.00%)
    [65] Processed 900/1000 batches (90.00%)
[20:58:16] Epoch [66/100] Loss: 1.0998 Accuracy: 72.53%
    [66] Processed 0/1000 batches (0.00%)
    [66] Processed 300/1000 batches (30.00%)
    [66] Processed 600/1000 batches (60.00%)
    [66] Processed 900/1000 batches (90.00%)
[21:18:31] Epoch [67/100] Loss: 1.0643 Accuracy: 72.84%
    [67] Processed 0/1000 batches (0.00%)
    [67] Processed 300/1000 batches (30.00%)
    [67] Processed 600/1000 batches (60.00%)
    [67] Processed 900/1000 batches (90.00%)
[21:38:54] Epoch [68/100] Loss: 1.0877 Accuracy: 72.22%
    [68] Processed 0/1000 batches (0.00%)
    [68] Processed 300/1000 batches (30.00%)
    [68] Processed 600/1000 batches (60.00%)
    [68] Processed 900/1000 batches (90.00%)
[21:59:10] Epoch [69/100] Loss: 1.0688 Accuracy: 72.74%
    [69] Processed 0/1000 batches (0.00%)
    [69] Processed 300/1000 batches (30.00%)
    [69] Processed 600/1000 batches (60.00%)
    [69] Processed 900/1000 batches (90.00%)
[22:19:27] Epoch [70/100] Loss: 1.0571 Accuracy: 73.41%
    [70] Processed 0/1000 batches (0.00%)
    [70] Processed 300/1000 batches (30.00%)
    [70] Processed 600/1000 batches (60.00%)
    [70] Processed 900/1000 batches (90.00%)
Checkpoint 71 saved to /virtual/drosari3/models/model-18000-RandomCrop-256-18-5e-05-100-wCE/checkpoints/checkpoint_epoch_71.pth
[22:39:50] Epoch [71/100] Loss: 1.0708 Accuracy: 72.92%
    [71] Processed 0/1000 batches (0.00%)
    [71] Processed 300/1000 batches (30.00%)
    [71] Processed 600/1000 batches (60.00%)
    [71] Processed 900/1000 batches (90.00%)
[23:00:04] Epoch [72/100] Loss: 1.0728 Accuracy: 72.68%
    [72] Processed 0/1000 batches (0.00%)
    [72] Processed 300/1000 batches (30.00%)
    [72] Processed 600/1000 batches (60.00%)
    [72] Processed 900/1000 batches (90.00%)
[23:20:19] Epoch [73/100] Loss: 1.0825 Accuracy: 72.26%
    [73] Processed 0/1000 batches (0.00%)
    [73] Processed 300/1000 batches (30.00%)
    [73] Processed 600/1000 batches (60.00%)
    [73] Processed 900/1000 batches (90.00%)
[23:40:37] Epoch [74/100] Loss: 1.0799 Accuracy: 72.56%
    [74] Processed 0/1000 batches (0.00%)
    [74] Processed 300/1000 batches (30.00%)
    [74] Processed 600/1000 batches (60.00%)
    [74] Processed 900/1000 batches (90.00%)
[00:00:54] Epoch [75/100] Loss: 1.0495 Accuracy: 73.11%
    [75] Processed 0/1000 batches (0.00%)
    [75] Processed 300/1000 batches (30.00%)
    [75] Processed 600/1000 batches (60.00%)
    [75] Processed 900/1000 batches (90.00%)
[00:21:16] Epoch [76/100] Loss: 1.0644 Accuracy: 73.53%
    [76] Processed 0/1000 batches (0.00%)
    [76] Processed 300/1000 batches (30.00%)
    [76] Processed 600/1000 batches (60.00%)
    [76] Processed 900/1000 batches (90.00%)
[00:41:35] Epoch [77/100] Loss: 1.0482 Accuracy: 73.59%
    [77] Processed 0/1000 batches (0.00%)
    [77] Processed 300/1000 batches (30.00%)
    [77] Processed 600/1000 batches (60.00%)
    [77] Processed 900/1000 batches (90.00%)
[01:01:50] Epoch [78/100] Loss: 1.0666 Accuracy: 73.31%
    [78] Processed 0/1000 batches (0.00%)
    [78] Processed 300/1000 batches (30.00%)
    [78] Processed 600/1000 batches (60.00%)
    [78] Processed 900/1000 batches (90.00%)
[01:22:15] Epoch [79/100] Loss: 1.0495 Accuracy: 73.42%
    [79] Processed 0/1000 batches (0.00%)
    [79] Processed 300/1000 batches (30.00%)
    [79] Processed 600/1000 batches (60.00%)
    [79] Processed 900/1000 batches (90.00%)
[01:42:36] Epoch [80/100] Loss: 1.0594 Accuracy: 73.11%
    [80] Processed 0/1000 batches (0.00%)
    [80] Processed 300/1000 batches (30.00%)
    [80] Processed 600/1000 batches (60.00%)
    [80] Processed 900/1000 batches (90.00%)
Checkpoint 81 saved to /virtual/drosari3/models/model-18000-RandomCrop-256-18-5e-05-100-wCE/checkpoints/checkpoint_epoch_81.pth
[02:02:58] Epoch [81/100] Loss: 1.0386 Accuracy: 73.75%
    [81] Processed 0/1000 batches (0.00%)
    [81] Processed 300/1000 batches (30.00%)
    [81] Processed 600/1000 batches (60.00%)
    [81] Processed 900/1000 batches (90.00%)
[02:23:16] Epoch [82/100] Loss: 1.0432 Accuracy: 73.64%
    [82] Processed 0/1000 batches (0.00%)
    [82] Processed 300/1000 batches (30.00%)
    [82] Processed 600/1000 batches (60.00%)
    [82] Processed 900/1000 batches (90.00%)
[02:43:35] Epoch [83/100] Loss: 1.0555 Accuracy: 72.96%
    [83] Processed 0/1000 batches (0.00%)
    [83] Processed 300/1000 batches (30.00%)
    [83] Processed 600/1000 batches (60.00%)
    [83] Processed 900/1000 batches (90.00%)
[03:04:02] Epoch [84/100] Loss: 1.0470 Accuracy: 73.69%
    [84] Processed 0/1000 batches (0.00%)
    [84] Processed 300/1000 batches (30.00%)
    [84] Processed 600/1000 batches (60.00%)
    [84] Processed 900/1000 batches (90.00%)
[03:24:18] Epoch [85/100] Loss: 1.0446 Accuracy: 73.89%
    [85] Processed 0/1000 batches (0.00%)
    [85] Processed 300/1000 batches (30.00%)
    [85] Processed 600/1000 batches (60.00%)
    [85] Processed 900/1000 batches (90.00%)
[03:44:34] Epoch [86/100] Loss: 1.0361 Accuracy: 73.44%
    [86] Processed 0/1000 batches (0.00%)
    [86] Processed 300/1000 batches (30.00%)
    [86] Processed 600/1000 batches (60.00%)
    [86] Processed 900/1000 batches (90.00%)
[04:04:49] Epoch [87/100] Loss: 1.0234 Accuracy: 73.87%
    [87] Processed 0/1000 batches (0.00%)
    [87] Processed 300/1000 batches (30.00%)
    [87] Processed 600/1000 batches (60.00%)
    [87] Processed 900/1000 batches (90.00%)
[04:25:06] Epoch [88/100] Loss: 1.0306 Accuracy: 74.15%
    [88] Processed 0/1000 batches (0.00%)
    [88] Processed 300/1000 batches (30.00%)
    [88] Processed 600/1000 batches (60.00%)
    [88] Processed 900/1000 batches (90.00%)
[04:45:27] Epoch [89/100] Loss: 1.0293 Accuracy: 73.96%
    [89] Processed 0/1000 batches (0.00%)
    [89] Processed 300/1000 batches (30.00%)
    [89] Processed 600/1000 batches (60.00%)
    [89] Processed 900/1000 batches (90.00%)
[05:05:46] Epoch [90/100] Loss: 1.0221 Accuracy: 73.97%
    [90] Processed 0/1000 batches (0.00%)
    [90] Processed 300/1000 batches (30.00%)
    [90] Processed 600/1000 batches (60.00%)
    [90] Processed 900/1000 batches (90.00%)
Checkpoint 91 saved to /virtual/drosari3/models/model-18000-RandomCrop-256-18-5e-05-100-wCE/checkpoints/checkpoint_epoch_91.pth
[05:26:01] Epoch [91/100] Loss: 1.0466 Accuracy: 73.77%
    [91] Processed 0/1000 batches (0.00%)
    [91] Processed 300/1000 batches (30.00%)
    [91] Processed 600/1000 batches (60.00%)
    [91] Processed 900/1000 batches (90.00%)
[05:46:15] Epoch [92/100] Loss: 1.0352 Accuracy: 73.98%
    [92] Processed 0/1000 batches (0.00%)
    [92] Processed 300/1000 batches (30.00%)
    [92] Processed 600/1000 batches (60.00%)
    [92] Processed 900/1000 batches (90.00%)
[06:06:31] Epoch [93/100] Loss: 1.0242 Accuracy: 74.30%
    [93] Processed 0/1000 batches (0.00%)
    [93] Processed 300/1000 batches (30.00%)
    [93] Processed 600/1000 batches (60.00%)
    [93] Processed 900/1000 batches (90.00%)
[06:26:51] Epoch [94/100] Loss: 1.0070 Accuracy: 74.28%
    [94] Processed 0/1000 batches (0.00%)
    [94] Processed 300/1000 batches (30.00%)
    [94] Processed 600/1000 batches (60.00%)
    [94] Processed 900/1000 batches (90.00%)
[06:47:09] Epoch [95/100] Loss: 1.0208 Accuracy: 74.29%
    [95] Processed 0/1000 batches (0.00%)
    [95] Processed 300/1000 batches (30.00%)
    [95] Processed 600/1000 batches (60.00%)
    [95] Processed 900/1000 batches (90.00%)
[07:07:29] Epoch [96/100] Loss: 1.0256 Accuracy: 74.18%
    [96] Processed 0/1000 batches (0.00%)
    [96] Processed 300/1000 batches (30.00%)
    [96] Processed 600/1000 batches (60.00%)
    [96] Processed 900/1000 batches (90.00%)
[07:27:45] Epoch [97/100] Loss: 1.0260 Accuracy: 74.06%
    [97] Processed 0/1000 batches (0.00%)
    [97] Processed 300/1000 batches (30.00%)
    [97] Processed 600/1000 batches (60.00%)
    [97] Processed 900/1000 batches (90.00%)
[07:48:02] Epoch [98/100] Loss: 1.0174 Accuracy: 74.07%
    [98] Processed 0/1000 batches (0.00%)
    [98] Processed 300/1000 batches (30.00%)
    [98] Processed 600/1000 batches (60.00%)
    [98] Processed 900/1000 batches (90.00%)
[08:08:16] Epoch [99/100] Loss: 1.0186 Accuracy: 74.22%
    [99] Processed 0/1000 batches (0.00%)
    [99] Processed 300/1000 batches (30.00%)
    [99] Processed 600/1000 batches (60.00%)
    [99] Processed 900/1000 batches (90.00%)
[08:28:34] Epoch [100/100] Loss: 1.0055 Accuracy: 74.56%
Testing Image: 0/112
Testing Image: 5/112
Testing Image: 10/112
Testing Image: 15/112
Testing Image: 20/112
Testing Image: 25/112
Testing Image: 30/112
Testing Image: 35/112
Testing Image: 40/112
Testing Image: 45/112
Testing Image: 50/112
Testing Image: 55/112
Testing Image: 60/112
Testing Image: 65/112
Testing Image: 70/112
Testing Image: 75/112
Testing Image: 80/112
Testing Image: 85/112
Testing Image: 90/112
Testing Image: 95/112
Testing Image: 100/112
Testing Image: 105/112
Testing Image: 110/112
Validation mIoU: 0.1416
Testing individual images...
Done
