Training unet-18000-256-20-crop-150-00005...
epochs=150 lr=0.0005, error=<function cross_entropy at 0x7f6572b41000>
    [0] Processed 0/900 batches (0.00%)
    [0] Processed 270/900 batches (30.00%)
    [0] Processed 540/900 batches (60.00%)
    [0] Processed 810/900 batches (90.00%)
Checkpoint 1 saved to /virtual/drosari3/models/unet-18000-256-20-crop-150-00005/unet-18000-256-20-crop-150-00005-checkpoint_epoch_1.pth
[15:54:06] Epoch [1/150] Loss: 1.7321 Accuracy: 57.84%
    [1] Processed 0/900 batches (0.00%)
    [1] Processed 270/900 batches (30.00%)
    [1] Processed 540/900 batches (60.00%)
    [1] Processed 810/900 batches (90.00%)
[16:04:53] Epoch [2/150] Loss: 1.3994 Accuracy: 64.06%
    [2] Processed 0/900 batches (0.00%)
    [2] Processed 270/900 batches (30.00%)
    [2] Processed 540/900 batches (60.00%)
    [2] Processed 810/900 batches (90.00%)
[16:15:40] Epoch [3/150] Loss: 1.2722 Accuracy: 67.56%
    [3] Processed 0/900 batches (0.00%)
    [3] Processed 270/900 batches (30.00%)
    [3] Processed 540/900 batches (60.00%)
    [3] Processed 810/900 batches (90.00%)
[16:26:27] Epoch [4/150] Loss: 1.1849 Accuracy: 69.90%
    [4] Processed 0/900 batches (0.00%)
    [4] Processed 270/900 batches (30.00%)
    [4] Processed 540/900 batches (60.00%)
    [4] Processed 810/900 batches (90.00%)
[16:37:13] Epoch [5/150] Loss: 1.1117 Accuracy: 71.72%
    [5] Processed 0/900 batches (0.00%)
    [5] Processed 270/900 batches (30.00%)
    [5] Processed 540/900 batches (60.00%)
    [5] Processed 810/900 batches (90.00%)
[16:47:58] Epoch [6/150] Loss: 1.0645 Accuracy: 72.96%
    [6] Processed 0/900 batches (0.00%)
    [6] Processed 270/900 batches (30.00%)
    [6] Processed 540/900 batches (60.00%)
    [6] Processed 810/900 batches (90.00%)
[16:58:44] Epoch [7/150] Loss: 1.0254 Accuracy: 73.95%
    [7] Processed 0/900 batches (0.00%)
    [7] Processed 270/900 batches (30.00%)
    [7] Processed 540/900 batches (60.00%)
    [7] Processed 810/900 batches (90.00%)
[17:09:29] Epoch [8/150] Loss: 0.9957 Accuracy: 74.53%
    [8] Processed 0/900 batches (0.00%)
    [8] Processed 270/900 batches (30.00%)
    [8] Processed 540/900 batches (60.00%)
    [8] Processed 810/900 batches (90.00%)
[17:20:14] Epoch [9/150] Loss: 0.9656 Accuracy: 75.32%
    [9] Processed 0/900 batches (0.00%)
    [9] Processed 270/900 batches (30.00%)
    [9] Processed 540/900 batches (60.00%)
    [9] Processed 810/900 batches (90.00%)
[17:30:59] Epoch [10/150] Loss: 0.9444 Accuracy: 75.74%
    [10] Processed 0/900 batches (0.00%)
    [10] Processed 270/900 batches (30.00%)
    [10] Processed 540/900 batches (60.00%)
    [10] Processed 810/900 batches (90.00%)
Checkpoint 11 saved to /virtual/drosari3/models/unet-18000-256-20-crop-150-00005/unet-18000-256-20-crop-150-00005-checkpoint_epoch_11.pth
[17:41:45] Epoch [11/150] Loss: 0.9158 Accuracy: 76.37%
    [11] Processed 0/900 batches (0.00%)
    [11] Processed 270/900 batches (30.00%)
    [11] Processed 540/900 batches (60.00%)
    [11] Processed 810/900 batches (90.00%)
[17:52:30] Epoch [12/150] Loss: 0.9041 Accuracy: 76.65%
    [12] Processed 0/900 batches (0.00%)
    [12] Processed 270/900 batches (30.00%)
    [12] Processed 540/900 batches (60.00%)
    [12] Processed 810/900 batches (90.00%)
[18:03:15] Epoch [13/150] Loss: 0.8775 Accuracy: 77.15%
    [13] Processed 0/900 batches (0.00%)
    [13] Processed 270/900 batches (30.00%)
    [13] Processed 540/900 batches (60.00%)
    [13] Processed 810/900 batches (90.00%)
[18:14:00] Epoch [14/150] Loss: 0.8573 Accuracy: 77.59%
    [14] Processed 0/900 batches (0.00%)
    [14] Processed 270/900 batches (30.00%)
    [14] Processed 540/900 batches (60.00%)
    [14] Processed 810/900 batches (90.00%)
[18:24:45] Epoch [15/150] Loss: 0.8322 Accuracy: 78.07%
    [15] Processed 0/900 batches (0.00%)
    [15] Processed 270/900 batches (30.00%)
    [15] Processed 540/900 batches (60.00%)
    [15] Processed 810/900 batches (90.00%)
[18:35:30] Epoch [16/150] Loss: 0.8163 Accuracy: 78.36%
    [16] Processed 0/900 batches (0.00%)
    [16] Processed 270/900 batches (30.00%)
    [16] Processed 540/900 batches (60.00%)
    [16] Processed 810/900 batches (90.00%)
[18:46:15] Epoch [17/150] Loss: 0.7871 Accuracy: 79.03%
    [17] Processed 0/900 batches (0.00%)
    [17] Processed 270/900 batches (30.00%)
    [17] Processed 540/900 batches (60.00%)
    [17] Processed 810/900 batches (90.00%)
[18:56:59] Epoch [18/150] Loss: 0.7680 Accuracy: 79.45%
    [18] Processed 0/900 batches (0.00%)
    [18] Processed 270/900 batches (30.00%)
    [18] Processed 540/900 batches (60.00%)
    [18] Processed 810/900 batches (90.00%)
[19:07:43] Epoch [19/150] Loss: 0.7485 Accuracy: 79.91%
    [19] Processed 0/900 batches (0.00%)
    [19] Processed 270/900 batches (30.00%)
    [19] Processed 540/900 batches (60.00%)
    [19] Processed 810/900 batches (90.00%)
[19:18:28] Epoch [20/150] Loss: 0.7297 Accuracy: 80.24%
    [20] Processed 0/900 batches (0.00%)
    [20] Processed 270/900 batches (30.00%)
    [20] Processed 540/900 batches (60.00%)
    [20] Processed 810/900 batches (90.00%)
Checkpoint 21 saved to /virtual/drosari3/models/unet-18000-256-20-crop-150-00005/unet-18000-256-20-crop-150-00005-checkpoint_epoch_21.pth
[19:29:13] Epoch [21/150] Loss: 0.7116 Accuracy: 80.60%
    [21] Processed 0/900 batches (0.00%)
    [21] Processed 270/900 batches (30.00%)
    [21] Processed 540/900 batches (60.00%)
    [21] Processed 810/900 batches (90.00%)
[19:39:57] Epoch [22/150] Loss: 0.6836 Accuracy: 81.26%
    [22] Processed 0/900 batches (0.00%)
    [22] Processed 270/900 batches (30.00%)
    [22] Processed 540/900 batches (60.00%)
    [22] Processed 810/900 batches (90.00%)
[19:50:41] Epoch [23/150] Loss: 0.6667 Accuracy: 81.66%
    [23] Processed 0/900 batches (0.00%)
    [23] Processed 270/900 batches (30.00%)
    [23] Processed 540/900 batches (60.00%)
    [23] Processed 810/900 batches (90.00%)
[20:01:26] Epoch [24/150] Loss: 0.6381 Accuracy: 82.34%
    [24] Processed 0/900 batches (0.00%)
    [24] Processed 270/900 batches (30.00%)
    [24] Processed 540/900 batches (60.00%)
    [24] Processed 810/900 batches (90.00%)
[20:12:11] Epoch [25/150] Loss: 0.6138 Accuracy: 82.91%
    [25] Processed 0/900 batches (0.00%)
    [25] Processed 270/900 batches (30.00%)
    [25] Processed 540/900 batches (60.00%)
    [25] Processed 810/900 batches (90.00%)
[20:22:56] Epoch [26/150] Loss: 0.5932 Accuracy: 83.41%
    [26] Processed 0/900 batches (0.00%)
    [26] Processed 270/900 batches (30.00%)
    [26] Processed 540/900 batches (60.00%)
    [26] Processed 810/900 batches (90.00%)
[20:33:41] Epoch [27/150] Loss: 0.5749 Accuracy: 83.91%
    [27] Processed 0/900 batches (0.00%)
    [27] Processed 270/900 batches (30.00%)
    [27] Processed 540/900 batches (60.00%)
    [27] Processed 810/900 batches (90.00%)
[20:44:26] Epoch [28/150] Loss: 0.5468 Accuracy: 84.64%
    [28] Processed 0/900 batches (0.00%)
    [28] Processed 270/900 batches (30.00%)
    [28] Processed 540/900 batches (60.00%)
    [28] Processed 810/900 batches (90.00%)
[20:55:11] Epoch [29/150] Loss: 0.5216 Accuracy: 85.22%
    [29] Processed 0/900 batches (0.00%)
    [29] Processed 270/900 batches (30.00%)
    [29] Processed 540/900 batches (60.00%)
    [29] Processed 810/900 batches (90.00%)
[21:05:56] Epoch [30/150] Loss: 0.5116 Accuracy: 85.50%
    [30] Processed 0/900 batches (0.00%)
    [30] Processed 270/900 batches (30.00%)
    [30] Processed 540/900 batches (60.00%)
    [30] Processed 810/900 batches (90.00%)
Checkpoint 31 saved to /virtual/drosari3/models/unet-18000-256-20-crop-150-00005/unet-18000-256-20-crop-150-00005-checkpoint_epoch_31.pth
[21:16:41] Epoch [31/150] Loss: 0.4898 Accuracy: 86.09%
    [31] Processed 0/900 batches (0.00%)
    [31] Processed 270/900 batches (30.00%)
    [31] Processed 540/900 batches (60.00%)
    [31] Processed 810/900 batches (90.00%)
[21:27:26] Epoch [32/150] Loss: 0.4591 Accuracy: 86.90%
    [32] Processed 0/900 batches (0.00%)
    [32] Processed 270/900 batches (30.00%)
    [32] Processed 540/900 batches (60.00%)
    [32] Processed 810/900 batches (90.00%)
[21:38:11] Epoch [33/150] Loss: 0.4489 Accuracy: 87.18%
    [33] Processed 0/900 batches (0.00%)
    [33] Processed 270/900 batches (30.00%)
    [33] Processed 540/900 batches (60.00%)
    [33] Processed 810/900 batches (90.00%)
[21:48:57] Epoch [34/150] Loss: 0.4267 Accuracy: 87.73%
    [34] Processed 0/900 batches (0.00%)
    [34] Processed 270/900 batches (30.00%)
    [34] Processed 540/900 batches (60.00%)
    [34] Processed 810/900 batches (90.00%)
[21:59:42] Epoch [35/150] Loss: 0.4081 Accuracy: 88.26%
    [35] Processed 0/900 batches (0.00%)
    [35] Processed 270/900 batches (30.00%)
    [35] Processed 540/900 batches (60.00%)
    [35] Processed 810/900 batches (90.00%)
[22:10:27] Epoch [36/150] Loss: 0.4030 Accuracy: 88.42%
    [36] Processed 0/900 batches (0.00%)
    [36] Processed 270/900 batches (30.00%)
    [36] Processed 540/900 batches (60.00%)
    [36] Processed 810/900 batches (90.00%)
[22:21:11] Epoch [37/150] Loss: 0.3793 Accuracy: 89.06%
    [37] Processed 0/900 batches (0.00%)
    [37] Processed 270/900 batches (30.00%)
    [37] Processed 540/900 batches (60.00%)
    [37] Processed 810/900 batches (90.00%)
[22:31:55] Epoch [38/150] Loss: 0.3744 Accuracy: 89.22%
    [38] Processed 0/900 batches (0.00%)
    [38] Processed 270/900 batches (30.00%)
    [38] Processed 540/900 batches (60.00%)
    [38] Processed 810/900 batches (90.00%)
[22:42:40] Epoch [39/150] Loss: 0.3439 Accuracy: 90.02%
    [39] Processed 0/900 batches (0.00%)
    [39] Processed 270/900 batches (30.00%)
    [39] Processed 540/900 batches (60.00%)
    [39] Processed 810/900 batches (90.00%)
[22:53:25] Epoch [40/150] Loss: 0.3279 Accuracy: 90.49%
    [40] Processed 0/900 batches (0.00%)
    [40] Processed 270/900 batches (30.00%)
    [40] Processed 540/900 batches (60.00%)
    [40] Processed 810/900 batches (90.00%)
Checkpoint 41 saved to /virtual/drosari3/models/unet-18000-256-20-crop-150-00005/unet-18000-256-20-crop-150-00005-checkpoint_epoch_41.pth
[23:04:10] Epoch [41/150] Loss: 0.3415 Accuracy: 90.14%
    [41] Processed 0/900 batches (0.00%)
    [41] Processed 270/900 batches (30.00%)
    [41] Processed 540/900 batches (60.00%)
    [41] Processed 810/900 batches (90.00%)
[23:14:56] Epoch [42/150] Loss: 0.3069 Accuracy: 91.07%
    [42] Processed 0/900 batches (0.00%)
    [42] Processed 270/900 batches (30.00%)
    [42] Processed 540/900 batches (60.00%)
    [42] Processed 810/900 batches (90.00%)
[23:25:42] Epoch [43/150] Loss: 0.3024 Accuracy: 91.20%
    [43] Processed 0/900 batches (0.00%)
    [43] Processed 270/900 batches (30.00%)
    [43] Processed 540/900 batches (60.00%)
    [43] Processed 810/900 batches (90.00%)
[23:36:28] Epoch [44/150] Loss: 0.2838 Accuracy: 91.69%
    [44] Processed 0/900 batches (0.00%)
    [44] Processed 270/900 batches (30.00%)
    [44] Processed 540/900 batches (60.00%)
    [44] Processed 810/900 batches (90.00%)
[23:47:15] Epoch [45/150] Loss: 0.2857 Accuracy: 91.63%
    [45] Processed 0/900 batches (0.00%)
    [45] Processed 270/900 batches (30.00%)
    [45] Processed 540/900 batches (60.00%)
    [45] Processed 810/900 batches (90.00%)
[23:58:01] Epoch [46/150] Loss: 0.2669 Accuracy: 92.18%
    [46] Processed 0/900 batches (0.00%)
    [46] Processed 270/900 batches (30.00%)
    [46] Processed 540/900 batches (60.00%)
    [46] Processed 810/900 batches (90.00%)
[00:08:48] Epoch [47/150] Loss: 0.2663 Accuracy: 92.20%
    [47] Processed 0/900 batches (0.00%)
    [47] Processed 270/900 batches (30.00%)
    [47] Processed 540/900 batches (60.00%)
    [47] Processed 810/900 batches (90.00%)
[00:19:35] Epoch [48/150] Loss: 0.2509 Accuracy: 92.64%
    [48] Processed 0/900 batches (0.00%)
    [48] Processed 270/900 batches (30.00%)
    [48] Processed 540/900 batches (60.00%)
    [48] Processed 810/900 batches (90.00%)
[00:30:23] Epoch [49/150] Loss: 0.2485 Accuracy: 92.72%
    [49] Processed 0/900 batches (0.00%)
    [49] Processed 270/900 batches (30.00%)
    [49] Processed 540/900 batches (60.00%)
    [49] Processed 810/900 batches (90.00%)
[00:41:10] Epoch [50/150] Loss: 0.2322 Accuracy: 93.17%
    [50] Processed 0/900 batches (0.00%)
    [50] Processed 270/900 batches (30.00%)
    [50] Processed 540/900 batches (60.00%)
    [50] Processed 810/900 batches (90.00%)
Checkpoint 51 saved to /virtual/drosari3/models/unet-18000-256-20-crop-150-00005/unet-18000-256-20-crop-150-00005-checkpoint_epoch_51.pth
[00:51:58] Epoch [51/150] Loss: 0.2271 Accuracy: 93.29%
    [51] Processed 0/900 batches (0.00%)
    [51] Processed 270/900 batches (30.00%)
    [51] Processed 540/900 batches (60.00%)
    [51] Processed 810/900 batches (90.00%)
[01:02:46] Epoch [52/150] Loss: 0.2161 Accuracy: 93.61%
    [52] Processed 0/900 batches (0.00%)
    [52] Processed 270/900 batches (30.00%)
    [52] Processed 540/900 batches (60.00%)
    [52] Processed 810/900 batches (90.00%)
[01:13:34] Epoch [53/150] Loss: 0.2132 Accuracy: 93.70%
    [53] Processed 0/900 batches (0.00%)
    [53] Processed 270/900 batches (30.00%)
    [53] Processed 540/900 batches (60.00%)
    [53] Processed 810/900 batches (90.00%)
[01:24:22] Epoch [54/150] Loss: 0.2126 Accuracy: 93.74%
    [54] Processed 0/900 batches (0.00%)
    [54] Processed 270/900 batches (30.00%)
    [54] Processed 540/900 batches (60.00%)
    [54] Processed 810/900 batches (90.00%)
[01:35:10] Epoch [55/150] Loss: 0.2086 Accuracy: 93.85%
    [55] Processed 0/900 batches (0.00%)
    [55] Processed 270/900 batches (30.00%)
    [55] Processed 540/900 batches (60.00%)
    [55] Processed 810/900 batches (90.00%)
[01:45:57] Epoch [56/150] Loss: 0.1987 Accuracy: 94.13%
    [56] Processed 0/900 batches (0.00%)
    [56] Processed 270/900 batches (30.00%)
    [56] Processed 540/900 batches (60.00%)
    [56] Processed 810/900 batches (90.00%)
[01:56:45] Epoch [57/150] Loss: 0.1951 Accuracy: 94.25%
    [57] Processed 0/900 batches (0.00%)
    [57] Processed 270/900 batches (30.00%)
    [57] Processed 540/900 batches (60.00%)
    [57] Processed 810/900 batches (90.00%)
[02:07:34] Epoch [58/150] Loss: 0.1853 Accuracy: 94.51%
    [58] Processed 0/900 batches (0.00%)
    [58] Processed 270/900 batches (30.00%)
    [58] Processed 540/900 batches (60.00%)
    [58] Processed 810/900 batches (90.00%)
[02:18:22] Epoch [59/150] Loss: 0.1806 Accuracy: 94.63%
    [59] Processed 0/900 batches (0.00%)
    [59] Processed 270/900 batches (30.00%)
    [59] Processed 540/900 batches (60.00%)
    [59] Processed 810/900 batches (90.00%)
[02:29:09] Epoch [60/150] Loss: 0.1936 Accuracy: 94.29%
    [60] Processed 0/900 batches (0.00%)
    [60] Processed 270/900 batches (30.00%)
    [60] Processed 540/900 batches (60.00%)
    [60] Processed 810/900 batches (90.00%)
Checkpoint 61 saved to /virtual/drosari3/models/unet-18000-256-20-crop-150-00005/unet-18000-256-20-crop-150-00005-checkpoint_epoch_61.pth
[02:39:58] Epoch [61/150] Loss: 0.1695 Accuracy: 94.96%
    [61] Processed 0/900 batches (0.00%)
    [61] Processed 270/900 batches (30.00%)
    [61] Processed 540/900 batches (60.00%)
    [61] Processed 810/900 batches (90.00%)
[02:50:46] Epoch [62/150] Loss: 0.1710 Accuracy: 94.89%
    [62] Processed 0/900 batches (0.00%)
    [62] Processed 270/900 batches (30.00%)
    [62] Processed 540/900 batches (60.00%)
    [62] Processed 810/900 batches (90.00%)
[03:01:34] Epoch [63/150] Loss: 0.1877 Accuracy: 94.48%
    [63] Processed 0/900 batches (0.00%)
    [63] Processed 270/900 batches (30.00%)
    [63] Processed 540/900 batches (60.00%)
    [63] Processed 810/900 batches (90.00%)
[03:12:21] Epoch [64/150] Loss: 0.1562 Accuracy: 95.33%
    [64] Processed 0/900 batches (0.00%)
    [64] Processed 270/900 batches (30.00%)
    [64] Processed 540/900 batches (60.00%)
    [64] Processed 810/900 batches (90.00%)
[03:23:09] Epoch [65/150] Loss: 0.1565 Accuracy: 95.31%
    [65] Processed 0/900 batches (0.00%)
    [65] Processed 270/900 batches (30.00%)
    [65] Processed 540/900 batches (60.00%)
    [65] Processed 810/900 batches (90.00%)
[03:33:57] Epoch [66/150] Loss: 0.1898 Accuracy: 94.41%
    [66] Processed 0/900 batches (0.00%)
    [66] Processed 270/900 batches (30.00%)
    [66] Processed 540/900 batches (60.00%)
    [66] Processed 810/900 batches (90.00%)
[03:44:45] Epoch [67/150] Loss: 0.1362 Accuracy: 95.86%
    [67] Processed 0/900 batches (0.00%)
    [67] Processed 270/900 batches (30.00%)
    [67] Processed 540/900 batches (60.00%)
    [67] Processed 810/900 batches (90.00%)
[03:55:34] Epoch [68/150] Loss: 0.1329 Accuracy: 95.96%
    [68] Processed 0/900 batches (0.00%)
    [68] Processed 270/900 batches (30.00%)
    [68] Processed 540/900 batches (60.00%)
    [68] Processed 810/900 batches (90.00%)
[04:06:22] Epoch [69/150] Loss: 0.1698 Accuracy: 94.94%
    [69] Processed 0/900 batches (0.00%)
    [69] Processed 270/900 batches (30.00%)
    [69] Processed 540/900 batches (60.00%)
    [69] Processed 810/900 batches (90.00%)
[04:17:10] Epoch [70/150] Loss: 0.1437 Accuracy: 95.64%
    [70] Processed 0/900 batches (0.00%)
    [70] Processed 270/900 batches (30.00%)
    [70] Processed 540/900 batches (60.00%)
    [70] Processed 810/900 batches (90.00%)
Checkpoint 71 saved to /virtual/drosari3/models/unet-18000-256-20-crop-150-00005/unet-18000-256-20-crop-150-00005-checkpoint_epoch_71.pth
[04:27:58] Epoch [71/150] Loss: 0.1567 Accuracy: 95.30%
    [71] Processed 0/900 batches (0.00%)
    [71] Processed 270/900 batches (30.00%)
    [71] Processed 540/900 batches (60.00%)
    [71] Processed 810/900 batches (90.00%)
[04:38:47] Epoch [72/150] Loss: 0.1356 Accuracy: 95.89%
    [72] Processed 0/900 batches (0.00%)
    [72] Processed 270/900 batches (30.00%)
    [72] Processed 540/900 batches (60.00%)
    [72] Processed 810/900 batches (90.00%)
[04:49:36] Epoch [73/150] Loss: 0.1476 Accuracy: 95.55%
    [73] Processed 0/900 batches (0.00%)
    [73] Processed 270/900 batches (30.00%)
    [73] Processed 540/900 batches (60.00%)
    [73] Processed 810/900 batches (90.00%)
[05:00:24] Epoch [74/150] Loss: 0.1196 Accuracy: 96.31%
    [74] Processed 0/900 batches (0.00%)
    [74] Processed 270/900 batches (30.00%)
    [74] Processed 540/900 batches (60.00%)
    [74] Processed 810/900 batches (90.00%)
[05:11:10] Epoch [75/150] Loss: 0.1369 Accuracy: 95.84%
    [75] Processed 0/900 batches (0.00%)
    [75] Processed 270/900 batches (30.00%)
    [75] Processed 540/900 batches (60.00%)
    [75] Processed 810/900 batches (90.00%)
[05:21:58] Epoch [76/150] Loss: 0.1315 Accuracy: 95.98%
    [76] Processed 0/900 batches (0.00%)
    [76] Processed 270/900 batches (30.00%)
    [76] Processed 540/900 batches (60.00%)
    [76] Processed 810/900 batches (90.00%)
[05:32:46] Epoch [77/150] Loss: 0.1430 Accuracy: 95.66%
    [77] Processed 0/900 batches (0.00%)
    [77] Processed 270/900 batches (30.00%)
    [77] Processed 540/900 batches (60.00%)
    [77] Processed 810/900 batches (90.00%)
[05:43:34] Epoch [78/150] Loss: 0.1107 Accuracy: 96.55%
    [78] Processed 0/900 batches (0.00%)
    [78] Processed 270/900 batches (30.00%)
    [78] Processed 540/900 batches (60.00%)
    [78] Processed 810/900 batches (90.00%)
[05:54:21] Epoch [79/150] Loss: 0.1383 Accuracy: 95.79%
    [79] Processed 0/900 batches (0.00%)
    [79] Processed 270/900 batches (30.00%)
    [79] Processed 540/900 batches (60.00%)
    [79] Processed 810/900 batches (90.00%)
[06:05:09] Epoch [80/150] Loss: 0.1365 Accuracy: 95.84%
    [80] Processed 0/900 batches (0.00%)
    [80] Processed 270/900 batches (30.00%)
    [80] Processed 540/900 batches (60.00%)
    [80] Processed 810/900 batches (90.00%)
Checkpoint 81 saved to /virtual/drosari3/models/unet-18000-256-20-crop-150-00005/unet-18000-256-20-crop-150-00005-checkpoint_epoch_81.pth
[06:15:57] Epoch [81/150] Loss: 0.1193 Accuracy: 96.31%
    [81] Processed 0/900 batches (0.00%)
    [81] Processed 270/900 batches (30.00%)
    [81] Processed 540/900 batches (60.00%)
    [81] Processed 810/900 batches (90.00%)
[06:26:45] Epoch [82/150] Loss: 0.1234 Accuracy: 96.20%
    [82] Processed 0/900 batches (0.00%)
    [82] Processed 270/900 batches (30.00%)
    [82] Processed 540/900 batches (60.00%)
    [82] Processed 810/900 batches (90.00%)
[06:37:30] Epoch [83/150] Loss: 0.1118 Accuracy: 96.50%
    [83] Processed 0/900 batches (0.00%)
    [83] Processed 270/900 batches (30.00%)
    [83] Processed 540/900 batches (60.00%)
    [83] Processed 810/900 batches (90.00%)
[06:48:16] Epoch [84/150] Loss: 0.1227 Accuracy: 96.22%
    [84] Processed 0/900 batches (0.00%)
    [84] Processed 270/900 batches (30.00%)
    [84] Processed 540/900 batches (60.00%)
    [84] Processed 810/900 batches (90.00%)
[06:59:02] Epoch [85/150] Loss: 0.1129 Accuracy: 96.50%
    [85] Processed 0/900 batches (0.00%)
    [85] Processed 270/900 batches (30.00%)
    [85] Processed 540/900 batches (60.00%)
    [85] Processed 810/900 batches (90.00%)
[07:09:47] Epoch [86/150] Loss: 0.1110 Accuracy: 96.52%
    [86] Processed 0/900 batches (0.00%)
    [86] Processed 270/900 batches (30.00%)
    [86] Processed 540/900 batches (60.00%)
    [86] Processed 810/900 batches (90.00%)
[07:20:31] Epoch [87/150] Loss: 0.1349 Accuracy: 95.89%
    [87] Processed 0/900 batches (0.00%)
    [87] Processed 270/900 batches (30.00%)
    [87] Processed 540/900 batches (60.00%)
    [87] Processed 810/900 batches (90.00%)
[07:31:16] Epoch [88/150] Loss: 0.1041 Accuracy: 96.72%
    [88] Processed 0/900 batches (0.00%)
    [88] Processed 270/900 batches (30.00%)
    [88] Processed 540/900 batches (60.00%)
    [88] Processed 810/900 batches (90.00%)
[07:42:02] Epoch [89/150] Loss: 0.1018 Accuracy: 96.79%
    [89] Processed 0/900 batches (0.00%)
    [89] Processed 270/900 batches (30.00%)
    [89] Processed 540/900 batches (60.00%)
    [89] Processed 810/900 batches (90.00%)
[07:52:46] Epoch [90/150] Loss: 0.1210 Accuracy: 96.25%
    [90] Processed 0/900 batches (0.00%)
    [90] Processed 270/900 batches (30.00%)
    [90] Processed 540/900 batches (60.00%)
    [90] Processed 810/900 batches (90.00%)
Checkpoint 91 saved to /virtual/drosari3/models/unet-18000-256-20-crop-150-00005/unet-18000-256-20-crop-150-00005-checkpoint_epoch_91.pth
[08:03:31] Epoch [91/150] Loss: 0.0985 Accuracy: 96.88%
    [91] Processed 0/900 batches (0.00%)
    [91] Processed 270/900 batches (30.00%)
    [91] Processed 540/900 batches (60.00%)
    [91] Processed 810/900 batches (90.00%)
[08:14:16] Epoch [92/150] Loss: 0.1076 Accuracy: 96.65%
    [92] Processed 0/900 batches (0.00%)
    [92] Processed 270/900 batches (30.00%)
    [92] Processed 540/900 batches (60.00%)
    [92] Processed 810/900 batches (90.00%)
[08:25:01] Epoch [93/150] Loss: 0.1323 Accuracy: 95.94%
    [93] Processed 0/900 batches (0.00%)
    [93] Processed 270/900 batches (30.00%)
    [93] Processed 540/900 batches (60.00%)
    [93] Processed 810/900 batches (90.00%)
[08:35:46] Epoch [94/150] Loss: 0.0924 Accuracy: 97.03%
    [94] Processed 0/900 batches (0.00%)
    [94] Processed 270/900 batches (30.00%)
    [94] Processed 540/900 batches (60.00%)
    [94] Processed 810/900 batches (90.00%)
[08:46:30] Epoch [95/150] Loss: 0.1121 Accuracy: 96.53%
    [95] Processed 0/900 batches (0.00%)
    [95] Processed 270/900 batches (30.00%)
    [95] Processed 540/900 batches (60.00%)
    [95] Processed 810/900 batches (90.00%)
[08:57:15] Epoch [96/150] Loss: 0.0802 Accuracy: 97.38%
    [96] Processed 0/900 batches (0.00%)
    [96] Processed 270/900 batches (30.00%)
    [96] Processed 540/900 batches (60.00%)
    [96] Processed 810/900 batches (90.00%)
[09:07:59] Epoch [97/150] Loss: 0.1045 Accuracy: 96.69%
    [97] Processed 0/900 batches (0.00%)
    [97] Processed 270/900 batches (30.00%)
    [97] Processed 540/900 batches (60.00%)
    [97] Processed 810/900 batches (90.00%)
[09:18:44] Epoch [98/150] Loss: 0.1158 Accuracy: 96.40%
    [98] Processed 0/900 batches (0.00%)
    [98] Processed 270/900 batches (30.00%)
    [98] Processed 540/900 batches (60.00%)
    [98] Processed 810/900 batches (90.00%)
[09:29:29] Epoch [99/150] Loss: 0.0822 Accuracy: 97.32%
    [99] Processed 0/900 batches (0.00%)
    [99] Processed 270/900 batches (30.00%)
    [99] Processed 540/900 batches (60.00%)
    [99] Processed 810/900 batches (90.00%)
[09:40:13] Epoch [100/150] Loss: 0.1081 Accuracy: 96.64%
    [100] Processed 0/900 batches (0.00%)
    [100] Processed 270/900 batches (30.00%)
    [100] Processed 540/900 batches (60.00%)
    [100] Processed 810/900 batches (90.00%)
Checkpoint 101 saved to /virtual/drosari3/models/unet-18000-256-20-crop-150-00005/unet-18000-256-20-crop-150-00005-checkpoint_epoch_101.pth
[09:50:58] Epoch [101/150] Loss: 0.1129 Accuracy: 96.52%
    [101] Processed 0/900 batches (0.00%)
    [101] Processed 270/900 batches (30.00%)
    [101] Processed 540/900 batches (60.00%)
    [101] Processed 810/900 batches (90.00%)
[10:01:42] Epoch [102/150] Loss: 0.0993 Accuracy: 96.86%
    [102] Processed 0/900 batches (0.00%)
    [102] Processed 270/900 batches (30.00%)
    [102] Processed 540/900 batches (60.00%)
    [102] Processed 810/900 batches (90.00%)
[10:12:27] Epoch [103/150] Loss: 0.0931 Accuracy: 97.05%
    [103] Processed 0/900 batches (0.00%)
    [103] Processed 270/900 batches (30.00%)
    [103] Processed 540/900 batches (60.00%)
    [103] Processed 810/900 batches (90.00%)
[10:23:11] Epoch [104/150] Loss: 0.0959 Accuracy: 96.95%
    [104] Processed 0/900 batches (0.00%)
    [104] Processed 270/900 batches (30.00%)
    [104] Processed 540/900 batches (60.00%)
    [104] Processed 810/900 batches (90.00%)
[10:33:55] Epoch [105/150] Loss: 0.0763 Accuracy: 97.47%
    [105] Processed 0/900 batches (0.00%)
    [105] Processed 270/900 batches (30.00%)
    [105] Processed 540/900 batches (60.00%)
    [105] Processed 810/900 batches (90.00%)
[10:44:39] Epoch [106/150] Loss: 0.1192 Accuracy: 96.36%
    [106] Processed 0/900 batches (0.00%)
    [106] Processed 270/900 batches (30.00%)
    [106] Processed 540/900 batches (60.00%)
    [106] Processed 810/900 batches (90.00%)
[10:55:23] Epoch [107/150] Loss: 0.0992 Accuracy: 96.85%
    [107] Processed 0/900 batches (0.00%)
    [107] Processed 270/900 batches (30.00%)
    [107] Processed 540/900 batches (60.00%)
    [107] Processed 810/900 batches (90.00%)
[11:06:08] Epoch [108/150] Loss: 0.0946 Accuracy: 96.99%
    [108] Processed 0/900 batches (0.00%)
    [108] Processed 270/900 batches (30.00%)
    [108] Processed 540/900 batches (60.00%)
    [108] Processed 810/900 batches (90.00%)
[11:16:52] Epoch [109/150] Loss: 0.0744 Accuracy: 97.53%
    [109] Processed 0/900 batches (0.00%)
    [109] Processed 270/900 batches (30.00%)
    [109] Processed 540/900 batches (60.00%)
    [109] Processed 810/900 batches (90.00%)
[11:27:36] Epoch [110/150] Loss: 0.0678 Accuracy: 97.72%
    [110] Processed 0/900 batches (0.00%)
    [110] Processed 270/900 batches (30.00%)
    [110] Processed 540/900 batches (60.00%)
    [110] Processed 810/900 batches (90.00%)
Checkpoint 111 saved to /virtual/drosari3/models/unet-18000-256-20-crop-150-00005/unet-18000-256-20-crop-150-00005-checkpoint_epoch_111.pth
[11:38:20] Epoch [111/150] Loss: 0.1347 Accuracy: 95.94%
    [111] Processed 0/900 batches (0.00%)
    [111] Processed 270/900 batches (30.00%)
    [111] Processed 540/900 batches (60.00%)
    [111] Processed 810/900 batches (90.00%)
[11:49:03] Epoch [112/150] Loss: 0.0875 Accuracy: 97.17%
    [112] Processed 0/900 batches (0.00%)
    [112] Processed 270/900 batches (30.00%)
    [112] Processed 540/900 batches (60.00%)
    [112] Processed 810/900 batches (90.00%)
[11:59:46] Epoch [113/150] Loss: 0.0684 Accuracy: 97.71%
    [113] Processed 0/900 batches (0.00%)
    [113] Processed 270/900 batches (30.00%)
    [113] Processed 540/900 batches (60.00%)
    [113] Processed 810/900 batches (90.00%)
[12:10:29] Epoch [114/150] Loss: 0.1069 Accuracy: 96.65%
    [114] Processed 0/900 batches (0.00%)
    [114] Processed 270/900 batches (30.00%)
    [114] Processed 540/900 batches (60.00%)
    [114] Processed 810/900 batches (90.00%)
[12:21:12] Epoch [115/150] Loss: 0.0866 Accuracy: 97.21%
    [115] Processed 0/900 batches (0.00%)
    [115] Processed 270/900 batches (30.00%)
    [115] Processed 540/900 batches (60.00%)
    [115] Processed 810/900 batches (90.00%)
[12:31:56] Epoch [116/150] Loss: 0.0768 Accuracy: 97.48%
    [116] Processed 0/900 batches (0.00%)
    [116] Processed 270/900 batches (30.00%)
    [116] Processed 540/900 batches (60.00%)
    [116] Processed 810/900 batches (90.00%)
[12:42:39] Epoch [117/150] Loss: 0.0864 Accuracy: 97.22%
    [117] Processed 0/900 batches (0.00%)
    [117] Processed 270/900 batches (30.00%)
    [117] Processed 540/900 batches (60.00%)
    [117] Processed 810/900 batches (90.00%)
[12:53:23] Epoch [118/150] Loss: 0.0709 Accuracy: 97.63%
    [118] Processed 0/900 batches (0.00%)
    [118] Processed 270/900 batches (30.00%)
    [118] Processed 540/900 batches (60.00%)
    [118] Processed 810/900 batches (90.00%)
[13:04:08] Epoch [119/150] Loss: 0.1218 Accuracy: 96.31%
    [119] Processed 0/900 batches (0.00%)
    [119] Processed 270/900 batches (30.00%)
    [119] Processed 540/900 batches (60.00%)
    [119] Processed 810/900 batches (90.00%)
[13:14:52] Epoch [120/150] Loss: 0.0748 Accuracy: 97.53%
    [120] Processed 0/900 batches (0.00%)
    [120] Processed 270/900 batches (30.00%)
    [120] Processed 540/900 batches (60.00%)
    [120] Processed 810/900 batches (90.00%)
Checkpoint 121 saved to /virtual/drosari3/models/unet-18000-256-20-crop-150-00005/unet-18000-256-20-crop-150-00005-checkpoint_epoch_121.pth
[13:25:36] Epoch [121/150] Loss: 0.0927 Accuracy: 97.06%
    [121] Processed 0/900 batches (0.00%)
    [121] Processed 270/900 batches (30.00%)
    [121] Processed 540/900 batches (60.00%)
    [121] Processed 810/900 batches (90.00%)
[13:36:20] Epoch [122/150] Loss: 0.0703 Accuracy: 97.65%
    [122] Processed 0/900 batches (0.00%)
    [122] Processed 270/900 batches (30.00%)
    [122] Processed 540/900 batches (60.00%)
    [122] Processed 810/900 batches (90.00%)
[13:47:05] Epoch [123/150] Loss: 0.0621 Accuracy: 97.88%
    [123] Processed 0/900 batches (0.00%)
    [123] Processed 270/900 batches (30.00%)
    [123] Processed 540/900 batches (60.00%)
    [123] Processed 810/900 batches (90.00%)
[13:57:50] Epoch [124/150] Loss: 0.0681 Accuracy: 97.72%
    [124] Processed 0/900 batches (0.00%)
    [124] Processed 270/900 batches (30.00%)
    [124] Processed 540/900 batches (60.00%)
    [124] Processed 810/900 batches (90.00%)
[14:08:34] Epoch [125/150] Loss: 0.1184 Accuracy: 96.40%
    [125] Processed 0/900 batches (0.00%)
    [125] Processed 270/900 batches (30.00%)
    [125] Processed 540/900 batches (60.00%)
    [125] Processed 810/900 batches (90.00%)
[14:19:18] Epoch [126/150] Loss: 0.0649 Accuracy: 97.80%
    [126] Processed 0/900 batches (0.00%)
    [126] Processed 270/900 batches (30.00%)
    [126] Processed 540/900 batches (60.00%)
    [126] Processed 810/900 batches (90.00%)
[14:30:02] Epoch [127/150] Loss: 0.0573 Accuracy: 98.02%
    [127] Processed 0/900 batches (0.00%)
    [127] Processed 270/900 batches (30.00%)
    [127] Processed 540/900 batches (60.00%)
    [127] Processed 810/900 batches (90.00%)
[14:40:46] Epoch [128/150] Loss: 0.1200 Accuracy: 96.38%
    [128] Processed 0/900 batches (0.00%)
    [128] Processed 270/900 batches (30.00%)
    [128] Processed 540/900 batches (60.00%)
    [128] Processed 810/900 batches (90.00%)
[14:51:31] Epoch [129/150] Loss: 0.0810 Accuracy: 97.37%
    [129] Processed 0/900 batches (0.00%)
    [129] Processed 270/900 batches (30.00%)
    [129] Processed 540/900 batches (60.00%)
    [129] Processed 810/900 batches (90.00%)
[15:02:15] Epoch [130/150] Loss: 0.0636 Accuracy: 97.84%
    [130] Processed 0/900 batches (0.00%)
    [130] Processed 270/900 batches (30.00%)
    [130] Processed 540/900 batches (60.00%)
    [130] Processed 810/900 batches (90.00%)
Checkpoint 131 saved to /virtual/drosari3/models/unet-18000-256-20-crop-150-00005/unet-18000-256-20-crop-150-00005-checkpoint_epoch_131.pth
[15:12:59] Epoch [131/150] Loss: 0.0564 Accuracy: 98.04%
    [131] Processed 0/900 batches (0.00%)
    [131] Processed 270/900 batches (30.00%)
    [131] Processed 540/900 batches (60.00%)
    [131] Processed 810/900 batches (90.00%)
[15:23:43] Epoch [132/150] Loss: 0.1030 Accuracy: 96.89%
    [132] Processed 0/900 batches (0.00%)
    [132] Processed 270/900 batches (30.00%)
    [132] Processed 540/900 batches (60.00%)
    [132] Processed 810/900 batches (90.00%)
[15:34:27] Epoch [133/150] Loss: 0.1002 Accuracy: 96.85%
    [133] Processed 0/900 batches (0.00%)
    [133] Processed 270/900 batches (30.00%)
    [133] Processed 540/900 batches (60.00%)
    [133] Processed 810/900 batches (90.00%)
[15:45:11] Epoch [134/150] Loss: 0.0637 Accuracy: 97.83%
    [134] Processed 0/900 batches (0.00%)
    [134] Processed 270/900 batches (30.00%)
    [134] Processed 540/900 batches (60.00%)
    [134] Processed 810/900 batches (90.00%)
[15:55:55] Epoch [135/150] Loss: 0.0523 Accuracy: 98.17%
    [135] Processed 0/900 batches (0.00%)
    [135] Processed 270/900 batches (30.00%)
    [135] Processed 540/900 batches (60.00%)
    [135] Processed 810/900 batches (90.00%)
[16:06:39] Epoch [136/150] Loss: 0.1048 Accuracy: 96.75%
    [136] Processed 0/900 batches (0.00%)
    [136] Processed 270/900 batches (30.00%)
    [136] Processed 540/900 batches (60.00%)
    [136] Processed 810/900 batches (90.00%)
[16:17:23] Epoch [137/150] Loss: 0.0806 Accuracy: 97.42%
    [137] Processed 0/900 batches (0.00%)
    [137] Processed 270/900 batches (30.00%)
    [137] Processed 540/900 batches (60.00%)
    [137] Processed 810/900 batches (90.00%)
[16:28:07] Epoch [138/150] Loss: 0.0740 Accuracy: 97.57%
    [138] Processed 0/900 batches (0.00%)
    [138] Processed 270/900 batches (30.00%)
    [138] Processed 540/900 batches (60.00%)
    [138] Processed 810/900 batches (90.00%)
[16:38:51] Epoch [139/150] Loss: 0.0640 Accuracy: 97.85%
    [139] Processed 0/900 batches (0.00%)
    [139] Processed 270/900 batches (30.00%)
    [139] Processed 540/900 batches (60.00%)
    [139] Processed 810/900 batches (90.00%)
[16:49:35] Epoch [140/150] Loss: 0.1020 Accuracy: 96.86%
    [140] Processed 0/900 batches (0.00%)
    [140] Processed 270/900 batches (30.00%)
    [140] Processed 540/900 batches (60.00%)
    [140] Processed 810/900 batches (90.00%)
Checkpoint 141 saved to /virtual/drosari3/models/unet-18000-256-20-crop-150-00005/unet-18000-256-20-crop-150-00005-checkpoint_epoch_141.pth
[17:00:19] Epoch [141/150] Loss: 0.0676 Accuracy: 97.75%
    [141] Processed 0/900 batches (0.00%)
    [141] Processed 270/900 batches (30.00%)
    [141] Processed 540/900 batches (60.00%)
    [141] Processed 810/900 batches (90.00%)
[17:11:03] Epoch [142/150] Loss: 0.0761 Accuracy: 97.52%
    [142] Processed 0/900 batches (0.00%)
    [142] Processed 270/900 batches (30.00%)
    [142] Processed 540/900 batches (60.00%)
    [142] Processed 810/900 batches (90.00%)
[17:21:48] Epoch [143/150] Loss: 0.0653 Accuracy: 97.79%
    [143] Processed 0/900 batches (0.00%)
    [143] Processed 270/900 batches (30.00%)
    [143] Processed 540/900 batches (60.00%)
    [143] Processed 810/900 batches (90.00%)
[17:32:33] Epoch [144/150] Loss: 0.0603 Accuracy: 97.94%
    [144] Processed 0/900 batches (0.00%)
    [144] Processed 270/900 batches (30.00%)
    [144] Processed 540/900 batches (60.00%)
    [144] Processed 810/900 batches (90.00%)
[17:43:17] Epoch [145/150] Loss: 0.0930 Accuracy: 97.07%
    [145] Processed 0/900 batches (0.00%)
    [145] Processed 270/900 batches (30.00%)
    [145] Processed 540/900 batches (60.00%)
    [145] Processed 810/900 batches (90.00%)
[17:54:00] Epoch [146/150] Loss: 0.0635 Accuracy: 97.86%
    [146] Processed 0/900 batches (0.00%)
    [146] Processed 270/900 batches (30.00%)
    [146] Processed 540/900 batches (60.00%)
    [146] Processed 810/900 batches (90.00%)
[18:04:42] Epoch [147/150] Loss: 0.0869 Accuracy: 97.26%
    [147] Processed 0/900 batches (0.00%)
    [147] Processed 270/900 batches (30.00%)
    [147] Processed 540/900 batches (60.00%)
    [147] Processed 810/900 batches (90.00%)
[18:15:25] Epoch [148/150] Loss: 0.0750 Accuracy: 97.54%
    [148] Processed 0/900 batches (0.00%)
    [148] Processed 270/900 batches (30.00%)
    [148] Processed 540/900 batches (60.00%)
    [148] Processed 810/900 batches (90.00%)
[18:26:08] Epoch [149/150] Loss: 0.0542 Accuracy: 98.11%
    [149] Processed 0/900 batches (0.00%)
    [149] Processed 270/900 batches (30.00%)
    [149] Processed 540/900 batches (60.00%)
    [149] Processed 810/900 batches (90.00%)
[18:36:51] Epoch [150/150] Loss: 0.0482 Accuracy: 98.29%
Evaluating /virtual/csc490_mapillary/models/unet-18000-256-20-crop-150-00005/unet-18000-256-20-crop-150-00005.pth...
Traceback (most recent call last):
  File "/virtual/drosari3/csc490-mapillary-vistas/main.py", line 72, in <module>
    model.load_state_dict(torch.load(saved_model_path))
  File "/usr/local/lib/python3.10/dist-packages/torch/serialization.py", line 791, in load
    with _open_file_like(f, 'rb') as opened_file:
  File "/usr/local/lib/python3.10/dist-packages/torch/serialization.py", line 271, in _open_file_like
    return _open_file(name_or_buffer, mode)
  File "/usr/local/lib/python3.10/dist-packages/torch/serialization.py", line 252, in __init__
    super().__init__(open(name, mode))
FileNotFoundError: [Errno 2] No such file or directory: '/virtual/csc490_mapillary/models/unet-18000-256-20-crop-150-00005/unet-18000-256-20-crop-150-00005.pth'
