Training unet-18000-256-20-crop-50-00001...
epochs=50 lr=0.0001, error=<function cross_entropy at 0x7f4092befa30>
    [0] Processed 0/900 batches (0.00%)
    [0] Processed 270/900 batches (30.00%)
    [0] Processed 540/900 batches (60.00%)
    [0] Processed 810/900 batches (90.00%)
Checkpoint 1 saved to /virtual/drosari3/models/unet-18000-256-20-crop-50-00001/unet-18000-256-20-crop-50-00001-checkpoint_epoch_1.pth
[23:50:45] Epoch [1/50] Loss: 1.7981 Accuracy: 55.73%
    [1] Processed 0/900 batches (0.00%)
    [1] Processed 270/900 batches (30.00%)
    [1] Processed 540/900 batches (60.00%)
    [1] Processed 810/900 batches (90.00%)
[00:40:46] Epoch [2/50] Loss: 1.4981 Accuracy: 61.56%
    [2] Processed 0/900 batches (0.00%)
    [2] Processed 270/900 batches (30.00%)
    [2] Processed 540/900 batches (60.00%)
    [2] Processed 810/900 batches (90.00%)
[01:30:43] Epoch [3/50] Loss: 1.3498 Accuracy: 65.18%
    [3] Processed 0/900 batches (0.00%)
    [3] Processed 270/900 batches (30.00%)
    [3] Processed 540/900 batches (60.00%)
    [3] Processed 810/900 batches (90.00%)
[02:20:40] Epoch [4/50] Loss: 1.2568 Accuracy: 68.00%
    [4] Processed 0/900 batches (0.00%)
    [4] Processed 270/900 batches (30.00%)
    [4] Processed 540/900 batches (60.00%)
    [4] Processed 810/900 batches (90.00%)
[03:10:39] Epoch [5/50] Loss: 1.1843 Accuracy: 70.04%
    [5] Processed 0/900 batches (0.00%)
    [5] Processed 270/900 batches (30.00%)
    [5] Processed 540/900 batches (60.00%)
    [5] Processed 810/900 batches (90.00%)
[04:00:32] Epoch [6/50] Loss: 1.1233 Accuracy: 71.83%
    [6] Processed 0/900 batches (0.00%)
    [6] Processed 270/900 batches (30.00%)
    [6] Processed 540/900 batches (60.00%)
    [6] Processed 810/900 batches (90.00%)
[04:50:33] Epoch [7/50] Loss: 1.0823 Accuracy: 72.80%
    [7] Processed 0/900 batches (0.00%)
    [7] Processed 270/900 batches (30.00%)
    [7] Processed 540/900 batches (60.00%)
    [7] Processed 810/900 batches (90.00%)
[05:40:29] Epoch [8/50] Loss: 1.0370 Accuracy: 73.92%
    [8] Processed 0/900 batches (0.00%)
    [8] Processed 270/900 batches (30.00%)
    [8] Processed 540/900 batches (60.00%)
    [8] Processed 810/900 batches (90.00%)
[06:30:30] Epoch [9/50] Loss: 1.0075 Accuracy: 74.50%
    [9] Processed 0/900 batches (0.00%)
    [9] Processed 270/900 batches (30.00%)
    [9] Processed 540/900 batches (60.00%)
    [9] Processed 810/900 batches (90.00%)
[07:20:31] Epoch [10/50] Loss: 0.9718 Accuracy: 75.26%
    [10] Processed 0/900 batches (0.00%)
    [10] Processed 270/900 batches (30.00%)
    [10] Processed 540/900 batches (60.00%)
    [10] Processed 810/900 batches (90.00%)
Checkpoint 11 saved to /virtual/drosari3/models/unet-18000-256-20-crop-50-00001/unet-18000-256-20-crop-50-00001-checkpoint_epoch_11.pth
[08:10:28] Epoch [11/50] Loss: 0.9401 Accuracy: 75.88%
    [11] Processed 0/900 batches (0.00%)
    [11] Processed 270/900 batches (30.00%)
    [11] Processed 540/900 batches (60.00%)
    [11] Processed 810/900 batches (90.00%)
[09:00:25] Epoch [12/50] Loss: 0.9123 Accuracy: 76.53%
    [12] Processed 0/900 batches (0.00%)
    [12] Processed 270/900 batches (30.00%)
    [12] Processed 540/900 batches (60.00%)
    [12] Processed 810/900 batches (90.00%)
[09:50:13] Epoch [13/50] Loss: 0.8848 Accuracy: 77.06%
    [13] Processed 0/900 batches (0.00%)
    [13] Processed 270/900 batches (30.00%)
    [13] Processed 540/900 batches (60.00%)
    [13] Processed 810/900 batches (90.00%)
[10:40:10] Epoch [14/50] Loss: 0.8611 Accuracy: 77.58%
    [14] Processed 0/900 batches (0.00%)
    [14] Processed 270/900 batches (30.00%)
    [14] Processed 540/900 batches (60.00%)
    [14] Processed 810/900 batches (90.00%)
[11:30:08] Epoch [15/50] Loss: 0.8311 Accuracy: 78.12%
    [15] Processed 0/900 batches (0.00%)
    [15] Processed 270/900 batches (30.00%)
    [15] Processed 540/900 batches (60.00%)
    [15] Processed 810/900 batches (90.00%)
[12:19:54] Epoch [16/50] Loss: 0.8032 Accuracy: 78.70%
    [16] Processed 0/900 batches (0.00%)
    [16] Processed 270/900 batches (30.00%)
    [16] Processed 540/900 batches (60.00%)
    [16] Processed 810/900 batches (90.00%)
[13:09:52] Epoch [17/50] Loss: 0.7767 Accuracy: 79.33%
    [17] Processed 0/900 batches (0.00%)
    [17] Processed 270/900 batches (30.00%)
    [17] Processed 540/900 batches (60.00%)
    [17] Processed 810/900 batches (90.00%)
[13:59:47] Epoch [18/50] Loss: 0.7444 Accuracy: 79.90%
    [18] Processed 0/900 batches (0.00%)
    [18] Processed 270/900 batches (30.00%)
