Training unet-18000-256-20-crop-150-0000375...
epochs=150 lr=0.000375, error=<function cross_entropy at 0x7fb5bc507ac0>
    [0] Processed 0/900 batches (0.00%)
    [0] Processed 270/900 batches (30.00%)
    [0] Processed 540/900 batches (60.00%)
    [0] Processed 810/900 batches (90.00%)
Checkpoint 1 saved to /virtual/drosari3/models/unet-18000-256-20-crop-150-0000375/unet-18000-256-20-crop-150-0000375-checkpoint_epoch_1.pth
[19:23:32] Epoch [1/150] Loss: 1.6508 Accuracy: 59.07%
    [1] Processed 0/900 batches (0.00%)
    [1] Processed 270/900 batches (30.00%)
    [1] Processed 540/900 batches (60.00%)
    [1] Processed 810/900 batches (90.00%)
[19:34:11] Epoch [2/150] Loss: 1.4422 Accuracy: 62.35%
    [2] Processed 0/900 batches (0.00%)
    [2] Processed 270/900 batches (30.00%)
    [2] Processed 540/900 batches (60.00%)
    [2] Processed 810/900 batches (90.00%)
[19:44:48] Epoch [3/150] Loss: 1.3509 Accuracy: 65.00%
    [3] Processed 0/900 batches (0.00%)
    [3] Processed 270/900 batches (30.00%)
    [3] Processed 540/900 batches (60.00%)
    [3] Processed 810/900 batches (90.00%)
[19:55:26] Epoch [4/150] Loss: 1.2298 Accuracy: 68.90%
    [4] Processed 0/900 batches (0.00%)
    [4] Processed 270/900 batches (30.00%)
    [4] Processed 540/900 batches (60.00%)
    [4] Processed 810/900 batches (90.00%)
[20:06:04] Epoch [5/150] Loss: 1.1307 Accuracy: 71.51%
    [5] Processed 0/900 batches (0.00%)
    [5] Processed 270/900 batches (30.00%)
    [5] Processed 540/900 batches (60.00%)
    [5] Processed 810/900 batches (90.00%)
[20:16:41] Epoch [6/150] Loss: 1.0638 Accuracy: 73.12%
    [6] Processed 0/900 batches (0.00%)
    [6] Processed 270/900 batches (30.00%)
    [6] Processed 540/900 batches (60.00%)
    [6] Processed 810/900 batches (90.00%)
[20:27:20] Epoch [7/150] Loss: 1.0172 Accuracy: 74.13%
    [7] Processed 0/900 batches (0.00%)
    [7] Processed 270/900 batches (30.00%)
    [7] Processed 540/900 batches (60.00%)
    [7] Processed 810/900 batches (90.00%)
[20:37:58] Epoch [8/150] Loss: 0.9834 Accuracy: 74.89%
    [8] Processed 0/900 batches (0.00%)
    [8] Processed 270/900 batches (30.00%)
    [8] Processed 540/900 batches (60.00%)
    [8] Processed 810/900 batches (90.00%)
[20:48:34] Epoch [9/150] Loss: 0.9525 Accuracy: 75.46%
    [9] Processed 0/900 batches (0.00%)
    [9] Processed 270/900 batches (30.00%)
    [9] Processed 540/900 batches (60.00%)
    [9] Processed 810/900 batches (90.00%)
[20:59:12] Epoch [10/150] Loss: 0.9210 Accuracy: 76.21%
    [10] Processed 0/900 batches (0.00%)
    [10] Processed 270/900 batches (30.00%)
    [10] Processed 540/900 batches (60.00%)
    [10] Processed 810/900 batches (90.00%)
Checkpoint 11 saved to /virtual/drosari3/models/unet-18000-256-20-crop-150-0000375/unet-18000-256-20-crop-150-0000375-checkpoint_epoch_11.pth
[21:09:50] Epoch [11/150] Loss: 0.8955 Accuracy: 76.77%
    [11] Processed 0/900 batches (0.00%)
    [11] Processed 270/900 batches (30.00%)
    [11] Processed 540/900 batches (60.00%)
    [11] Processed 810/900 batches (90.00%)
[21:20:27] Epoch [12/150] Loss: 0.8718 Accuracy: 77.24%
    [12] Processed 0/900 batches (0.00%)
    [12] Processed 270/900 batches (30.00%)
    [12] Processed 540/900 batches (60.00%)
    [12] Processed 810/900 batches (90.00%)
[21:31:06] Epoch [13/150] Loss: 0.8466 Accuracy: 77.79%
    [13] Processed 0/900 batches (0.00%)
    [13] Processed 270/900 batches (30.00%)
    [13] Processed 540/900 batches (60.00%)
    [13] Processed 810/900 batches (90.00%)
[21:41:44] Epoch [14/150] Loss: 0.8203 Accuracy: 78.36%
    [14] Processed 0/900 batches (0.00%)
    [14] Processed 270/900 batches (30.00%)
    [14] Processed 540/900 batches (60.00%)
    [14] Processed 810/900 batches (90.00%)
[21:52:20] Epoch [15/150] Loss: 0.7994 Accuracy: 78.77%
    [15] Processed 0/900 batches (0.00%)
    [15] Processed 270/900 batches (30.00%)
    [15] Processed 540/900 batches (60.00%)
    [15] Processed 810/900 batches (90.00%)
[22:02:57] Epoch [16/150] Loss: 0.7774 Accuracy: 79.24%
    [16] Processed 0/900 batches (0.00%)
    [16] Processed 270/900 batches (30.00%)
    [16] Processed 540/900 batches (60.00%)
    [16] Processed 810/900 batches (90.00%)
[22:13:35] Epoch [17/150] Loss: 0.7506 Accuracy: 79.78%
    [17] Processed 0/900 batches (0.00%)
    [17] Processed 270/900 batches (30.00%)
    [17] Processed 540/900 batches (60.00%)
    [17] Processed 810/900 batches (90.00%)
[22:24:11] Epoch [18/150] Loss: 0.7311 Accuracy: 80.26%
    [18] Processed 0/900 batches (0.00%)
    [18] Processed 270/900 batches (30.00%)
    [18] Processed 540/900 batches (60.00%)
    [18] Processed 810/900 batches (90.00%)
[22:34:49] Epoch [19/150] Loss: 0.7081 Accuracy: 80.72%
    [19] Processed 0/900 batches (0.00%)
    [19] Processed 270/900 batches (30.00%)
