Opening config.ini...
MAX_IMAGES: 18000
BATCH_SIZE: 20
LEARNING_RATE: 1e-05
EPOCHS: 100
TRANSFORM: LeftCrop
IMAGE_DIMEN: 256
EVALUATION_IMAGES: ['_gcgraos355QHyu7iFMK1w', '_QDf_pTzs-sEyBubXqmqxA', '_wbVgGy7xrO_C_gsz-BCvA', 'FYoB0UGu40k9nKurB8pucw', '1pFw6qQwFQ__QdnYYB7YLA', '-C-x3xSPFIEjqbyVC5PRaQ', '_Uu1yfgmkbji9nkUT3Tikw', '_nDuQstcKZ714CoL0G5iZg']
CHECKPOINT_SAVE_INTERVAL: 10
MODEL_LOCATION: /virtual/drosari3/models/model-18000-LeftCrop-256-20-1e-05-100-wCE
MODEL_NAME: model-18000-LeftCrop-256-20-1e-05-100-wCE
Training model-18000-LeftCrop-256-20-1e-05-100-wCE...
epochs=100 lr=1e-05, error=<function cross_entropy at 0x7fcd11be2170>
    [0] Processed 0/900 batches (0.00%)
    [0] Processed 270/900 batches (30.00%)
    [0] Processed 540/900 batches (60.00%)
    [0] Processed 810/900 batches (90.00%)
Checkpoint 1 saved to /virtual/drosari3/models/model-18000-LeftCrop-256-20-1e-05-100-wCE/checkpoints/checkpoint_epoch_1.pth
[21:00:41] Epoch [1/100] Loss: 0.6472 Accuracy: 87.72%
    [1] Processed 0/900 batches (0.00%)
    [1] Processed 270/900 batches (30.00%)
    [1] Processed 540/900 batches (60.00%)
    [1] Processed 810/900 batches (90.00%)
[21:24:49] Epoch [2/100] Loss: 0.0244 Accuracy: 99.54%
    [2] Processed 0/900 batches (0.00%)
    [2] Processed 270/900 batches (30.00%)
    [2] Processed 540/900 batches (60.00%)
    [2] Processed 810/900 batches (90.00%)
[21:48:58] Epoch [3/100] Loss: 0.0194 Accuracy: 99.54%
    [3] Processed 0/900 batches (0.00%)
    [3] Processed 270/900 batches (30.00%)
    [3] Processed 540/900 batches (60.00%)
    [3] Processed 810/900 batches (90.00%)
[22:15:15] Epoch [4/100] Loss: 0.0187 Accuracy: 99.54%
    [4] Processed 0/900 batches (0.00%)
    [4] Processed 270/900 batches (30.00%)
    [4] Processed 540/900 batches (60.00%)
    [4] Processed 810/900 batches (90.00%)
[22:41:21] Epoch [5/100] Loss: 0.0179 Accuracy: 99.54%
    [5] Processed 0/900 batches (0.00%)
    [5] Processed 270/900 batches (30.00%)
    [5] Processed 540/900 batches (60.00%)
    [5] Processed 810/900 batches (90.00%)
[23:07:31] Epoch [6/100] Loss: 0.0167 Accuracy: 99.55%
    [6] Processed 0/900 batches (0.00%)
    [6] Processed 270/900 batches (30.00%)
    [6] Processed 540/900 batches (60.00%)
    [6] Processed 810/900 batches (90.00%)
[23:35:53] Epoch [7/100] Loss: 0.0157 Accuracy: 99.57%
    [7] Processed 0/900 batches (0.00%)
    [7] Processed 270/900 batches (30.00%)
    [7] Processed 540/900 batches (60.00%)
    [7] Processed 810/900 batches (90.00%)
[00:02:27] Epoch [8/100] Loss: 0.0153 Accuracy: 99.56%
    [8] Processed 0/900 batches (0.00%)
    [8] Processed 270/900 batches (30.00%)
    [8] Processed 540/900 batches (60.00%)
    [8] Processed 810/900 batches (90.00%)
[00:30:51] Epoch [9/100] Loss: 0.0147 Accuracy: 99.64%
    [9] Processed 0/900 batches (0.00%)
    [9] Processed 270/900 batches (30.00%)
    [9] Processed 540/900 batches (60.00%)
    [9] Processed 810/900 batches (90.00%)
[00:58:44] Epoch [10/100] Loss: 0.0178 Accuracy: 99.62%
    [10] Processed 0/900 batches (0.00%)
    [10] Processed 270/900 batches (30.00%)
    [10] Processed 540/900 batches (60.00%)
    [10] Processed 810/900 batches (90.00%)
Checkpoint 11 saved to /virtual/drosari3/models/model-18000-LeftCrop-256-20-1e-05-100-wCE/checkpoints/checkpoint_epoch_11.pth
[01:25:56] Epoch [11/100] Loss: 0.0144 Accuracy: 99.55%
    [11] Processed 0/900 batches (0.00%)
    [11] Processed 270/900 batches (30.00%)
    [11] Processed 540/900 batches (60.00%)
    [11] Processed 810/900 batches (90.00%)
[01:52:37] Epoch [12/100] Loss: 0.0140 Accuracy: 99.55%
    [12] Processed 0/900 batches (0.00%)
    [12] Processed 270/900 batches (30.00%)
    [12] Processed 540/900 batches (60.00%)
    [12] Processed 810/900 batches (90.00%)
[02:19:31] Epoch [13/100] Loss: 0.0137 Accuracy: 99.59%
    [13] Processed 0/900 batches (0.00%)
    [13] Processed 270/900 batches (30.00%)
    [13] Processed 540/900 batches (60.00%)
    [13] Processed 810/900 batches (90.00%)
[02:49:02] Epoch [14/100] Loss: 0.0135 Accuracy: 99.60%
    [14] Processed 0/900 batches (0.00%)
    [14] Processed 270/900 batches (30.00%)
    [14] Processed 540/900 batches (60.00%)
    [14] Processed 810/900 batches (90.00%)
[03:17:11] Epoch [15/100] Loss: 0.0133 Accuracy: 99.64%
    [15] Processed 0/900 batches (0.00%)
    [15] Processed 270/900 batches (30.00%)
    [15] Processed 540/900 batches (60.00%)
    [15] Processed 810/900 batches (90.00%)
[03:46:39] Epoch [16/100] Loss: 0.0133 Accuracy: 99.63%
    [16] Processed 0/900 batches (0.00%)
    [16] Processed 270/900 batches (30.00%)
    [16] Processed 540/900 batches (60.00%)
    [16] Processed 810/900 batches (90.00%)
[04:16:31] Epoch [17/100] Loss: 0.0131 Accuracy: 99.60%
    [17] Processed 0/900 batches (0.00%)
    [17] Processed 270/900 batches (30.00%)
    [17] Processed 540/900 batches (60.00%)
    [17] Processed 810/900 batches (90.00%)
[04:42:39] Epoch [18/100] Loss: 0.0131 Accuracy: 99.62%
    [18] Processed 0/900 batches (0.00%)
    [18] Processed 270/900 batches (30.00%)
    [18] Processed 540/900 batches (60.00%)
    [18] Processed 810/900 batches (90.00%)
[05:11:39] Epoch [19/100] Loss: 0.0129 Accuracy: 99.60%
    [19] Processed 0/900 batches (0.00%)
    [19] Processed 270/900 batches (30.00%)
    [19] Processed 540/900 batches (60.00%)
    [19] Processed 810/900 batches (90.00%)
[05:40:09] Epoch [20/100] Loss: 0.0128 Accuracy: 99.61%
    [20] Processed 0/900 batches (0.00%)
    [20] Processed 270/900 batches (30.00%)
    [20] Processed 540/900 batches (60.00%)
    [20] Processed 810/900 batches (90.00%)
Checkpoint 21 saved to /virtual/drosari3/models/model-18000-LeftCrop-256-20-1e-05-100-wCE/checkpoints/checkpoint_epoch_21.pth
[06:08:28] Epoch [21/100] Loss: 0.0129 Accuracy: 99.61%
    [21] Processed 0/900 batches (0.00%)
    [21] Processed 270/900 batches (30.00%)
    [21] Processed 540/900 batches (60.00%)
    [21] Processed 810/900 batches (90.00%)
[06:34:07] Epoch [22/100] Loss: 0.0127 Accuracy: 99.63%
    [22] Processed 0/900 batches (0.00%)
    [22] Processed 270/900 batches (30.00%)
    [22] Processed 540/900 batches (60.00%)
    [22] Processed 810/900 batches (90.00%)
[06:59:23] Epoch [23/100] Loss: 0.0160 Accuracy: 99.58%
    [23] Processed 0/900 batches (0.00%)
    [23] Processed 270/900 batches (30.00%)
    [23] Processed 540/900 batches (60.00%)
    [23] Processed 810/900 batches (90.00%)
[07:29:40] Epoch [24/100] Loss: 0.0127 Accuracy: 99.60%
    [24] Processed 0/900 batches (0.00%)
    [24] Processed 270/900 batches (30.00%)
    [24] Processed 540/900 batches (60.00%)
    [24] Processed 810/900 batches (90.00%)
[07:59:16] Epoch [25/100] Loss: 0.0125 Accuracy: 99.62%
    [25] Processed 0/900 batches (0.00%)
    [25] Processed 270/900 batches (30.00%)
    [25] Processed 540/900 batches (60.00%)
    [25] Processed 810/900 batches (90.00%)
[08:27:16] Epoch [26/100] Loss: 0.0122 Accuracy: 99.63%
    [26] Processed 0/900 batches (0.00%)
    [26] Processed 270/900 batches (30.00%)
    [26] Processed 540/900 batches (60.00%)
    [26] Processed 810/900 batches (90.00%)
[08:52:55] Epoch [27/100] Loss: 0.0125 Accuracy: 99.65%
    [27] Processed 0/900 batches (0.00%)
    [27] Processed 270/900 batches (30.00%)
    [27] Processed 540/900 batches (60.00%)
    [27] Processed 810/900 batches (90.00%)
[09:19:39] Epoch [28/100] Loss: 0.0121 Accuracy: 99.65%
    [28] Processed 0/900 batches (0.00%)
    [28] Processed 270/900 batches (30.00%)
    [28] Processed 540/900 batches (60.00%)
    [28] Processed 810/900 batches (90.00%)
[09:46:51] Epoch [29/100] Loss: 0.0122 Accuracy: 99.63%
    [29] Processed 0/900 batches (0.00%)
    [29] Processed 270/900 batches (30.00%)
    [29] Processed 540/900 batches (60.00%)
    [29] Processed 810/900 batches (90.00%)
[10:13:52] Epoch [30/100] Loss: 0.0121 Accuracy: 99.63%
    [30] Processed 0/900 batches (0.00%)
    [30] Processed 270/900 batches (30.00%)
    [30] Processed 540/900 batches (60.00%)
    [30] Processed 810/900 batches (90.00%)
Checkpoint 31 saved to /virtual/drosari3/models/model-18000-LeftCrop-256-20-1e-05-100-wCE/checkpoints/checkpoint_epoch_31.pth
[10:43:09] Epoch [31/100] Loss: 0.0120 Accuracy: 99.63%
    [31] Processed 0/900 batches (0.00%)
    [31] Processed 270/900 batches (30.00%)
    [31] Processed 540/900 batches (60.00%)
    [31] Processed 810/900 batches (90.00%)
[11:09:42] Epoch [32/100] Loss: 0.0119 Accuracy: 99.67%
    [32] Processed 0/900 batches (0.00%)
    [32] Processed 270/900 batches (30.00%)
    [32] Processed 540/900 batches (60.00%)
    [32] Processed 810/900 batches (90.00%)
[11:37:31] Epoch [33/100] Loss: 0.0118 Accuracy: 99.66%
    [33] Processed 0/900 batches (0.00%)
    [33] Processed 270/900 batches (30.00%)
    [33] Processed 540/900 batches (60.00%)
    [33] Processed 810/900 batches (90.00%)
[12:04:59] Epoch [34/100] Loss: 0.0131 Accuracy: 99.65%
    [34] Processed 0/900 batches (0.00%)
    [34] Processed 270/900 batches (30.00%)
    [34] Processed 540/900 batches (60.00%)
    [34] Processed 810/900 batches (90.00%)
[12:34:59] Epoch [35/100] Loss: 0.0117 Accuracy: 99.66%
    [35] Processed 0/900 batches (0.00%)
    [35] Processed 270/900 batches (30.00%)
    [35] Processed 540/900 batches (60.00%)
    [35] Processed 810/900 batches (90.00%)
[13:02:04] Epoch [36/100] Loss: 0.0117 Accuracy: 99.67%
    [36] Processed 0/900 batches (0.00%)
    [36] Processed 270/900 batches (30.00%)
    [36] Processed 540/900 batches (60.00%)
    [36] Processed 810/900 batches (90.00%)
[13:30:18] Epoch [37/100] Loss: 0.0116 Accuracy: 99.67%
    [37] Processed 0/900 batches (0.00%)
    [37] Processed 270/900 batches (30.00%)
    [37] Processed 540/900 batches (60.00%)
    [37] Processed 810/900 batches (90.00%)
[13:58:35] Epoch [38/100] Loss: 0.0116 Accuracy: 99.67%
    [38] Processed 0/900 batches (0.00%)
    [38] Processed 270/900 batches (30.00%)
    [38] Processed 540/900 batches (60.00%)
    [38] Processed 810/900 batches (90.00%)
[14:29:27] Epoch [39/100] Loss: 0.0115 Accuracy: 99.67%
    [39] Processed 0/900 batches (0.00%)
    [39] Processed 270/900 batches (30.00%)
    [39] Processed 540/900 batches (60.00%)
    [39] Processed 810/900 batches (90.00%)
[14:59:57] Epoch [40/100] Loss: 0.0113 Accuracy: 99.68%
    [40] Processed 0/900 batches (0.00%)
    [40] Processed 270/900 batches (30.00%)
    [40] Processed 540/900 batches (60.00%)
    [40] Processed 810/900 batches (90.00%)
Checkpoint 41 saved to /virtual/drosari3/models/model-18000-LeftCrop-256-20-1e-05-100-wCE/checkpoints/checkpoint_epoch_41.pth
[15:27:49] Epoch [41/100] Loss: 0.0114 Accuracy: 99.69%
    [41] Processed 0/900 batches (0.00%)
    [41] Processed 270/900 batches (30.00%)
    [41] Processed 540/900 batches (60.00%)
    [41] Processed 810/900 batches (90.00%)
[15:56:34] Epoch [42/100] Loss: 0.0114 Accuracy: 99.67%
    [42] Processed 0/900 batches (0.00%)
    [42] Processed 270/900 batches (30.00%)
    [42] Processed 540/900 batches (60.00%)
    [42] Processed 810/900 batches (90.00%)
[16:25:06] Epoch [43/100] Loss: 0.0114 Accuracy: 99.67%
    [43] Processed 0/900 batches (0.00%)
    [43] Processed 270/900 batches (30.00%)
    [43] Processed 540/900 batches (60.00%)
    [43] Processed 810/900 batches (90.00%)
[16:54:40] Epoch [44/100] Loss: 0.0112 Accuracy: 99.65%
    [44] Processed 0/900 batches (0.00%)
    [44] Processed 270/900 batches (30.00%)
    [44] Processed 540/900 batches (60.00%)
    [44] Processed 810/900 batches (90.00%)
[17:22:32] Epoch [45/100] Loss: 0.0112 Accuracy: 99.69%
    [45] Processed 0/900 batches (0.00%)
    [45] Processed 270/900 batches (30.00%)
    [45] Processed 540/900 batches (60.00%)
    [45] Processed 810/900 batches (90.00%)
[17:50:36] Epoch [46/100] Loss: 0.0110 Accuracy: 99.67%
    [46] Processed 0/900 batches (0.00%)
    [46] Processed 270/900 batches (30.00%)
    [46] Processed 540/900 batches (60.00%)
    [46] Processed 810/900 batches (90.00%)
[18:18:57] Epoch [47/100] Loss: 0.0111 Accuracy: 99.68%
    [47] Processed 0/900 batches (0.00%)
    [47] Processed 270/900 batches (30.00%)
    [47] Processed 540/900 batches (60.00%)
    [47] Processed 810/900 batches (90.00%)
[18:49:45] Epoch [48/100] Loss: 0.0109 Accuracy: 99.65%
    [48] Processed 0/900 batches (0.00%)
    [48] Processed 270/900 batches (30.00%)
    [48] Processed 540/900 batches (60.00%)
    [48] Processed 810/900 batches (90.00%)
[19:20:34] Epoch [49/100] Loss: 0.0109 Accuracy: 99.69%
    [49] Processed 0/900 batches (0.00%)
    [49] Processed 270/900 batches (30.00%)
    [49] Processed 540/900 batches (60.00%)
    [49] Processed 810/900 batches (90.00%)
[19:49:17] Epoch [50/100] Loss: 0.0113 Accuracy: 99.66%
    [50] Processed 0/900 batches (0.00%)
    [50] Processed 270/900 batches (30.00%)
    [50] Processed 540/900 batches (60.00%)
    [50] Processed 810/900 batches (90.00%)
Checkpoint 51 saved to /virtual/drosari3/models/model-18000-LeftCrop-256-20-1e-05-100-wCE/checkpoints/checkpoint_epoch_51.pth
[20:15:20] Epoch [51/100] Loss: 0.0109 Accuracy: 99.64%
    [51] Processed 0/900 batches (0.00%)
    [51] Processed 270/900 batches (30.00%)
    [51] Processed 540/900 batches (60.00%)
    [51] Processed 810/900 batches (90.00%)
[20:40:43] Epoch [52/100] Loss: 0.0109 Accuracy: 99.68%
    [52] Processed 0/900 batches (0.00%)
    [52] Processed 270/900 batches (30.00%)
    [52] Processed 540/900 batches (60.00%)
    [52] Processed 810/900 batches (90.00%)
[21:06:35] Epoch [53/100] Loss: 0.0115 Accuracy: 99.70%
    [53] Processed 0/900 batches (0.00%)
    [53] Processed 270/900 batches (30.00%)
    [53] Processed 540/900 batches (60.00%)
    [53] Processed 810/900 batches (90.00%)
[21:31:24] Epoch [54/100] Loss: 0.0107 Accuracy: 99.70%
    [54] Processed 0/900 batches (0.00%)
    [54] Processed 270/900 batches (30.00%)
    [54] Processed 540/900 batches (60.00%)
    [54] Processed 810/900 batches (90.00%)
[21:58:12] Epoch [55/100] Loss: 0.0106 Accuracy: 99.69%
    [55] Processed 0/900 batches (0.00%)
    [55] Processed 270/900 batches (30.00%)
    [55] Processed 540/900 batches (60.00%)
    [55] Processed 810/900 batches (90.00%)
[22:31:21] Epoch [56/100] Loss: 0.0105 Accuracy: 99.69%
    [56] Processed 0/900 batches (0.00%)
    [56] Processed 270/900 batches (30.00%)
    [56] Processed 540/900 batches (60.00%)
    [56] Processed 810/900 batches (90.00%)
[22:58:38] Epoch [57/100] Loss: 0.0109 Accuracy: 99.68%
    [57] Processed 0/900 batches (0.00%)
    [57] Processed 270/900 batches (30.00%)
    [57] Processed 540/900 batches (60.00%)
    [57] Processed 810/900 batches (90.00%)
[23:28:18] Epoch [58/100] Loss: 0.0107 Accuracy: 99.69%
    [58] Processed 0/900 batches (0.00%)
    [58] Processed 270/900 batches (30.00%)
    [58] Processed 540/900 batches (60.00%)
    [58] Processed 810/900 batches (90.00%)
[23:56:28] Epoch [59/100] Loss: 0.0107 Accuracy: 99.70%
    [59] Processed 0/900 batches (0.00%)
    [59] Processed 270/900 batches (30.00%)
    [59] Processed 540/900 batches (60.00%)
    [59] Processed 810/900 batches (90.00%)
[00:24:22] Epoch [60/100] Loss: 0.0104 Accuracy: 99.71%
    [60] Processed 0/900 batches (0.00%)
    [60] Processed 270/900 batches (30.00%)
    [60] Processed 540/900 batches (60.00%)
    [60] Processed 810/900 batches (90.00%)
Checkpoint 61 saved to /virtual/drosari3/models/model-18000-LeftCrop-256-20-1e-05-100-wCE/checkpoints/checkpoint_epoch_61.pth
[00:57:38] Epoch [61/100] Loss: 0.0105 Accuracy: 99.66%
    [61] Processed 0/900 batches (0.00%)
    [61] Processed 270/900 batches (30.00%)
    [61] Processed 540/900 batches (60.00%)
    [61] Processed 810/900 batches (90.00%)
[01:26:41] Epoch [62/100] Loss: 0.0105 Accuracy: 99.67%
    [62] Processed 0/900 batches (0.00%)
    [62] Processed 270/900 batches (30.00%)
    [62] Processed 540/900 batches (60.00%)
    [62] Processed 810/900 batches (90.00%)
[01:56:06] Epoch [63/100] Loss: 0.0103 Accuracy: 99.63%
    [63] Processed 0/900 batches (0.00%)
    [63] Processed 270/900 batches (30.00%)
    [63] Processed 540/900 batches (60.00%)
    [63] Processed 810/900 batches (90.00%)
[02:29:18] Epoch [64/100] Loss: 0.0104 Accuracy: 99.69%
    [64] Processed 0/900 batches (0.00%)
    [64] Processed 270/900 batches (30.00%)
    [64] Processed 540/900 batches (60.00%)
    [64] Processed 810/900 batches (90.00%)
[02:57:50] Epoch [65/100] Loss: 0.0128 Accuracy: 99.66%
    [65] Processed 0/900 batches (0.00%)
    [65] Processed 270/900 batches (30.00%)
    [65] Processed 540/900 batches (60.00%)
    [65] Processed 810/900 batches (90.00%)
[03:29:11] Epoch [66/100] Loss: 0.0104 Accuracy: 99.71%
    [66] Processed 0/900 batches (0.00%)
    [66] Processed 270/900 batches (30.00%)
    [66] Processed 540/900 batches (60.00%)
    [66] Processed 810/900 batches (90.00%)
[03:58:57] Epoch [67/100] Loss: 0.0101 Accuracy: 99.69%
    [67] Processed 0/900 batches (0.00%)
    [67] Processed 270/900 batches (30.00%)
    [67] Processed 540/900 batches (60.00%)
    [67] Processed 810/900 batches (90.00%)
[04:29:50] Epoch [68/100] Loss: 0.0100 Accuracy: 99.70%
    [68] Processed 0/900 batches (0.00%)
    [68] Processed 270/900 batches (30.00%)
    [68] Processed 540/900 batches (60.00%)
    [68] Processed 810/900 batches (90.00%)
[04:58:47] Epoch [69/100] Loss: 0.0098 Accuracy: 99.65%
    [69] Processed 0/900 batches (0.00%)
    [69] Processed 270/900 batches (30.00%)
    [69] Processed 540/900 batches (60.00%)
    [69] Processed 810/900 batches (90.00%)
[05:29:00] Epoch [70/100] Loss: 0.0101 Accuracy: 99.69%
    [70] Processed 0/900 batches (0.00%)
    [70] Processed 270/900 batches (30.00%)
    [70] Processed 540/900 batches (60.00%)
    [70] Processed 810/900 batches (90.00%)
Checkpoint 71 saved to /virtual/drosari3/models/model-18000-LeftCrop-256-20-1e-05-100-wCE/checkpoints/checkpoint_epoch_71.pth
[05:59:09] Epoch [71/100] Loss: 0.0099 Accuracy: 99.69%
    [71] Processed 0/900 batches (0.00%)
    [71] Processed 270/900 batches (30.00%)
    [71] Processed 540/900 batches (60.00%)
    [71] Processed 810/900 batches (90.00%)
[06:30:39] Epoch [72/100] Loss: 0.0099 Accuracy: 99.70%
    [72] Processed 0/900 batches (0.00%)
    [72] Processed 270/900 batches (30.00%)
    [72] Processed 540/900 batches (60.00%)
    [72] Processed 810/900 batches (90.00%)
[07:00:40] Epoch [73/100] Loss: 0.0101 Accuracy: 99.71%
    [73] Processed 0/900 batches (0.00%)
    [73] Processed 270/900 batches (30.00%)
    [73] Processed 540/900 batches (60.00%)
    [73] Processed 810/900 batches (90.00%)
[07:31:48] Epoch [74/100] Loss: 0.0098 Accuracy: 99.67%
    [74] Processed 0/900 batches (0.00%)
    [74] Processed 270/900 batches (30.00%)
    [74] Processed 540/900 batches (60.00%)
    [74] Processed 810/900 batches (90.00%)
[08:01:27] Epoch [75/100] Loss: 0.0103 Accuracy: 99.67%
    [75] Processed 0/900 batches (0.00%)
    [75] Processed 270/900 batches (30.00%)
    [75] Processed 540/900 batches (60.00%)
    [75] Processed 810/900 batches (90.00%)
[08:32:40] Epoch [76/100] Loss: 0.0099 Accuracy: 99.68%
    [76] Processed 0/900 batches (0.00%)
    [76] Processed 270/900 batches (30.00%)
    [76] Processed 540/900 batches (60.00%)
    [76] Processed 810/900 batches (90.00%)
[09:01:34] Epoch [77/100] Loss: 0.0097 Accuracy: 99.70%
    [77] Processed 0/900 batches (0.00%)
    [77] Processed 270/900 batches (30.00%)
    [77] Processed 540/900 batches (60.00%)
    [77] Processed 810/900 batches (90.00%)
[09:30:42] Epoch [78/100] Loss: 0.0098 Accuracy: 99.68%
    [78] Processed 0/900 batches (0.00%)
    [78] Processed 270/900 batches (30.00%)
    [78] Processed 540/900 batches (60.00%)
    [78] Processed 810/900 batches (90.00%)
[09:59:32] Epoch [79/100] Loss: 0.0098 Accuracy: 99.68%
    [79] Processed 0/900 batches (0.00%)
    [79] Processed 270/900 batches (30.00%)
    [79] Processed 540/900 batches (60.00%)
    [79] Processed 810/900 batches (90.00%)
[10:31:56] Epoch [80/100] Loss: 0.0096 Accuracy: 99.70%
    [80] Processed 0/900 batches (0.00%)
    [80] Processed 270/900 batches (30.00%)
    [80] Processed 540/900 batches (60.00%)
    [80] Processed 810/900 batches (90.00%)
Checkpoint 81 saved to /virtual/drosari3/models/model-18000-LeftCrop-256-20-1e-05-100-wCE/checkpoints/checkpoint_epoch_81.pth
[11:01:27] Epoch [81/100] Loss: 0.0097 Accuracy: 99.67%
    [81] Processed 0/900 batches (0.00%)
    [81] Processed 270/900 batches (30.00%)
    [81] Processed 540/900 batches (60.00%)
    [81] Processed 810/900 batches (90.00%)
[11:32:21] Epoch [82/100] Loss: 0.0101 Accuracy: 99.67%
    [82] Processed 0/900 batches (0.00%)
    [82] Processed 270/900 batches (30.00%)
    [82] Processed 540/900 batches (60.00%)
    [82] Processed 810/900 batches (90.00%)
[12:02:13] Epoch [83/100] Loss: 0.0094 Accuracy: 99.70%
    [83] Processed 0/900 batches (0.00%)
    [83] Processed 270/900 batches (30.00%)
    [83] Processed 540/900 batches (60.00%)
    [83] Processed 810/900 batches (90.00%)
[12:30:06] Epoch [84/100] Loss: 0.0094 Accuracy: 99.65%
    [84] Processed 0/900 batches (0.00%)
    [84] Processed 270/900 batches (30.00%)
    [84] Processed 540/900 batches (60.00%)
    [84] Processed 810/900 batches (90.00%)
[12:58:24] Epoch [85/100] Loss: 0.0096 Accuracy: 99.69%
    [85] Processed 0/900 batches (0.00%)
    [85] Processed 270/900 batches (30.00%)
    [85] Processed 540/900 batches (60.00%)
    [85] Processed 810/900 batches (90.00%)
[13:24:37] Epoch [86/100] Loss: 0.0095 Accuracy: 99.68%
    [86] Processed 0/900 batches (0.00%)
    [86] Processed 270/900 batches (30.00%)
    [86] Processed 540/900 batches (60.00%)
    [86] Processed 810/900 batches (90.00%)
[13:52:40] Epoch [87/100] Loss: 0.0094 Accuracy: 99.69%
    [87] Processed 0/900 batches (0.00%)
    [87] Processed 270/900 batches (30.00%)
    [87] Processed 540/900 batches (60.00%)
    [87] Processed 810/900 batches (90.00%)
[14:22:19] Epoch [88/100] Loss: 0.0094 Accuracy: 99.68%
    [88] Processed 0/900 batches (0.00%)
    [88] Processed 270/900 batches (30.00%)
    [88] Processed 540/900 batches (60.00%)
    [88] Processed 810/900 batches (90.00%)
[14:51:36] Epoch [89/100] Loss: 0.0095 Accuracy: 99.69%
    [89] Processed 0/900 batches (0.00%)
    [89] Processed 270/900 batches (30.00%)
    [89] Processed 540/900 batches (60.00%)
    [89] Processed 810/900 batches (90.00%)
[15:21:58] Epoch [90/100] Loss: 0.0095 Accuracy: 99.69%
    [90] Processed 0/900 batches (0.00%)
