Training unet-18000-256-20-crop-50-00001...
epochs=50 lr=0.0001, error=<function cross_entropy at 0x7f836ede7a30>
    [0] Processed 0/900 batches (0.00%)
    [0] Processed 270/900 batches (30.00%)
    [0] Processed 540/900 batches (60.00%)
    [0] Processed 810/900 batches (90.00%)
Checkpoint 1 saved to /virtual/drosari3/models/unet-18000-256-20-crop-50-00001/unet-18000-256-20-crop-50-00001-checkpoint_epoch_1.pth
[15:09:38] Epoch [1/50] Loss: 1.7746 Accuracy: 55.74%
    [1] Processed 0/900 batches (0.00%)
    [1] Processed 270/900 batches (30.00%)
    [1] Processed 540/900 batches (60.00%)
    [1] Processed 810/900 batches (90.00%)
[16:00:27] Epoch [2/50] Loss: 1.5293 Accuracy: 60.92%
    [2] Processed 0/900 batches (0.00%)
    [2] Processed 270/900 batches (30.00%)
    [2] Processed 540/900 batches (60.00%)
    [2] Processed 810/900 batches (90.00%)
[16:50:41] Epoch [3/50] Loss: 1.3982 Accuracy: 63.57%
    [3] Processed 0/900 batches (0.00%)
    [3] Processed 270/900 batches (30.00%)
    [3] Processed 540/900 batches (60.00%)
    [3] Processed 810/900 batches (90.00%)
[17:40:45] Epoch [4/50] Loss: 1.2865 Accuracy: 66.85%
    [4] Processed 0/900 batches (0.00%)
    [4] Processed 270/900 batches (30.00%)
    [4] Processed 540/900 batches (60.00%)
    [4] Processed 810/900 batches (90.00%)
[18:30:44] Epoch [5/50] Loss: 1.1995 Accuracy: 69.43%
    [5] Processed 0/900 batches (0.00%)
    [5] Processed 270/900 batches (30.00%)
    [5] Processed 540/900 batches (60.00%)
    [5] Processed 810/900 batches (90.00%)
[19:20:47] Epoch [6/50] Loss: 1.1263 Accuracy: 71.35%
    [6] Processed 0/900 batches (0.00%)
    [6] Processed 270/900 batches (30.00%)
    [6] Processed 540/900 batches (60.00%)
    [6] Processed 810/900 batches (90.00%)
[20:10:58] Epoch [7/50] Loss: 1.0689 Accuracy: 72.86%
    [7] Processed 0/900 batches (0.00%)
    [7] Processed 270/900 batches (30.00%)
    [7] Processed 540/900 batches (60.00%)
    [7] Processed 810/900 batches (90.00%)
[21:01:16] Epoch [8/50] Loss: 1.0170 Accuracy: 74.16%
    [8] Processed 0/900 batches (0.00%)
    [8] Processed 270/900 batches (30.00%)
    [8] Processed 540/900 batches (60.00%)
    [8] Processed 810/900 batches (90.00%)
[21:51:24] Epoch [9/50] Loss: 0.9789 Accuracy: 74.96%
    [9] Processed 0/900 batches (0.00%)
    [9] Processed 270/900 batches (30.00%)
    [9] Processed 540/900 batches (60.00%)
    [9] Processed 810/900 batches (90.00%)
[22:41:29] Epoch [10/50] Loss: 0.9410 Accuracy: 75.87%
    [10] Processed 0/900 batches (0.00%)
    [10] Processed 270/900 batches (30.00%)
    [10] Processed 540/900 batches (60.00%)
    [10] Processed 810/900 batches (90.00%)
Checkpoint 11 saved to /virtual/drosari3/models/unet-18000-256-20-crop-50-00001/unet-18000-256-20-crop-50-00001-checkpoint_epoch_11.pth
[23:31:32] Epoch [11/50] Loss: 0.9134 Accuracy: 76.40%
    [11] Processed 0/900 batches (0.00%)
    [11] Processed 270/900 batches (30.00%)
    [11] Processed 540/900 batches (60.00%)
    [11] Processed 810/900 batches (90.00%)
[00:21:32] Epoch [12/50] Loss: 0.8779 Accuracy: 77.09%
    [12] Processed 0/900 batches (0.00%)
    [12] Processed 270/900 batches (30.00%)
    [12] Processed 540/900 batches (60.00%)
    [12] Processed 810/900 batches (90.00%)
[01:11:33] Epoch [13/50] Loss: 0.8479 Accuracy: 77.74%
    [13] Processed 0/900 batches (0.00%)
    [13] Processed 270/900 batches (30.00%)
    [13] Processed 540/900 batches (60.00%)
    [13] Processed 810/900 batches (90.00%)
[01:01:36] Epoch [14/50] Loss: 0.8145 Accuracy: 78.46%
    [14] Processed 0/900 batches (0.00%)
    [14] Processed 270/900 batches (30.00%)
    [14] Processed 540/900 batches (60.00%)
    [14] Processed 810/900 batches (90.00%)
[01:51:45] Epoch [15/50] Loss: 0.7765 Accuracy: 79.23%
    [15] Processed 0/900 batches (0.00%)
    [15] Processed 270/900 batches (30.00%)
    [15] Processed 540/900 batches (60.00%)
    [15] Processed 810/900 batches (90.00%)
[02:42:02] Epoch [16/50] Loss: 0.7403 Accuracy: 80.05%
    [16] Processed 0/900 batches (0.00%)
    [16] Processed 270/900 batches (30.00%)
    [16] Processed 540/900 batches (60.00%)
    [16] Processed 810/900 batches (90.00%)
[03:32:20] Epoch [17/50] Loss: 0.7052 Accuracy: 80.82%
    [17] Processed 0/900 batches (0.00%)
    [17] Processed 270/900 batches (30.00%)
    [17] Processed 540/900 batches (60.00%)
    [17] Processed 810/900 batches (90.00%)
[04:22:35] Epoch [18/50] Loss: 0.6588 Accuracy: 81.86%
    [18] Processed 0/900 batches (0.00%)
    [18] Processed 270/900 batches (30.00%)
    [18] Processed 540/900 batches (60.00%)
    [18] Processed 810/900 batches (90.00%)
[05:12:47] Epoch [19/50] Loss: 0.6198 Accuracy: 82.79%
    [19] Processed 0/900 batches (0.00%)
    [19] Processed 270/900 batches (30.00%)
    [19] Processed 540/900 batches (60.00%)
    [19] Processed 810/900 batches (90.00%)
[06:03:06] Epoch [20/50] Loss: 0.5688 Accuracy: 84.04%
    [20] Processed 0/900 batches (0.00%)
    [20] Processed 270/900 batches (30.00%)
    [20] Processed 540/900 batches (60.00%)
    [20] Processed 810/900 batches (90.00%)
Checkpoint 21 saved to /virtual/drosari3/models/unet-18000-256-20-crop-50-00001/unet-18000-256-20-crop-50-00001-checkpoint_epoch_21.pth
[06:53:15] Epoch [21/50] Loss: 0.5336 Accuracy: 84.98%
    [21] Processed 0/900 batches (0.00%)
    [21] Processed 270/900 batches (30.00%)
    [21] Processed 540/900 batches (60.00%)
    [21] Processed 810/900 batches (90.00%)
[07:43:24] Epoch [22/50] Loss: 0.4849 Accuracy: 86.23%
    [22] Processed 0/900 batches (0.00%)
    [22] Processed 270/900 batches (30.00%)
    [22] Processed 540/900 batches (60.00%)
    [22] Processed 810/900 batches (90.00%)
[08:33:37] Epoch [23/50] Loss: 0.4438 Accuracy: 87.36%
    [23] Processed 0/900 batches (0.00%)
    [23] Processed 270/900 batches (30.00%)
    [23] Processed 540/900 batches (60.00%)
    [23] Processed 810/900 batches (90.00%)
[09:23:41] Epoch [24/50] Loss: 0.4098 Accuracy: 88.31%
    [24] Processed 0/900 batches (0.00%)
    [24] Processed 270/900 batches (30.00%)
    [24] Processed 540/900 batches (60.00%)
    [24] Processed 810/900 batches (90.00%)
[10:13:58] Epoch [25/50] Loss: 0.3876 Accuracy: 88.92%
    [25] Processed 0/900 batches (0.00%)
    [25] Processed 270/900 batches (30.00%)
    [25] Processed 540/900 batches (60.00%)
    [25] Processed 810/900 batches (90.00%)
[11:04:08] Epoch [26/50] Loss: 0.3532 Accuracy: 89.86%
    [26] Processed 0/900 batches (0.00%)
    [26] Processed 270/900 batches (30.00%)
    [26] Processed 540/900 batches (60.00%)
    [26] Processed 810/900 batches (90.00%)
[11:54:17] Epoch [27/50] Loss: 0.3345 Accuracy: 90.37%
    [27] Processed 0/900 batches (0.00%)
    [27] Processed 270/900 batches (30.00%)
    [27] Processed 540/900 batches (60.00%)
    [27] Processed 810/900 batches (90.00%)
[12:44:23] Epoch [28/50] Loss: 0.3121 Accuracy: 90.98%
    [28] Processed 0/900 batches (0.00%)
    [28] Processed 270/900 batches (30.00%)
    [28] Processed 540/900 batches (60.00%)
    [28] Processed 810/900 batches (90.00%)
[13:34:31] Epoch [29/50] Loss: 0.2920 Accuracy: 91.56%
    [29] Processed 0/900 batches (0.00%)
    [29] Processed 270/900 batches (30.00%)
    [29] Processed 540/900 batches (60.00%)
    [29] Processed 810/900 batches (90.00%)
[14:24:50] Epoch [30/50] Loss: 0.2690 Accuracy: 92.20%
    [30] Processed 0/900 batches (0.00%)
    [30] Processed 270/900 batches (30.00%)
    [30] Processed 540/900 batches (60.00%)
    [30] Processed 810/900 batches (90.00%)
Checkpoint 31 saved to /virtual/drosari3/models/unet-18000-256-20-crop-50-00001/unet-18000-256-20-crop-50-00001-checkpoint_epoch_31.pth
[15:15:08] Epoch [31/50] Loss: 0.2528 Accuracy: 92.63%
    [31] Processed 0/900 batches (0.00%)
    [31] Processed 270/900 batches (30.00%)
    [31] Processed 540/900 batches (60.00%)
    [31] Processed 810/900 batches (90.00%)
[16:05:22] Epoch [32/50] Loss: 0.2362 Accuracy: 93.12%
    [32] Processed 0/900 batches (0.00%)
    [32] Processed 270/900 batches (30.00%)
    [32] Processed 540/900 batches (60.00%)
    [32] Processed 810/900 batches (90.00%)
[16:55:29] Epoch [33/50] Loss: 0.2323 Accuracy: 93.20%
    [33] Processed 0/900 batches (0.00%)
    [33] Processed 270/900 batches (30.00%)
    [33] Processed 540/900 batches (60.00%)
    [33] Processed 810/900 batches (90.00%)
[17:45:37] Epoch [34/50] Loss: 0.2174 Accuracy: 93.62%
    [34] Processed 0/900 batches (0.00%)
    [34] Processed 270/900 batches (30.00%)
    [34] Processed 540/900 batches (60.00%)
    [34] Processed 810/900 batches (90.00%)
[18:35:45] Epoch [35/50] Loss: 0.2036 Accuracy: 94.03%
    [35] Processed 0/900 batches (0.00%)
    [35] Processed 270/900 batches (30.00%)
    [35] Processed 540/900 batches (60.00%)
    [35] Processed 810/900 batches (90.00%)
[19:25:52] Epoch [36/50] Loss: 0.1908 Accuracy: 94.37%
    [36] Processed 0/900 batches (0.00%)
    [36] Processed 270/900 batches (30.00%)
    [36] Processed 540/900 batches (60.00%)
    [36] Processed 810/900 batches (90.00%)
[20:16:03] Epoch [37/50] Loss: 0.1890 Accuracy: 94.41%
    [37] Processed 0/900 batches (0.00%)
    [37] Processed 270/900 batches (30.00%)
    [37] Processed 540/900 batches (60.00%)
    [37] Processed 810/900 batches (90.00%)
[21:06:06] Epoch [38/50] Loss: 0.1791 Accuracy: 94.69%
    [38] Processed 0/900 batches (0.00%)
    [38] Processed 270/900 batches (30.00%)
    [38] Processed 540/900 batches (60.00%)
    [38] Processed 810/900 batches (90.00%)
[21:56:11] Epoch [39/50] Loss: 0.1723 Accuracy: 94.86%
    [39] Processed 0/900 batches (0.00%)
    [39] Processed 270/900 batches (30.00%)
    [39] Processed 540/900 batches (60.00%)
    [39] Processed 810/900 batches (90.00%)
[22:46:33] Epoch [40/50] Loss: 0.1589 Accuracy: 95.24%
    [40] Processed 0/900 batches (0.00%)
    [40] Processed 270/900 batches (30.00%)
    [40] Processed 540/900 batches (60.00%)
    [40] Processed 810/900 batches (90.00%)
Checkpoint 41 saved to /virtual/drosari3/models/unet-18000-256-20-crop-50-00001/unet-18000-256-20-crop-50-00001-checkpoint_epoch_41.pth
[23:36:49] Epoch [41/50] Loss: 0.1504 Accuracy: 95.47%
    [41] Processed 0/900 batches (0.00%)
    [41] Processed 270/900 batches (30.00%)
    [41] Processed 540/900 batches (60.00%)
    [41] Processed 810/900 batches (90.00%)
[00:27:17] Epoch [42/50] Loss: 0.1473 Accuracy: 95.52%
    [42] Processed 0/900 batches (0.00%)
    [42] Processed 270/900 batches (30.00%)
    [42] Processed 540/900 batches (60.00%)
    [42] Processed 810/900 batches (90.00%)
[01:17:33] Epoch [43/50] Loss: 0.1564 Accuracy: 95.26%
    [43] Processed 0/900 batches (0.00%)
    [43] Processed 270/900 batches (30.00%)
    [43] Processed 540/900 batches (60.00%)
    [43] Processed 810/900 batches (90.00%)
[02:07:44] Epoch [44/50] Loss: 0.1381 Accuracy: 95.78%
    [44] Processed 0/900 batches (0.00%)
    [44] Processed 270/900 batches (30.00%)
    [44] Processed 540/900 batches (60.00%)
    [44] Processed 810/900 batches (90.00%)
[02:57:53] Epoch [45/50] Loss: 0.1306 Accuracy: 95.99%
    [45] Processed 0/900 batches (0.00%)
    [45] Processed 270/900 batches (30.00%)
    [45] Processed 540/900 batches (60.00%)
    [45] Processed 810/900 batches (90.00%)
[03:48:04] Epoch [46/50] Loss: 0.1326 Accuracy: 95.93%
    [46] Processed 0/900 batches (0.00%)
    [46] Processed 270/900 batches (30.00%)
    [46] Processed 540/900 batches (60.00%)
    [46] Processed 810/900 batches (90.00%)
[04:38:10] Epoch [47/50] Loss: 0.1244 Accuracy: 96.15%
    [47] Processed 0/900 batches (0.00%)
    [47] Processed 270/900 batches (30.00%)
    [47] Processed 540/900 batches (60.00%)
    [47] Processed 810/900 batches (90.00%)
[05:28:25] Epoch [48/50] Loss: 0.1215 Accuracy: 96.24%
    [48] Processed 0/900 batches (0.00%)
    [48] Processed 270/900 batches (30.00%)
    [48] Processed 540/900 batches (60.00%)
    [48] Processed 810/900 batches (90.00%)
[06:18:40] Epoch [49/50] Loss: 0.1178 Accuracy: 96.33%
    [49] Processed 0/900 batches (0.00%)
    [49] Processed 270/900 batches (30.00%)
    [49] Processed 540/900 batches (60.00%)
    [49] Processed 810/900 batches (90.00%)
[07:08:52] Epoch [50/50] Loss: 0.1300 Accuracy: 95.99%
Evaluating /virtual/drosari3/models/unet-18000-256-20-crop-50-00001/unet-18000-256-20-crop-50-00001.pth...
Accuracies: [55.74023903740777, 60.92140079074436, 63.568304443359374, 66.85005950927734, 69.42889421251085, 71.35123206244575, 72.8615966796875, 74.15787319607205, 74.96384718153212, 75.86640938652886, 76.3989513821072, 77.0909063551161, 77.73711149427626, 78.45756454467774, 79.23212110731336, 80.0527092827691, 80.81662258572048, 81.85513865152994, 82.79103944566515, 84.0420316060384, 84.97627427842882, 86.22832751803928, 87.36267751057943, 88.30891816880968, 88.91988084581163, 89.85556106567383, 90.36849416097006, 90.98192562527127, 91.56005282931858, 92.19971415201823, 92.63243764241537, 93.11626383463542, 93.19828889634874, 93.62233445909288, 94.03299806382921, 94.36746546427409, 94.41120910644531, 94.68791012234158, 94.86029502020942, 95.24236246744792, 95.46940706041124, 95.52336044311524, 95.25899191962348, 95.77544826931424, 95.98640823364258, 95.9283672756619, 96.1502321879069, 96.24207390679254, 96.32797741360135, 95.98619071112739]
Losses: [1.7746198443571726, 1.5292702515920003, 1.398223844303025, 1.2865085143513149, 1.1994549878438314, 1.1263239956564373, 1.0688731595211558, 1.0170110953847566, 0.9789272709356414, 0.94100409557422, 0.9134140505062209, 0.8779188731975026, 0.8478775458534559, 0.8144901192353832, 0.7764779903491338, 0.7402602521578471, 0.7051827381716834, 0.6587697892718845, 0.6197529921101199, 0.5688403745161162, 0.5335662507348591, 0.4848647152880828, 0.4437530256476667, 0.40984164887004426, 0.3875566657135884, 0.35321788139641286, 0.3344584173874723, 0.31205679122772484, 0.29204143669870164, 0.269043592520886, 0.25281095259719427, 0.23619472679992518, 0.23232273588577906, 0.21735888410773543, 0.20355853726466497, 0.19084919215904342, 0.18895671765423483, 0.17912334465318255, 0.17228393233898615, 0.15894586670315927, 0.1503968744393852, 0.14728568689690696, 0.15643231926692858, 0.138136482267744, 0.13062164779338573, 0.13260632535649672, 0.12440450249446763, 0.12150211456749174, 0.1177767342577378, 0.13004909254403577]
Testing Image: 0/100
Testing Image: 5/100
Testing Image: 10/100
Testing Image: 15/100
Testing Image: 20/100
Testing Image: 25/100
Testing Image: 30/100
Testing Image: 35/100
Testing Image: 40/100
Testing Image: 45/100
Testing Image: 50/100
Testing Image: 55/100
Testing Image: 60/100
Testing Image: 65/100
Testing Image: 70/100
Testing Image: 75/100
Testing Image: 80/100
Testing Image: 85/100
Testing Image: 90/100
Testing Image: 95/100
Validation mIoU: 0.3471
