Training unet-18000-256-20-crop-100-00001...
epochs=100 lr=0.0001, error=<function cross_entropy at 0x7f8a15d3d1b0>
    [0] Processed 0/900 batches (0.00%)
    [0] Processed 270/900 batches (30.00%)
    [0] Processed 540/900 batches (60.00%)
    [0] Processed 810/900 batches (90.00%)
Checkpoint 1 saved to /virtual/drosari3/models/unet-18000-256-20-crop-100-00001/unet-18000-256-20-crop-100-00001-checkpoint_epoch_1.pth
[21:03:17] Epoch [1/100] Loss: 1.8062 Accuracy: 54.27%
    [1] Processed 0/900 batches (0.00%)
    [1] Processed 270/900 batches (30.00%)
    [1] Processed 540/900 batches (60.00%)
    [1] Processed 810/900 batches (90.00%)
[21:14:02] Epoch [2/100] Loss: 1.4666 Accuracy: 62.27%
    [2] Processed 0/900 batches (0.00%)
    [2] Processed 270/900 batches (30.00%)
    [2] Processed 540/900 batches (60.00%)
    [2] Processed 810/900 batches (90.00%)
[21:24:48] Epoch [3/100] Loss: 1.3425 Accuracy: 64.96%
    [3] Processed 0/900 batches (0.00%)
    [3] Processed 270/900 batches (30.00%)
    [3] Processed 540/900 batches (60.00%)
    [3] Processed 810/900 batches (90.00%)
[21:35:35] Epoch [4/100] Loss: 1.2369 Accuracy: 68.17%
    [4] Processed 0/900 batches (0.00%)
    [4] Processed 270/900 batches (30.00%)
    [4] Processed 540/900 batches (60.00%)
    [4] Processed 810/900 batches (90.00%)
[21:46:21] Epoch [5/100] Loss: 1.1425 Accuracy: 71.20%
    [5] Processed 0/900 batches (0.00%)
    [5] Processed 270/900 batches (30.00%)
    [5] Processed 540/900 batches (60.00%)
    [5] Processed 810/900 batches (90.00%)
[21:57:07] Epoch [6/100] Loss: 1.0736 Accuracy: 73.03%
    [6] Processed 0/900 batches (0.00%)
    [6] Processed 270/900 batches (30.00%)
    [6] Processed 540/900 batches (60.00%)
    [6] Processed 810/900 batches (90.00%)
[22:07:53] Epoch [7/100] Loss: 1.0263 Accuracy: 74.10%
    [7] Processed 0/900 batches (0.00%)
    [7] Processed 270/900 batches (30.00%)
    [7] Processed 540/900 batches (60.00%)
    [7] Processed 810/900 batches (90.00%)
[22:18:38] Epoch [8/100] Loss: 0.9867 Accuracy: 75.00%
    [8] Processed 0/900 batches (0.00%)
    [8] Processed 270/900 batches (30.00%)
    [8] Processed 540/900 batches (60.00%)
    [8] Processed 810/900 batches (90.00%)
[22:29:24] Epoch [9/100] Loss: 0.9553 Accuracy: 75.67%
    [9] Processed 0/900 batches (0.00%)
    [9] Processed 270/900 batches (30.00%)
    [9] Processed 540/900 batches (60.00%)
    [9] Processed 810/900 batches (90.00%)
[22:40:09] Epoch [10/100] Loss: 0.9215 Accuracy: 76.32%
    [10] Processed 0/900 batches (0.00%)
    [10] Processed 270/900 batches (30.00%)
    [10] Processed 540/900 batches (60.00%)
    [10] Processed 810/900 batches (90.00%)
Checkpoint 11 saved to /virtual/drosari3/models/unet-18000-256-20-crop-100-00001/unet-18000-256-20-crop-100-00001-checkpoint_epoch_11.pth
[22:50:54] Epoch [11/100] Loss: 0.8910 Accuracy: 77.00%
    [11] Processed 0/900 batches (0.00%)
    [11] Processed 270/900 batches (30.00%)
    [11] Processed 540/900 batches (60.00%)
    [11] Processed 810/900 batches (90.00%)
[23:01:38] Epoch [12/100] Loss: 0.8586 Accuracy: 77.60%
    [12] Processed 0/900 batches (0.00%)
    [12] Processed 270/900 batches (30.00%)
    [12] Processed 540/900 batches (60.00%)
    [12] Processed 810/900 batches (90.00%)
[23:12:22] Epoch [13/100] Loss: 0.8233 Accuracy: 78.32%
    [13] Processed 0/900 batches (0.00%)
    [13] Processed 270/900 batches (30.00%)
    [13] Processed 540/900 batches (60.00%)
    [13] Processed 810/900 batches (90.00%)
[23:23:07] Epoch [14/100] Loss: 0.7898 Accuracy: 79.01%
    [14] Processed 0/900 batches (0.00%)
    [14] Processed 270/900 batches (30.00%)
    [14] Processed 540/900 batches (60.00%)
    [14] Processed 810/900 batches (90.00%)
[23:33:51] Epoch [15/100] Loss: 0.7540 Accuracy: 79.71%
    [15] Processed 0/900 batches (0.00%)
    [15] Processed 270/900 batches (30.00%)
    [15] Processed 540/900 batches (60.00%)
    [15] Processed 810/900 batches (90.00%)
[23:44:36] Epoch [16/100] Loss: 0.7114 Accuracy: 80.59%
    [16] Processed 0/900 batches (0.00%)
    [16] Processed 270/900 batches (30.00%)
    [16] Processed 540/900 batches (60.00%)
    [16] Processed 810/900 batches (90.00%)
[23:55:20] Epoch [17/100] Loss: 0.6701 Accuracy: 81.55%
    [17] Processed 0/900 batches (0.00%)
    [17] Processed 270/900 batches (30.00%)
    [17] Processed 540/900 batches (60.00%)
    [17] Processed 810/900 batches (90.00%)
[00:06:06] Epoch [18/100] Loss: 0.6233 Accuracy: 82.63%
    [18] Processed 0/900 batches (0.00%)
    [18] Processed 270/900 batches (30.00%)
    [18] Processed 540/900 batches (60.00%)
    [18] Processed 810/900 batches (90.00%)
[00:16:51] Epoch [19/100] Loss: 0.5812 Accuracy: 83.63%
    [19] Processed 0/900 batches (0.00%)
    [19] Processed 270/900 batches (30.00%)
    [19] Processed 540/900 batches (60.00%)
    [19] Processed 810/900 batches (90.00%)
[00:27:37] Epoch [20/100] Loss: 0.5331 Accuracy: 84.85%
    [20] Processed 0/900 batches (0.00%)
    [20] Processed 270/900 batches (30.00%)
    [20] Processed 540/900 batches (60.00%)
    [20] Processed 810/900 batches (90.00%)
Checkpoint 21 saved to /virtual/drosari3/models/unet-18000-256-20-crop-100-00001/unet-18000-256-20-crop-100-00001-checkpoint_epoch_21.pth
[00:38:22] Epoch [21/100] Loss: 0.4940 Accuracy: 85.92%
    [21] Processed 0/900 batches (0.00%)
    [21] Processed 270/900 batches (30.00%)
    [21] Processed 540/900 batches (60.00%)
    [21] Processed 810/900 batches (90.00%)
[00:49:06] Epoch [22/100] Loss: 0.4537 Accuracy: 87.01%
    [22] Processed 0/900 batches (0.00%)
    [22] Processed 270/900 batches (30.00%)
    [22] Processed 540/900 batches (60.00%)
    [22] Processed 810/900 batches (90.00%)
[00:59:51] Epoch [23/100] Loss: 0.4230 Accuracy: 87.85%
    [23] Processed 0/900 batches (0.00%)
    [23] Processed 270/900 batches (30.00%)
    [23] Processed 540/900 batches (60.00%)
    [23] Processed 810/900 batches (90.00%)
[01:10:36] Epoch [24/100] Loss: 0.3878 Accuracy: 88.85%
    [24] Processed 0/900 batches (0.00%)
    [24] Processed 270/900 batches (30.00%)
    [24] Processed 540/900 batches (60.00%)
    [24] Processed 810/900 batches (90.00%)
[01:21:20] Epoch [25/100] Loss: 0.3656 Accuracy: 89.50%
    [25] Processed 0/900 batches (0.00%)
    [25] Processed 270/900 batches (30.00%)
    [25] Processed 540/900 batches (60.00%)
    [25] Processed 810/900 batches (90.00%)
[01:32:04] Epoch [26/100] Loss: 0.3353 Accuracy: 90.34%
    [26] Processed 0/900 batches (0.00%)
    [26] Processed 270/900 batches (30.00%)
    [26] Processed 540/900 batches (60.00%)
    [26] Processed 810/900 batches (90.00%)
[01:42:49] Epoch [27/100] Loss: 0.3110 Accuracy: 90.99%
    [27] Processed 0/900 batches (0.00%)
    [27] Processed 270/900 batches (30.00%)
    [27] Processed 540/900 batches (60.00%)
    [27] Processed 810/900 batches (90.00%)
[01:53:35] Epoch [28/100] Loss: 0.2991 Accuracy: 91.33%
    [28] Processed 0/900 batches (0.00%)
    [28] Processed 270/900 batches (30.00%)
    [28] Processed 540/900 batches (60.00%)
    [28] Processed 810/900 batches (90.00%)
[02:04:20] Epoch [29/100] Loss: 0.2705 Accuracy: 92.13%
    [29] Processed 0/900 batches (0.00%)
    [29] Processed 270/900 batches (30.00%)
    [29] Processed 540/900 batches (60.00%)
    [29] Processed 810/900 batches (90.00%)
[02:15:06] Epoch [30/100] Loss: 0.2609 Accuracy: 92.39%
    [30] Processed 0/900 batches (0.00%)
    [30] Processed 270/900 batches (30.00%)
    [30] Processed 540/900 batches (60.00%)
    [30] Processed 810/900 batches (90.00%)
Checkpoint 31 saved to /virtual/drosari3/models/unet-18000-256-20-crop-100-00001/unet-18000-256-20-crop-100-00001-checkpoint_epoch_31.pth
[02:25:51] Epoch [31/100] Loss: 0.2378 Accuracy: 93.05%
    [31] Processed 0/900 batches (0.00%)
    [31] Processed 270/900 batches (30.00%)
    [31] Processed 540/900 batches (60.00%)
    [31] Processed 810/900 batches (90.00%)
[02:36:35] Epoch [32/100] Loss: 0.2196 Accuracy: 93.55%
    [32] Processed 0/900 batches (0.00%)
    [32] Processed 270/900 batches (30.00%)
    [32] Processed 540/900 batches (60.00%)
    [32] Processed 810/900 batches (90.00%)
[02:47:20] Epoch [33/100] Loss: 0.2111 Accuracy: 93.78%
    [33] Processed 0/900 batches (0.00%)
    [33] Processed 270/900 batches (30.00%)
    [33] Processed 540/900 batches (60.00%)
    [33] Processed 810/900 batches (90.00%)
[02:58:05] Epoch [34/100] Loss: 0.2044 Accuracy: 93.96%
    [34] Processed 0/900 batches (0.00%)
    [34] Processed 270/900 batches (30.00%)
    [34] Processed 540/900 batches (60.00%)
    [34] Processed 810/900 batches (90.00%)
[03:08:50] Epoch [35/100] Loss: 0.1963 Accuracy: 94.20%
    [35] Processed 0/900 batches (0.00%)
    [35] Processed 270/900 batches (30.00%)
    [35] Processed 540/900 batches (60.00%)
    [35] Processed 810/900 batches (90.00%)
[03:19:36] Epoch [36/100] Loss: 0.1783 Accuracy: 94.67%
    [36] Processed 0/900 batches (0.00%)
    [36] Processed 270/900 batches (30.00%)
    [36] Processed 540/900 batches (60.00%)
    [36] Processed 810/900 batches (90.00%)
[03:30:21] Epoch [37/100] Loss: 0.1676 Accuracy: 94.97%
    [37] Processed 0/900 batches (0.00%)
    [37] Processed 270/900 batches (30.00%)
    [37] Processed 540/900 batches (60.00%)
    [37] Processed 810/900 batches (90.00%)
[03:41:06] Epoch [38/100] Loss: 0.1653 Accuracy: 95.04%
    [38] Processed 0/900 batches (0.00%)
    [38] Processed 270/900 batches (30.00%)
    [38] Processed 540/900 batches (60.00%)
    [38] Processed 810/900 batches (90.00%)
[03:51:50] Epoch [39/100] Loss: 0.1669 Accuracy: 94.97%
    [39] Processed 0/900 batches (0.00%)
    [39] Processed 270/900 batches (30.00%)
    [39] Processed 540/900 batches (60.00%)
    [39] Processed 810/900 batches (90.00%)
[04:02:35] Epoch [40/100] Loss: 0.1545 Accuracy: 95.33%
    [40] Processed 0/900 batches (0.00%)
    [40] Processed 270/900 batches (30.00%)
    [40] Processed 540/900 batches (60.00%)
    [40] Processed 810/900 batches (90.00%)
Checkpoint 41 saved to /virtual/drosari3/models/unet-18000-256-20-crop-100-00001/unet-18000-256-20-crop-100-00001-checkpoint_epoch_41.pth
[04:13:20] Epoch [41/100] Loss: 0.1488 Accuracy: 95.49%
    [41] Processed 0/900 batches (0.00%)
    [41] Processed 270/900 batches (30.00%)
    [41] Processed 540/900 batches (60.00%)
    [41] Processed 810/900 batches (90.00%)
[04:24:05] Epoch [42/100] Loss: 0.1321 Accuracy: 95.94%
    [42] Processed 0/900 batches (0.00%)
    [42] Processed 270/900 batches (30.00%)
    [42] Processed 540/900 batches (60.00%)
    [42] Processed 810/900 batches (90.00%)
[04:34:50] Epoch [43/100] Loss: 0.1330 Accuracy: 95.90%
    [43] Processed 0/900 batches (0.00%)
    [43] Processed 270/900 batches (30.00%)
    [43] Processed 540/900 batches (60.00%)
    [43] Processed 810/900 batches (90.00%)
[04:45:34] Epoch [44/100] Loss: 0.1397 Accuracy: 95.71%
    [44] Processed 0/900 batches (0.00%)
    [44] Processed 270/900 batches (30.00%)
    [44] Processed 540/900 batches (60.00%)
    [44] Processed 810/900 batches (90.00%)
[04:56:18] Epoch [45/100] Loss: 0.1168 Accuracy: 96.37%
    [45] Processed 0/900 batches (0.00%)
    [45] Processed 270/900 batches (30.00%)
    [45] Processed 540/900 batches (60.00%)
    [45] Processed 810/900 batches (90.00%)
[05:07:04] Epoch [46/100] Loss: 0.1260 Accuracy: 96.11%
    [46] Processed 0/900 batches (0.00%)
    [46] Processed 270/900 batches (30.00%)
    [46] Processed 540/900 batches (60.00%)
    [46] Processed 810/900 batches (90.00%)
[05:17:48] Epoch [47/100] Loss: 0.1296 Accuracy: 95.97%
    [47] Processed 0/900 batches (0.00%)
    [47] Processed 270/900 batches (30.00%)
    [47] Processed 540/900 batches (60.00%)
    [47] Processed 810/900 batches (90.00%)
[05:28:32] Epoch [48/100] Loss: 0.1009 Accuracy: 96.80%
    [48] Processed 0/900 batches (0.00%)
    [48] Processed 270/900 batches (30.00%)
    [48] Processed 540/900 batches (60.00%)
    [48] Processed 810/900 batches (90.00%)
[05:39:17] Epoch [49/100] Loss: 0.1092 Accuracy: 96.56%
    [49] Processed 0/900 batches (0.00%)
    [49] Processed 270/900 batches (30.00%)
    [49] Processed 540/900 batches (60.00%)
    [49] Processed 810/900 batches (90.00%)
[05:50:03] Epoch [50/100] Loss: 0.1040 Accuracy: 96.71%
    [50] Processed 0/900 batches (0.00%)
    [50] Processed 270/900 batches (30.00%)
    [50] Processed 540/900 batches (60.00%)
    [50] Processed 810/900 batches (90.00%)
Checkpoint 51 saved to /virtual/drosari3/models/unet-18000-256-20-crop-100-00001/unet-18000-256-20-crop-100-00001-checkpoint_epoch_51.pth
[06:00:49] Epoch [51/100] Loss: 0.1047 Accuracy: 96.68%
    [51] Processed 0/900 batches (0.00%)
    [51] Processed 270/900 batches (30.00%)
    [51] Processed 540/900 batches (60.00%)
    [51] Processed 810/900 batches (90.00%)
[06:11:34] Epoch [52/100] Loss: 0.1047 Accuracy: 96.68%
    [52] Processed 0/900 batches (0.00%)
    [52] Processed 270/900 batches (30.00%)
    [52] Processed 540/900 batches (60.00%)
    [52] Processed 810/900 batches (90.00%)
[06:22:19] Epoch [53/100] Loss: 0.1103 Accuracy: 96.53%
    [53] Processed 0/900 batches (0.00%)
    [53] Processed 270/900 batches (30.00%)
    [53] Processed 540/900 batches (60.00%)
    [53] Processed 810/900 batches (90.00%)
[06:33:03] Epoch [54/100] Loss: 0.0869 Accuracy: 97.20%
    [54] Processed 0/900 batches (0.00%)
    [54] Processed 270/900 batches (30.00%)
    [54] Processed 540/900 batches (60.00%)
    [54] Processed 810/900 batches (90.00%)
[06:43:47] Epoch [55/100] Loss: 0.0766 Accuracy: 97.49%
    [55] Processed 0/900 batches (0.00%)
    [55] Processed 270/900 batches (30.00%)
    [55] Processed 540/900 batches (60.00%)
    [55] Processed 810/900 batches (90.00%)
[06:54:31] Epoch [56/100] Loss: 0.1072 Accuracy: 96.59%
    [56] Processed 0/900 batches (0.00%)
    [56] Processed 270/900 batches (30.00%)
    [56] Processed 540/900 batches (60.00%)
    [56] Processed 810/900 batches (90.00%)
[07:05:15] Epoch [57/100] Loss: 0.0928 Accuracy: 97.00%
    [57] Processed 0/900 batches (0.00%)
    [57] Processed 270/900 batches (30.00%)
    [57] Processed 540/900 batches (60.00%)
    [57] Processed 810/900 batches (90.00%)
[07:15:59] Epoch [58/100] Loss: 0.0765 Accuracy: 97.48%
    [58] Processed 0/900 batches (0.00%)
    [58] Processed 270/900 batches (30.00%)
    [58] Processed 540/900 batches (60.00%)
    [58] Processed 810/900 batches (90.00%)
[07:26:42] Epoch [59/100] Loss: 0.0861 Accuracy: 97.21%
    [59] Processed 0/900 batches (0.00%)
    [59] Processed 270/900 batches (30.00%)
    [59] Processed 540/900 batches (60.00%)
    [59] Processed 810/900 batches (90.00%)
[07:37:27] Epoch [60/100] Loss: 0.0821 Accuracy: 97.31%
    [60] Processed 0/900 batches (0.00%)
    [60] Processed 270/900 batches (30.00%)
    [60] Processed 540/900 batches (60.00%)
    [60] Processed 810/900 batches (90.00%)
Checkpoint 61 saved to /virtual/drosari3/models/unet-18000-256-20-crop-100-00001/unet-18000-256-20-crop-100-00001-checkpoint_epoch_61.pth
[07:48:10] Epoch [61/100] Loss: 0.0924 Accuracy: 97.03%
    [61] Processed 0/900 batches (0.00%)
    [61] Processed 270/900 batches (30.00%)
    [61] Processed 540/900 batches (60.00%)
    [61] Processed 810/900 batches (90.00%)
[07:58:54] Epoch [62/100] Loss: 0.0783 Accuracy: 97.44%
    [62] Processed 0/900 batches (0.00%)
    [62] Processed 270/900 batches (30.00%)
    [62] Processed 540/900 batches (60.00%)
    [62] Processed 810/900 batches (90.00%)
[08:09:37] Epoch [63/100] Loss: 0.0834 Accuracy: 97.28%
    [63] Processed 0/900 batches (0.00%)
    [63] Processed 270/900 batches (30.00%)
    [63] Processed 540/900 batches (60.00%)
    [63] Processed 810/900 batches (90.00%)
[08:20:21] Epoch [64/100] Loss: 0.0777 Accuracy: 97.45%
    [64] Processed 0/900 batches (0.00%)
    [64] Processed 270/900 batches (30.00%)
    [64] Processed 540/900 batches (60.00%)
    [64] Processed 810/900 batches (90.00%)
[08:31:04] Epoch [65/100] Loss: 0.0647 Accuracy: 97.83%
    [65] Processed 0/900 batches (0.00%)
    [65] Processed 270/900 batches (30.00%)
    [65] Processed 540/900 batches (60.00%)
    [65] Processed 810/900 batches (90.00%)
[08:41:48] Epoch [66/100] Loss: 0.0843 Accuracy: 97.27%
    [66] Processed 0/900 batches (0.00%)
    [66] Processed 270/900 batches (30.00%)
    [66] Processed 540/900 batches (60.00%)
    [66] Processed 810/900 batches (90.00%)
[08:52:32] Epoch [67/100] Loss: 0.0613 Accuracy: 97.92%
    [67] Processed 0/900 batches (0.00%)
    [67] Processed 270/900 batches (30.00%)
    [67] Processed 540/900 batches (60.00%)
    [67] Processed 810/900 batches (90.00%)
[09:03:15] Epoch [68/100] Loss: 0.0625 Accuracy: 97.88%
    [68] Processed 0/900 batches (0.00%)
    [68] Processed 270/900 batches (30.00%)
    [68] Processed 540/900 batches (60.00%)
    [68] Processed 810/900 batches (90.00%)
[09:13:58] Epoch [69/100] Loss: 0.0828 Accuracy: 97.27%
    [69] Processed 0/900 batches (0.00%)
    [69] Processed 270/900 batches (30.00%)
    [69] Processed 540/900 batches (60.00%)
    [69] Processed 810/900 batches (90.00%)
[09:24:41] Epoch [70/100] Loss: 0.0766 Accuracy: 97.48%
    [70] Processed 0/900 batches (0.00%)
    [70] Processed 270/900 batches (30.00%)
    [70] Processed 540/900 batches (60.00%)
    [70] Processed 810/900 batches (90.00%)
Checkpoint 71 saved to /virtual/drosari3/models/unet-18000-256-20-crop-100-00001/unet-18000-256-20-crop-100-00001-checkpoint_epoch_71.pth
[09:35:25] Epoch [71/100] Loss: 0.0647 Accuracy: 97.82%
    [71] Processed 0/900 batches (0.00%)
    [71] Processed 270/900 batches (30.00%)
    [71] Processed 540/900 batches (60.00%)
    [71] Processed 810/900 batches (90.00%)
[09:46:08] Epoch [72/100] Loss: 0.0731 Accuracy: 97.60%
    [72] Processed 0/900 batches (0.00%)
    [72] Processed 270/900 batches (30.00%)
    [72] Processed 540/900 batches (60.00%)
    [72] Processed 810/900 batches (90.00%)
[09:56:52] Epoch [73/100] Loss: 0.0632 Accuracy: 97.88%
    [73] Processed 0/900 batches (0.00%)
    [73] Processed 270/900 batches (30.00%)
    [73] Processed 540/900 batches (60.00%)
    [73] Processed 810/900 batches (90.00%)
[10:07:36] Epoch [74/100] Loss: 0.0594 Accuracy: 97.97%
    [74] Processed 0/900 batches (0.00%)
    [74] Processed 270/900 batches (30.00%)
    [74] Processed 540/900 batches (60.00%)
    [74] Processed 810/900 batches (90.00%)
[10:18:20] Epoch [75/100] Loss: 0.0841 Accuracy: 97.28%
    [75] Processed 0/900 batches (0.00%)
    [75] Processed 270/900 batches (30.00%)
    [75] Processed 540/900 batches (60.00%)
    [75] Processed 810/900 batches (90.00%)
[10:29:04] Epoch [76/100] Loss: 0.0651 Accuracy: 97.81%
    [76] Processed 0/900 batches (0.00%)
    [76] Processed 270/900 batches (30.00%)
    [76] Processed 540/900 batches (60.00%)
    [76] Processed 810/900 batches (90.00%)
[10:39:47] Epoch [77/100] Loss: 0.0516 Accuracy: 98.21%
    [77] Processed 0/900 batches (0.00%)
    [77] Processed 270/900 batches (30.00%)
    [77] Processed 540/900 batches (60.00%)
    [77] Processed 810/900 batches (90.00%)
[10:50:30] Epoch [78/100] Loss: 0.0444 Accuracy: 98.43%
    [78] Processed 0/900 batches (0.00%)
    [78] Processed 270/900 batches (30.00%)
    [78] Processed 540/900 batches (60.00%)
    [78] Processed 810/900 batches (90.00%)
[11:01:13] Epoch [79/100] Loss: 0.0697 Accuracy: 97.68%
    [79] Processed 0/900 batches (0.00%)
    [79] Processed 270/900 batches (30.00%)
    [79] Processed 540/900 batches (60.00%)
    [79] Processed 810/900 batches (90.00%)
[11:11:56] Epoch [80/100] Loss: 0.0764 Accuracy: 97.47%
    [80] Processed 0/900 batches (0.00%)
    [80] Processed 270/900 batches (30.00%)
    [80] Processed 540/900 batches (60.00%)
    [80] Processed 810/900 batches (90.00%)
Checkpoint 81 saved to /virtual/drosari3/models/unet-18000-256-20-crop-100-00001/unet-18000-256-20-crop-100-00001-checkpoint_epoch_81.pth
[11:22:40] Epoch [81/100] Loss: 0.0485 Accuracy: 98.31%
    [81] Processed 0/900 batches (0.00%)
    [81] Processed 270/900 batches (30.00%)
    [81] Processed 540/900 batches (60.00%)
    [81] Processed 810/900 batches (90.00%)
[11:33:24] Epoch [82/100] Loss: 0.0549 Accuracy: 98.12%
    [82] Processed 0/900 batches (0.00%)
    [82] Processed 270/900 batches (30.00%)
    [82] Processed 540/900 batches (60.00%)
    [82] Processed 810/900 batches (90.00%)
[11:44:08] Epoch [83/100] Loss: 0.0498 Accuracy: 98.26%
    [83] Processed 0/900 batches (0.00%)
    [83] Processed 270/900 batches (30.00%)
    [83] Processed 540/900 batches (60.00%)
    [83] Processed 810/900 batches (90.00%)
[11:54:52] Epoch [84/100] Loss: 0.0595 Accuracy: 97.97%
    [84] Processed 0/900 batches (0.00%)
    [84] Processed 270/900 batches (30.00%)
    [84] Processed 540/900 batches (60.00%)
    [84] Processed 810/900 batches (90.00%)
[12:05:35] Epoch [85/100] Loss: 0.0509 Accuracy: 98.22%
    [85] Processed 0/900 batches (0.00%)
    [85] Processed 270/900 batches (30.00%)
    [85] Processed 540/900 batches (60.00%)
    [85] Processed 810/900 batches (90.00%)
[12:16:19] Epoch [86/100] Loss: 0.0619 Accuracy: 97.92%
    [86] Processed 0/900 batches (0.00%)
    [86] Processed 270/900 batches (30.00%)
    [86] Processed 540/900 batches (60.00%)
    [86] Processed 810/900 batches (90.00%)
[12:27:03] Epoch [87/100] Loss: 0.0653 Accuracy: 97.81%
    [87] Processed 0/900 batches (0.00%)
    [87] Processed 270/900 batches (30.00%)
    [87] Processed 540/900 batches (60.00%)
    [87] Processed 810/900 batches (90.00%)
[12:37:47] Epoch [88/100] Loss: 0.0481 Accuracy: 98.31%
    [88] Processed 0/900 batches (0.00%)
    [88] Processed 270/900 batches (30.00%)
    [88] Processed 540/900 batches (60.00%)
    [88] Processed 810/900 batches (90.00%)
[12:48:31] Epoch [89/100] Loss: 0.0557 Accuracy: 98.10%
    [89] Processed 0/900 batches (0.00%)
    [89] Processed 270/900 batches (30.00%)
    [89] Processed 540/900 batches (60.00%)
    [89] Processed 810/900 batches (90.00%)
[12:59:15] Epoch [90/100] Loss: 0.0489 Accuracy: 98.28%
    [90] Processed 0/900 batches (0.00%)
    [90] Processed 270/900 batches (30.00%)
    [90] Processed 540/900 batches (60.00%)
    [90] Processed 810/900 batches (90.00%)
Checkpoint 91 saved to /virtual/drosari3/models/unet-18000-256-20-crop-100-00001/unet-18000-256-20-crop-100-00001-checkpoint_epoch_91.pth
[13:09:58] Epoch [91/100] Loss: 0.0432 Accuracy: 98.46%
    [91] Processed 0/900 batches (0.00%)
    [91] Processed 270/900 batches (30.00%)
    [91] Processed 540/900 batches (60.00%)
    [91] Processed 810/900 batches (90.00%)
[13:20:42] Epoch [92/100] Loss: 0.0410 Accuracy: 98.54%
    [92] Processed 0/900 batches (0.00%)
    [92] Processed 270/900 batches (30.00%)
    [92] Processed 540/900 batches (60.00%)
    [92] Processed 810/900 batches (90.00%)
[13:31:25] Epoch [93/100] Loss: 0.0504 Accuracy: 98.26%
    [93] Processed 0/900 batches (0.00%)
    [93] Processed 270/900 batches (30.00%)
    [93] Processed 540/900 batches (60.00%)
    [93] Processed 810/900 batches (90.00%)
[13:42:09] Epoch [94/100] Loss: 0.0490 Accuracy: 98.29%
    [94] Processed 0/900 batches (0.00%)
    [94] Processed 270/900 batches (30.00%)
    [94] Processed 540/900 batches (60.00%)
    [94] Processed 810/900 batches (90.00%)
[13:52:52] Epoch [95/100] Loss: 0.0473 Accuracy: 98.34%
    [95] Processed 0/900 batches (0.00%)
    [95] Processed 270/900 batches (30.00%)
    [95] Processed 540/900 batches (60.00%)
    [95] Processed 810/900 batches (90.00%)
[14:03:36] Epoch [96/100] Loss: 0.0543 Accuracy: 98.13%
    [96] Processed 0/900 batches (0.00%)
    [96] Processed 270/900 batches (30.00%)
    [96] Processed 540/900 batches (60.00%)
    [96] Processed 810/900 batches (90.00%)
[14:14:20] Epoch [97/100] Loss: 0.0504 Accuracy: 98.27%
    [97] Processed 0/900 batches (0.00%)
    [97] Processed 270/900 batches (30.00%)
    [97] Processed 540/900 batches (60.00%)
    [97] Processed 810/900 batches (90.00%)
[14:25:03] Epoch [98/100] Loss: 0.0472 Accuracy: 98.35%
    [98] Processed 0/900 batches (0.00%)
    [98] Processed 270/900 batches (30.00%)
    [98] Processed 540/900 batches (60.00%)
    [98] Processed 810/900 batches (90.00%)
[14:35:47] Epoch [99/100] Loss: 0.0461 Accuracy: 98.39%
    [99] Processed 0/900 batches (0.00%)
    [99] Processed 270/900 batches (30.00%)
    [99] Processed 540/900 batches (60.00%)
    [99] Processed 810/900 batches (90.00%)
[14:46:31] Epoch [100/100] Loss: 0.0412 Accuracy: 98.54%
Evaluating /virtual/drosari3/models/unet-18000-256-20-crop-100-00001/unet-18000-256-20-crop-100-00001.pth...
Accuracies: [54.271290673149956, 62.27431479560004, 64.95506388346354, 68.16565534803603, 71.20349383884006, 73.03188010321723, 74.09731326633029, 74.99589063856337, 75.67230911254883, 76.31834182739257, 77.0002414279514, 77.6001587761773, 78.32325702243381, 79.01212124294705, 79.71395712958441, 80.58934860229492, 81.55175365871854, 82.62891413370768, 83.63455293443468, 84.84889941745334, 85.91928617689345, 87.01456417507596, 87.84816487630208, 88.84935395982531, 89.49627168443467, 90.34333224826389, 90.98709487915039, 91.32746319240994, 92.1264156765408, 92.39108835856119, 93.05417251586914, 93.54695053100586, 93.7808226691352, 93.9611099243164, 94.20035663180882, 94.66578971015082, 94.97346165974935, 95.03555662367079, 94.97184176974827, 95.32525668674045, 95.49375610351562, 95.94026167127821, 95.90209333631728, 95.71246109008788, 96.36968120998806, 96.10774188571506, 95.96942927042643, 96.80402433607313, 96.55761362711588, 96.70635435316298, 96.67732620239258, 96.6762181599935, 96.53165300157335, 97.19802415635851, 97.49113176133898, 96.58888295491536, 97.00151095920138, 97.4842787000868, 97.20550554063585, 97.3116697523329, 97.02698406643337, 97.43816714816623, 97.28140631781685, 97.44851667616102, 97.82966715494791, 97.26734432644314, 97.92101203070746, 97.88096957736545, 97.2746932135688, 97.48288964165582, 97.81724310980903, 97.59705318874784, 97.87794918484158, 97.9742180718316, 97.28377015855577, 97.81033316718208, 98.208226691352, 98.4262082417806, 97.68234837849936, 97.46693081325955, 98.30530412462022, 98.12166917588976, 98.26449296739366, 97.96954159206814, 98.21919216579862, 97.92493396335178, 97.80893444485135, 98.31266852484809, 98.09620776706272, 98.28007388644748, 98.46185709635417, 98.54249657524957, 98.25725716484918, 98.29455795288087, 98.33815409342448, 98.1289060804579, 98.2730234781901, 98.34810757107205, 98.3911767747667, 98.53655819363064]
Losses: [1.8061964239676793, 1.4665964104731877, 1.3424502703878614, 1.2369255301687452, 1.1424735465976927, 1.0735848636759653, 1.0263295971684985, 0.9866697060399585, 0.955347229441007, 0.9214819740255674, 0.8909908085233635, 0.858596765630775, 0.8233257281449106, 0.7897770065400336, 0.753995578289032, 0.7114123762647311, 0.6701252759827507, 0.6233274049725798, 0.5812091876069705, 0.5330586948825253, 0.49397250013218985, 0.4537063308225738, 0.42297901310854485, 0.3877599110371537, 0.365595385366016, 0.3353333827522066, 0.31099634961121614, 0.2990941602240006, 0.27050287487606206, 0.260911351657576, 0.23775411567754215, 0.21962980060113801, 0.2111111122618119, 0.20444679425822365, 0.19629775520828036, 0.1782993231755164, 0.1675794161359469, 0.1652673115953803, 0.1668959392193291, 0.1544597142479486, 0.14880848889549572, 0.13205534665534893, 0.13297708588341872, 0.1396827152578367, 0.11682601320246855, 0.1260495524563723, 0.1295963308132357, 0.10091366265176072, 0.10923612591707044, 0.1039992907229397, 0.10474137310352591, 0.10473861112362809, 0.11027386361319158, 0.08689003722535239, 0.0765807418194082, 0.107152098013709, 0.09280602173879743, 0.076497152917501, 0.08605080557780133, 0.08206622554403212, 0.0924223175769051, 0.07833962411309282, 0.08344960270035598, 0.07769653687667516, 0.06468348793892396, 0.08426848233573966, 0.061291446400185426, 0.06247234230861068, 0.08275681589833564, 0.07663431109653579, 0.06467169176580177, 0.07313658105830352, 0.06317283128284745, 0.05939439316280186, 0.08408852899033162, 0.06510271601585878, 0.051569794617179365, 0.04438933186646965, 0.0696818973393076, 0.07639048489845461, 0.048453902600126136, 0.05488861019205716, 0.04982986444193456, 0.05950384729852279, 0.05089162554695374, 0.061889681949590644, 0.06530994036338396, 0.04805873374351197, 0.0557476119355609, 0.048911844808608294, 0.04317875093470017, 0.04099046031323572, 0.050438444469538, 0.048969337360726464, 0.04727890222229891, 0.054254379735017816, 0.05037020466393895, 0.04724226397358709, 0.04611491019734078, 0.04124579370953143]
Testing Image: 0/100
Testing Image: 5/100
Testing Image: 10/100
Testing Image: 15/100
Testing Image: 20/100
Testing Image: 25/100
Testing Image: 30/100
Testing Image: 35/100
Testing Image: 40/100
Testing Image: 45/100
Testing Image: 50/100
Testing Image: 55/100
Testing Image: 60/100
Testing Image: 65/100
Testing Image: 70/100
Testing Image: 75/100
Testing Image: 80/100
Testing Image: 85/100
Testing Image: 90/100
Testing Image: 95/100
Validation mIoU: 0.4030
