Training unet-18000-256-16-crop-50-000075...
epochs=50 lr=0.00075, error=<function cross_entropy at 0x7f6cbef31240>
    [0] Processed 0/1125 batches (0.00%)
    [0] Processed 337/1125 batches (29.96%)
    [0] Processed 674/1125 batches (59.91%)
    [0] Processed 1011/1125 batches (89.87%)
Checkpoint 1 saved to /virtual/drosari3/models/unet-18000-256-16-crop-50-000075/unet-18000-256-16-crop-50-000075-checkpoint_epoch_1.pth
[21:32:30] Epoch [1/50] Loss: 1.8187 Accuracy: 58.14%
    [1] Processed 0/1125 batches (0.00%)
    [1] Processed 337/1125 batches (29.96%)
    [1] Processed 674/1125 batches (59.91%)
    [1] Processed 1011/1125 batches (89.87%)
[22:23:40] Epoch [2/50] Loss: 1.4218 Accuracy: 63.62%
    [2] Processed 0/1125 batches (0.00%)
    [2] Processed 337/1125 batches (29.96%)
    [2] Processed 674/1125 batches (59.91%)
    [2] Processed 1011/1125 batches (89.87%)
[23:14:02] Epoch [3/50] Loss: 1.3393 Accuracy: 65.90%
    [3] Processed 0/1125 batches (0.00%)
    [3] Processed 337/1125 batches (29.96%)
    [3] Processed 674/1125 batches (59.91%)
    [3] Processed 1011/1125 batches (89.87%)
[00:04:07] Epoch [4/50] Loss: 1.2916 Accuracy: 67.01%
    [4] Processed 0/1125 batches (0.00%)
    [4] Processed 337/1125 batches (29.96%)
    [4] Processed 674/1125 batches (59.91%)
    [4] Processed 1011/1125 batches (89.87%)
[00:54:05] Epoch [5/50] Loss: 1.2597 Accuracy: 67.63%
    [5] Processed 0/1125 batches (0.00%)
    [5] Processed 337/1125 batches (29.96%)
    [5] Processed 674/1125 batches (59.91%)
    [5] Processed 1011/1125 batches (89.87%)
[01:43:58] Epoch [6/50] Loss: 1.2344 Accuracy: 68.22%
    [6] Processed 0/1125 batches (0.00%)
    [6] Processed 337/1125 batches (29.96%)
    [6] Processed 674/1125 batches (59.91%)
    [6] Processed 1011/1125 batches (89.87%)
[02:33:50] Epoch [7/50] Loss: 1.2189 Accuracy: 68.58%
    [7] Processed 0/1125 batches (0.00%)
    [7] Processed 337/1125 batches (29.96%)
    [7] Processed 674/1125 batches (59.91%)
    [7] Processed 1011/1125 batches (89.87%)
[03:23:36] Epoch [8/50] Loss: 1.2012 Accuracy: 69.03%
    [8] Processed 0/1125 batches (0.00%)
    [8] Processed 337/1125 batches (29.96%)
    [8] Processed 674/1125 batches (59.91%)
    [8] Processed 1011/1125 batches (89.87%)
[04:13:19] Epoch [9/50] Loss: 1.1911 Accuracy: 69.29%
    [9] Processed 0/1125 batches (0.00%)
    [9] Processed 337/1125 batches (29.96%)
    [9] Processed 674/1125 batches (59.91%)
    [9] Processed 1011/1125 batches (89.87%)
[05:03:02] Epoch [10/50] Loss: 1.1778 Accuracy: 69.57%
    [10] Processed 0/1125 batches (0.00%)
    [10] Processed 337/1125 batches (29.96%)
    [10] Processed 674/1125 batches (59.91%)
    [10] Processed 1011/1125 batches (89.87%)
Checkpoint 11 saved to /virtual/drosari3/models/unet-18000-256-16-crop-50-000075/unet-18000-256-16-crop-50-000075-checkpoint_epoch_11.pth
[05:52:49] Epoch [11/50] Loss: 1.1650 Accuracy: 69.86%
    [11] Processed 0/1125 batches (0.00%)
    [11] Processed 337/1125 batches (29.96%)
    [11] Processed 674/1125 batches (59.91%)
    [11] Processed 1011/1125 batches (89.87%)
[06:42:36] Epoch [12/50] Loss: 1.1550 Accuracy: 70.07%
    [12] Processed 0/1125 batches (0.00%)
    [12] Processed 337/1125 batches (29.96%)
    [12] Processed 674/1125 batches (59.91%)
    [12] Processed 1011/1125 batches (89.87%)
[07:32:18] Epoch [13/50] Loss: 1.1458 Accuracy: 70.27%
    [13] Processed 0/1125 batches (0.00%)
    [13] Processed 337/1125 batches (29.96%)
    [13] Processed 674/1125 batches (59.91%)
    [13] Processed 1011/1125 batches (89.87%)
[08:22:06] Epoch [14/50] Loss: 1.1405 Accuracy: 70.37%
    [14] Processed 0/1125 batches (0.00%)
    [14] Processed 337/1125 batches (29.96%)
    [14] Processed 674/1125 batches (59.91%)
    [14] Processed 1011/1125 batches (89.87%)
[09:11:52] Epoch [15/50] Loss: 1.1312 Accuracy: 70.65%
    [15] Processed 0/1125 batches (0.00%)
    [15] Processed 337/1125 batches (29.96%)
    [15] Processed 674/1125 batches (59.91%)
    [15] Processed 1011/1125 batches (89.87%)
[10:01:40] Epoch [16/50] Loss: 1.1254 Accuracy: 70.78%
    [16] Processed 0/1125 batches (0.00%)
    [16] Processed 337/1125 batches (29.96%)
    [16] Processed 674/1125 batches (59.91%)
    [16] Processed 1011/1125 batches (89.87%)
[10:51:05] Epoch [17/50] Loss: 1.1186 Accuracy: 70.91%
    [17] Processed 0/1125 batches (0.00%)
    [17] Processed 337/1125 batches (29.96%)
    [17] Processed 674/1125 batches (59.91%)
    [17] Processed 1011/1125 batches (89.87%)
[11:40:49] Epoch [18/50] Loss: 1.1136 Accuracy: 71.00%
    [18] Processed 0/1125 batches (0.00%)
    [18] Processed 337/1125 batches (29.96%)
    [18] Processed 674/1125 batches (59.91%)
    [18] Processed 1011/1125 batches (89.87%)
[12:30:37] Epoch [19/50] Loss: 1.1123 Accuracy: 71.03%
    [19] Processed 0/1125 batches (0.00%)
    [19] Processed 337/1125 batches (29.96%)
    [19] Processed 674/1125 batches (59.91%)
    [19] Processed 1011/1125 batches (89.87%)
[13:20:25] Epoch [20/50] Loss: 1.1017 Accuracy: 71.26%
    [20] Processed 0/1125 batches (0.00%)
    [20] Processed 337/1125 batches (29.96%)
    [20] Processed 674/1125 batches (59.91%)
    [20] Processed 1011/1125 batches (89.87%)
Checkpoint 21 saved to /virtual/drosari3/models/unet-18000-256-16-crop-50-000075/unet-18000-256-16-crop-50-000075-checkpoint_epoch_21.pth
[14:10:14] Epoch [21/50] Loss: 1.1006 Accuracy: 71.30%
    [21] Processed 0/1125 batches (0.00%)
    [21] Processed 337/1125 batches (29.96%)
    [21] Processed 674/1125 batches (59.91%)
    [21] Processed 1011/1125 batches (89.87%)
[14:59:59] Epoch [22/50] Loss: 1.0973 Accuracy: 71.34%
    [22] Processed 0/1125 batches (0.00%)
    [22] Processed 337/1125 batches (29.96%)
    [22] Processed 674/1125 batches (59.91%)
    [22] Processed 1011/1125 batches (89.87%)
[15:49:35] Epoch [23/50] Loss: 1.0911 Accuracy: 71.53%
    [23] Processed 0/1125 batches (0.00%)
    [23] Processed 337/1125 batches (29.96%)
    [23] Processed 674/1125 batches (59.91%)
    [23] Processed 1011/1125 batches (89.87%)
[16:39:44] Epoch [24/50] Loss: 1.0902 Accuracy: 71.51%
    [24] Processed 0/1125 batches (0.00%)
    [24] Processed 337/1125 batches (29.96%)
    [24] Processed 674/1125 batches (59.91%)
    [24] Processed 1011/1125 batches (89.87%)
[17:29:17] Epoch [25/50] Loss: 1.0894 Accuracy: 71.48%
    [25] Processed 0/1125 batches (0.00%)
    [25] Processed 337/1125 batches (29.96%)
    [25] Processed 674/1125 batches (59.91%)
    [25] Processed 1011/1125 batches (89.87%)
[18:18:13] Epoch [26/50] Loss: 1.0830 Accuracy: 71.67%
    [26] Processed 0/1125 batches (0.00%)
    [26] Processed 337/1125 batches (29.96%)
    [26] Processed 674/1125 batches (59.91%)
    [26] Processed 1011/1125 batches (89.87%)
[19:07:03] Epoch [27/50] Loss: 1.0813 Accuracy: 71.69%
    [27] Processed 0/1125 batches (0.00%)
    [27] Processed 337/1125 batches (29.96%)
    [27] Processed 674/1125 batches (59.91%)
    [27] Processed 1011/1125 batches (89.87%)
[19:55:53] Epoch [28/50] Loss: 1.0791 Accuracy: 71.74%
    [28] Processed 0/1125 batches (0.00%)
    [28] Processed 337/1125 batches (29.96%)
    [28] Processed 674/1125 batches (59.91%)
    [28] Processed 1011/1125 batches (89.87%)
[20:44:53] Epoch [29/50] Loss: 1.0750 Accuracy: 71.84%
    [29] Processed 0/1125 batches (0.00%)
    [29] Processed 337/1125 batches (29.96%)
    [29] Processed 674/1125 batches (59.91%)
    [29] Processed 1011/1125 batches (89.87%)
[21:33:55] Epoch [30/50] Loss: 1.0725 Accuracy: 71.91%
    [30] Processed 0/1125 batches (0.00%)
