Training unet-18000-256-20-crop-75-5e-05...
epochs=75 lr=5e-05, error=<function cross_entropy at 0x7f7bda5f79a0>
    [0] Processed 0/900 batches (0.00%)
    [0] Processed 270/900 batches (30.00%)
    [0] Processed 540/900 batches (60.00%)
    [0] Processed 810/900 batches (90.00%)
Checkpoint 1 saved to /virtual/drosari3/models/unet-18000-256-20-crop-75-5e-05/unet-18000-256-20-crop-75-5e-05-checkpoint_epoch_1.pth
[14:54:13] Epoch [1/75] Loss: 1.9283 Accuracy: 52.62%
    [1] Processed 0/900 batches (0.00%)
    [1] Processed 270/900 batches (30.00%)
    [1] Processed 540/900 batches (60.00%)
    [1] Processed 810/900 batches (90.00%)
[15:04:54] Epoch [2/75] Loss: 1.5689 Accuracy: 58.56%
    [2] Processed 0/900 batches (0.00%)
    [2] Processed 270/900 batches (30.00%)
    [2] Processed 540/900 batches (60.00%)
    [2] Processed 810/900 batches (90.00%)
[15:15:36] Epoch [3/75] Loss: 1.4337 Accuracy: 63.00%
    [3] Processed 0/900 batches (0.00%)
    [3] Processed 270/900 batches (30.00%)
    [3] Processed 540/900 batches (60.00%)
    [3] Processed 810/900 batches (90.00%)
[15:26:17] Epoch [4/75] Loss: 1.3410 Accuracy: 65.61%
    [4] Processed 0/900 batches (0.00%)
    [4] Processed 270/900 batches (30.00%)
    [4] Processed 540/900 batches (60.00%)
    [4] Processed 810/900 batches (90.00%)
[15:36:59] Epoch [5/75] Loss: 1.2498 Accuracy: 68.14%
    [5] Processed 0/900 batches (0.00%)
    [5] Processed 270/900 batches (30.00%)
    [5] Processed 540/900 batches (60.00%)
    [5] Processed 810/900 batches (90.00%)
[15:47:41] Epoch [6/75] Loss: 1.1821 Accuracy: 69.98%
    [6] Processed 0/900 batches (0.00%)
    [6] Processed 270/900 batches (30.00%)
    [6] Processed 540/900 batches (60.00%)
    [6] Processed 810/900 batches (90.00%)
[15:58:23] Epoch [7/75] Loss: 1.1319 Accuracy: 71.29%
    [7] Processed 0/900 batches (0.00%)
    [7] Processed 270/900 batches (30.00%)
    [7] Processed 540/900 batches (60.00%)
    [7] Processed 810/900 batches (90.00%)
[16:09:05] Epoch [8/75] Loss: 1.0882 Accuracy: 72.44%
    [8] Processed 0/900 batches (0.00%)
    [8] Processed 270/900 batches (30.00%)
    [8] Processed 540/900 batches (60.00%)
    [8] Processed 810/900 batches (90.00%)
[16:19:46] Epoch [9/75] Loss: 1.0538 Accuracy: 73.25%
    [9] Processed 0/900 batches (0.00%)
    [9] Processed 270/900 batches (30.00%)
    [9] Processed 540/900 batches (60.00%)
    [9] Processed 810/900 batches (90.00%)
[16:30:28] Epoch [10/75] Loss: 1.0236 Accuracy: 74.02%
    [10] Processed 0/900 batches (0.00%)
    [10] Processed 270/900 batches (30.00%)
    [10] Processed 540/900 batches (60.00%)
    [10] Processed 810/900 batches (90.00%)
Checkpoint 11 saved to /virtual/drosari3/models/unet-18000-256-20-crop-75-5e-05/unet-18000-256-20-crop-75-5e-05-checkpoint_epoch_11.pth
[16:41:10] Epoch [11/75] Loss: 0.9942 Accuracy: 74.68%
    [11] Processed 0/900 batches (0.00%)
    [11] Processed 270/900 batches (30.00%)
    [11] Processed 540/900 batches (60.00%)
    [11] Processed 810/900 batches (90.00%)
[16:51:51] Epoch [12/75] Loss: 0.9687 Accuracy: 75.25%
    [12] Processed 0/900 batches (0.00%)
    [12] Processed 270/900 batches (30.00%)
    [12] Processed 540/900 batches (60.00%)
    [12] Processed 810/900 batches (90.00%)
[17:02:32] Epoch [13/75] Loss: 0.9498 Accuracy: 75.67%
    [13] Processed 0/900 batches (0.00%)
    [13] Processed 270/900 batches (30.00%)
    [13] Processed 540/900 batches (60.00%)
    [13] Processed 810/900 batches (90.00%)
[17:13:13] Epoch [14/75] Loss: 0.9238 Accuracy: 76.26%
    [14] Processed 0/900 batches (0.00%)
    [14] Processed 270/900 batches (30.00%)
    [14] Processed 540/900 batches (60.00%)
    [14] Processed 810/900 batches (90.00%)
[17:23:54] Epoch [15/75] Loss: 0.8975 Accuracy: 76.78%
    [15] Processed 0/900 batches (0.00%)
    [15] Processed 270/900 batches (30.00%)
    [15] Processed 540/900 batches (60.00%)
    [15] Processed 810/900 batches (90.00%)
[17:34:35] Epoch [16/75] Loss: 0.8737 Accuracy: 77.35%
    [16] Processed 0/900 batches (0.00%)
    [16] Processed 270/900 batches (30.00%)
    [16] Processed 540/900 batches (60.00%)
    [16] Processed 810/900 batches (90.00%)
[17:45:16] Epoch [17/75] Loss: 0.8446 Accuracy: 77.85%
    [17] Processed 0/900 batches (0.00%)
    [17] Processed 270/900 batches (30.00%)
    [17] Processed 540/900 batches (60.00%)
    [17] Processed 810/900 batches (90.00%)
[17:55:57] Epoch [18/75] Loss: 0.8186 Accuracy: 78.46%
    [18] Processed 0/900 batches (0.00%)
    [18] Processed 270/900 batches (30.00%)
    [18] Processed 540/900 batches (60.00%)
    [18] Processed 810/900 batches (90.00%)
[18:06:38] Epoch [19/75] Loss: 0.7881 Accuracy: 79.06%
    [19] Processed 0/900 batches (0.00%)
    [19] Processed 270/900 batches (30.00%)
    [19] Processed 540/900 batches (60.00%)
    [19] Processed 810/900 batches (90.00%)
[18:17:19] Epoch [20/75] Loss: 0.7517 Accuracy: 79.77%
    [20] Processed 0/900 batches (0.00%)
    [20] Processed 270/900 batches (30.00%)
    [20] Processed 540/900 batches (60.00%)
    [20] Processed 810/900 batches (90.00%)
Checkpoint 21 saved to /virtual/drosari3/models/unet-18000-256-20-crop-75-5e-05/unet-18000-256-20-crop-75-5e-05-checkpoint_epoch_21.pth
[18:28:01] Epoch [21/75] Loss: 0.7173 Accuracy: 80.44%
    [21] Processed 0/900 batches (0.00%)
    [21] Processed 270/900 batches (30.00%)
    [21] Processed 540/900 batches (60.00%)
    [21] Processed 810/900 batches (90.00%)
[18:38:42] Epoch [22/75] Loss: 0.6827 Accuracy: 81.30%
    [22] Processed 0/900 batches (0.00%)
    [22] Processed 270/900 batches (30.00%)
    [22] Processed 540/900 batches (60.00%)
    [22] Processed 810/900 batches (90.00%)
[18:49:24] Epoch [23/75] Loss: 0.6440 Accuracy: 82.13%
    [23] Processed 0/900 batches (0.00%)
    [23] Processed 270/900 batches (30.00%)
    [23] Processed 540/900 batches (60.00%)
    [23] Processed 810/900 batches (90.00%)
[19:00:06] Epoch [24/75] Loss: 0.6023 Accuracy: 83.16%
    [24] Processed 0/900 batches (0.00%)
    [24] Processed 270/900 batches (30.00%)
    [24] Processed 540/900 batches (60.00%)
    [24] Processed 810/900 batches (90.00%)
[19:10:47] Epoch [25/75] Loss: 0.5625 Accuracy: 84.15%
    [25] Processed 0/900 batches (0.00%)
    [25] Processed 270/900 batches (30.00%)
    [25] Processed 540/900 batches (60.00%)
    [25] Processed 810/900 batches (90.00%)
[19:21:28] Epoch [26/75] Loss: 0.5290 Accuracy: 85.09%
    [26] Processed 0/900 batches (0.00%)
    [26] Processed 270/900 batches (30.00%)
    [26] Processed 540/900 batches (60.00%)
    [26] Processed 810/900 batches (90.00%)
[19:32:09] Epoch [27/75] Loss: 0.4879 Accuracy: 86.19%
    [27] Processed 0/900 batches (0.00%)
    [27] Processed 270/900 batches (30.00%)
    [27] Processed 540/900 batches (60.00%)
    [27] Processed 810/900 batches (90.00%)
[19:42:50] Epoch [28/75] Loss: 0.4626 Accuracy: 86.87%
    [28] Processed 0/900 batches (0.00%)
    [28] Processed 270/900 batches (30.00%)
    [28] Processed 540/900 batches (60.00%)
    [28] Processed 810/900 batches (90.00%)
[19:53:31] Epoch [29/75] Loss: 0.4378 Accuracy: 87.56%
    [29] Processed 0/900 batches (0.00%)
    [29] Processed 270/900 batches (30.00%)
    [29] Processed 540/900 batches (60.00%)
    [29] Processed 810/900 batches (90.00%)
[20:04:12] Epoch [30/75] Loss: 0.4042 Accuracy: 88.51%
    [30] Processed 0/900 batches (0.00%)
    [30] Processed 270/900 batches (30.00%)
    [30] Processed 540/900 batches (60.00%)
    [30] Processed 810/900 batches (90.00%)
Checkpoint 31 saved to /virtual/drosari3/models/unet-18000-256-20-crop-75-5e-05/unet-18000-256-20-crop-75-5e-05-checkpoint_epoch_31.pth
[20:14:52] Epoch [31/75] Loss: 0.3764 Accuracy: 89.27%
    [31] Processed 0/900 batches (0.00%)
    [31] Processed 270/900 batches (30.00%)
    [31] Processed 540/900 batches (60.00%)
    [31] Processed 810/900 batches (90.00%)
[20:25:32] Epoch [32/75] Loss: 0.3553 Accuracy: 89.84%
    [32] Processed 0/900 batches (0.00%)
    [32] Processed 270/900 batches (30.00%)
    [32] Processed 540/900 batches (60.00%)
    [32] Processed 810/900 batches (90.00%)
[20:36:12] Epoch [33/75] Loss: 0.3420 Accuracy: 90.19%
    [33] Processed 0/900 batches (0.00%)
    [33] Processed 270/900 batches (30.00%)
    [33] Processed 540/900 batches (60.00%)
    [33] Processed 810/900 batches (90.00%)
[20:46:53] Epoch [34/75] Loss: 0.3151 Accuracy: 90.94%
    [34] Processed 0/900 batches (0.00%)
    [34] Processed 270/900 batches (30.00%)
    [34] Processed 540/900 batches (60.00%)
    [34] Processed 810/900 batches (90.00%)
[20:57:34] Epoch [35/75] Loss: 0.3067 Accuracy: 91.13%
    [35] Processed 0/900 batches (0.00%)
    [35] Processed 270/900 batches (30.00%)
    [35] Processed 540/900 batches (60.00%)
    [35] Processed 810/900 batches (90.00%)
[21:08:15] Epoch [36/75] Loss: 0.2884 Accuracy: 91.66%
    [36] Processed 0/900 batches (0.00%)
    [36] Processed 270/900 batches (30.00%)
    [36] Processed 540/900 batches (60.00%)
    [36] Processed 810/900 batches (90.00%)
[21:18:56] Epoch [37/75] Loss: 0.2742 Accuracy: 92.06%
    [37] Processed 0/900 batches (0.00%)
    [37] Processed 270/900 batches (30.00%)
    [37] Processed 540/900 batches (60.00%)
    [37] Processed 810/900 batches (90.00%)
[21:29:36] Epoch [38/75] Loss: 0.2588 Accuracy: 92.47%
    [38] Processed 0/900 batches (0.00%)
    [38] Processed 270/900 batches (30.00%)
    [38] Processed 540/900 batches (60.00%)
    [38] Processed 810/900 batches (90.00%)
[21:40:18] Epoch [39/75] Loss: 0.2380 Accuracy: 93.05%
    [39] Processed 0/900 batches (0.00%)
    [39] Processed 270/900 batches (30.00%)
    [39] Processed 540/900 batches (60.00%)
    [39] Processed 810/900 batches (90.00%)
[21:50:59] Epoch [40/75] Loss: 0.2305 Accuracy: 93.26%
    [40] Processed 0/900 batches (0.00%)
    [40] Processed 270/900 batches (30.00%)
    [40] Processed 540/900 batches (60.00%)
    [40] Processed 810/900 batches (90.00%)
Checkpoint 41 saved to /virtual/drosari3/models/unet-18000-256-20-crop-75-5e-05/unet-18000-256-20-crop-75-5e-05-checkpoint_epoch_41.pth
[22:01:40] Epoch [41/75] Loss: 0.2270 Accuracy: 93.35%
    [41] Processed 0/900 batches (0.00%)
    [41] Processed 270/900 batches (30.00%)
    [41] Processed 540/900 batches (60.00%)
    [41] Processed 810/900 batches (90.00%)
[22:12:20] Epoch [42/75] Loss: 0.2290 Accuracy: 93.29%
    [42] Processed 0/900 batches (0.00%)
    [42] Processed 270/900 batches (30.00%)
    [42] Processed 540/900 batches (60.00%)
    [42] Processed 810/900 batches (90.00%)
[22:23:01] Epoch [43/75] Loss: 0.2051 Accuracy: 93.95%
    [43] Processed 0/900 batches (0.00%)
    [43] Processed 270/900 batches (30.00%)
    [43] Processed 540/900 batches (60.00%)
    [43] Processed 810/900 batches (90.00%)
[22:33:41] Epoch [44/75] Loss: 0.1908 Accuracy: 94.37%
    [44] Processed 0/900 batches (0.00%)
    [44] Processed 270/900 batches (30.00%)
    [44] Processed 540/900 batches (60.00%)
    [44] Processed 810/900 batches (90.00%)
[22:44:22] Epoch [45/75] Loss: 0.1866 Accuracy: 94.47%
    [45] Processed 0/900 batches (0.00%)
    [45] Processed 270/900 batches (30.00%)
    [45] Processed 540/900 batches (60.00%)
    [45] Processed 810/900 batches (90.00%)
[22:55:02] Epoch [46/75] Loss: 0.1760 Accuracy: 94.76%
    [46] Processed 0/900 batches (0.00%)
    [46] Processed 270/900 batches (30.00%)
    [46] Processed 540/900 batches (60.00%)
    [46] Processed 810/900 batches (90.00%)
[23:05:44] Epoch [47/75] Loss: 0.1717 Accuracy: 94.88%
    [47] Processed 0/900 batches (0.00%)
    [47] Processed 270/900 batches (30.00%)
    [47] Processed 540/900 batches (60.00%)
    [47] Processed 810/900 batches (90.00%)
[23:16:25] Epoch [48/75] Loss: 0.1708 Accuracy: 94.90%
    [48] Processed 0/900 batches (0.00%)
    [48] Processed 270/900 batches (30.00%)
    [48] Processed 540/900 batches (60.00%)
    [48] Processed 810/900 batches (90.00%)
[23:27:06] Epoch [49/75] Loss: 0.1592 Accuracy: 95.22%
    [49] Processed 0/900 batches (0.00%)
    [49] Processed 270/900 batches (30.00%)
    [49] Processed 540/900 batches (60.00%)
    [49] Processed 810/900 batches (90.00%)
[23:37:47] Epoch [50/75] Loss: 0.1631 Accuracy: 95.11%
    [50] Processed 0/900 batches (0.00%)
    [50] Processed 270/900 batches (30.00%)
    [50] Processed 540/900 batches (60.00%)
    [50] Processed 810/900 batches (90.00%)
Checkpoint 51 saved to /virtual/drosari3/models/unet-18000-256-20-crop-75-5e-05/unet-18000-256-20-crop-75-5e-05-checkpoint_epoch_51.pth
[23:48:29] Epoch [51/75] Loss: 0.1593 Accuracy: 95.22%
    [51] Processed 0/900 batches (0.00%)
    [51] Processed 270/900 batches (30.00%)
    [51] Processed 540/900 batches (60.00%)
    [51] Processed 810/900 batches (90.00%)
[23:59:10] Epoch [52/75] Loss: 0.1413 Accuracy: 95.72%
    [52] Processed 0/900 batches (0.00%)
    [52] Processed 270/900 batches (30.00%)
    [52] Processed 540/900 batches (60.00%)
    [52] Processed 810/900 batches (90.00%)
[00:09:51] Epoch [53/75] Loss: 0.1493 Accuracy: 95.47%
    [53] Processed 0/900 batches (0.00%)
    [53] Processed 270/900 batches (30.00%)
    [53] Processed 540/900 batches (60.00%)
    [53] Processed 810/900 batches (90.00%)
[00:20:33] Epoch [54/75] Loss: 0.1444 Accuracy: 95.62%
    [54] Processed 0/900 batches (0.00%)
    [54] Processed 270/900 batches (30.00%)
    [54] Processed 540/900 batches (60.00%)
    [54] Processed 810/900 batches (90.00%)
[00:31:15] Epoch [55/75] Loss: 0.1346 Accuracy: 95.91%
    [55] Processed 0/900 batches (0.00%)
    [55] Processed 270/900 batches (30.00%)
    [55] Processed 540/900 batches (60.00%)
    [55] Processed 810/900 batches (90.00%)
[00:41:56] Epoch [56/75] Loss: 0.1376 Accuracy: 95.81%
    [56] Processed 0/900 batches (0.00%)
    [56] Processed 270/900 batches (30.00%)
    [56] Processed 540/900 batches (60.00%)
    [56] Processed 810/900 batches (90.00%)
[00:52:37] Epoch [57/75] Loss: 0.1352 Accuracy: 95.87%
    [57] Processed 0/900 batches (0.00%)
    [57] Processed 270/900 batches (30.00%)
    [57] Processed 540/900 batches (60.00%)
    [57] Processed 810/900 batches (90.00%)
[01:03:19] Epoch [58/75] Loss: 0.1228 Accuracy: 96.23%
    [58] Processed 0/900 batches (0.00%)
    [58] Processed 270/900 batches (30.00%)
    [58] Processed 540/900 batches (60.00%)
    [58] Processed 810/900 batches (90.00%)
[01:14:00] Epoch [59/75] Loss: 0.1199 Accuracy: 96.30%
    [59] Processed 0/900 batches (0.00%)
    [59] Processed 270/900 batches (30.00%)
    [59] Processed 540/900 batches (60.00%)
    [59] Processed 810/900 batches (90.00%)
[01:24:41] Epoch [60/75] Loss: 0.1234 Accuracy: 96.20%
    [60] Processed 0/900 batches (0.00%)
    [60] Processed 270/900 batches (30.00%)
    [60] Processed 540/900 batches (60.00%)
    [60] Processed 810/900 batches (90.00%)
Checkpoint 61 saved to /virtual/drosari3/models/unet-18000-256-20-crop-75-5e-05/unet-18000-256-20-crop-75-5e-05-checkpoint_epoch_61.pth
[01:35:23] Epoch [61/75] Loss: 0.1230 Accuracy: 96.21%
    [61] Processed 0/900 batches (0.00%)
    [61] Processed 270/900 batches (30.00%)
    [61] Processed 540/900 batches (60.00%)
    [61] Processed 810/900 batches (90.00%)
[01:46:04] Epoch [62/75] Loss: 0.1084 Accuracy: 96.63%
    [62] Processed 0/900 batches (0.00%)
    [62] Processed 270/900 batches (30.00%)
    [62] Processed 540/900 batches (60.00%)
    [62] Processed 810/900 batches (90.00%)
[01:56:45] Epoch [63/75] Loss: 0.1092 Accuracy: 96.60%
    [63] Processed 0/900 batches (0.00%)
    [63] Processed 270/900 batches (30.00%)
    [63] Processed 540/900 batches (60.00%)
    [63] Processed 810/900 batches (90.00%)
[02:07:27] Epoch [64/75] Loss: 0.1242 Accuracy: 96.16%
    [64] Processed 0/900 batches (0.00%)
    [64] Processed 270/900 batches (30.00%)
    [64] Processed 540/900 batches (60.00%)
    [64] Processed 810/900 batches (90.00%)
[02:18:08] Epoch [65/75] Loss: 0.1062 Accuracy: 96.67%
    [65] Processed 0/900 batches (0.00%)
    [65] Processed 270/900 batches (30.00%)
    [65] Processed 540/900 batches (60.00%)
    [65] Processed 810/900 batches (90.00%)
[02:28:50] Epoch [66/75] Loss: 0.0933 Accuracy: 97.03%
    [66] Processed 0/900 batches (0.00%)
    [66] Processed 270/900 batches (30.00%)
    [66] Processed 540/900 batches (60.00%)
    [66] Processed 810/900 batches (90.00%)
[02:39:31] Epoch [67/75] Loss: 0.1054 Accuracy: 96.67%
    [67] Processed 0/900 batches (0.00%)
    [67] Processed 270/900 batches (30.00%)
    [67] Processed 540/900 batches (60.00%)
    [67] Processed 810/900 batches (90.00%)
[02:50:12] Epoch [68/75] Loss: 0.0973 Accuracy: 96.91%
    [68] Processed 0/900 batches (0.00%)
    [68] Processed 270/900 batches (30.00%)
    [68] Processed 540/900 batches (60.00%)
    [68] Processed 810/900 batches (90.00%)
[03:00:53] Epoch [69/75] Loss: 0.0887 Accuracy: 97.17%
    [69] Processed 0/900 batches (0.00%)
    [69] Processed 270/900 batches (30.00%)
    [69] Processed 540/900 batches (60.00%)
    [69] Processed 810/900 batches (90.00%)
[03:11:35] Epoch [70/75] Loss: 0.0959 Accuracy: 96.95%
    [70] Processed 0/900 batches (0.00%)
    [70] Processed 270/900 batches (30.00%)
    [70] Processed 540/900 batches (60.00%)
    [70] Processed 810/900 batches (90.00%)
Checkpoint 71 saved to /virtual/drosari3/models/unet-18000-256-20-crop-75-5e-05/unet-18000-256-20-crop-75-5e-05-checkpoint_epoch_71.pth
[03:22:16] Epoch [71/75] Loss: 0.0967 Accuracy: 96.93%
    [71] Processed 0/900 batches (0.00%)
    [71] Processed 270/900 batches (30.00%)
    [71] Processed 540/900 batches (60.00%)
    [71] Processed 810/900 batches (90.00%)
[03:32:57] Epoch [72/75] Loss: 0.0898 Accuracy: 97.12%
    [72] Processed 0/900 batches (0.00%)
    [72] Processed 270/900 batches (30.00%)
    [72] Processed 540/900 batches (60.00%)
    [72] Processed 810/900 batches (90.00%)
[03:43:38] Epoch [73/75] Loss: 0.0951 Accuracy: 96.96%
    [73] Processed 0/900 batches (0.00%)
    [73] Processed 270/900 batches (30.00%)
    [73] Processed 540/900 batches (60.00%)
    [73] Processed 810/900 batches (90.00%)
[03:54:20] Epoch [74/75] Loss: 0.0971 Accuracy: 96.91%
    [74] Processed 0/900 batches (0.00%)
    [74] Processed 270/900 batches (30.00%)
    [74] Processed 540/900 batches (60.00%)
    [74] Processed 810/900 batches (90.00%)
[04:05:00] Epoch [75/75] Loss: 0.0888 Accuracy: 97.16%
unet-18000-256-20-crop-75-5e-05
Evaluating ../models/unet-18000-256-20-crop-75-5e-05/unet-18000-256-20-crop-75-5e-05.pth...
Testing Image: 0/100
Testing Image: 5/100
Testing Image: 10/100
Testing Image: 15/100
Testing Image: 20/100
Testing Image: 25/100
Testing Image: 30/100
Testing Image: 35/100
Testing Image: 40/100
Testing Image: 45/100
Testing Image: 50/100
Testing Image: 55/100
Testing Image: 60/100
Testing Image: 65/100
Testing Image: 70/100
Testing Image: 75/100
Testing Image: 80/100
Testing Image: 85/100
Testing Image: 90/100
Testing Image: 95/100
Validation mIoU: 0.3204
