Training unet-18000-256-20-crop-50-1e-05...
epochs=50 lr=1e-05, error=<function cross_entropy at 0x7f9bdcbf3910>
    [0] Processed 0/900 batches (0.00%)
    [0] Processed 270/900 batches (30.00%)
    [0] Processed 540/900 batches (60.00%)
    [0] Processed 810/900 batches (90.00%)
Checkpoint 1 saved to /virtual/drosari3/models/unet-18000-256-20-crop-50-1e-05/unet-18000-256-20-crop-50-1e-05-checkpoint_epoch_1.pth
[00:21:02] Epoch [1/50] Loss: 2.2954 Accuracy: 45.47%
    [1] Processed 0/900 batches (0.00%)
    [1] Processed 270/900 batches (30.00%)
    [1] Processed 540/900 batches (60.00%)
    [1] Processed 810/900 batches (90.00%)
[00:31:44] Epoch [2/50] Loss: 1.7571 Accuracy: 54.08%
    [2] Processed 0/900 batches (0.00%)
    [2] Processed 270/900 batches (30.00%)
    [2] Processed 540/900 batches (60.00%)
    [2] Processed 810/900 batches (90.00%)
[00:42:26] Epoch [3/50] Loss: 1.6991 Accuracy: 54.23%
    [3] Processed 0/900 batches (0.00%)
    [3] Processed 270/900 batches (30.00%)
    [3] Processed 540/900 batches (60.00%)
    [3] Processed 810/900 batches (90.00%)
[00:53:08] Epoch [4/50] Loss: 1.6610 Accuracy: 54.47%
    [4] Processed 0/900 batches (0.00%)
    [4] Processed 270/900 batches (30.00%)
    [4] Processed 540/900 batches (60.00%)
    [4] Processed 810/900 batches (90.00%)
[01:03:51] Epoch [5/50] Loss: 1.6244 Accuracy: 55.24%
    [5] Processed 0/900 batches (0.00%)
    [5] Processed 270/900 batches (30.00%)
    [5] Processed 540/900 batches (60.00%)
    [5] Processed 810/900 batches (90.00%)
[01:14:33] Epoch [6/50] Loss: 1.5912 Accuracy: 56.27%
    [6] Processed 0/900 batches (0.00%)
    [6] Processed 270/900 batches (30.00%)
    [6] Processed 540/900 batches (60.00%)
    [6] Processed 810/900 batches (90.00%)
[01:25:16] Epoch [7/50] Loss: 1.5615 Accuracy: 57.23%
    [7] Processed 0/900 batches (0.00%)
    [7] Processed 270/900 batches (30.00%)
    [7] Processed 540/900 batches (60.00%)
    [7] Processed 810/900 batches (90.00%)
[01:35:59] Epoch [8/50] Loss: 1.5358 Accuracy: 58.20%
    [8] Processed 0/900 batches (0.00%)
    [8] Processed 270/900 batches (30.00%)
    [8] Processed 540/900 batches (60.00%)
    [8] Processed 810/900 batches (90.00%)
[01:46:42] Epoch [9/50] Loss: 1.5094 Accuracy: 59.15%
    [9] Processed 0/900 batches (0.00%)
    [9] Processed 270/900 batches (30.00%)
    [9] Processed 540/900 batches (60.00%)
    [9] Processed 810/900 batches (90.00%)
[01:57:25] Epoch [10/50] Loss: 1.4832 Accuracy: 60.20%
    [10] Processed 0/900 batches (0.00%)
    [10] Processed 270/900 batches (30.00%)
    [10] Processed 540/900 batches (60.00%)
    [10] Processed 810/900 batches (90.00%)
Checkpoint 11 saved to /virtual/drosari3/models/unet-18000-256-20-crop-50-1e-05/unet-18000-256-20-crop-50-1e-05-checkpoint_epoch_11.pth
[02:08:09] Epoch [11/50] Loss: 1.4650 Accuracy: 60.91%
    [11] Processed 0/900 batches (0.00%)
    [11] Processed 270/900 batches (30.00%)
    [11] Processed 540/900 batches (60.00%)
    [11] Processed 810/900 batches (90.00%)
[02:18:53] Epoch [12/50] Loss: 1.4361 Accuracy: 62.39%
    [12] Processed 0/900 batches (0.00%)
    [12] Processed 270/900 batches (30.00%)
    [12] Processed 540/900 batches (60.00%)
    [12] Processed 810/900 batches (90.00%)
[02:29:36] Epoch [13/50] Loss: 1.3782 Accuracy: 65.34%
    [13] Processed 0/900 batches (0.00%)
    [13] Processed 270/900 batches (30.00%)
    [13] Processed 540/900 batches (60.00%)
    [13] Processed 810/900 batches (90.00%)
[02:40:20] Epoch [14/50] Loss: 1.3447 Accuracy: 66.42%
    [14] Processed 0/900 batches (0.00%)
    [14] Processed 270/900 batches (30.00%)
    [14] Processed 540/900 batches (60.00%)
    [14] Processed 810/900 batches (90.00%)
[02:51:04] Epoch [15/50] Loss: 1.3241 Accuracy: 66.98%
    [15] Processed 0/900 batches (0.00%)
    [15] Processed 270/900 batches (30.00%)
    [15] Processed 540/900 batches (60.00%)
    [15] Processed 810/900 batches (90.00%)
[03:01:46] Epoch [16/50] Loss: 1.3024 Accuracy: 67.61%
    [16] Processed 0/900 batches (0.00%)
    [16] Processed 270/900 batches (30.00%)
    [16] Processed 540/900 batches (60.00%)
    [16] Processed 810/900 batches (90.00%)
[03:12:29] Epoch [17/50] Loss: 1.2827 Accuracy: 68.24%
    [17] Processed 0/900 batches (0.00%)
    [17] Processed 270/900 batches (30.00%)
    [17] Processed 540/900 batches (60.00%)
    [17] Processed 810/900 batches (90.00%)
[03:23:12] Epoch [18/50] Loss: 1.2648 Accuracy: 68.78%
    [18] Processed 0/900 batches (0.00%)
    [18] Processed 270/900 batches (30.00%)
    [18] Processed 540/900 batches (60.00%)
    [18] Processed 810/900 batches (90.00%)
[03:33:55] Epoch [19/50] Loss: 1.2516 Accuracy: 69.14%
    [19] Processed 0/900 batches (0.00%)
    [19] Processed 270/900 batches (30.00%)
    [19] Processed 540/900 batches (60.00%)
    [19] Processed 810/900 batches (90.00%)
[03:44:39] Epoch [20/50] Loss: 1.2347 Accuracy: 69.60%
    [20] Processed 0/900 batches (0.00%)
    [20] Processed 270/900 batches (30.00%)
    [20] Processed 540/900 batches (60.00%)
    [20] Processed 810/900 batches (90.00%)
Checkpoint 21 saved to /virtual/drosari3/models/unet-18000-256-20-crop-50-1e-05/unet-18000-256-20-crop-50-1e-05-checkpoint_epoch_21.pth
[03:55:23] Epoch [21/50] Loss: 1.2193 Accuracy: 69.94%
    [21] Processed 0/900 batches (0.00%)
    [21] Processed 270/900 batches (30.00%)
    [21] Processed 540/900 batches (60.00%)
    [21] Processed 810/900 batches (90.00%)
[04:06:06] Epoch [22/50] Loss: 1.2044 Accuracy: 70.31%
    [22] Processed 0/900 batches (0.00%)
    [22] Processed 270/900 batches (30.00%)
    [22] Processed 540/900 batches (60.00%)
    [22] Processed 810/900 batches (90.00%)
[04:16:49] Epoch [23/50] Loss: 1.1901 Accuracy: 70.69%
    [23] Processed 0/900 batches (0.00%)
    [23] Processed 270/900 batches (30.00%)
    [23] Processed 540/900 batches (60.00%)
    [23] Processed 810/900 batches (90.00%)
[04:27:32] Epoch [24/50] Loss: 1.1699 Accuracy: 71.10%
    [24] Processed 0/900 batches (0.00%)
    [24] Processed 270/900 batches (30.00%)
    [24] Processed 540/900 batches (60.00%)
    [24] Processed 810/900 batches (90.00%)
[04:38:16] Epoch [25/50] Loss: 1.1559 Accuracy: 71.40%
    [25] Processed 0/900 batches (0.00%)
    [25] Processed 270/900 batches (30.00%)
    [25] Processed 540/900 batches (60.00%)
    [25] Processed 810/900 batches (90.00%)
[04:49:00] Epoch [26/50] Loss: 1.1428 Accuracy: 71.66%
    [26] Processed 0/900 batches (0.00%)
    [26] Processed 270/900 batches (30.00%)
    [26] Processed 540/900 batches (60.00%)
    [26] Processed 810/900 batches (90.00%)
[04:59:43] Epoch [27/50] Loss: 1.1336 Accuracy: 71.82%
    [27] Processed 0/900 batches (0.00%)
    [27] Processed 270/900 batches (30.00%)
    [27] Processed 540/900 batches (60.00%)
    [27] Processed 810/900 batches (90.00%)
[05:10:27] Epoch [28/50] Loss: 1.1190 Accuracy: 72.21%
    [28] Processed 0/900 batches (0.00%)
    [28] Processed 270/900 batches (30.00%)
    [28] Processed 540/900 batches (60.00%)
    [28] Processed 810/900 batches (90.00%)
[05:21:10] Epoch [29/50] Loss: 1.1086 Accuracy: 72.38%
    [29] Processed 0/900 batches (0.00%)
    [29] Processed 270/900 batches (30.00%)
    [29] Processed 540/900 batches (60.00%)
    [29] Processed 810/900 batches (90.00%)
[05:31:53] Epoch [30/50] Loss: 1.1006 Accuracy: 72.57%
    [30] Processed 0/900 batches (0.00%)
    [30] Processed 270/900 batches (30.00%)
    [30] Processed 540/900 batches (60.00%)
    [30] Processed 810/900 batches (90.00%)
Checkpoint 31 saved to /virtual/drosari3/models/unet-18000-256-20-crop-50-1e-05/unet-18000-256-20-crop-50-1e-05-checkpoint_epoch_31.pth
[05:42:37] Epoch [31/50] Loss: 1.0872 Accuracy: 72.87%
    [31] Processed 0/900 batches (0.00%)
    [31] Processed 270/900 batches (30.00%)
    [31] Processed 540/900 batches (60.00%)
    [31] Processed 810/900 batches (90.00%)
[05:53:22] Epoch [32/50] Loss: 1.0796 Accuracy: 73.02%
    [32] Processed 0/900 batches (0.00%)
    [32] Processed 270/900 batches (30.00%)
    [32] Processed 540/900 batches (60.00%)
    [32] Processed 810/900 batches (90.00%)
[06:04:06] Epoch [33/50] Loss: 1.0713 Accuracy: 73.19%
    [33] Processed 0/900 batches (0.00%)
    [33] Processed 270/900 batches (30.00%)
    [33] Processed 540/900 batches (60.00%)
    [33] Processed 810/900 batches (90.00%)
[06:14:49] Epoch [34/50] Loss: 1.0625 Accuracy: 73.39%
    [34] Processed 0/900 batches (0.00%)
    [34] Processed 270/900 batches (30.00%)
    [34] Processed 540/900 batches (60.00%)
    [34] Processed 810/900 batches (90.00%)
[06:25:33] Epoch [35/50] Loss: 1.0545 Accuracy: 73.52%
    [35] Processed 0/900 batches (0.00%)
    [35] Processed 270/900 batches (30.00%)
    [35] Processed 540/900 batches (60.00%)
    [35] Processed 810/900 batches (90.00%)
[06:36:16] Epoch [36/50] Loss: 1.0446 Accuracy: 73.78%
    [36] Processed 0/900 batches (0.00%)
    [36] Processed 270/900 batches (30.00%)
    [36] Processed 540/900 batches (60.00%)
    [36] Processed 810/900 batches (90.00%)
[06:46:59] Epoch [37/50] Loss: 1.0371 Accuracy: 73.88%
    [37] Processed 0/900 batches (0.00%)
    [37] Processed 270/900 batches (30.00%)
    [37] Processed 540/900 batches (60.00%)
    [37] Processed 810/900 batches (90.00%)
[06:57:42] Epoch [38/50] Loss: 1.0278 Accuracy: 74.12%
    [38] Processed 0/900 batches (0.00%)
    [38] Processed 270/900 batches (30.00%)
    [38] Processed 540/900 batches (60.00%)
    [38] Processed 810/900 batches (90.00%)
[07:08:26] Epoch [39/50] Loss: 1.0219 Accuracy: 74.24%
    [39] Processed 0/900 batches (0.00%)
    [39] Processed 270/900 batches (30.00%)
    [39] Processed 540/900 batches (60.00%)
    [39] Processed 810/900 batches (90.00%)
[07:19:08] Epoch [40/50] Loss: 1.0159 Accuracy: 74.36%
    [40] Processed 0/900 batches (0.00%)
    [40] Processed 270/900 batches (30.00%)
    [40] Processed 540/900 batches (60.00%)
    [40] Processed 810/900 batches (90.00%)
Checkpoint 41 saved to /virtual/drosari3/models/unet-18000-256-20-crop-50-1e-05/unet-18000-256-20-crop-50-1e-05-checkpoint_epoch_41.pth
[07:29:52] Epoch [41/50] Loss: 1.0049 Accuracy: 74.59%
    [41] Processed 0/900 batches (0.00%)
    [41] Processed 270/900 batches (30.00%)
    [41] Processed 540/900 batches (60.00%)
    [41] Processed 810/900 batches (90.00%)
[07:40:35] Epoch [42/50] Loss: 0.9978 Accuracy: 74.71%
    [42] Processed 0/900 batches (0.00%)
    [42] Processed 270/900 batches (30.00%)
    [42] Processed 540/900 batches (60.00%)
    [42] Processed 810/900 batches (90.00%)
[07:51:18] Epoch [43/50] Loss: 0.9909 Accuracy: 74.91%
    [43] Processed 0/900 batches (0.00%)
    [43] Processed 270/900 batches (30.00%)
    [43] Processed 540/900 batches (60.00%)
    [43] Processed 810/900 batches (90.00%)
[08:02:00] Epoch [44/50] Loss: 0.9807 Accuracy: 75.07%
    [44] Processed 0/900 batches (0.00%)
    [44] Processed 270/900 batches (30.00%)
    [44] Processed 540/900 batches (60.00%)
    [44] Processed 810/900 batches (90.00%)
[08:12:43] Epoch [45/50] Loss: 0.9767 Accuracy: 75.21%
    [45] Processed 0/900 batches (0.00%)
    [45] Processed 270/900 batches (30.00%)
    [45] Processed 540/900 batches (60.00%)
    [45] Processed 810/900 batches (90.00%)
[08:23:26] Epoch [46/50] Loss: 0.9669 Accuracy: 75.37%
    [46] Processed 0/900 batches (0.00%)
    [46] Processed 270/900 batches (30.00%)
    [46] Processed 540/900 batches (60.00%)
    [46] Processed 810/900 batches (90.00%)
[08:34:08] Epoch [47/50] Loss: 0.9604 Accuracy: 75.51%
    [47] Processed 0/900 batches (0.00%)
    [47] Processed 270/900 batches (30.00%)
    [47] Processed 540/900 batches (60.00%)
    [47] Processed 810/900 batches (90.00%)
[08:44:52] Epoch [48/50] Loss: 0.9528 Accuracy: 75.69%
    [48] Processed 0/900 batches (0.00%)
    [48] Processed 270/900 batches (30.00%)
    [48] Processed 540/900 batches (60.00%)
    [48] Processed 810/900 batches (90.00%)
[08:55:35] Epoch [49/50] Loss: 0.9487 Accuracy: 75.76%
    [49] Processed 0/900 batches (0.00%)
    [49] Processed 270/900 batches (30.00%)
    [49] Processed 540/900 batches (60.00%)
    [49] Processed 810/900 batches (90.00%)
[09:06:18] Epoch [50/50] Loss: 0.9403 Accuracy: 75.96%
Evaluating /virtual/csc490_mapillary/models/unet-18000-256-20-crop-50-1e-05/unet-18000-256-20-crop-50-1e-05.pth...
Traceback (most recent call last):
  File "/virtual/drosari3/csc490-mapillary-vistas/main.py", line 74, in <module>
    model_info = torch.load(saved_model_path)
  File "/usr/local/lib/python3.10/dist-packages/torch/serialization.py", line 791, in load
    with _open_file_like(f, 'rb') as opened_file:
  File "/usr/local/lib/python3.10/dist-packages/torch/serialization.py", line 271, in _open_file_like
    return _open_file(name_or_buffer, mode)
  File "/usr/local/lib/python3.10/dist-packages/torch/serialization.py", line 252, in __init__
    super().__init__(open(name, mode))
FileNotFoundError: [Errno 2] No such file or directory: '/virtual/csc490_mapillary/models/unet-18000-256-20-crop-50-1e-05/unet-18000-256-20-crop-50-1e-05.pth'
