Opening config.ini...
MAX_IMAGES: 18000
BATCH_SIZE: 18
LEARNING_RATE: 5e-05
EPOCHS: 100
TRANSFORM: RandomCrop
IMAGE_DIMEN: 256
EVALUATION_IMAGES: ['_gcgraos355QHyu7iFMK1w', '_QDf_pTzs-sEyBubXqmqxA', '_wbVgGy7xrO_C_gsz-BCvA', 'FYoB0UGu40k9nKurB8pucw', '1pFw6qQwFQ__QdnYYB7YLA', '-C-x3xSPFIEjqbyVC5PRaQ', '_Uu1yfgmkbji9nkUT3Tikw', '_nDuQstcKZ714CoL0G5iZg']
CHECKPOINT_SAVE_INTERVAL: 10
MODEL_LOCATION: /virtual/drosari3/models/model-18000-RandomCrop-256-18-5e-05-100-wCE
MODEL_NAME: model-18000-RandomCrop-256-18-5e-05-100-wCE
Training model-18000-RandomCrop-256-18-5e-05-100-wCE...
epochs=100 lr=5e-05, error=JaccardLoss()
    [0] Processed 0/1000 batches (0.00%)
    [0] Processed 300/1000 batches (30.00%)
    [0] Processed 600/1000 batches (60.00%)
    [0] Processed 900/1000 batches (90.00%)
Checkpoint 1 saved to /virtual/drosari3/models/model-18000-RandomCrop-256-18-5e-05-100-wCE/checkpoints/checkpoint_epoch_1.pth
[00:18:56] Epoch [1/100] Loss: 0.2834 Accuracy: 47.74%
    [1] Processed 0/1000 batches (0.00%)
    [1] Processed 300/1000 batches (30.00%)
    [1] Processed 600/1000 batches (60.00%)
    [1] Processed 900/1000 batches (90.00%)
[00:38:40] Epoch [2/100] Loss: 0.2717 Accuracy: 55.30%
    [2] Processed 0/1000 batches (0.00%)
    [2] Processed 300/1000 batches (30.00%)
    [2] Processed 600/1000 batches (60.00%)
    [2] Processed 900/1000 batches (90.00%)
[00:58:38] Epoch [3/100] Loss: 0.2708 Accuracy: 56.61%
    [3] Processed 0/1000 batches (0.00%)
    [3] Processed 300/1000 batches (30.00%)
    [3] Processed 600/1000 batches (60.00%)
    [3] Processed 900/1000 batches (90.00%)
[01:18:24] Epoch [4/100] Loss: 0.2673 Accuracy: 57.45%
    [4] Processed 0/1000 batches (0.00%)
    [4] Processed 300/1000 batches (30.00%)
    [4] Processed 600/1000 batches (60.00%)
    [4] Processed 900/1000 batches (90.00%)
[01:38:15] Epoch [5/100] Loss: 0.2640 Accuracy: 58.51%
    [5] Processed 0/1000 batches (0.00%)
    [5] Processed 300/1000 batches (30.00%)
    [5] Processed 600/1000 batches (60.00%)
    [5] Processed 900/1000 batches (90.00%)
[01:58:01] Epoch [6/100] Loss: 0.2606 Accuracy: 60.06%
    [6] Processed 0/1000 batches (0.00%)
    [6] Processed 300/1000 batches (30.00%)
    [6] Processed 600/1000 batches (60.00%)
    [6] Processed 900/1000 batches (90.00%)
[02:17:54] Epoch [7/100] Loss: 0.2597 Accuracy: 60.81%
    [7] Processed 0/1000 batches (0.00%)
    [7] Processed 300/1000 batches (30.00%)
    [7] Processed 600/1000 batches (60.00%)
    [7] Processed 900/1000 batches (90.00%)
[02:37:39] Epoch [8/100] Loss: 0.2582 Accuracy: 61.11%
    [8] Processed 0/1000 batches (0.00%)
    [8] Processed 300/1000 batches (30.00%)
    [8] Processed 600/1000 batches (60.00%)
    [8] Processed 900/1000 batches (90.00%)
[02:57:21] Epoch [9/100] Loss: 0.2583 Accuracy: 61.70%
    [9] Processed 0/1000 batches (0.00%)
    [9] Processed 300/1000 batches (30.00%)
    [9] Processed 600/1000 batches (60.00%)
    [9] Processed 900/1000 batches (90.00%)
[03:16:59] Epoch [10/100] Loss: 0.2538 Accuracy: 62.40%
    [10] Processed 0/1000 batches (0.00%)
    [10] Processed 300/1000 batches (30.00%)
    [10] Processed 600/1000 batches (60.00%)
    [10] Processed 900/1000 batches (90.00%)
Checkpoint 11 saved to /virtual/drosari3/models/model-18000-RandomCrop-256-18-5e-05-100-wCE/checkpoints/checkpoint_epoch_11.pth
[03:36:46] Epoch [11/100] Loss: 0.2544 Accuracy: 62.69%
    [11] Processed 0/1000 batches (0.00%)
    [11] Processed 300/1000 batches (30.00%)
    [11] Processed 600/1000 batches (60.00%)
    [11] Processed 900/1000 batches (90.00%)
[03:56:32] Epoch [12/100] Loss: 0.2556 Accuracy: 63.19%
    [12] Processed 0/1000 batches (0.00%)
    [12] Processed 300/1000 batches (30.00%)
    [12] Processed 600/1000 batches (60.00%)
    [12] Processed 900/1000 batches (90.00%)
[04:16:19] Epoch [13/100] Loss: 0.2520 Accuracy: 63.63%
    [13] Processed 0/1000 batches (0.00%)
    [13] Processed 300/1000 batches (30.00%)
    [13] Processed 600/1000 batches (60.00%)
    [13] Processed 900/1000 batches (90.00%)
[04:36:05] Epoch [14/100] Loss: 0.2473 Accuracy: 64.33%
    [14] Processed 0/1000 batches (0.00%)
    [14] Processed 300/1000 batches (30.00%)
    [14] Processed 600/1000 batches (60.00%)
    [14] Processed 900/1000 batches (90.00%)
[04:55:55] Epoch [15/100] Loss: 0.2474 Accuracy: 64.74%
    [15] Processed 0/1000 batches (0.00%)
    [15] Processed 300/1000 batches (30.00%)
    [15] Processed 600/1000 batches (60.00%)
    [15] Processed 900/1000 batches (90.00%)
[05:15:40] Epoch [16/100] Loss: 0.2483 Accuracy: 64.71%
    [16] Processed 0/1000 batches (0.00%)
    [16] Processed 300/1000 batches (30.00%)
    [16] Processed 600/1000 batches (60.00%)
    [16] Processed 900/1000 batches (90.00%)
[05:35:29] Epoch [17/100] Loss: 0.2471 Accuracy: 64.88%
    [17] Processed 0/1000 batches (0.00%)
    [17] Processed 300/1000 batches (30.00%)
    [17] Processed 600/1000 batches (60.00%)
    [17] Processed 900/1000 batches (90.00%)
[05:55:13] Epoch [18/100] Loss: 0.2415 Accuracy: 65.93%
    [18] Processed 0/1000 batches (0.00%)
    [18] Processed 300/1000 batches (30.00%)
    [18] Processed 600/1000 batches (60.00%)
    [18] Processed 900/1000 batches (90.00%)
[06:15:02] Epoch [19/100] Loss: 0.2455 Accuracy: 65.71%
    [19] Processed 0/1000 batches (0.00%)
    [19] Processed 300/1000 batches (30.00%)
    [19] Processed 600/1000 batches (60.00%)
    [19] Processed 900/1000 batches (90.00%)
[06:34:48] Epoch [20/100] Loss: 0.2442 Accuracy: 66.02%
    [20] Processed 0/1000 batches (0.00%)
    [20] Processed 300/1000 batches (30.00%)
    [20] Processed 600/1000 batches (60.00%)
    [20] Processed 900/1000 batches (90.00%)
Checkpoint 21 saved to /virtual/drosari3/models/model-18000-RandomCrop-256-18-5e-05-100-wCE/checkpoints/checkpoint_epoch_21.pth
[06:54:39] Epoch [21/100] Loss: 0.2406 Accuracy: 66.70%
    [21] Processed 0/1000 batches (0.00%)
    [21] Processed 300/1000 batches (30.00%)
    [21] Processed 600/1000 batches (60.00%)
    [21] Processed 900/1000 batches (90.00%)
[07:14:27] Epoch [22/100] Loss: 0.2379 Accuracy: 67.09%
    [22] Processed 0/1000 batches (0.00%)
    [22] Processed 300/1000 batches (30.00%)
    [22] Processed 600/1000 batches (60.00%)
    [22] Processed 900/1000 batches (90.00%)
[07:34:22] Epoch [23/100] Loss: 0.2418 Accuracy: 66.30%
    [23] Processed 0/1000 batches (0.00%)
    [23] Processed 300/1000 batches (30.00%)
    [23] Processed 600/1000 batches (60.00%)
    [23] Processed 900/1000 batches (90.00%)
[07:54:09] Epoch [24/100] Loss: 0.2408 Accuracy: 66.95%
    [24] Processed 0/1000 batches (0.00%)
    [24] Processed 300/1000 batches (30.00%)
    [24] Processed 600/1000 batches (60.00%)
    [24] Processed 900/1000 batches (90.00%)
[08:13:57] Epoch [25/100] Loss: 0.2373 Accuracy: 67.59%
    [25] Processed 0/1000 batches (0.00%)
    [25] Processed 300/1000 batches (30.00%)
    [25] Processed 600/1000 batches (60.00%)
    [25] Processed 900/1000 batches (90.00%)
[08:33:52] Epoch [26/100] Loss: 0.2379 Accuracy: 67.82%
    [26] Processed 0/1000 batches (0.00%)
    [26] Processed 300/1000 batches (30.00%)
    [26] Processed 600/1000 batches (60.00%)
    [26] Processed 900/1000 batches (90.00%)
[08:53:44] Epoch [27/100] Loss: 0.2387 Accuracy: 67.51%
    [27] Processed 0/1000 batches (0.00%)
    [27] Processed 300/1000 batches (30.00%)
    [27] Processed 600/1000 batches (60.00%)
    [27] Processed 900/1000 batches (90.00%)
[09:13:27] Epoch [28/100] Loss: 0.2363 Accuracy: 67.84%
    [28] Processed 0/1000 batches (0.00%)
    [28] Processed 300/1000 batches (30.00%)
    [28] Processed 600/1000 batches (60.00%)
    [28] Processed 900/1000 batches (90.00%)
[09:33:22] Epoch [29/100] Loss: 0.2383 Accuracy: 68.07%
    [29] Processed 0/1000 batches (0.00%)
    [29] Processed 300/1000 batches (30.00%)
    [29] Processed 600/1000 batches (60.00%)
    [29] Processed 900/1000 batches (90.00%)
[09:53:12] Epoch [30/100] Loss: 0.2348 Accuracy: 68.58%
    [30] Processed 0/1000 batches (0.00%)
    [30] Processed 300/1000 batches (30.00%)
    [30] Processed 600/1000 batches (60.00%)
    [30] Processed 900/1000 batches (90.00%)
Checkpoint 31 saved to /virtual/drosari3/models/model-18000-RandomCrop-256-18-5e-05-100-wCE/checkpoints/checkpoint_epoch_31.pth
[10:13:02] Epoch [31/100] Loss: 0.2338 Accuracy: 68.56%
    [31] Processed 0/1000 batches (0.00%)
    [31] Processed 300/1000 batches (30.00%)
    [31] Processed 600/1000 batches (60.00%)
    [31] Processed 900/1000 batches (90.00%)
[10:33:00] Epoch [32/100] Loss: 0.2357 Accuracy: 68.58%
    [32] Processed 0/1000 batches (0.00%)
    [32] Processed 300/1000 batches (30.00%)
    [32] Processed 600/1000 batches (60.00%)
    [32] Processed 900/1000 batches (90.00%)
[10:52:56] Epoch [33/100] Loss: 0.2301 Accuracy: 68.92%
    [33] Processed 0/1000 batches (0.00%)
    [33] Processed 300/1000 batches (30.00%)
    [33] Processed 600/1000 batches (60.00%)
    [33] Processed 900/1000 batches (90.00%)
[11:12:43] Epoch [34/100] Loss: 0.2346 Accuracy: 68.92%
    [34] Processed 0/1000 batches (0.00%)
    [34] Processed 300/1000 batches (30.00%)
    [34] Processed 600/1000 batches (60.00%)
    [34] Processed 900/1000 batches (90.00%)
[11:32:38] Epoch [35/100] Loss: 0.2315 Accuracy: 68.81%
    [35] Processed 0/1000 batches (0.00%)
    [35] Processed 300/1000 batches (30.00%)
    [35] Processed 600/1000 batches (60.00%)
    [35] Processed 900/1000 batches (90.00%)
[11:52:34] Epoch [36/100] Loss: 0.2324 Accuracy: 69.17%
    [36] Processed 0/1000 batches (0.00%)
    [36] Processed 300/1000 batches (30.00%)
    [36] Processed 600/1000 batches (60.00%)
    [36] Processed 900/1000 batches (90.00%)
[12:12:17] Epoch [37/100] Loss: 0.2300 Accuracy: 69.82%
    [37] Processed 0/1000 batches (0.00%)
    [37] Processed 300/1000 batches (30.00%)
    [37] Processed 600/1000 batches (60.00%)
    [37] Processed 900/1000 batches (90.00%)
[12:32:17] Epoch [38/100] Loss: 0.2298 Accuracy: 69.64%
    [38] Processed 0/1000 batches (0.00%)
    [38] Processed 300/1000 batches (30.00%)
    [38] Processed 600/1000 batches (60.00%)
    [38] Processed 900/1000 batches (90.00%)
[12:52:09] Epoch [39/100] Loss: 0.2273 Accuracy: 70.04%
    [39] Processed 0/1000 batches (0.00%)
    [39] Processed 300/1000 batches (30.00%)
    [39] Processed 600/1000 batches (60.00%)
    [39] Processed 900/1000 batches (90.00%)
[13:11:59] Epoch [40/100] Loss: 0.2317 Accuracy: 69.40%
    [40] Processed 0/1000 batches (0.00%)
    [40] Processed 300/1000 batches (30.00%)
    [40] Processed 600/1000 batches (60.00%)
    [40] Processed 900/1000 batches (90.00%)
Checkpoint 41 saved to /virtual/drosari3/models/model-18000-RandomCrop-256-18-5e-05-100-wCE/checkpoints/checkpoint_epoch_41.pth
[13:31:51] Epoch [41/100] Loss: 0.2286 Accuracy: 70.16%
    [41] Processed 0/1000 batches (0.00%)
    [41] Processed 300/1000 batches (30.00%)
    [41] Processed 600/1000 batches (60.00%)
    [41] Processed 900/1000 batches (90.00%)
[13:51:39] Epoch [42/100] Loss: 0.2267 Accuracy: 70.20%
    [42] Processed 0/1000 batches (0.00%)
    [42] Processed 300/1000 batches (30.00%)
    [42] Processed 600/1000 batches (60.00%)
    [42] Processed 900/1000 batches (90.00%)
[14:11:33] Epoch [43/100] Loss: 0.2253 Accuracy: 70.47%
    [43] Processed 0/1000 batches (0.00%)
    [43] Processed 300/1000 batches (30.00%)
    [43] Processed 600/1000 batches (60.00%)
    [43] Processed 900/1000 batches (90.00%)
[14:31:29] Epoch [44/100] Loss: 0.2268 Accuracy: 70.06%
    [44] Processed 0/1000 batches (0.00%)
    [44] Processed 300/1000 batches (30.00%)
    [44] Processed 600/1000 batches (60.00%)
    [44] Processed 900/1000 batches (90.00%)
[14:51:18] Epoch [45/100] Loss: 0.2267 Accuracy: 70.82%
    [45] Processed 0/1000 batches (0.00%)
    [45] Processed 300/1000 batches (30.00%)
    [45] Processed 600/1000 batches (60.00%)
    [45] Processed 900/1000 batches (90.00%)
[15:11:07] Epoch [46/100] Loss: 0.2267 Accuracy: 70.58%
    [46] Processed 0/1000 batches (0.00%)
    [46] Processed 300/1000 batches (30.00%)
    [46] Processed 600/1000 batches (60.00%)
    [46] Processed 900/1000 batches (90.00%)
[15:30:59] Epoch [47/100] Loss: 0.2289 Accuracy: 70.63%
    [47] Processed 0/1000 batches (0.00%)
    [47] Processed 300/1000 batches (30.00%)
    [47] Processed 600/1000 batches (60.00%)
    [47] Processed 900/1000 batches (90.00%)
[15:50:56] Epoch [48/100] Loss: 0.2256 Accuracy: 70.54%
    [48] Processed 0/1000 batches (0.00%)
    [48] Processed 300/1000 batches (30.00%)
    [48] Processed 600/1000 batches (60.00%)
    [48] Processed 900/1000 batches (90.00%)
[16:10:49] Epoch [49/100] Loss: 0.2257 Accuracy: 70.65%
    [49] Processed 0/1000 batches (0.00%)
    [49] Processed 300/1000 batches (30.00%)
    [49] Processed 600/1000 batches (60.00%)
    [49] Processed 900/1000 batches (90.00%)
[16:30:44] Epoch [50/100] Loss: 0.2260 Accuracy: 70.46%
    [50] Processed 0/1000 batches (0.00%)
    [50] Processed 300/1000 batches (30.00%)
    [50] Processed 600/1000 batches (60.00%)
    [50] Processed 900/1000 batches (90.00%)
Checkpoint 51 saved to /virtual/drosari3/models/model-18000-RandomCrop-256-18-5e-05-100-wCE/checkpoints/checkpoint_epoch_51.pth
[16:56:28] Epoch [51/100] Loss: 0.2202 Accuracy: 71.67%
    [51] Processed 0/1000 batches (0.00%)
    [51] Processed 300/1000 batches (30.00%)
    [51] Processed 600/1000 batches (60.00%)
    [51] Processed 900/1000 batches (90.00%)
[17:22:29] Epoch [52/100] Loss: 0.2255 Accuracy: 70.68%
    [52] Processed 0/1000 batches (0.00%)
    [52] Processed 300/1000 batches (30.00%)
    [52] Processed 600/1000 batches (60.00%)
    [52] Processed 900/1000 batches (90.00%)
[17:48:11] Epoch [53/100] Loss: 0.2236 Accuracy: 70.99%
    [53] Processed 0/1000 batches (0.00%)
    [53] Processed 300/1000 batches (30.00%)
    [53] Processed 600/1000 batches (60.00%)
    [53] Processed 900/1000 batches (90.00%)
[18:11:56] Epoch [54/100] Loss: 0.2236 Accuracy: 71.30%
    [54] Processed 0/1000 batches (0.00%)
    [54] Processed 300/1000 batches (30.00%)
    [54] Processed 600/1000 batches (60.00%)
    [54] Processed 900/1000 batches (90.00%)
[18:33:01] Epoch [55/100] Loss: 0.2224 Accuracy: 71.44%
    [55] Processed 0/1000 batches (0.00%)
    [55] Processed 300/1000 batches (30.00%)
    [55] Processed 600/1000 batches (60.00%)
    [55] Processed 900/1000 batches (90.00%)
[19:01:09] Epoch [56/100] Loss: 0.2241 Accuracy: 71.24%
    [56] Processed 0/1000 batches (0.00%)
    [56] Processed 300/1000 batches (30.00%)
    [56] Processed 600/1000 batches (60.00%)
    [56] Processed 900/1000 batches (90.00%)
[19:30:26] Epoch [57/100] Loss: 0.2213 Accuracy: 71.97%
    [57] Processed 0/1000 batches (0.00%)
    [57] Processed 300/1000 batches (30.00%)
    [57] Processed 600/1000 batches (60.00%)
    [57] Processed 900/1000 batches (90.00%)
[19:56:39] Epoch [58/100] Loss: 0.2235 Accuracy: 71.54%
    [58] Processed 0/1000 batches (0.00%)
    [58] Processed 300/1000 batches (30.00%)
    [58] Processed 600/1000 batches (60.00%)
    [58] Processed 900/1000 batches (90.00%)
[20:22:40] Epoch [59/100] Loss: 0.2227 Accuracy: 71.57%
    [59] Processed 0/1000 batches (0.00%)
    [59] Processed 300/1000 batches (30.00%)
    [59] Processed 600/1000 batches (60.00%)
    [59] Processed 900/1000 batches (90.00%)
[20:50:26] Epoch [60/100] Loss: 0.2232 Accuracy: 71.81%
    [60] Processed 0/1000 batches (0.00%)
    [60] Processed 300/1000 batches (30.00%)
    [60] Processed 600/1000 batches (60.00%)
    [60] Processed 900/1000 batches (90.00%)
Checkpoint 61 saved to /virtual/drosari3/models/model-18000-RandomCrop-256-18-5e-05-100-wCE/checkpoints/checkpoint_epoch_61.pth
[21:18:38] Epoch [61/100] Loss: 0.2224 Accuracy: 71.86%
    [61] Processed 0/1000 batches (0.00%)
    [61] Processed 300/1000 batches (30.00%)
    [61] Processed 600/1000 batches (60.00%)
    [61] Processed 900/1000 batches (90.00%)
[21:46:49] Epoch [62/100] Loss: 0.2226 Accuracy: 71.89%
    [62] Processed 0/1000 batches (0.00%)
    [62] Processed 300/1000 batches (30.00%)
    [62] Processed 600/1000 batches (60.00%)
    [62] Processed 900/1000 batches (90.00%)
[22:15:02] Epoch [63/100] Loss: 0.2181 Accuracy: 72.29%
    [63] Processed 0/1000 batches (0.00%)
    [63] Processed 300/1000 batches (30.00%)
    [63] Processed 600/1000 batches (60.00%)
    [63] Processed 900/1000 batches (90.00%)
[22:43:59] Epoch [64/100] Loss: 0.2195 Accuracy: 71.99%
    [64] Processed 0/1000 batches (0.00%)
    [64] Processed 300/1000 batches (30.00%)
    [64] Processed 600/1000 batches (60.00%)
    [64] Processed 900/1000 batches (90.00%)
[23:12:08] Epoch [65/100] Loss: 0.2209 Accuracy: 72.32%
    [65] Processed 0/1000 batches (0.00%)
    [65] Processed 300/1000 batches (30.00%)
    [65] Processed 600/1000 batches (60.00%)
    [65] Processed 900/1000 batches (90.00%)
[23:44:15] Epoch [66/100] Loss: 0.2176 Accuracy: 72.33%
    [66] Processed 0/1000 batches (0.00%)
    [66] Processed 300/1000 batches (30.00%)
    [66] Processed 600/1000 batches (60.00%)
    [66] Processed 900/1000 batches (90.00%)
[00:14:26] Epoch [67/100] Loss: 0.2199 Accuracy: 72.02%
    [67] Processed 0/1000 batches (0.00%)
    [67] Processed 300/1000 batches (30.00%)
    [67] Processed 600/1000 batches (60.00%)
    [67] Processed 900/1000 batches (90.00%)
[00:43:16] Epoch [68/100] Loss: 0.2188 Accuracy: 72.49%
    [68] Processed 0/1000 batches (0.00%)
    [68] Processed 300/1000 batches (30.00%)
    [68] Processed 600/1000 batches (60.00%)
    [68] Processed 900/1000 batches (90.00%)
[01:13:38] Epoch [69/100] Loss: 0.2149 Accuracy: 72.96%
    [69] Processed 0/1000 batches (0.00%)
    [69] Processed 300/1000 batches (30.00%)
    [69] Processed 600/1000 batches (60.00%)
    [69] Processed 900/1000 batches (90.00%)
[01:45:52] Epoch [70/100] Loss: 0.2185 Accuracy: 72.44%
    [70] Processed 0/1000 batches (0.00%)
    [70] Processed 300/1000 batches (30.00%)
    [70] Processed 600/1000 batches (60.00%)
    [70] Processed 900/1000 batches (90.00%)
Checkpoint 71 saved to /virtual/drosari3/models/model-18000-RandomCrop-256-18-5e-05-100-wCE/checkpoints/checkpoint_epoch_71.pth
[02:15:22] Epoch [71/100] Loss: 0.2184 Accuracy: 72.12%
    [71] Processed 0/1000 batches (0.00%)
    [71] Processed 300/1000 batches (30.00%)
    [71] Processed 600/1000 batches (60.00%)
    [71] Processed 900/1000 batches (90.00%)
[02:44:10] Epoch [72/100] Loss: 0.2167 Accuracy: 72.74%
    [72] Processed 0/1000 batches (0.00%)
    [72] Processed 300/1000 batches (30.00%)
    [72] Processed 600/1000 batches (60.00%)
    [72] Processed 900/1000 batches (90.00%)
[03:11:28] Epoch [73/100] Loss: 0.2155 Accuracy: 72.66%
    [73] Processed 0/1000 batches (0.00%)
    [73] Processed 300/1000 batches (30.00%)
    [73] Processed 600/1000 batches (60.00%)
    [73] Processed 900/1000 batches (90.00%)
[03:39:40] Epoch [74/100] Loss: 0.2129 Accuracy: 73.17%
    [74] Processed 0/1000 batches (0.00%)
    [74] Processed 300/1000 batches (30.00%)
    [74] Processed 600/1000 batches (60.00%)
    [74] Processed 900/1000 batches (90.00%)
[04:12:38] Epoch [75/100] Loss: 0.2127 Accuracy: 72.75%
    [75] Processed 0/1000 batches (0.00%)
    [75] Processed 300/1000 batches (30.00%)
    [75] Processed 600/1000 batches (60.00%)
    [75] Processed 900/1000 batches (90.00%)
[04:44:13] Epoch [76/100] Loss: 0.2143 Accuracy: 72.87%
    [76] Processed 0/1000 batches (0.00%)
    [76] Processed 300/1000 batches (30.00%)
    [76] Processed 600/1000 batches (60.00%)
    [76] Processed 900/1000 batches (90.00%)
[05:16:34] Epoch [77/100] Loss: 0.2156 Accuracy: 73.14%
    [77] Processed 0/1000 batches (0.00%)
    [77] Processed 300/1000 batches (30.00%)
    [77] Processed 600/1000 batches (60.00%)
    [77] Processed 900/1000 batches (90.00%)
[05:45:22] Epoch [78/100] Loss: 0.2151 Accuracy: 73.27%
    [78] Processed 0/1000 batches (0.00%)
    [78] Processed 300/1000 batches (30.00%)
    [78] Processed 600/1000 batches (60.00%)
    [78] Processed 900/1000 batches (90.00%)
[06:19:29] Epoch [79/100] Loss: 0.2131 Accuracy: 73.09%
    [79] Processed 0/1000 batches (0.00%)
    [79] Processed 300/1000 batches (30.00%)
    [79] Processed 600/1000 batches (60.00%)
    [79] Processed 900/1000 batches (90.00%)
[06:56:44] Epoch [80/100] Loss: 0.2158 Accuracy: 72.57%
    [80] Processed 0/1000 batches (0.00%)
    [80] Processed 300/1000 batches (30.00%)
    [80] Processed 600/1000 batches (60.00%)
    [80] Processed 900/1000 batches (90.00%)
Checkpoint 81 saved to /virtual/drosari3/models/model-18000-RandomCrop-256-18-5e-05-100-wCE/checkpoints/checkpoint_epoch_81.pth
[07:29:28] Epoch [81/100] Loss: 0.2152 Accuracy: 72.99%
    [81] Processed 0/1000 batches (0.00%)
    [81] Processed 300/1000 batches (30.00%)
    [81] Processed 600/1000 batches (60.00%)
    [81] Processed 900/1000 batches (90.00%)
[08:09:37] Epoch [82/100] Loss: 0.2188 Accuracy: 73.02%
    [82] Processed 0/1000 batches (0.00%)
    [82] Processed 300/1000 batches (30.00%)
    [82] Processed 600/1000 batches (60.00%)
    [82] Processed 900/1000 batches (90.00%)
[08:40:25] Epoch [83/100] Loss: 0.2133 Accuracy: 72.79%
    [83] Processed 0/1000 batches (0.00%)
    [83] Processed 300/1000 batches (30.00%)
    [83] Processed 600/1000 batches (60.00%)
    [83] Processed 900/1000 batches (90.00%)
[09:11:06] Epoch [84/100] Loss: 0.2137 Accuracy: 73.41%
    [84] Processed 0/1000 batches (0.00%)
    [84] Processed 300/1000 batches (30.00%)
    [84] Processed 600/1000 batches (60.00%)
    [84] Processed 900/1000 batches (90.00%)
[09:41:54] Epoch [85/100] Loss: 0.2142 Accuracy: 73.24%
    [85] Processed 0/1000 batches (0.00%)
    [85] Processed 300/1000 batches (30.00%)
    [85] Processed 600/1000 batches (60.00%)
    [85] Processed 900/1000 batches (90.00%)
[10:11:26] Epoch [86/100] Loss: 0.2122 Accuracy: 73.46%
    [86] Processed 0/1000 batches (0.00%)
    [86] Processed 300/1000 batches (30.00%)
    [86] Processed 600/1000 batches (60.00%)
    [86] Processed 900/1000 batches (90.00%)
[10:41:14] Epoch [87/100] Loss: 0.2120 Accuracy: 73.17%
    [87] Processed 0/1000 batches (0.00%)
    [87] Processed 300/1000 batches (30.00%)
    [87] Processed 600/1000 batches (60.00%)
    [87] Processed 900/1000 batches (90.00%)
[11:12:49] Epoch [88/100] Loss: 0.2151 Accuracy: 73.08%
    [88] Processed 0/1000 batches (0.00%)
    [88] Processed 300/1000 batches (30.00%)
    [88] Processed 600/1000 batches (60.00%)
    [88] Processed 900/1000 batches (90.00%)
[11:44:31] Epoch [89/100] Loss: 0.2154 Accuracy: 73.52%
    [89] Processed 0/1000 batches (0.00%)
    [89] Processed 300/1000 batches (30.00%)
    [89] Processed 600/1000 batches (60.00%)
    [89] Processed 900/1000 batches (90.00%)
[12:14:36] Epoch [90/100] Loss: 0.2146 Accuracy: 73.08%
    [90] Processed 0/1000 batches (0.00%)
    [90] Processed 300/1000 batches (30.00%)
    [90] Processed 600/1000 batches (60.00%)
    [90] Processed 900/1000 batches (90.00%)
Checkpoint 91 saved to /virtual/drosari3/models/model-18000-RandomCrop-256-18-5e-05-100-wCE/checkpoints/checkpoint_epoch_91.pth
[12:45:13] Epoch [91/100] Loss: 0.2113 Accuracy: 73.52%
    [91] Processed 0/1000 batches (0.00%)
    [91] Processed 300/1000 batches (30.00%)
    [91] Processed 600/1000 batches (60.00%)
    [91] Processed 900/1000 batches (90.00%)
[13:17:19] Epoch [92/100] Loss: 0.2092 Accuracy: 73.47%
    [92] Processed 0/1000 batches (0.00%)
    [92] Processed 300/1000 batches (30.00%)
    [92] Processed 600/1000 batches (60.00%)
    [92] Processed 900/1000 batches (90.00%)
[13:49:57] Epoch [93/100] Loss: 0.2116 Accuracy: 73.41%
    [93] Processed 0/1000 batches (0.00%)
    [93] Processed 300/1000 batches (30.00%)
    [93] Processed 600/1000 batches (60.00%)
    [93] Processed 900/1000 batches (90.00%)
[14:19:35] Epoch [94/100] Loss: 0.2111 Accuracy: 73.40%
    [94] Processed 0/1000 batches (0.00%)
    [94] Processed 300/1000 batches (30.00%)
    [94] Processed 600/1000 batches (60.00%)
    [94] Processed 900/1000 batches (90.00%)
[14:53:06] Epoch [95/100] Loss: 0.2125 Accuracy: 73.24%
    [95] Processed 0/1000 batches (0.00%)
    [95] Processed 300/1000 batches (30.00%)
    [95] Processed 600/1000 batches (60.00%)
    [95] Processed 900/1000 batches (90.00%)
[15:25:50] Epoch [96/100] Loss: 0.2094 Accuracy: 73.42%
    [96] Processed 0/1000 batches (0.00%)
    [96] Processed 300/1000 batches (30.00%)
    [96] Processed 600/1000 batches (60.00%)
    [96] Processed 900/1000 batches (90.00%)
[15:57:23] Epoch [97/100] Loss: 0.2070 Accuracy: 73.95%
    [97] Processed 0/1000 batches (0.00%)
    [97] Processed 300/1000 batches (30.00%)
    [97] Processed 600/1000 batches (60.00%)
    [97] Processed 900/1000 batches (90.00%)
[16:30:03] Epoch [98/100] Loss: 0.2088 Accuracy: 73.64%
    [98] Processed 0/1000 batches (0.00%)
    [98] Processed 300/1000 batches (30.00%)
    [98] Processed 600/1000 batches (60.00%)
    [98] Processed 900/1000 batches (90.00%)
[16:58:54] Epoch [99/100] Loss: 0.2108 Accuracy: 73.36%
    [99] Processed 0/1000 batches (0.00%)
    [99] Processed 300/1000 batches (30.00%)
    [99] Processed 600/1000 batches (60.00%)
    [99] Processed 900/1000 batches (90.00%)
[17:30:10] Epoch [100/100] Loss: 0.2107 Accuracy: 73.40%
Testing Image: 0/112
Testing Image: 5/112
Testing Image: 10/112
Testing Image: 15/112
Testing Image: 20/112
Testing Image: 25/112
Testing Image: 30/112
Testing Image: 35/112
Testing Image: 40/112
Testing Image: 45/112
Testing Image: 50/112
Testing Image: 55/112
Testing Image: 60/112
Testing Image: 65/112
Testing Image: 70/112
Testing Image: 75/112
Testing Image: 80/112
Testing Image: 85/112
Testing Image: 90/112
Testing Image: 95/112
Testing Image: 100/112
Testing Image: 105/112
Testing Image: 110/112
Validation mIoU: 0.1524
Testing individual images...
Done
