Training unet-18000-256-20-crop-150-00001...
epochs=150 lr=0.0001, error=<function cross_entropy at 0x7fe146903ac0>
    [0] Processed 0/900 batches (0.00%)
    [0] Processed 270/900 batches (30.00%)
    [0] Processed 540/900 batches (60.00%)
    [0] Processed 810/900 batches (90.00%)
Checkpoint 1 saved to /virtual/drosari3/models/unet-18000-256-20-crop-150-00001/unet-18000-256-20-crop-150-00001-checkpoint_epoch_1.pth
[21:00:09] Epoch [1/150] Loss: 1.8016 Accuracy: 55.13%
    [1] Processed 0/900 batches (0.00%)
    [1] Processed 270/900 batches (30.00%)
    [1] Processed 540/900 batches (60.00%)
    [1] Processed 810/900 batches (90.00%)
[21:10:52] Epoch [2/150] Loss: 1.4768 Accuracy: 62.13%
    [2] Processed 0/900 batches (0.00%)
    [2] Processed 270/900 batches (30.00%)
    [2] Processed 540/900 batches (60.00%)
    [2] Processed 810/900 batches (90.00%)
[21:21:36] Epoch [3/150] Loss: 1.3353 Accuracy: 65.70%
    [3] Processed 0/900 batches (0.00%)
    [3] Processed 270/900 batches (30.00%)
    [3] Processed 540/900 batches (60.00%)
    [3] Processed 810/900 batches (90.00%)
[21:32:17] Epoch [4/150] Loss: 1.2488 Accuracy: 68.06%
    [4] Processed 0/900 batches (0.00%)
    [4] Processed 270/900 batches (30.00%)
    [4] Processed 540/900 batches (60.00%)
    [4] Processed 810/900 batches (90.00%)
[21:42:59] Epoch [5/150] Loss: 1.1687 Accuracy: 70.27%
    [5] Processed 0/900 batches (0.00%)
    [5] Processed 270/900 batches (30.00%)
    [5] Processed 540/900 batches (60.00%)
    [5] Processed 810/900 batches (90.00%)
[21:53:41] Epoch [6/150] Loss: 1.1068 Accuracy: 72.18%
    [6] Processed 0/900 batches (0.00%)
    [6] Processed 270/900 batches (30.00%)
    [6] Processed 540/900 batches (60.00%)
    [6] Processed 810/900 batches (90.00%)
[22:04:24] Epoch [7/150] Loss: 1.0536 Accuracy: 73.43%
    [7] Processed 0/900 batches (0.00%)
    [7] Processed 270/900 batches (30.00%)
    [7] Processed 540/900 batches (60.00%)
    [7] Processed 810/900 batches (90.00%)
[22:15:06] Epoch [8/150] Loss: 1.0127 Accuracy: 74.39%
    [8] Processed 0/900 batches (0.00%)
    [8] Processed 270/900 batches (30.00%)
    [8] Processed 540/900 batches (60.00%)
    [8] Processed 810/900 batches (90.00%)
[22:25:47] Epoch [9/150] Loss: 0.9766 Accuracy: 75.20%
    [9] Processed 0/900 batches (0.00%)
    [9] Processed 270/900 batches (30.00%)
    [9] Processed 540/900 batches (60.00%)
    [9] Processed 810/900 batches (90.00%)
[22:36:30] Epoch [10/150] Loss: 0.9421 Accuracy: 75.89%
    [10] Processed 0/900 batches (0.00%)
    [10] Processed 270/900 batches (30.00%)
    [10] Processed 540/900 batches (60.00%)
    [10] Processed 810/900 batches (90.00%)
Checkpoint 11 saved to /virtual/drosari3/models/unet-18000-256-20-crop-150-00001/unet-18000-256-20-crop-150-00001-checkpoint_epoch_11.pth
[22:47:13] Epoch [11/150] Loss: 0.9126 Accuracy: 76.48%
    [11] Processed 0/900 batches (0.00%)
    [11] Processed 270/900 batches (30.00%)
    [11] Processed 540/900 batches (60.00%)
    [11] Processed 810/900 batches (90.00%)
[22:57:54] Epoch [12/150] Loss: 0.8770 Accuracy: 77.22%
    [12] Processed 0/900 batches (0.00%)
    [12] Processed 270/900 batches (30.00%)
    [12] Processed 540/900 batches (60.00%)
    [12] Processed 810/900 batches (90.00%)
[23:08:35] Epoch [13/150] Loss: 0.8532 Accuracy: 77.73%
    [13] Processed 0/900 batches (0.00%)
    [13] Processed 270/900 batches (30.00%)
    [13] Processed 540/900 batches (60.00%)
    [13] Processed 810/900 batches (90.00%)
[23:19:19] Epoch [14/150] Loss: 0.8183 Accuracy: 78.50%
    [14] Processed 0/900 batches (0.00%)
    [14] Processed 270/900 batches (30.00%)
    [14] Processed 540/900 batches (60.00%)
    [14] Processed 810/900 batches (90.00%)
[23:30:01] Epoch [15/150] Loss: 0.7849 Accuracy: 79.20%
    [15] Processed 0/900 batches (0.00%)
    [15] Processed 270/900 batches (30.00%)
    [15] Processed 540/900 batches (60.00%)
    [15] Processed 810/900 batches (90.00%)
[23:40:43] Epoch [16/150] Loss: 0.7471 Accuracy: 79.96%
    [16] Processed 0/900 batches (0.00%)
    [16] Processed 270/900 batches (30.00%)
    [16] Processed 540/900 batches (60.00%)
    [16] Processed 810/900 batches (90.00%)
[23:51:25] Epoch [17/150] Loss: 0.7105 Accuracy: 80.67%
    [17] Processed 0/900 batches (0.00%)
    [17] Processed 270/900 batches (30.00%)
    [17] Processed 540/900 batches (60.00%)
    [17] Processed 810/900 batches (90.00%)
[00:02:07] Epoch [18/150] Loss: 0.6691 Accuracy: 81.63%
    [18] Processed 0/900 batches (0.00%)
    [18] Processed 270/900 batches (30.00%)
    [18] Processed 540/900 batches (60.00%)
    [18] Processed 810/900 batches (90.00%)
[00:12:50] Epoch [19/150] Loss: 0.6300 Accuracy: 82.51%
    [19] Processed 0/900 batches (0.00%)
    [19] Processed 270/900 batches (30.00%)
    [19] Processed 540/900 batches (60.00%)
    [19] Processed 810/900 batches (90.00%)
[00:23:32] Epoch [20/150] Loss: 0.5827 Accuracy: 83.67%
    [20] Processed 0/900 batches (0.00%)
    [20] Processed 270/900 batches (30.00%)
    [20] Processed 540/900 batches (60.00%)
    [20] Processed 810/900 batches (90.00%)
Checkpoint 21 saved to /virtual/drosari3/models/unet-18000-256-20-crop-150-00001/unet-18000-256-20-crop-150-00001-checkpoint_epoch_21.pth
[00:34:14] Epoch [21/150] Loss: 0.5420 Accuracy: 84.70%
    [21] Processed 0/900 batches (0.00%)
    [21] Processed 270/900 batches (30.00%)
    [21] Processed 540/900 batches (60.00%)
    [21] Processed 810/900 batches (90.00%)
[00:44:56] Epoch [22/150] Loss: 0.4935 Accuracy: 85.94%
    [22] Processed 0/900 batches (0.00%)
    [22] Processed 270/900 batches (30.00%)
    [22] Processed 540/900 batches (60.00%)
    [22] Processed 810/900 batches (90.00%)
[00:55:40] Epoch [23/150] Loss: 0.4629 Accuracy: 86.82%
    [23] Processed 0/900 batches (0.00%)
    [23] Processed 270/900 batches (30.00%)
    [23] Processed 540/900 batches (60.00%)
    [23] Processed 810/900 batches (90.00%)
[01:06:23] Epoch [24/150] Loss: 0.4233 Accuracy: 87.90%
    [24] Processed 0/900 batches (0.00%)
    [24] Processed 270/900 batches (30.00%)
    [24] Processed 540/900 batches (60.00%)
    [24] Processed 810/900 batches (90.00%)
[01:17:05] Epoch [25/150] Loss: 0.3959 Accuracy: 88.70%
    [25] Processed 0/900 batches (0.00%)
    [25] Processed 270/900 batches (30.00%)
    [25] Processed 540/900 batches (60.00%)
    [25] Processed 810/900 batches (90.00%)
[01:27:47] Epoch [26/150] Loss: 0.3640 Accuracy: 89.56%
    [26] Processed 0/900 batches (0.00%)
    [26] Processed 270/900 batches (30.00%)
    [26] Processed 540/900 batches (60.00%)
    [26] Processed 810/900 batches (90.00%)
[01:38:29] Epoch [27/150] Loss: 0.3388 Accuracy: 90.28%
    [27] Processed 0/900 batches (0.00%)
    [27] Processed 270/900 batches (30.00%)
    [27] Processed 540/900 batches (60.00%)
    [27] Processed 810/900 batches (90.00%)
[01:49:12] Epoch [28/150] Loss: 0.3149 Accuracy: 90.92%
    [28] Processed 0/900 batches (0.00%)
    [28] Processed 270/900 batches (30.00%)
    [28] Processed 540/900 batches (60.00%)
    [28] Processed 810/900 batches (90.00%)
[01:59:55] Epoch [29/150] Loss: 0.2957 Accuracy: 91.45%
    [29] Processed 0/900 batches (0.00%)
    [29] Processed 270/900 batches (30.00%)
    [29] Processed 540/900 batches (60.00%)
    [29] Processed 810/900 batches (90.00%)
[02:10:38] Epoch [30/150] Loss: 0.2734 Accuracy: 92.05%
    [30] Processed 0/900 batches (0.00%)
    [30] Processed 270/900 batches (30.00%)
    [30] Processed 540/900 batches (60.00%)
    [30] Processed 810/900 batches (90.00%)
Checkpoint 31 saved to /virtual/drosari3/models/unet-18000-256-20-crop-150-00001/unet-18000-256-20-crop-150-00001-checkpoint_epoch_31.pth
[02:21:21] Epoch [31/150] Loss: 0.2708 Accuracy: 92.11%
    [31] Processed 0/900 batches (0.00%)
    [31] Processed 270/900 batches (30.00%)
    [31] Processed 540/900 batches (60.00%)
    [31] Processed 810/900 batches (90.00%)
[02:32:03] Epoch [32/150] Loss: 0.2407 Accuracy: 92.95%
    [32] Processed 0/900 batches (0.00%)
    [32] Processed 270/900 batches (30.00%)
    [32] Processed 540/900 batches (60.00%)
    [32] Processed 810/900 batches (90.00%)
[02:42:46] Epoch [33/150] Loss: 0.2269 Accuracy: 93.35%
    [33] Processed 0/900 batches (0.00%)
    [33] Processed 270/900 batches (30.00%)
    [33] Processed 540/900 batches (60.00%)
    [33] Processed 810/900 batches (90.00%)
[02:53:29] Epoch [34/150] Loss: 0.2184 Accuracy: 93.56%
    [34] Processed 0/900 batches (0.00%)
    [34] Processed 270/900 batches (30.00%)
    [34] Processed 540/900 batches (60.00%)
    [34] Processed 810/900 batches (90.00%)
[03:04:13] Epoch [35/150] Loss: 0.2149 Accuracy: 93.68%
    [35] Processed 0/900 batches (0.00%)
    [35] Processed 270/900 batches (30.00%)
    [35] Processed 540/900 batches (60.00%)
    [35] Processed 810/900 batches (90.00%)
[03:14:56] Epoch [36/150] Loss: 0.1915 Accuracy: 94.31%
    [36] Processed 0/900 batches (0.00%)
    [36] Processed 270/900 batches (30.00%)
    [36] Processed 540/900 batches (60.00%)
    [36] Processed 810/900 batches (90.00%)
[03:25:38] Epoch [37/150] Loss: 0.1868 Accuracy: 94.42%
    [37] Processed 0/900 batches (0.00%)
    [37] Processed 270/900 batches (30.00%)
    [37] Processed 540/900 batches (60.00%)
    [37] Processed 810/900 batches (90.00%)
[03:36:21] Epoch [38/150] Loss: 0.1677 Accuracy: 94.98%
    [38] Processed 0/900 batches (0.00%)
    [38] Processed 270/900 batches (30.00%)
    [38] Processed 540/900 batches (60.00%)
    [38] Processed 810/900 batches (90.00%)
[03:47:03] Epoch [39/150] Loss: 0.1806 Accuracy: 94.59%
    [39] Processed 0/900 batches (0.00%)
    [39] Processed 270/900 batches (30.00%)
    [39] Processed 540/900 batches (60.00%)
    [39] Processed 810/900 batches (90.00%)
[03:57:46] Epoch [40/150] Loss: 0.1613 Accuracy: 95.15%
    [40] Processed 0/900 batches (0.00%)
    [40] Processed 270/900 batches (30.00%)
    [40] Processed 540/900 batches (60.00%)
    [40] Processed 810/900 batches (90.00%)
Checkpoint 41 saved to /virtual/drosari3/models/unet-18000-256-20-crop-150-00001/unet-18000-256-20-crop-150-00001-checkpoint_epoch_41.pth
[04:08:29] Epoch [41/150] Loss: 0.1528 Accuracy: 95.40%
    [41] Processed 0/900 batches (0.00%)
    [41] Processed 270/900 batches (30.00%)
    [41] Processed 540/900 batches (60.00%)
    [41] Processed 810/900 batches (90.00%)
[04:19:13] Epoch [42/150] Loss: 0.1466 Accuracy: 95.54%
    [42] Processed 0/900 batches (0.00%)
    [42] Processed 270/900 batches (30.00%)
    [42] Processed 540/900 batches (60.00%)
    [42] Processed 810/900 batches (90.00%)
[04:29:55] Epoch [43/150] Loss: 0.1318 Accuracy: 95.97%
    [43] Processed 0/900 batches (0.00%)
    [43] Processed 270/900 batches (30.00%)
    [43] Processed 540/900 batches (60.00%)
    [43] Processed 810/900 batches (90.00%)
[04:40:39] Epoch [44/150] Loss: 0.1412 Accuracy: 95.69%
    [44] Processed 0/900 batches (0.00%)
    [44] Processed 270/900 batches (30.00%)
    [44] Processed 540/900 batches (60.00%)
    [44] Processed 810/900 batches (90.00%)
[04:51:21] Epoch [45/150] Loss: 0.1409 Accuracy: 95.70%
    [45] Processed 0/900 batches (0.00%)
    [45] Processed 270/900 batches (30.00%)
    [45] Processed 540/900 batches (60.00%)
    [45] Processed 810/900 batches (90.00%)
[05:02:03] Epoch [46/150] Loss: 0.1161 Accuracy: 96.41%
    [46] Processed 0/900 batches (0.00%)
    [46] Processed 270/900 batches (30.00%)
    [46] Processed 540/900 batches (60.00%)
    [46] Processed 810/900 batches (90.00%)
[05:12:46] Epoch [47/150] Loss: 0.1271 Accuracy: 96.07%
    [47] Processed 0/900 batches (0.00%)
    [47] Processed 270/900 batches (30.00%)
    [47] Processed 540/900 batches (60.00%)
    [47] Processed 810/900 batches (90.00%)
[05:23:28] Epoch [48/150] Loss: 0.1174 Accuracy: 96.34%
    [48] Processed 0/900 batches (0.00%)
    [48] Processed 270/900 batches (30.00%)
    [48] Processed 540/900 batches (60.00%)
    [48] Processed 810/900 batches (90.00%)
[05:34:10] Epoch [49/150] Loss: 0.1261 Accuracy: 96.10%
    [49] Processed 0/900 batches (0.00%)
    [49] Processed 270/900 batches (30.00%)
    [49] Processed 540/900 batches (60.00%)
    [49] Processed 810/900 batches (90.00%)
[05:44:53] Epoch [50/150] Loss: 0.0971 Accuracy: 96.92%
    [50] Processed 0/900 batches (0.00%)
    [50] Processed 270/900 batches (30.00%)
    [50] Processed 540/900 batches (60.00%)
    [50] Processed 810/900 batches (90.00%)
Checkpoint 51 saved to /virtual/drosari3/models/unet-18000-256-20-crop-150-00001/unet-18000-256-20-crop-150-00001-checkpoint_epoch_51.pth
[05:55:35] Epoch [51/150] Loss: 0.1112 Accuracy: 96.50%
    [51] Processed 0/900 batches (0.00%)
    [51] Processed 270/900 batches (30.00%)
    [51] Processed 540/900 batches (60.00%)
    [51] Processed 810/900 batches (90.00%)
[06:06:17] Epoch [52/150] Loss: 0.1153 Accuracy: 96.39%
    [52] Processed 0/900 batches (0.00%)
    [52] Processed 270/900 batches (30.00%)
    [52] Processed 540/900 batches (60.00%)
    [52] Processed 810/900 batches (90.00%)
[06:17:00] Epoch [53/150] Loss: 0.0943 Accuracy: 96.98%
    [53] Processed 0/900 batches (0.00%)
    [53] Processed 270/900 batches (30.00%)
    [53] Processed 540/900 batches (60.00%)
    [53] Processed 810/900 batches (90.00%)
[06:27:42] Epoch [54/150] Loss: 0.0924 Accuracy: 97.04%
    [54] Processed 0/900 batches (0.00%)
    [54] Processed 270/900 batches (30.00%)
    [54] Processed 540/900 batches (60.00%)
    [54] Processed 810/900 batches (90.00%)
[06:38:24] Epoch [55/150] Loss: 0.1065 Accuracy: 96.64%
    [55] Processed 0/900 batches (0.00%)
    [55] Processed 270/900 batches (30.00%)
    [55] Processed 540/900 batches (60.00%)
    [55] Processed 810/900 batches (90.00%)
[06:49:05] Epoch [56/150] Loss: 0.0889 Accuracy: 97.13%
    [56] Processed 0/900 batches (0.00%)
    [56] Processed 270/900 batches (30.00%)
    [56] Processed 540/900 batches (60.00%)
    [56] Processed 810/900 batches (90.00%)
[06:59:47] Epoch [57/150] Loss: 0.0810 Accuracy: 97.36%
    [57] Processed 0/900 batches (0.00%)
    [57] Processed 270/900 batches (30.00%)
    [57] Processed 540/900 batches (60.00%)
    [57] Processed 810/900 batches (90.00%)
[07:10:30] Epoch [58/150] Loss: 0.0977 Accuracy: 96.87%
    [58] Processed 0/900 batches (0.00%)
    [58] Processed 270/900 batches (30.00%)
    [58] Processed 540/900 batches (60.00%)
    [58] Processed 810/900 batches (90.00%)
[07:21:12] Epoch [59/150] Loss: 0.0807 Accuracy: 97.36%
    [59] Processed 0/900 batches (0.00%)
    [59] Processed 270/900 batches (30.00%)
    [59] Processed 540/900 batches (60.00%)
    [59] Processed 810/900 batches (90.00%)
[07:31:55] Epoch [60/150] Loss: 0.0780 Accuracy: 97.45%
    [60] Processed 0/900 batches (0.00%)
    [60] Processed 270/900 batches (30.00%)
    [60] Processed 540/900 batches (60.00%)
    [60] Processed 810/900 batches (90.00%)
Checkpoint 61 saved to /virtual/drosari3/models/unet-18000-256-20-crop-150-00001/unet-18000-256-20-crop-150-00001-checkpoint_epoch_61.pth
[07:42:38] Epoch [61/150] Loss: 0.1041 Accuracy: 96.67%
    [61] Processed 0/900 batches (0.00%)
    [61] Processed 270/900 batches (30.00%)
    [61] Processed 540/900 batches (60.00%)
    [61] Processed 810/900 batches (90.00%)
[07:53:19] Epoch [62/150] Loss: 0.0797 Accuracy: 97.39%
    [62] Processed 0/900 batches (0.00%)
    [62] Processed 270/900 batches (30.00%)
    [62] Processed 540/900 batches (60.00%)
    [62] Processed 810/900 batches (90.00%)
[08:04:00] Epoch [63/150] Loss: 0.0778 Accuracy: 97.44%
    [63] Processed 0/900 batches (0.00%)
    [63] Processed 270/900 batches (30.00%)
    [63] Processed 540/900 batches (60.00%)
    [63] Processed 810/900 batches (90.00%)
[08:14:42] Epoch [64/150] Loss: 0.0736 Accuracy: 97.56%
    [64] Processed 0/900 batches (0.00%)
    [64] Processed 270/900 batches (30.00%)
    [64] Processed 540/900 batches (60.00%)
    [64] Processed 810/900 batches (90.00%)
[08:25:23] Epoch [65/150] Loss: 0.0857 Accuracy: 97.21%
    [65] Processed 0/900 batches (0.00%)
    [65] Processed 270/900 batches (30.00%)
    [65] Processed 540/900 batches (60.00%)
    [65] Processed 810/900 batches (90.00%)
[08:36:06] Epoch [66/150] Loss: 0.0719 Accuracy: 97.62%
    [66] Processed 0/900 batches (0.00%)
    [66] Processed 270/900 batches (30.00%)
    [66] Processed 540/900 batches (60.00%)
    [66] Processed 810/900 batches (90.00%)
[08:46:48] Epoch [67/150] Loss: 0.0638 Accuracy: 97.85%
    [67] Processed 0/900 batches (0.00%)
    [67] Processed 270/900 batches (30.00%)
    [67] Processed 540/900 batches (60.00%)
    [67] Processed 810/900 batches (90.00%)
[08:57:30] Epoch [68/150] Loss: 0.0585 Accuracy: 98.00%
    [68] Processed 0/900 batches (0.00%)
    [68] Processed 270/900 batches (30.00%)
    [68] Processed 540/900 batches (60.00%)
    [68] Processed 810/900 batches (90.00%)
[09:08:12] Epoch [69/150] Loss: 0.0596 Accuracy: 97.97%
    [69] Processed 0/900 batches (0.00%)
    [69] Processed 270/900 batches (30.00%)
    [69] Processed 540/900 batches (60.00%)
    [69] Processed 810/900 batches (90.00%)
[09:18:55] Epoch [70/150] Loss: 0.0909 Accuracy: 97.04%
    [70] Processed 0/900 batches (0.00%)
    [70] Processed 270/900 batches (30.00%)
    [70] Processed 540/900 batches (60.00%)
    [70] Processed 810/900 batches (90.00%)
Checkpoint 71 saved to /virtual/drosari3/models/unet-18000-256-20-crop-150-00001/unet-18000-256-20-crop-150-00001-checkpoint_epoch_71.pth
[09:29:36] Epoch [71/150] Loss: 0.0672 Accuracy: 97.74%
    [71] Processed 0/900 batches (0.00%)
    [71] Processed 270/900 batches (30.00%)
    [71] Processed 540/900 batches (60.00%)
    [71] Processed 810/900 batches (90.00%)
[09:40:18] Epoch [72/150] Loss: 0.0600 Accuracy: 97.95%
    [72] Processed 0/900 batches (0.00%)
    [72] Processed 270/900 batches (30.00%)
    [72] Processed 540/900 batches (60.00%)
    [72] Processed 810/900 batches (90.00%)
[09:51:01] Epoch [73/150] Loss: 0.0586 Accuracy: 98.01%
    [73] Processed 0/900 batches (0.00%)
    [73] Processed 270/900 batches (30.00%)
    [73] Processed 540/900 batches (60.00%)
    [73] Processed 810/900 batches (90.00%)
[10:01:42] Epoch [74/150] Loss: 0.0772 Accuracy: 97.45%
    [74] Processed 0/900 batches (0.00%)
    [74] Processed 270/900 batches (30.00%)
    [74] Processed 540/900 batches (60.00%)
    [74] Processed 810/900 batches (90.00%)
[10:12:24] Epoch [75/150] Loss: 0.0686 Accuracy: 97.71%
    [75] Processed 0/900 batches (0.00%)
    [75] Processed 270/900 batches (30.00%)
