Training unet-2000-256-20-crop-25-00005...
epochs=25 lr=0.0005, error=<function cross_entropy at 0x7f3f853eba30>
    [0] Processed 0/100 batches (0.00%)
    [0] Processed 30/100 batches (30.00%)
    [0] Processed 60/100 batches (60.00%)
    [0] Processed 90/100 batches (90.00%)
Checkpoint 1 saved to /virtual/drosari3/models/unet-2000-256-20-crop-25-00005/unet-2000-256-20-crop-25-00005-checkpoint_epoch_1.pth
[14:13:39] Epoch [1/25] Loss: 2.1388 Accuracy: 50.12%
    [1] Processed 0/100 batches (0.00%)
    [1] Processed 30/100 batches (30.00%)
    [1] Processed 60/100 batches (60.00%)
    [1] Processed 90/100 batches (90.00%)
[14:19:29] Epoch [2/25] Loss: 1.7420 Accuracy: 54.17%
    [2] Processed 0/100 batches (0.00%)
    [2] Processed 30/100 batches (30.00%)
    [2] Processed 60/100 batches (60.00%)
    [2] Processed 90/100 batches (90.00%)
[14:24:55] Epoch [3/25] Loss: 1.6622 Accuracy: 57.00%
    [3] Processed 0/100 batches (0.00%)
    [3] Processed 30/100 batches (30.00%)
    [3] Processed 60/100 batches (60.00%)
    [3] Processed 90/100 batches (90.00%)
[14:30:24] Epoch [4/25] Loss: 1.6475 Accuracy: 57.94%
    [4] Processed 0/100 batches (0.00%)
    [4] Processed 30/100 batches (30.00%)
    [4] Processed 60/100 batches (60.00%)
    [4] Processed 90/100 batches (90.00%)
[14:35:56] Epoch [5/25] Loss: 1.5939 Accuracy: 58.67%
    [5] Processed 0/100 batches (0.00%)
    [5] Processed 30/100 batches (30.00%)
    [5] Processed 60/100 batches (60.00%)
    [5] Processed 90/100 batches (90.00%)
[14:41:24] Epoch [6/25] Loss: 1.5715 Accuracy: 59.05%
    [6] Processed 0/100 batches (0.00%)
    [6] Processed 30/100 batches (30.00%)
    [6] Processed 60/100 batches (60.00%)
    [6] Processed 90/100 batches (90.00%)
[14:46:52] Epoch [7/25] Loss: 1.5428 Accuracy: 59.38%
    [7] Processed 0/100 batches (0.00%)
    [7] Processed 30/100 batches (30.00%)
    [7] Processed 60/100 batches (60.00%)
    [7] Processed 90/100 batches (90.00%)
[14:52:21] Epoch [8/25] Loss: 1.5343 Accuracy: 59.43%
    [8] Processed 0/100 batches (0.00%)
    [8] Processed 30/100 batches (30.00%)
    [8] Processed 60/100 batches (60.00%)
    [8] Processed 90/100 batches (90.00%)
[14:57:49] Epoch [9/25] Loss: 1.5278 Accuracy: 59.71%
    [9] Processed 0/100 batches (0.00%)
    [9] Processed 30/100 batches (30.00%)
    [9] Processed 60/100 batches (60.00%)
    [9] Processed 90/100 batches (90.00%)
[15:03:17] Epoch [10/25] Loss: 1.5127 Accuracy: 59.83%
    [10] Processed 0/100 batches (0.00%)
    [10] Processed 30/100 batches (30.00%)
    [10] Processed 60/100 batches (60.00%)
    [10] Processed 90/100 batches (90.00%)
Checkpoint 11 saved to /virtual/drosari3/models/unet-2000-256-20-crop-25-00005/unet-2000-256-20-crop-25-00005-checkpoint_epoch_11.pth
[15:08:45] Epoch [11/25] Loss: 1.5057 Accuracy: 60.07%
    [11] Processed 0/100 batches (0.00%)
    [11] Processed 30/100 batches (30.00%)
    [11] Processed 60/100 batches (60.00%)
    [11] Processed 90/100 batches (90.00%)
[15:14:13] Epoch [12/25] Loss: 1.5057 Accuracy: 60.14%
    [12] Processed 0/100 batches (0.00%)
    [12] Processed 30/100 batches (30.00%)
    [12] Processed 60/100 batches (60.00%)
    [12] Processed 90/100 batches (90.00%)
[15:19:40] Epoch [13/25] Loss: 1.4864 Accuracy: 60.54%
    [13] Processed 0/100 batches (0.00%)
    [13] Processed 30/100 batches (30.00%)
    [13] Processed 60/100 batches (60.00%)
    [13] Processed 90/100 batches (90.00%)
[15:25:07] Epoch [14/25] Loss: 1.4856 Accuracy: 60.45%
    [14] Processed 0/100 batches (0.00%)
    [14] Processed 30/100 batches (30.00%)
    [14] Processed 60/100 batches (60.00%)
    [14] Processed 90/100 batches (90.00%)
[15:30:35] Epoch [15/25] Loss: 1.4580 Accuracy: 61.11%
    [15] Processed 0/100 batches (0.00%)
    [15] Processed 30/100 batches (30.00%)
    [15] Processed 60/100 batches (60.00%)
    [15] Processed 90/100 batches (90.00%)
[15:36:02] Epoch [16/25] Loss: 1.4587 Accuracy: 61.41%
    [16] Processed 0/100 batches (0.00%)
    [16] Processed 30/100 batches (30.00%)
    [16] Processed 60/100 batches (60.00%)
    [16] Processed 90/100 batches (90.00%)
[15:41:30] Epoch [17/25] Loss: 1.4328 Accuracy: 61.91%
    [17] Processed 0/100 batches (0.00%)
    [17] Processed 30/100 batches (30.00%)
    [17] Processed 60/100 batches (60.00%)
    [17] Processed 90/100 batches (90.00%)
[15:46:57] Epoch [18/25] Loss: 1.4206 Accuracy: 61.93%
    [18] Processed 0/100 batches (0.00%)
    [18] Processed 30/100 batches (30.00%)
    [18] Processed 60/100 batches (60.00%)
    [18] Processed 90/100 batches (90.00%)
[15:52:25] Epoch [19/25] Loss: 1.3963 Accuracy: 62.89%
    [19] Processed 0/100 batches (0.00%)
    [19] Processed 30/100 batches (30.00%)
    [19] Processed 60/100 batches (60.00%)
    [19] Processed 90/100 batches (90.00%)
[15:57:52] Epoch [20/25] Loss: 1.3932 Accuracy: 62.81%
    [20] Processed 0/100 batches (0.00%)
    [20] Processed 30/100 batches (30.00%)
    [20] Processed 60/100 batches (60.00%)
    [20] Processed 90/100 batches (90.00%)
Checkpoint 21 saved to /virtual/drosari3/models/unet-2000-256-20-crop-25-00005/unet-2000-256-20-crop-25-00005-checkpoint_epoch_21.pth
[16:03:22] Epoch [21/25] Loss: 1.3729 Accuracy: 63.65%
    [21] Processed 0/100 batches (0.00%)
    [21] Processed 30/100 batches (30.00%)
    [21] Processed 60/100 batches (60.00%)
    [21] Processed 90/100 batches (90.00%)
[16:08:49] Epoch [22/25] Loss: 1.3585 Accuracy: 63.77%
    [22] Processed 0/100 batches (0.00%)
    [22] Processed 30/100 batches (30.00%)
    [22] Processed 60/100 batches (60.00%)
    [22] Processed 90/100 batches (90.00%)
[16:14:17] Epoch [23/25] Loss: 1.3604 Accuracy: 63.88%
    [23] Processed 0/100 batches (0.00%)
    [23] Processed 30/100 batches (30.00%)
    [23] Processed 60/100 batches (60.00%)
    [23] Processed 90/100 batches (90.00%)
[16:19:44] Epoch [24/25] Loss: 1.3148 Accuracy: 65.33%
    [24] Processed 0/100 batches (0.00%)
    [24] Processed 30/100 batches (30.00%)
    [24] Processed 60/100 batches (60.00%)
    [24] Processed 90/100 batches (90.00%)
[16:25:12] Epoch [25/25] Loss: 1.3094 Accuracy: 65.25%
Evaluating /virtual/drosari3/models/unet-2000-256-20-crop-25-00005/unet-2000-256-20-crop-25-00005.pth...
Accuracies: [50.123365783691405, 54.17471160888672, 57.00226516723633, 57.9356803894043, 58.67451095581055, 59.04570007324219, 59.37881698608398, 59.43403091430664, 59.709746551513675, 59.828860473632815, 60.069271850585935, 60.13730926513672, 60.53843460083008, 60.44970703125, 61.10815200805664, 61.409244537353516, 61.913316345214845, 61.929527282714844, 62.88946533203125, 62.80534057617187, 63.64504699707031, 63.771200561523436, 63.88099060058594, 65.33471603393555, 65.24862976074219]
Losses: [2.1387786239385607, 1.7419666969776153, 1.6622394156455993, 1.6475001931190492, 1.5938530266284943, 1.5715043759346008, 1.5428318631649018, 1.5342695420980454, 1.5278210109472274, 1.5126671582460403, 1.50565567612648, 1.5057145601511002, 1.4864153718948365, 1.48555329144001, 1.4580186104774475, 1.458730737566948, 1.4328349173069, 1.4206184840202332, 1.3962583088874816, 1.3931932377815246, 1.3729389482736587, 1.3584923702478409, 1.3603829377889634, 1.3148328030109406, 1.3093870723247527]
Testing Image: 0/100
Testing Image: 5/100
Testing Image: 10/100
Testing Image: 15/100
Testing Image: 20/100
Testing Image: 25/100
Testing Image: 30/100
Testing Image: 35/100
Testing Image: 40/100
Testing Image: 45/100
Testing Image: 50/100
Testing Image: 55/100
Testing Image: 60/100
Testing Image: 65/100
Testing Image: 70/100
Testing Image: 75/100
Testing Image: 80/100
Testing Image: 85/100
Testing Image: 90/100
Testing Image: 95/100
Validation mIoU: 0.6136
