Opening config.ini...
MAX_IMAGES: 18000
BATCH_SIZE: 20
LEARNING_RATE: 0.0005
EPOCHS: 100
TRANSFORM: RandomCrop
IMAGE_DIMEN: 256
EVALUATION_IMAGES: ['_gcgraos355QHyu7iFMK1w', '_QDf_pTzs-sEyBubXqmqxA', '_wbVgGy7xrO_C_gsz-BCvA', 'FYoB0UGu40k9nKurB8pucw', '1pFw6qQwFQ__QdnYYB7YLA', '-C-x3xSPFIEjqbyVC5PRaQ', '_Uu1yfgmkbji9nkUT3Tikw', '_nDuQstcKZ714CoL0G5iZg']
CHECKPOINT_SAVE_INTERVAL: 10
MODEL_LOCATION: /virtual/drosari3/models/model-18000-RandomCrop-256-20-00005-100-wCE
MODEL_NAME: model-18000-RandomCrop-256-20-00005-100-wCE
Training model-18000-RandomCrop-256-20-00005-100-wCE...
epochs=100 lr=0.0005, error=<function cross_entropy at 0x7f612dbde170>
    [0] Processed 0/900 batches (0.00%)
    [0] Processed 270/900 batches (30.00%)
    [0] Processed 540/900 batches (60.00%)
    [0] Processed 810/900 batches (90.00%)
Checkpoint 1 saved to /virtual/drosari3/models/model-18000-RandomCrop-256-20-00005-100-wCE/checkpoints/checkpoint_epoch_1.pth
[20:54:40] Epoch [1/100] Loss: 3.2672 Accuracy: 49.45%
    [1] Processed 0/900 batches (0.00%)
    [1] Processed 270/900 batches (30.00%)
    [1] Processed 540/900 batches (60.00%)
    [1] Processed 810/900 batches (90.00%)
[21:14:39] Epoch [2/100] Loss: 3.0924 Accuracy: 54.43%
    [2] Processed 0/900 batches (0.00%)
    [2] Processed 270/900 batches (30.00%)
    [2] Processed 540/900 batches (60.00%)
    [2] Processed 810/900 batches (90.00%)
[21:34:59] Epoch [3/100] Loss: 3.0183 Accuracy: 55.22%
    [3] Processed 0/900 batches (0.00%)
    [3] Processed 270/900 batches (30.00%)
    [3] Processed 540/900 batches (60.00%)
    [3] Processed 810/900 batches (90.00%)
[21:54:59] Epoch [4/100] Loss: 2.9741 Accuracy: 55.97%
    [4] Processed 0/900 batches (0.00%)
    [4] Processed 270/900 batches (30.00%)
    [4] Processed 540/900 batches (60.00%)
    [4] Processed 810/900 batches (90.00%)
[22:14:59] Epoch [5/100] Loss: 2.9303 Accuracy: 56.66%
    [5] Processed 0/900 batches (0.00%)
    [5] Processed 270/900 batches (30.00%)
    [5] Processed 540/900 batches (60.00%)
    [5] Processed 810/900 batches (90.00%)
[22:35:02] Epoch [6/100] Loss: 2.9388 Accuracy: 56.24%
    [6] Processed 0/900 batches (0.00%)
    [6] Processed 270/900 batches (30.00%)
    [6] Processed 540/900 batches (60.00%)
    [6] Processed 810/900 batches (90.00%)
[22:55:13] Epoch [7/100] Loss: 2.8896 Accuracy: 56.58%
    [7] Processed 0/900 batches (0.00%)
    [7] Processed 270/900 batches (30.00%)
    [7] Processed 540/900 batches (60.00%)
    [7] Processed 810/900 batches (90.00%)
[23:15:13] Epoch [8/100] Loss: 2.9231 Accuracy: 56.64%
    [8] Processed 0/900 batches (0.00%)
    [8] Processed 270/900 batches (30.00%)
    [8] Processed 540/900 batches (60.00%)
    [8] Processed 810/900 batches (90.00%)
[23:35:06] Epoch [9/100] Loss: 2.8875 Accuracy: 57.09%
    [9] Processed 0/900 batches (0.00%)
    [9] Processed 270/900 batches (30.00%)
    [9] Processed 540/900 batches (60.00%)
    [9] Processed 810/900 batches (90.00%)
[23:55:11] Epoch [10/100] Loss: 2.8774 Accuracy: 56.87%
    [10] Processed 0/900 batches (0.00%)
    [10] Processed 270/900 batches (30.00%)
    [10] Processed 540/900 batches (60.00%)
    [10] Processed 810/900 batches (90.00%)
Checkpoint 11 saved to /virtual/drosari3/models/model-18000-RandomCrop-256-20-00005-100-wCE/checkpoints/checkpoint_epoch_11.pth
[00:15:11] Epoch [11/100] Loss: 2.8580 Accuracy: 57.61%
    [11] Processed 0/900 batches (0.00%)
    [11] Processed 270/900 batches (30.00%)
    [11] Processed 540/900 batches (60.00%)
    [11] Processed 810/900 batches (90.00%)
[00:35:11] Epoch [12/100] Loss: 2.8747 Accuracy: 56.93%
    [12] Processed 0/900 batches (0.00%)
    [12] Processed 270/900 batches (30.00%)
    [12] Processed 540/900 batches (60.00%)
    [12] Processed 810/900 batches (90.00%)
[00:55:18] Epoch [13/100] Loss: 2.8350 Accuracy: 58.02%
    [13] Processed 0/900 batches (0.00%)
    [13] Processed 270/900 batches (30.00%)
    [13] Processed 540/900 batches (60.00%)
    [13] Processed 810/900 batches (90.00%)
[01:17:58] Epoch [14/100] Loss: 2.8720 Accuracy: 57.47%
    [14] Processed 0/900 batches (0.00%)
    [14] Processed 270/900 batches (30.00%)
    [14] Processed 540/900 batches (60.00%)
    [14] Processed 810/900 batches (90.00%)
[01:39:14] Epoch [15/100] Loss: 2.8197 Accuracy: 57.90%
    [15] Processed 0/900 batches (0.00%)
    [15] Processed 270/900 batches (30.00%)
    [15] Processed 540/900 batches (60.00%)
    [15] Processed 810/900 batches (90.00%)
[02:00:43] Epoch [16/100] Loss: 2.8429 Accuracy: 57.99%
    [16] Processed 0/900 batches (0.00%)
    [16] Processed 270/900 batches (30.00%)
    [16] Processed 540/900 batches (60.00%)
    [16] Processed 810/900 batches (90.00%)
[02:23:01] Epoch [17/100] Loss: 2.8132 Accuracy: 57.42%
    [17] Processed 0/900 batches (0.00%)
    [17] Processed 270/900 batches (30.00%)
    [17] Processed 540/900 batches (60.00%)
    [17] Processed 810/900 batches (90.00%)
[02:44:26] Epoch [18/100] Loss: 2.8376 Accuracy: 57.90%
    [18] Processed 0/900 batches (0.00%)
    [18] Processed 270/900 batches (30.00%)
    [18] Processed 540/900 batches (60.00%)
    [18] Processed 810/900 batches (90.00%)
[03:07:08] Epoch [19/100] Loss: 2.8382 Accuracy: 58.06%
    [19] Processed 0/900 batches (0.00%)
    [19] Processed 270/900 batches (30.00%)
    [19] Processed 540/900 batches (60.00%)
    [19] Processed 810/900 batches (90.00%)
[03:27:20] Epoch [20/100] Loss: 2.8203 Accuracy: 57.76%
    [20] Processed 0/900 batches (0.00%)
    [20] Processed 270/900 batches (30.00%)
    [20] Processed 540/900 batches (60.00%)
    [20] Processed 810/900 batches (90.00%)
Checkpoint 21 saved to /virtual/drosari3/models/model-18000-RandomCrop-256-20-00005-100-wCE/checkpoints/checkpoint_epoch_21.pth
[03:49:25] Epoch [21/100] Loss: 2.8208 Accuracy: 58.53%
    [21] Processed 0/900 batches (0.00%)
    [21] Processed 270/900 batches (30.00%)
    [21] Processed 540/900 batches (60.00%)
    [21] Processed 810/900 batches (90.00%)
[04:11:00] Epoch [22/100] Loss: 2.8013 Accuracy: 57.73%
    [22] Processed 0/900 batches (0.00%)
    [22] Processed 270/900 batches (30.00%)
    [22] Processed 540/900 batches (60.00%)
    [22] Processed 810/900 batches (90.00%)
[04:32:21] Epoch [23/100] Loss: 2.8473 Accuracy: 58.49%
    [23] Processed 0/900 batches (0.00%)
    [23] Processed 270/900 batches (30.00%)
    [23] Processed 540/900 batches (60.00%)
    [23] Processed 810/900 batches (90.00%)
[04:54:36] Epoch [24/100] Loss: 2.7795 Accuracy: 58.46%
    [24] Processed 0/900 batches (0.00%)
    [24] Processed 270/900 batches (30.00%)
    [24] Processed 540/900 batches (60.00%)
    [24] Processed 810/900 batches (90.00%)
[05:17:21] Epoch [25/100] Loss: 2.7972 Accuracy: 58.19%
    [25] Processed 0/900 batches (0.00%)
    [25] Processed 270/900 batches (30.00%)
    [25] Processed 540/900 batches (60.00%)
    [25] Processed 810/900 batches (90.00%)
[05:39:18] Epoch [26/100] Loss: 2.7722 Accuracy: 58.69%
    [26] Processed 0/900 batches (0.00%)
    [26] Processed 270/900 batches (30.00%)
    [26] Processed 540/900 batches (60.00%)
    [26] Processed 810/900 batches (90.00%)
[05:59:37] Epoch [27/100] Loss: 2.8267 Accuracy: 58.39%
    [27] Processed 0/900 batches (0.00%)
    [27] Processed 270/900 batches (30.00%)
    [27] Processed 540/900 batches (60.00%)
    [27] Processed 810/900 batches (90.00%)
[06:24:23] Epoch [28/100] Loss: 2.8075 Accuracy: 57.97%
    [28] Processed 0/900 batches (0.00%)
    [28] Processed 270/900 batches (30.00%)
    [28] Processed 540/900 batches (60.00%)
    [28] Processed 810/900 batches (90.00%)
[06:47:31] Epoch [29/100] Loss: 2.7735 Accuracy: 58.31%
    [29] Processed 0/900 batches (0.00%)
    [29] Processed 270/900 batches (30.00%)
    [29] Processed 540/900 batches (60.00%)
    [29] Processed 810/900 batches (90.00%)
[07:09:40] Epoch [30/100] Loss: 2.8101 Accuracy: 57.85%
    [30] Processed 0/900 batches (0.00%)
    [30] Processed 270/900 batches (30.00%)
    [30] Processed 540/900 batches (60.00%)
    [30] Processed 810/900 batches (90.00%)
Checkpoint 31 saved to /virtual/drosari3/models/model-18000-RandomCrop-256-20-00005-100-wCE/checkpoints/checkpoint_epoch_31.pth
[07:30:06] Epoch [31/100] Loss: 2.7898 Accuracy: 58.35%
    [31] Processed 0/900 batches (0.00%)
    [31] Processed 270/900 batches (30.00%)
    [31] Processed 540/900 batches (60.00%)
    [31] Processed 810/900 batches (90.00%)
[07:51:47] Epoch [32/100] Loss: 2.7986 Accuracy: 58.21%
    [32] Processed 0/900 batches (0.00%)
    [32] Processed 270/900 batches (30.00%)
    [32] Processed 540/900 batches (60.00%)
    [32] Processed 810/900 batches (90.00%)
[08:12:02] Epoch [33/100] Loss: 2.7895 Accuracy: 58.60%
    [33] Processed 0/900 batches (0.00%)
    [33] Processed 270/900 batches (30.00%)
    [33] Processed 540/900 batches (60.00%)
    [33] Processed 810/900 batches (90.00%)
[08:34:43] Epoch [34/100] Loss: 2.7985 Accuracy: 58.39%
    [34] Processed 0/900 batches (0.00%)
    [34] Processed 270/900 batches (30.00%)
    [34] Processed 540/900 batches (60.00%)
    [34] Processed 810/900 batches (90.00%)
[08:56:39] Epoch [35/100] Loss: 2.7956 Accuracy: 58.23%
    [35] Processed 0/900 batches (0.00%)
    [35] Processed 270/900 batches (30.00%)
    [35] Processed 540/900 batches (60.00%)
    [35] Processed 810/900 batches (90.00%)
[09:20:44] Epoch [36/100] Loss: 2.7925 Accuracy: 58.51%
    [36] Processed 0/900 batches (0.00%)
    [36] Processed 270/900 batches (30.00%)
    [36] Processed 540/900 batches (60.00%)
    [36] Processed 810/900 batches (90.00%)
[09:43:07] Epoch [37/100] Loss: 2.7995 Accuracy: 58.58%
    [37] Processed 0/900 batches (0.00%)
    [37] Processed 270/900 batches (30.00%)
    [37] Processed 540/900 batches (60.00%)
    [37] Processed 810/900 batches (90.00%)
[10:05:07] Epoch [38/100] Loss: 2.7583 Accuracy: 58.57%
    [38] Processed 0/900 batches (0.00%)
    [38] Processed 270/900 batches (30.00%)
    [38] Processed 540/900 batches (60.00%)
    [38] Processed 810/900 batches (90.00%)
[10:29:03] Epoch [39/100] Loss: 2.7701 Accuracy: 58.71%
    [39] Processed 0/900 batches (0.00%)
    [39] Processed 270/900 batches (30.00%)
    [39] Processed 540/900 batches (60.00%)
    [39] Processed 810/900 batches (90.00%)
[10:52:04] Epoch [40/100] Loss: 2.7855 Accuracy: 58.36%
    [40] Processed 0/900 batches (0.00%)
    [40] Processed 270/900 batches (30.00%)
    [40] Processed 540/900 batches (60.00%)
    [40] Processed 810/900 batches (90.00%)
Checkpoint 41 saved to /virtual/drosari3/models/model-18000-RandomCrop-256-20-00005-100-wCE/checkpoints/checkpoint_epoch_41.pth
[11:14:09] Epoch [41/100] Loss: 2.7692 Accuracy: 58.53%
    [41] Processed 0/900 batches (0.00%)
    [41] Processed 270/900 batches (30.00%)
    [41] Processed 540/900 batches (60.00%)
    [41] Processed 810/900 batches (90.00%)
[11:37:45] Epoch [42/100] Loss: 2.7599 Accuracy: 58.86%
    [42] Processed 0/900 batches (0.00%)
    [42] Processed 270/900 batches (30.00%)
    [42] Processed 540/900 batches (60.00%)
    [42] Processed 810/900 batches (90.00%)
[12:03:15] Epoch [43/100] Loss: 2.7856 Accuracy: 58.78%
    [43] Processed 0/900 batches (0.00%)
    [43] Processed 270/900 batches (30.00%)
    [43] Processed 540/900 batches (60.00%)
    [43] Processed 810/900 batches (90.00%)
[12:27:14] Epoch [44/100] Loss: 2.7887 Accuracy: 58.76%
    [44] Processed 0/900 batches (0.00%)
    [44] Processed 270/900 batches (30.00%)
    [44] Processed 540/900 batches (60.00%)
    [44] Processed 810/900 batches (90.00%)
[12:50:44] Epoch [45/100] Loss: 2.7544 Accuracy: 59.19%
    [45] Processed 0/900 batches (0.00%)
    [45] Processed 270/900 batches (30.00%)
    [45] Processed 540/900 batches (60.00%)
    [45] Processed 810/900 batches (90.00%)
[13:12:38] Epoch [46/100] Loss: 2.8003 Accuracy: 57.99%
    [46] Processed 0/900 batches (0.00%)
    [46] Processed 270/900 batches (30.00%)
    [46] Processed 540/900 batches (60.00%)
    [46] Processed 810/900 batches (90.00%)
[13:34:54] Epoch [47/100] Loss: 2.7872 Accuracy: 58.70%
    [47] Processed 0/900 batches (0.00%)
    [47] Processed 270/900 batches (30.00%)
    [47] Processed 540/900 batches (60.00%)
    [47] Processed 810/900 batches (90.00%)
[13:56:59] Epoch [48/100] Loss: 2.7765 Accuracy: 58.98%
    [48] Processed 0/900 batches (0.00%)
    [48] Processed 270/900 batches (30.00%)
    [48] Processed 540/900 batches (60.00%)
    [48] Processed 810/900 batches (90.00%)
[14:18:35] Epoch [49/100] Loss: 2.7824 Accuracy: 58.37%
    [49] Processed 0/900 batches (0.00%)
    [49] Processed 270/900 batches (30.00%)
    [49] Processed 540/900 batches (60.00%)
    [49] Processed 810/900 batches (90.00%)
[14:39:26] Epoch [50/100] Loss: 2.7653 Accuracy: 58.40%
    [50] Processed 0/900 batches (0.00%)
    [50] Processed 270/900 batches (30.00%)
    [50] Processed 540/900 batches (60.00%)
    [50] Processed 810/900 batches (90.00%)
Checkpoint 51 saved to /virtual/drosari3/models/model-18000-RandomCrop-256-20-00005-100-wCE/checkpoints/checkpoint_epoch_51.pth
[15:01:42] Epoch [51/100] Loss: 2.8011 Accuracy: 58.39%
    [51] Processed 0/900 batches (0.00%)
    [51] Processed 270/900 batches (30.00%)
    [51] Processed 540/900 batches (60.00%)
    [51] Processed 810/900 batches (90.00%)
[15:23:50] Epoch [52/100] Loss: 2.7698 Accuracy: 58.24%
    [52] Processed 0/900 batches (0.00%)
    [52] Processed 270/900 batches (30.00%)
    [52] Processed 540/900 batches (60.00%)
    [52] Processed 810/900 batches (90.00%)
[15:46:41] Epoch [53/100] Loss: 2.7489 Accuracy: 58.54%
    [53] Processed 0/900 batches (0.00%)
    [53] Processed 270/900 batches (30.00%)
    [53] Processed 540/900 batches (60.00%)
    [53] Processed 810/900 batches (90.00%)
[16:08:46] Epoch [54/100] Loss: 2.7773 Accuracy: 58.77%
    [54] Processed 0/900 batches (0.00%)
    [54] Processed 270/900 batches (30.00%)
    [54] Processed 540/900 batches (60.00%)
    [54] Processed 810/900 batches (90.00%)
[16:31:58] Epoch [55/100] Loss: 2.7924 Accuracy: 58.59%
    [55] Processed 0/900 batches (0.00%)
    [55] Processed 270/900 batches (30.00%)
    [55] Processed 540/900 batches (60.00%)
    [55] Processed 810/900 batches (90.00%)
[16:56:57] Epoch [56/100] Loss: 2.7631 Accuracy: 58.82%
    [56] Processed 0/900 batches (0.00%)
    [56] Processed 270/900 batches (30.00%)
    [56] Processed 540/900 batches (60.00%)
    [56] Processed 810/900 batches (90.00%)
[17:19:09] Epoch [57/100] Loss: 2.7830 Accuracy: 59.19%
    [57] Processed 0/900 batches (0.00%)
    [57] Processed 270/900 batches (30.00%)
    [57] Processed 540/900 batches (60.00%)
    [57] Processed 810/900 batches (90.00%)
[17:41:07] Epoch [58/100] Loss: 2.7834 Accuracy: 58.78%
    [58] Processed 0/900 batches (0.00%)
    [58] Processed 270/900 batches (30.00%)
    [58] Processed 540/900 batches (60.00%)
    [58] Processed 810/900 batches (90.00%)
[18:03:29] Epoch [59/100] Loss: 2.7828 Accuracy: 58.55%
    [59] Processed 0/900 batches (0.00%)
    [59] Processed 270/900 batches (30.00%)
    [59] Processed 540/900 batches (60.00%)
    [59] Processed 810/900 batches (90.00%)
[18:26:29] Epoch [60/100] Loss: 2.7393 Accuracy: 59.22%
    [60] Processed 0/900 batches (0.00%)
    [60] Processed 270/900 batches (30.00%)
    [60] Processed 540/900 batches (60.00%)
    [60] Processed 810/900 batches (90.00%)
Checkpoint 61 saved to /virtual/drosari3/models/model-18000-RandomCrop-256-20-00005-100-wCE/checkpoints/checkpoint_epoch_61.pth
[18:51:13] Epoch [61/100] Loss: 2.7476 Accuracy: 58.71%
    [61] Processed 0/900 batches (0.00%)
    [61] Processed 270/900 batches (30.00%)
    [61] Processed 540/900 batches (60.00%)
    [61] Processed 810/900 batches (90.00%)
[19:16:17] Epoch [62/100] Loss: 2.7537 Accuracy: 59.16%
    [62] Processed 0/900 batches (0.00%)
    [62] Processed 270/900 batches (30.00%)
    [62] Processed 540/900 batches (60.00%)
    [62] Processed 810/900 batches (90.00%)
[19:42:05] Epoch [63/100] Loss: 2.7841 Accuracy: 58.43%
    [63] Processed 0/900 batches (0.00%)
    [63] Processed 270/900 batches (30.00%)
    [63] Processed 540/900 batches (60.00%)
    [63] Processed 810/900 batches (90.00%)
[20:08:08] Epoch [64/100] Loss: 2.7764 Accuracy: 58.69%
    [64] Processed 0/900 batches (0.00%)
    [64] Processed 270/900 batches (30.00%)
    [64] Processed 540/900 batches (60.00%)
    [64] Processed 810/900 batches (90.00%)
[20:33:45] Epoch [65/100] Loss: 2.7652 Accuracy: 59.04%
    [65] Processed 0/900 batches (0.00%)
    [65] Processed 270/900 batches (30.00%)
    [65] Processed 540/900 batches (60.00%)
    [65] Processed 810/900 batches (90.00%)
[20:58:12] Epoch [66/100] Loss: 2.7394 Accuracy: 59.26%
    [66] Processed 0/900 batches (0.00%)
    [66] Processed 270/900 batches (30.00%)
    [66] Processed 540/900 batches (60.00%)
    [66] Processed 810/900 batches (90.00%)
[21:22:53] Epoch [67/100] Loss: 2.7357 Accuracy: 59.15%
    [67] Processed 0/900 batches (0.00%)
    [67] Processed 270/900 batches (30.00%)
    [67] Processed 540/900 batches (60.00%)
    [67] Processed 810/900 batches (90.00%)
[21:47:51] Epoch [68/100] Loss: 2.7590 Accuracy: 58.87%
    [68] Processed 0/900 batches (0.00%)
    [68] Processed 270/900 batches (30.00%)
    [68] Processed 540/900 batches (60.00%)
    [68] Processed 810/900 batches (90.00%)
[22:12:00] Epoch [69/100] Loss: 2.7650 Accuracy: 59.27%
    [69] Processed 0/900 batches (0.00%)
    [69] Processed 270/900 batches (30.00%)
    [69] Processed 540/900 batches (60.00%)
    [69] Processed 810/900 batches (90.00%)
[22:36:36] Epoch [70/100] Loss: 2.7326 Accuracy: 59.36%
    [70] Processed 0/900 batches (0.00%)
    [70] Processed 270/900 batches (30.00%)
    [70] Processed 540/900 batches (60.00%)
    [70] Processed 810/900 batches (90.00%)
Checkpoint 71 saved to /virtual/drosari3/models/model-18000-RandomCrop-256-20-00005-100-wCE/checkpoints/checkpoint_epoch_71.pth
[23:01:10] Epoch [71/100] Loss: 2.7474 Accuracy: 58.80%
    [71] Processed 0/900 batches (0.00%)
    [71] Processed 270/900 batches (30.00%)
    [71] Processed 540/900 batches (60.00%)
    [71] Processed 810/900 batches (90.00%)
[23:33:43] Epoch [72/100] Loss: 2.7443 Accuracy: 58.35%
    [72] Processed 0/900 batches (0.00%)
    [72] Processed 270/900 batches (30.00%)
    [72] Processed 540/900 batches (60.00%)
    [72] Processed 810/900 batches (90.00%)
[23:58:05] Epoch [73/100] Loss: 2.7677 Accuracy: 58.80%
    [73] Processed 0/900 batches (0.00%)
    [73] Processed 270/900 batches (30.00%)
    [73] Processed 540/900 batches (60.00%)
    [73] Processed 810/900 batches (90.00%)
[00:23:21] Epoch [74/100] Loss: 2.7825 Accuracy: 58.48%
    [74] Processed 0/900 batches (0.00%)
    [74] Processed 270/900 batches (30.00%)
    [74] Processed 540/900 batches (60.00%)
    [74] Processed 810/900 batches (90.00%)
[00:49:09] Epoch [75/100] Loss: 2.7471 Accuracy: 58.93%
    [75] Processed 0/900 batches (0.00%)
    [75] Processed 270/900 batches (30.00%)
    [75] Processed 540/900 batches (60.00%)
    [75] Processed 810/900 batches (90.00%)
[01:14:31] Epoch [76/100] Loss: 2.7472 Accuracy: 58.92%
    [76] Processed 0/900 batches (0.00%)
    [76] Processed 270/900 batches (30.00%)
    [76] Processed 540/900 batches (60.00%)
    [76] Processed 810/900 batches (90.00%)
[01:39:58] Epoch [77/100] Loss: 2.7493 Accuracy: 58.63%
    [77] Processed 0/900 batches (0.00%)
    [77] Processed 270/900 batches (30.00%)
    [77] Processed 540/900 batches (60.00%)
    [77] Processed 810/900 batches (90.00%)
[02:08:02] Epoch [78/100] Loss: 2.8014 Accuracy: 58.24%
    [78] Processed 0/900 batches (0.00%)
    [78] Processed 270/900 batches (30.00%)
    [78] Processed 540/900 batches (60.00%)
    [78] Processed 810/900 batches (90.00%)
[02:42:20] Epoch [79/100] Loss: 2.7575 Accuracy: 58.73%
    [79] Processed 0/900 batches (0.00%)
    [79] Processed 270/900 batches (30.00%)
    [79] Processed 540/900 batches (60.00%)
    [79] Processed 810/900 batches (90.00%)
[03:11:42] Epoch [80/100] Loss: 2.7578 Accuracy: 59.02%
    [80] Processed 0/900 batches (0.00%)
    [80] Processed 270/900 batches (30.00%)
    [80] Processed 540/900 batches (60.00%)
    [80] Processed 810/900 batches (90.00%)
Checkpoint 81 saved to /virtual/drosari3/models/model-18000-RandomCrop-256-20-00005-100-wCE/checkpoints/checkpoint_epoch_81.pth
[03:52:07] Epoch [81/100] Loss: 2.7433 Accuracy: 59.33%
    [81] Processed 0/900 batches (0.00%)
    [81] Processed 270/900 batches (30.00%)
    [81] Processed 540/900 batches (60.00%)
    [81] Processed 810/900 batches (90.00%)
[04:28:39] Epoch [82/100] Loss: 2.7236 Accuracy: 59.28%
    [82] Processed 0/900 batches (0.00%)
    [82] Processed 270/900 batches (30.00%)
    [82] Processed 540/900 batches (60.00%)
    [82] Processed 810/900 batches (90.00%)
[05:03:28] Epoch [83/100] Loss: 2.7595 Accuracy: 59.27%
    [83] Processed 0/900 batches (0.00%)
    [83] Processed 270/900 batches (30.00%)
    [83] Processed 540/900 batches (60.00%)
    [83] Processed 810/900 batches (90.00%)
[05:30:51] Epoch [84/100] Loss: 2.7522 Accuracy: 58.80%
    [84] Processed 0/900 batches (0.00%)
    [84] Processed 270/900 batches (30.00%)
    [84] Processed 540/900 batches (60.00%)
    [84] Processed 810/900 batches (90.00%)
[06:00:28] Epoch [85/100] Loss: 2.7545 Accuracy: 58.74%
    [85] Processed 0/900 batches (0.00%)
    [85] Processed 270/900 batches (30.00%)
    [85] Processed 540/900 batches (60.00%)
    [85] Processed 810/900 batches (90.00%)
[06:32:45] Epoch [86/100] Loss: 2.7274 Accuracy: 58.94%
    [86] Processed 0/900 batches (0.00%)
    [86] Processed 270/900 batches (30.00%)
    [86] Processed 540/900 batches (60.00%)
    [86] Processed 810/900 batches (90.00%)
[07:05:43] Epoch [87/100] Loss: 2.7468 Accuracy: 58.98%
    [87] Processed 0/900 batches (0.00%)
    [87] Processed 270/900 batches (30.00%)
    [87] Processed 540/900 batches (60.00%)
    [87] Processed 810/900 batches (90.00%)
[07:36:54] Epoch [88/100] Loss: 2.7384 Accuracy: 58.90%
    [88] Processed 0/900 batches (0.00%)
    [88] Processed 270/900 batches (30.00%)
    [88] Processed 540/900 batches (60.00%)
    [88] Processed 810/900 batches (90.00%)
[08:09:31] Epoch [89/100] Loss: 2.7559 Accuracy: 58.78%
    [89] Processed 0/900 batches (0.00%)
    [89] Processed 270/900 batches (30.00%)
    [89] Processed 540/900 batches (60.00%)
    [89] Processed 810/900 batches (90.00%)
[08:42:06] Epoch [90/100] Loss: 2.7647 Accuracy: 58.70%
    [90] Processed 0/900 batches (0.00%)
    [90] Processed 270/900 batches (30.00%)
    [90] Processed 540/900 batches (60.00%)
    [90] Processed 810/900 batches (90.00%)
Checkpoint 91 saved to /virtual/drosari3/models/model-18000-RandomCrop-256-20-00005-100-wCE/checkpoints/checkpoint_epoch_91.pth
[09:16:11] Epoch [91/100] Loss: 2.7359 Accuracy: 59.03%
    [91] Processed 0/900 batches (0.00%)
    [91] Processed 270/900 batches (30.00%)
    [91] Processed 540/900 batches (60.00%)
    [91] Processed 810/900 batches (90.00%)
[09:44:05] Epoch [92/100] Loss: 2.7510 Accuracy: 58.66%
    [92] Processed 0/900 batches (0.00%)
    [92] Processed 270/900 batches (30.00%)
    [92] Processed 540/900 batches (60.00%)
    [92] Processed 810/900 batches (90.00%)
[10:12:49] Epoch [93/100] Loss: 2.7434 Accuracy: 58.79%
    [93] Processed 0/900 batches (0.00%)
    [93] Processed 270/900 batches (30.00%)
    [93] Processed 540/900 batches (60.00%)
    [93] Processed 810/900 batches (90.00%)
[10:49:43] Epoch [94/100] Loss: 2.7734 Accuracy: 58.90%
    [94] Processed 0/900 batches (0.00%)
    [94] Processed 270/900 batches (30.00%)
    [94] Processed 540/900 batches (60.00%)
    [94] Processed 810/900 batches (90.00%)
[11:24:00] Epoch [95/100] Loss: 2.7283 Accuracy: 58.95%
    [95] Processed 0/900 batches (0.00%)
    [95] Processed 270/900 batches (30.00%)
    [95] Processed 540/900 batches (60.00%)
    [95] Processed 810/900 batches (90.00%)
[11:58:54] Epoch [96/100] Loss: 2.7479 Accuracy: 59.35%
    [96] Processed 0/900 batches (0.00%)
    [96] Processed 270/900 batches (30.00%)
    [96] Processed 540/900 batches (60.00%)
    [96] Processed 810/900 batches (90.00%)
[12:39:33] Epoch [97/100] Loss: 2.7486 Accuracy: 59.01%
    [97] Processed 0/900 batches (0.00%)
    [97] Processed 270/900 batches (30.00%)
    [97] Processed 540/900 batches (60.00%)
    [97] Processed 810/900 batches (90.00%)
[13:09:17] Epoch [98/100] Loss: 2.7546 Accuracy: 58.62%
    [98] Processed 0/900 batches (0.00%)
    [98] Processed 270/900 batches (30.00%)
    [98] Processed 540/900 batches (60.00%)
    [98] Processed 810/900 batches (90.00%)
[13:38:00] Epoch [99/100] Loss: 2.7595 Accuracy: 58.55%
    [99] Processed 0/900 batches (0.00%)
    [99] Processed 270/900 batches (30.00%)
    [99] Processed 540/900 batches (60.00%)
    [99] Processed 810/900 batches (90.00%)
[14:12:53] Epoch [100/100] Loss: 2.7612 Accuracy: 58.76%
Testing Image: 0/1
Validation mIoU: 0.5685
Testing individual images...
Done
