Opening config.ini...
MAX_IMAGES: 18000
BATCH_SIZE: 20
LEARNING_RATE: 0.0001
EPOCHS: 100
TRANSFORM: LeftCrop
IMAGE_DIMEN: 256
EVALUATION_IMAGES: ['_gcgraos355QHyu7iFMK1w', '_QDf_pTzs-sEyBubXqmqxA', '_wbVgGy7xrO_C_gsz-BCvA', 'FYoB0UGu40k9nKurB8pucw', '1pFw6qQwFQ__QdnYYB7YLA', '-C-x3xSPFIEjqbyVC5PRaQ', '_Uu1yfgmkbji9nkUT3Tikw', '_nDuQstcKZ714CoL0G5iZg']
CHECKPOINT_SAVE_INTERVAL: 10
MODEL_LOCATION: /virtual/drosari3/models/model-18000-LeftCrop-256-20-00001-100-wCE
MODEL_NAME: model-18000-LeftCrop-256-20-00001-100-wCE
Training model-18000-LeftCrop-256-20-00001-100-wCE...
epochs=100 lr=0.0001, error=<function cross_entropy at 0x7f5b05fde170>
    [0] Processed 0/900 batches (0.00%)
    [0] Processed 270/900 batches (30.00%)
    [0] Processed 540/900 batches (60.00%)
    [0] Processed 810/900 batches (90.00%)
Checkpoint 1 saved to /virtual/drosari3/models/model-18000-LeftCrop-256-20-00001-100-wCE/checkpoints/checkpoint_epoch_1.pth
[21:08:36] Epoch [1/100] Loss: 1.9244 Accuracy: 97.27%
    [1] Processed 0/900 batches (0.00%)
    [1] Processed 270/900 batches (30.00%)
    [1] Processed 540/900 batches (60.00%)
    [1] Processed 810/900 batches (90.00%)
[21:39:42] Epoch [2/100] Loss: 0.0188 Accuracy: 99.54%
    [2] Processed 0/900 batches (0.00%)
    [2] Processed 270/900 batches (30.00%)
    [2] Processed 540/900 batches (60.00%)
    [2] Processed 810/900 batches (90.00%)
[22:13:50] Epoch [3/100] Loss: 0.0160 Accuracy: 99.60%
    [3] Processed 0/900 batches (0.00%)
    [3] Processed 270/900 batches (30.00%)
    [3] Processed 540/900 batches (60.00%)
    [3] Processed 810/900 batches (90.00%)
[22:49:09] Epoch [4/100] Loss: 0.0147 Accuracy: 99.66%
    [4] Processed 0/900 batches (0.00%)
    [4] Processed 270/900 batches (30.00%)
    [4] Processed 540/900 batches (60.00%)
    [4] Processed 810/900 batches (90.00%)
[23:22:57] Epoch [5/100] Loss: 0.0140 Accuracy: 99.64%
    [5] Processed 0/900 batches (0.00%)
    [5] Processed 270/900 batches (30.00%)
    [5] Processed 540/900 batches (60.00%)
    [5] Processed 810/900 batches (90.00%)
[23:56:59] Epoch [6/100] Loss: 0.1063 Accuracy: 99.67%
    [6] Processed 0/900 batches (0.00%)
    [6] Processed 270/900 batches (30.00%)
    [6] Processed 540/900 batches (60.00%)
    [6] Processed 810/900 batches (90.00%)
[00:26:54] Epoch [7/100] Loss: 0.0153 Accuracy: 99.55%
    [7] Processed 0/900 batches (0.00%)
    [7] Processed 270/900 batches (30.00%)
    [7] Processed 540/900 batches (60.00%)
    [7] Processed 810/900 batches (90.00%)
[00:58:41] Epoch [8/100] Loss: 0.0138 Accuracy: 99.58%
    [8] Processed 0/900 batches (0.00%)
    [8] Processed 270/900 batches (30.00%)
    [8] Processed 540/900 batches (60.00%)
    [8] Processed 810/900 batches (90.00%)
[01:31:09] Epoch [9/100] Loss: 0.0130 Accuracy: 99.59%
    [9] Processed 0/900 batches (0.00%)
    [9] Processed 270/900 batches (30.00%)
    [9] Processed 540/900 batches (60.00%)
    [9] Processed 810/900 batches (90.00%)
[02:03:18] Epoch [10/100] Loss: 0.0127 Accuracy: 99.59%
    [10] Processed 0/900 batches (0.00%)
    [10] Processed 270/900 batches (30.00%)
    [10] Processed 540/900 batches (60.00%)
    [10] Processed 810/900 batches (90.00%)
Checkpoint 11 saved to /virtual/drosari3/models/model-18000-LeftCrop-256-20-00001-100-wCE/checkpoints/checkpoint_epoch_11.pth
[02:36:58] Epoch [11/100] Loss: 0.0125 Accuracy: 99.60%
    [11] Processed 0/900 batches (0.00%)
    [11] Processed 270/900 batches (30.00%)
    [11] Processed 540/900 batches (60.00%)
    [11] Processed 810/900 batches (90.00%)
[03:08:36] Epoch [12/100] Loss: 0.0121 Accuracy: 99.63%
    [12] Processed 0/900 batches (0.00%)
    [12] Processed 270/900 batches (30.00%)
    [12] Processed 540/900 batches (60.00%)
    [12] Processed 810/900 batches (90.00%)
[03:40:06] Epoch [13/100] Loss: 0.0120 Accuracy: 99.65%
    [13] Processed 0/900 batches (0.00%)
    [13] Processed 270/900 batches (30.00%)
    [13] Processed 540/900 batches (60.00%)
    [13] Processed 810/900 batches (90.00%)
[04:12:12] Epoch [14/100] Loss: 0.0119 Accuracy: 99.66%
    [14] Processed 0/900 batches (0.00%)
    [14] Processed 270/900 batches (30.00%)
    [14] Processed 540/900 batches (60.00%)
    [14] Processed 810/900 batches (90.00%)
[04:42:44] Epoch [15/100] Loss: 8.3651 Accuracy: 99.34%
    [15] Processed 0/900 batches (0.00%)
    [15] Processed 270/900 batches (30.00%)
    [15] Processed 540/900 batches (60.00%)
    [15] Processed 810/900 batches (90.00%)
[05:12:50] Epoch [16/100] Loss: 0.0131 Accuracy: 99.58%
    [16] Processed 0/900 batches (0.00%)
    [16] Processed 270/900 batches (30.00%)
    [16] Processed 540/900 batches (60.00%)
    [16] Processed 810/900 batches (90.00%)
[05:44:20] Epoch [17/100] Loss: 0.0126 Accuracy: 99.71%
    [17] Processed 0/900 batches (0.00%)
    [17] Processed 270/900 batches (30.00%)
    [17] Processed 540/900 batches (60.00%)
    [17] Processed 810/900 batches (90.00%)
[06:16:18] Epoch [18/100] Loss: 0.0121 Accuracy: 99.59%
    [18] Processed 0/900 batches (0.00%)
    [18] Processed 270/900 batches (30.00%)
    [18] Processed 540/900 batches (60.00%)
    [18] Processed 810/900 batches (90.00%)
[06:49:38] Epoch [19/100] Loss: 0.0120 Accuracy: 99.60%
    [19] Processed 0/900 batches (0.00%)
    [19] Processed 270/900 batches (30.00%)
    [19] Processed 540/900 batches (60.00%)
    [19] Processed 810/900 batches (90.00%)
[07:20:28] Epoch [20/100] Loss: 0.0117 Accuracy: 99.61%
    [20] Processed 0/900 batches (0.00%)
    [20] Processed 270/900 batches (30.00%)
    [20] Processed 540/900 batches (60.00%)
    [20] Processed 810/900 batches (90.00%)
Checkpoint 21 saved to /virtual/drosari3/models/model-18000-LeftCrop-256-20-00001-100-wCE/checkpoints/checkpoint_epoch_21.pth
[07:50:32] Epoch [21/100] Loss: 0.0116 Accuracy: 99.63%
    [21] Processed 0/900 batches (0.00%)
    [21] Processed 270/900 batches (30.00%)
    [21] Processed 540/900 batches (60.00%)
    [21] Processed 810/900 batches (90.00%)
[08:21:26] Epoch [22/100] Loss: 0.0115 Accuracy: 99.64%
    [22] Processed 0/900 batches (0.00%)
    [22] Processed 270/900 batches (30.00%)
    [22] Processed 540/900 batches (60.00%)
    [22] Processed 810/900 batches (90.00%)
[08:52:12] Epoch [23/100] Loss: 0.0114 Accuracy: 99.63%
    [23] Processed 0/900 batches (0.00%)
    [23] Processed 270/900 batches (30.00%)
    [23] Processed 540/900 batches (60.00%)
    [23] Processed 810/900 batches (90.00%)
[09:21:51] Epoch [24/100] Loss: 0.0118 Accuracy: 99.66%
    [24] Processed 0/900 batches (0.00%)
    [24] Processed 270/900 batches (30.00%)
    [24] Processed 540/900 batches (60.00%)
    [24] Processed 810/900 batches (90.00%)
[09:52:36] Epoch [25/100] Loss: 0.0110 Accuracy: 99.66%
    [25] Processed 0/900 batches (0.00%)
    [25] Processed 270/900 batches (30.00%)
    [25] Processed 540/900 batches (60.00%)
    [25] Processed 810/900 batches (90.00%)
[10:21:53] Epoch [26/100] Loss: 0.0113 Accuracy: 99.64%
    [26] Processed 0/900 batches (0.00%)
    [26] Processed 270/900 batches (30.00%)
    [26] Processed 540/900 batches (60.00%)
    [26] Processed 810/900 batches (90.00%)
[10:54:27] Epoch [27/100] Loss: 0.0110 Accuracy: 99.62%
    [27] Processed 0/900 batches (0.00%)
    [27] Processed 270/900 batches (30.00%)
    [27] Processed 540/900 batches (60.00%)
    [27] Processed 810/900 batches (90.00%)
[11:24:58] Epoch [28/100] Loss: 0.0109 Accuracy: 99.66%
    [28] Processed 0/900 batches (0.00%)
    [28] Processed 270/900 batches (30.00%)
    [28] Processed 540/900 batches (60.00%)
    [28] Processed 810/900 batches (90.00%)
[11:56:55] Epoch [29/100] Loss: 0.0109 Accuracy: 99.66%
    [29] Processed 0/900 batches (0.00%)
    [29] Processed 270/900 batches (30.00%)
    [29] Processed 540/900 batches (60.00%)
    [29] Processed 810/900 batches (90.00%)
[12:31:42] Epoch [30/100] Loss: 0.0109 Accuracy: 99.62%
    [30] Processed 0/900 batches (0.00%)
    [30] Processed 270/900 batches (30.00%)
    [30] Processed 540/900 batches (60.00%)
    [30] Processed 810/900 batches (90.00%)
Checkpoint 31 saved to /virtual/drosari3/models/model-18000-LeftCrop-256-20-00001-100-wCE/checkpoints/checkpoint_epoch_31.pth
[13:04:04] Epoch [31/100] Loss: 0.0109 Accuracy: 99.62%
    [31] Processed 0/900 batches (0.00%)
    [31] Processed 270/900 batches (30.00%)
    [31] Processed 540/900 batches (60.00%)
    [31] Processed 810/900 batches (90.00%)
[13:38:00] Epoch [32/100] Loss: 0.0114 Accuracy: 99.66%
    [32] Processed 0/900 batches (0.00%)
    [32] Processed 270/900 batches (30.00%)
    [32] Processed 540/900 batches (60.00%)
    [32] Processed 810/900 batches (90.00%)
[14:12:45] Epoch [33/100] Loss: 0.0108 Accuracy: 99.63%
    [33] Processed 0/900 batches (0.00%)
    [33] Processed 270/900 batches (30.00%)
    [33] Processed 540/900 batches (60.00%)
    [33] Processed 810/900 batches (90.00%)
[14:44:53] Epoch [34/100] Loss: 0.0118 Accuracy: 99.61%
    [34] Processed 0/900 batches (0.00%)
    [34] Processed 270/900 batches (30.00%)
    [34] Processed 540/900 batches (60.00%)
    [34] Processed 810/900 batches (90.00%)
[15:16:41] Epoch [35/100] Loss: 0.0107 Accuracy: 99.62%
    [35] Processed 0/900 batches (0.00%)
    [35] Processed 270/900 batches (30.00%)
    [35] Processed 540/900 batches (60.00%)
    [35] Processed 810/900 batches (90.00%)
[15:51:18] Epoch [36/100] Loss: 0.0107 Accuracy: 99.66%
    [36] Processed 0/900 batches (0.00%)
    [36] Processed 270/900 batches (30.00%)
    [36] Processed 540/900 batches (60.00%)
    [36] Processed 810/900 batches (90.00%)
[16:23:17] Epoch [37/100] Loss: 0.0105 Accuracy: 99.65%
    [37] Processed 0/900 batches (0.00%)
    [37] Processed 270/900 batches (30.00%)
    [37] Processed 540/900 batches (60.00%)
    [37] Processed 810/900 batches (90.00%)
[16:55:58] Epoch [38/100] Loss: 0.1392 Accuracy: 99.50%
    [38] Processed 0/900 batches (0.00%)
    [38] Processed 270/900 batches (30.00%)
    [38] Processed 540/900 batches (60.00%)
    [38] Processed 810/900 batches (90.00%)
[17:29:23] Epoch [39/100] Loss: 0.0110 Accuracy: 99.65%
    [39] Processed 0/900 batches (0.00%)
    [39] Processed 270/900 batches (30.00%)
    [39] Processed 540/900 batches (60.00%)
    [39] Processed 810/900 batches (90.00%)
[18:03:58] Epoch [40/100] Loss: 0.0103 Accuracy: 99.67%
    [40] Processed 0/900 batches (0.00%)
    [40] Processed 270/900 batches (30.00%)
    [40] Processed 540/900 batches (60.00%)
    [40] Processed 810/900 batches (90.00%)
Checkpoint 41 saved to /virtual/drosari3/models/model-18000-LeftCrop-256-20-00001-100-wCE/checkpoints/checkpoint_epoch_41.pth
[18:38:01] Epoch [41/100] Loss: 0.0103 Accuracy: 99.69%
    [41] Processed 0/900 batches (0.00%)
    [41] Processed 270/900 batches (30.00%)
    [41] Processed 540/900 batches (60.00%)
    [41] Processed 810/900 batches (90.00%)
[19:10:48] Epoch [42/100] Loss: 0.0103 Accuracy: 99.67%
    [42] Processed 0/900 batches (0.00%)
    [42] Processed 270/900 batches (30.00%)
    [42] Processed 540/900 batches (60.00%)
    [42] Processed 810/900 batches (90.00%)
[19:45:12] Epoch [43/100] Loss: 0.0277 Accuracy: 99.65%
    [43] Processed 0/900 batches (0.00%)
    [43] Processed 270/900 batches (30.00%)
    [43] Processed 540/900 batches (60.00%)
    [43] Processed 810/900 batches (90.00%)
[20:21:20] Epoch [44/100] Loss: 0.1696 Accuracy: 99.63%
    [44] Processed 0/900 batches (0.00%)
    [44] Processed 270/900 batches (30.00%)
    [44] Processed 540/900 batches (60.00%)
    [44] Processed 810/900 batches (90.00%)
[20:57:11] Epoch [45/100] Loss: 0.0118 Accuracy: 99.70%
    [45] Processed 0/900 batches (0.00%)
    [45] Processed 270/900 batches (30.00%)
    [45] Processed 540/900 batches (60.00%)
    [45] Processed 810/900 batches (90.00%)
[21:31:34] Epoch [46/100] Loss: 0.0110 Accuracy: 99.70%
    [46] Processed 0/900 batches (0.00%)
    [46] Processed 270/900 batches (30.00%)
    [46] Processed 540/900 batches (60.00%)
    [46] Processed 810/900 batches (90.00%)
[22:03:28] Epoch [47/100] Loss: 0.0113 Accuracy: 99.69%
    [47] Processed 0/900 batches (0.00%)
    [47] Processed 270/900 batches (30.00%)
    [47] Processed 540/900 batches (60.00%)
    [47] Processed 810/900 batches (90.00%)
[22:38:03] Epoch [48/100] Loss: 0.0107 Accuracy: 99.71%
    [48] Processed 0/900 batches (0.00%)
    [48] Processed 270/900 batches (30.00%)
    [48] Processed 540/900 batches (60.00%)
    [48] Processed 810/900 batches (90.00%)
[23:12:57] Epoch [49/100] Loss: 0.0105 Accuracy: 99.68%
    [49] Processed 0/900 batches (0.00%)
    [49] Processed 270/900 batches (30.00%)
    [49] Processed 540/900 batches (60.00%)
    [49] Processed 810/900 batches (90.00%)
[23:46:01] Epoch [50/100] Loss: 0.0105 Accuracy: 99.67%
    [50] Processed 0/900 batches (0.00%)
    [50] Processed 270/900 batches (30.00%)
    [50] Processed 540/900 batches (60.00%)
    [50] Processed 810/900 batches (90.00%)
Checkpoint 51 saved to /virtual/drosari3/models/model-18000-LeftCrop-256-20-00001-100-wCE/checkpoints/checkpoint_epoch_51.pth
[00:19:43] Epoch [51/100] Loss: 0.0139 Accuracy: 99.69%
    [51] Processed 0/900 batches (0.00%)
    [51] Processed 270/900 batches (30.00%)
    [51] Processed 540/900 batches (60.00%)
    [51] Processed 810/900 batches (90.00%)
[00:57:51] Epoch [52/100] Loss: 0.0104 Accuracy: 99.71%
    [52] Processed 0/900 batches (0.00%)
    [52] Processed 270/900 batches (30.00%)
    [52] Processed 540/900 batches (60.00%)
    [52] Processed 810/900 batches (90.00%)
[01:32:26] Epoch [53/100] Loss: 0.0099 Accuracy: 99.70%
    [53] Processed 0/900 batches (0.00%)
    [53] Processed 270/900 batches (30.00%)
    [53] Processed 540/900 batches (60.00%)
    [53] Processed 810/900 batches (90.00%)
[02:07:10] Epoch [54/100] Loss: 0.0102 Accuracy: 99.70%
    [54] Processed 0/900 batches (0.00%)
    [54] Processed 270/900 batches (30.00%)
    [54] Processed 540/900 batches (60.00%)
    [54] Processed 810/900 batches (90.00%)
[02:42:13] Epoch [55/100] Loss: 0.0102 Accuracy: 99.67%
    [55] Processed 0/900 batches (0.00%)
    [55] Processed 270/900 batches (30.00%)
    [55] Processed 540/900 batches (60.00%)
    [55] Processed 810/900 batches (90.00%)
[03:17:02] Epoch [56/100] Loss: 0.0100 Accuracy: 99.71%
    [56] Processed 0/900 batches (0.00%)
    [56] Processed 270/900 batches (30.00%)
    [56] Processed 540/900 batches (60.00%)
    [56] Processed 810/900 batches (90.00%)
[03:49:24] Epoch [57/100] Loss: 0.0100 Accuracy: 99.68%
    [57] Processed 0/900 batches (0.00%)
    [57] Processed 270/900 batches (30.00%)
    [57] Processed 540/900 batches (60.00%)
    [57] Processed 810/900 batches (90.00%)
[04:22:38] Epoch [58/100] Loss: 0.0100 Accuracy: 99.69%
    [58] Processed 0/900 batches (0.00%)
    [58] Processed 270/900 batches (30.00%)
    [58] Processed 540/900 batches (60.00%)
    [58] Processed 810/900 batches (90.00%)
[04:55:18] Epoch [59/100] Loss: 0.0098 Accuracy: 99.67%
    [59] Processed 0/900 batches (0.00%)
    [59] Processed 270/900 batches (30.00%)
    [59] Processed 540/900 batches (60.00%)
    [59] Processed 810/900 batches (90.00%)
[05:26:35] Epoch [60/100] Loss: 0.0097 Accuracy: 99.70%
    [60] Processed 0/900 batches (0.00%)
    [60] Processed 270/900 batches (30.00%)
    [60] Processed 540/900 batches (60.00%)
    [60] Processed 810/900 batches (90.00%)
Checkpoint 61 saved to /virtual/drosari3/models/model-18000-LeftCrop-256-20-00001-100-wCE/checkpoints/checkpoint_epoch_61.pth
[06:03:19] Epoch [61/100] Loss: 0.0096 Accuracy: 99.69%
    [61] Processed 0/900 batches (0.00%)
    [61] Processed 270/900 batches (30.00%)
    [61] Processed 540/900 batches (60.00%)
    [61] Processed 810/900 batches (90.00%)
[06:38:29] Epoch [62/100] Loss: 0.0096 Accuracy: 99.68%
    [62] Processed 0/900 batches (0.00%)
    [62] Processed 270/900 batches (30.00%)
    [62] Processed 540/900 batches (60.00%)
    [62] Processed 810/900 batches (90.00%)
[07:13:17] Epoch [63/100] Loss: 0.0096 Accuracy: 99.66%
    [63] Processed 0/900 batches (0.00%)
    [63] Processed 270/900 batches (30.00%)
    [63] Processed 540/900 batches (60.00%)
    [63] Processed 810/900 batches (90.00%)
[07:44:31] Epoch [64/100] Loss: 0.0099 Accuracy: 99.71%
    [64] Processed 0/900 batches (0.00%)
    [64] Processed 270/900 batches (30.00%)
    [64] Processed 540/900 batches (60.00%)
    [64] Processed 810/900 batches (90.00%)
[08:17:27] Epoch [65/100] Loss: 0.0101 Accuracy: 99.66%
    [65] Processed 0/900 batches (0.00%)
    [65] Processed 270/900 batches (30.00%)
    [65] Processed 540/900 batches (60.00%)
    [65] Processed 810/900 batches (90.00%)
[08:47:57] Epoch [66/100] Loss: 0.0096 Accuracy: 99.67%
    [66] Processed 0/900 batches (0.00%)
    [66] Processed 270/900 batches (30.00%)
    [66] Processed 540/900 batches (60.00%)
    [66] Processed 810/900 batches (90.00%)
[09:22:20] Epoch [67/100] Loss: 0.0093 Accuracy: 99.68%
    [67] Processed 0/900 batches (0.00%)
    [67] Processed 270/900 batches (30.00%)
    [67] Processed 540/900 batches (60.00%)
    [67] Processed 810/900 batches (90.00%)
[09:56:08] Epoch [68/100] Loss: 0.0092 Accuracy: 99.67%
    [68] Processed 0/900 batches (0.00%)
    [68] Processed 270/900 batches (30.00%)
    [68] Processed 540/900 batches (60.00%)
    [68] Processed 810/900 batches (90.00%)
[10:31:55] Epoch [69/100] Loss: 0.0091 Accuracy: 99.71%
    [69] Processed 0/900 batches (0.00%)
    [69] Processed 270/900 batches (30.00%)
    [69] Processed 540/900 batches (60.00%)
    [69] Processed 810/900 batches (90.00%)
[11:07:07] Epoch [70/100] Loss: 0.0092 Accuracy: 99.70%
    [70] Processed 0/900 batches (0.00%)
    [70] Processed 270/900 batches (30.00%)
    [70] Processed 540/900 batches (60.00%)
    [70] Processed 810/900 batches (90.00%)
Checkpoint 71 saved to /virtual/drosari3/models/model-18000-LeftCrop-256-20-00001-100-wCE/checkpoints/checkpoint_epoch_71.pth
[11:42:18] Epoch [71/100] Loss: 0.0093 Accuracy: 99.69%
    [71] Processed 0/900 batches (0.00%)
    [71] Processed 270/900 batches (30.00%)
    [71] Processed 540/900 batches (60.00%)
    [71] Processed 810/900 batches (90.00%)
[12:15:59] Epoch [72/100] Loss: 0.0091 Accuracy: 99.70%
    [72] Processed 0/900 batches (0.00%)
    [72] Processed 270/900 batches (30.00%)
    [72] Processed 540/900 batches (60.00%)
    [72] Processed 810/900 batches (90.00%)
[12:47:29] Epoch [73/100] Loss: 0.0092 Accuracy: 99.66%
    [73] Processed 0/900 batches (0.00%)
    [73] Processed 270/900 batches (30.00%)
    [73] Processed 540/900 batches (60.00%)
    [73] Processed 810/900 batches (90.00%)
[13:26:31] Epoch [74/100] Loss: 0.0136 Accuracy: 99.55%
    [74] Processed 0/900 batches (0.00%)
    [74] Processed 270/900 batches (30.00%)
    [74] Processed 540/900 batches (60.00%)
    [74] Processed 810/900 batches (90.00%)
[14:01:54] Epoch [75/100] Loss: 0.0089 Accuracy: 99.71%
    [75] Processed 0/900 batches (0.00%)
    [75] Processed 270/900 batches (30.00%)
    [75] Processed 540/900 batches (60.00%)
    [75] Processed 810/900 batches (90.00%)
[14:35:43] Epoch [76/100] Loss: 0.0087 Accuracy: 99.72%
    [76] Processed 0/900 batches (0.00%)
    [76] Processed 270/900 batches (30.00%)
    [76] Processed 540/900 batches (60.00%)
    [76] Processed 810/900 batches (90.00%)
[15:08:58] Epoch [77/100] Loss: 0.0090 Accuracy: 99.70%
    [77] Processed 0/900 batches (0.00%)
    [77] Processed 270/900 batches (30.00%)
    [77] Processed 540/900 batches (60.00%)
    [77] Processed 810/900 batches (90.00%)
[15:44:10] Epoch [78/100] Loss: 0.0089 Accuracy: 99.70%
    [78] Processed 0/900 batches (0.00%)
    [78] Processed 270/900 batches (30.00%)
    [78] Processed 540/900 batches (60.00%)
    [78] Processed 810/900 batches (90.00%)
[16:19:15] Epoch [79/100] Loss: 0.0097 Accuracy: 99.72%
    [79] Processed 0/900 batches (0.00%)
    [79] Processed 270/900 batches (30.00%)
    [79] Processed 540/900 batches (60.00%)
    [79] Processed 810/900 batches (90.00%)
[16:52:09] Epoch [80/100] Loss: 0.0087 Accuracy: 99.69%
    [80] Processed 0/900 batches (0.00%)
    [80] Processed 270/900 batches (30.00%)
    [80] Processed 540/900 batches (60.00%)
    [80] Processed 810/900 batches (90.00%)
Checkpoint 81 saved to /virtual/drosari3/models/model-18000-LeftCrop-256-20-00001-100-wCE/checkpoints/checkpoint_epoch_81.pth
[17:26:41] Epoch [81/100] Loss: 0.0086 Accuracy: 99.70%
    [81] Processed 0/900 batches (0.00%)
    [81] Processed 270/900 batches (30.00%)
    [81] Processed 540/900 batches (60.00%)
    [81] Processed 810/900 batches (90.00%)
[17:58:07] Epoch [82/100] Loss: 0.0088 Accuracy: 99.70%
    [82] Processed 0/900 batches (0.00%)
    [82] Processed 270/900 batches (30.00%)
    [82] Processed 540/900 batches (60.00%)
    [82] Processed 810/900 batches (90.00%)
[18:31:50] Epoch [83/100] Loss: 0.0087 Accuracy: 99.70%
    [83] Processed 0/900 batches (0.00%)
    [83] Processed 270/900 batches (30.00%)
    [83] Processed 540/900 batches (60.00%)
    [83] Processed 810/900 batches (90.00%)
[19:05:28] Epoch [84/100] Loss: 0.0088 Accuracy: 99.70%
    [84] Processed 0/900 batches (0.00%)
    [84] Processed 270/900 batches (30.00%)
    [84] Processed 540/900 batches (60.00%)
    [84] Processed 810/900 batches (90.00%)
[19:38:04] Epoch [85/100] Loss: 0.0089 Accuracy: 99.72%
    [85] Processed 0/900 batches (0.00%)
    [85] Processed 270/900 batches (30.00%)
    [85] Processed 540/900 batches (60.00%)
    [85] Processed 810/900 batches (90.00%)
[20:11:25] Epoch [86/100] Loss: 0.0087 Accuracy: 99.71%
    [86] Processed 0/900 batches (0.00%)
    [86] Processed 270/900 batches (30.00%)
    [86] Processed 540/900 batches (60.00%)
    [86] Processed 810/900 batches (90.00%)
[20:43:08] Epoch [87/100] Loss: 0.0086 Accuracy: 99.70%
    [87] Processed 0/900 batches (0.00%)
    [87] Processed 270/900 batches (30.00%)
    [87] Processed 540/900 batches (60.00%)
    [87] Processed 810/900 batches (90.00%)
[21:18:20] Epoch [88/100] Loss: 0.0088 Accuracy: 99.69%
    [88] Processed 0/900 batches (0.00%)
    [88] Processed 270/900 batches (30.00%)
    [88] Processed 540/900 batches (60.00%)
    [88] Processed 810/900 batches (90.00%)
[21:51:39] Epoch [89/100] Loss: 0.0086 Accuracy: 99.70%
    [89] Processed 0/900 batches (0.00%)
    [89] Processed 270/900 batches (30.00%)
    [89] Processed 540/900 batches (60.00%)
    [89] Processed 810/900 batches (90.00%)
[22:24:57] Epoch [90/100] Loss: 0.0087 Accuracy: 99.70%
    [90] Processed 0/900 batches (0.00%)
    [90] Processed 270/900 batches (30.00%)
    [90] Processed 540/900 batches (60.00%)
    [90] Processed 810/900 batches (90.00%)
Checkpoint 91 saved to /virtual/drosari3/models/model-18000-LeftCrop-256-20-00001-100-wCE/checkpoints/checkpoint_epoch_91.pth
[22:58:06] Epoch [91/100] Loss: 0.0084 Accuracy: 99.70%
    [91] Processed 0/900 batches (0.00%)
    [91] Processed 270/900 batches (30.00%)
    [91] Processed 540/900 batches (60.00%)
    [91] Processed 810/900 batches (90.00%)
[23:33:41] Epoch [92/100] Loss: 0.0089 Accuracy: 99.72%
    [92] Processed 0/900 batches (0.00%)
    [92] Processed 270/900 batches (30.00%)
    [92] Processed 540/900 batches (60.00%)
    [92] Processed 810/900 batches (90.00%)
[00:06:48] Epoch [93/100] Loss: 0.0082 Accuracy: 99.69%
    [93] Processed 0/900 batches (0.00%)
    [93] Processed 270/900 batches (30.00%)
    [93] Processed 540/900 batches (60.00%)
    [93] Processed 810/900 batches (90.00%)
[00:42:04] Epoch [94/100] Loss: 0.0091 Accuracy: 99.73%
    [94] Processed 0/900 batches (0.00%)
    [94] Processed 270/900 batches (30.00%)
    [94] Processed 540/900 batches (60.00%)
    [94] Processed 810/900 batches (90.00%)
[01:14:23] Epoch [95/100] Loss: 0.0085 Accuracy: 99.69%
    [95] Processed 0/900 batches (0.00%)
    [95] Processed 270/900 batches (30.00%)
    [95] Processed 540/900 batches (60.00%)
    [95] Processed 810/900 batches (90.00%)
[01:49:10] Epoch [96/100] Loss: 0.0082 Accuracy: 99.69%
    [96] Processed 0/900 batches (0.00%)
    [96] Processed 270/900 batches (30.00%)
    [96] Processed 540/900 batches (60.00%)
    [96] Processed 810/900 batches (90.00%)
[02:22:12] Epoch [97/100] Loss: 0.0081 Accuracy: 99.72%
    [97] Processed 0/900 batches (0.00%)
    [97] Processed 270/900 batches (30.00%)
    [97] Processed 540/900 batches (60.00%)
    [97] Processed 810/900 batches (90.00%)
[02:57:03] Epoch [98/100] Loss: 0.0085 Accuracy: 99.70%
    [98] Processed 0/900 batches (0.00%)
    [98] Processed 270/900 batches (30.00%)
    [98] Processed 540/900 batches (60.00%)
    [98] Processed 810/900 batches (90.00%)
[03:30:17] Epoch [99/100] Loss: 0.0082 Accuracy: 99.71%
    [99] Processed 0/900 batches (0.00%)
    [99] Processed 270/900 batches (30.00%)
    [99] Processed 540/900 batches (60.00%)
    [99] Processed 810/900 batches (90.00%)
[04:04:33] Epoch [100/100] Loss: 0.0080 Accuracy: 99.69%
Testing Image: 0/1
Validation mIoU: 1.0000
Testing individual images...
Done
