Training unet-18000-256-20-crop-150-000025...
epochs=150 lr=0.00025, error=<function cross_entropy at 0x7ff1339fb9a0>
    [0] Processed 0/900 batches (0.00%)
    [0] Processed 270/900 batches (30.00%)
    [0] Processed 540/900 batches (60.00%)
    [0] Processed 810/900 batches (90.00%)
Checkpoint 1 saved to /virtual/drosari3/models/unet-18000-256-20-crop-150-000025/unet-18000-256-20-crop-150-000025-checkpoint_epoch_1.pth
[12:46:24] Epoch [1/150] Loss: 1.6812 Accuracy: 58.28%
    [1] Processed 0/900 batches (0.00%)
    [1] Processed 270/900 batches (30.00%)
    [1] Processed 540/900 batches (60.00%)
    [1] Processed 810/900 batches (90.00%)
[12:57:10] Epoch [2/150] Loss: 1.4327 Accuracy: 62.81%
    [2] Processed 0/900 batches (0.00%)
    [2] Processed 270/900 batches (30.00%)
    [2] Processed 540/900 batches (60.00%)
    [2] Processed 810/900 batches (90.00%)
[13:07:56] Epoch [3/150] Loss: 1.2887 Accuracy: 67.02%
    [3] Processed 0/900 batches (0.00%)
    [3] Processed 270/900 batches (30.00%)
    [3] Processed 540/900 batches (60.00%)
    [3] Processed 810/900 batches (90.00%)
[13:18:41] Epoch [4/150] Loss: 1.1645 Accuracy: 70.75%
    [4] Processed 0/900 batches (0.00%)
    [4] Processed 270/900 batches (30.00%)
    [4] Processed 540/900 batches (60.00%)
    [4] Processed 810/900 batches (90.00%)
[13:29:26] Epoch [5/150] Loss: 1.0836 Accuracy: 72.78%
    [5] Processed 0/900 batches (0.00%)
    [5] Processed 270/900 batches (30.00%)
    [5] Processed 540/900 batches (60.00%)
    [5] Processed 810/900 batches (90.00%)
[13:40:11] Epoch [6/150] Loss: 1.0268 Accuracy: 74.01%
    [6] Processed 0/900 batches (0.00%)
    [6] Processed 270/900 batches (30.00%)
    [6] Processed 540/900 batches (60.00%)
    [6] Processed 810/900 batches (90.00%)
[13:50:55] Epoch [7/150] Loss: 0.9848 Accuracy: 74.99%
    [7] Processed 0/900 batches (0.00%)
    [7] Processed 270/900 batches (30.00%)
    [7] Processed 540/900 batches (60.00%)
    [7] Processed 810/900 batches (90.00%)
[14:01:40] Epoch [8/150] Loss: 0.9490 Accuracy: 75.70%
    [8] Processed 0/900 batches (0.00%)
    [8] Processed 270/900 batches (30.00%)
    [8] Processed 540/900 batches (60.00%)
    [8] Processed 810/900 batches (90.00%)
[14:12:24] Epoch [9/150] Loss: 0.9143 Accuracy: 76.42%
    [9] Processed 0/900 batches (0.00%)
    [9] Processed 270/900 batches (30.00%)
    [9] Processed 540/900 batches (60.00%)
    [9] Processed 810/900 batches (90.00%)
[14:23:09] Epoch [10/150] Loss: 0.8888 Accuracy: 76.96%
    [10] Processed 0/900 batches (0.00%)
    [10] Processed 270/900 batches (30.00%)
    [10] Processed 540/900 batches (60.00%)
    [10] Processed 810/900 batches (90.00%)
Checkpoint 11 saved to /virtual/drosari3/models/unet-18000-256-20-crop-150-000025/unet-18000-256-20-crop-150-000025-checkpoint_epoch_11.pth
[14:33:54] Epoch [11/150] Loss: 0.8585 Accuracy: 77.56%
    [11] Processed 0/900 batches (0.00%)
    [11] Processed 270/900 batches (30.00%)
    [11] Processed 540/900 batches (60.00%)
    [11] Processed 810/900 batches (90.00%)
[14:44:39] Epoch [12/150] Loss: 0.8342 Accuracy: 78.10%
    [12] Processed 0/900 batches (0.00%)
    [12] Processed 270/900 batches (30.00%)
    [12] Processed 540/900 batches (60.00%)
    [12] Processed 810/900 batches (90.00%)
[14:55:24] Epoch [13/150] Loss: 0.8081 Accuracy: 78.65%
    [13] Processed 0/900 batches (0.00%)
    [13] Processed 270/900 batches (30.00%)
    [13] Processed 540/900 batches (60.00%)
    [13] Processed 810/900 batches (90.00%)
[15:06:08] Epoch [14/150] Loss: 0.7857 Accuracy: 79.10%
    [14] Processed 0/900 batches (0.00%)
    [14] Processed 270/900 batches (30.00%)
    [14] Processed 540/900 batches (60.00%)
    [14] Processed 810/900 batches (90.00%)
[15:16:53] Epoch [15/150] Loss: 0.7565 Accuracy: 79.74%
    [15] Processed 0/900 batches (0.00%)
    [15] Processed 270/900 batches (30.00%)
    [15] Processed 540/900 batches (60.00%)
    [15] Processed 810/900 batches (90.00%)
[15:27:38] Epoch [16/150] Loss: 0.7354 Accuracy: 80.15%
    [16] Processed 0/900 batches (0.00%)
    [16] Processed 270/900 batches (30.00%)
    [16] Processed 540/900 batches (60.00%)
    [16] Processed 810/900 batches (90.00%)
[15:38:22] Epoch [17/150] Loss: 0.7063 Accuracy: 80.84%
    [17] Processed 0/900 batches (0.00%)
    [17] Processed 270/900 batches (30.00%)
    [17] Processed 540/900 batches (60.00%)
    [17] Processed 810/900 batches (90.00%)
[15:49:07] Epoch [18/150] Loss: 0.6797 Accuracy: 81.39%
    [18] Processed 0/900 batches (0.00%)
    [18] Processed 270/900 batches (30.00%)
    [18] Processed 540/900 batches (60.00%)
    [18] Processed 810/900 batches (90.00%)
[15:59:52] Epoch [19/150] Loss: 0.6496 Accuracy: 82.09%
    [19] Processed 0/900 batches (0.00%)
    [19] Processed 270/900 batches (30.00%)
    [19] Processed 540/900 batches (60.00%)
    [19] Processed 810/900 batches (90.00%)
[16:10:37] Epoch [20/150] Loss: 0.6216 Accuracy: 82.65%
    [20] Processed 0/900 batches (0.00%)
    [20] Processed 270/900 batches (30.00%)
    [20] Processed 540/900 batches (60.00%)
    [20] Processed 810/900 batches (90.00%)
Checkpoint 21 saved to /virtual/drosari3/models/unet-18000-256-20-crop-150-000025/unet-18000-256-20-crop-150-000025-checkpoint_epoch_21.pth
[16:21:21] Epoch [21/150] Loss: 0.5890 Accuracy: 83.46%
    [21] Processed 0/900 batches (0.00%)
    [21] Processed 270/900 batches (30.00%)
    [21] Processed 540/900 batches (60.00%)
    [21] Processed 810/900 batches (90.00%)
[16:32:06] Epoch [22/150] Loss: 0.5632 Accuracy: 84.13%
    [22] Processed 0/900 batches (0.00%)
    [22] Processed 270/900 batches (30.00%)
    [22] Processed 540/900 batches (60.00%)
    [22] Processed 810/900 batches (90.00%)
[16:42:50] Epoch [23/150] Loss: 0.5318 Accuracy: 84.87%
    [23] Processed 0/900 batches (0.00%)
    [23] Processed 270/900 batches (30.00%)
    [23] Processed 540/900 batches (60.00%)
    [23] Processed 810/900 batches (90.00%)
[16:53:35] Epoch [24/150] Loss: 0.5009 Accuracy: 85.68%
    [24] Processed 0/900 batches (0.00%)
    [24] Processed 270/900 batches (30.00%)
    [24] Processed 540/900 batches (60.00%)
    [24] Processed 810/900 batches (90.00%)
[17:04:19] Epoch [25/150] Loss: 0.4755 Accuracy: 86.32%
    [25] Processed 0/900 batches (0.00%)
    [25] Processed 270/900 batches (30.00%)
    [25] Processed 540/900 batches (60.00%)
    [25] Processed 810/900 batches (90.00%)
[17:15:03] Epoch [26/150] Loss: 0.4435 Accuracy: 87.20%
    [26] Processed 0/900 batches (0.00%)
    [26] Processed 270/900 batches (30.00%)
    [26] Processed 540/900 batches (60.00%)
    [26] Processed 810/900 batches (90.00%)
[17:25:48] Epoch [27/150] Loss: 0.4195 Accuracy: 87.83%
    [27] Processed 0/900 batches (0.00%)
    [27] Processed 270/900 batches (30.00%)
    [27] Processed 540/900 batches (60.00%)
    [27] Processed 810/900 batches (90.00%)
[17:36:32] Epoch [28/150] Loss: 0.3977 Accuracy: 88.44%
    [28] Processed 0/900 batches (0.00%)
    [28] Processed 270/900 batches (30.00%)
    [28] Processed 540/900 batches (60.00%)
    [28] Processed 810/900 batches (90.00%)
[17:47:16] Epoch [29/150] Loss: 0.3741 Accuracy: 89.12%
    [29] Processed 0/900 batches (0.00%)
    [29] Processed 270/900 batches (30.00%)
    [29] Processed 540/900 batches (60.00%)
    [29] Processed 810/900 batches (90.00%)
[17:58:01] Epoch [30/150] Loss: 0.3513 Accuracy: 89.78%
    [30] Processed 0/900 batches (0.00%)
    [30] Processed 270/900 batches (30.00%)
    [30] Processed 540/900 batches (60.00%)
    [30] Processed 810/900 batches (90.00%)
Checkpoint 31 saved to /virtual/drosari3/models/unet-18000-256-20-crop-150-000025/unet-18000-256-20-crop-150-000025-checkpoint_epoch_31.pth
[18:08:45] Epoch [31/150] Loss: 0.3266 Accuracy: 90.45%
    [31] Processed 0/900 batches (0.00%)
    [31] Processed 270/900 batches (30.00%)
    [31] Processed 540/900 batches (60.00%)
    [31] Processed 810/900 batches (90.00%)
[18:19:30] Epoch [32/150] Loss: 0.3107 Accuracy: 90.89%
    [32] Processed 0/900 batches (0.00%)
    [32] Processed 270/900 batches (30.00%)
    [32] Processed 540/900 batches (60.00%)
    [32] Processed 810/900 batches (90.00%)
[18:30:15] Epoch [33/150] Loss: 0.2972 Accuracy: 91.28%
    [33] Processed 0/900 batches (0.00%)
    [33] Processed 270/900 batches (30.00%)
    [33] Processed 540/900 batches (60.00%)
    [33] Processed 810/900 batches (90.00%)
[18:41:00] Epoch [34/150] Loss: 0.2737 Accuracy: 91.92%
    [34] Processed 0/900 batches (0.00%)
    [34] Processed 270/900 batches (30.00%)
    [34] Processed 540/900 batches (60.00%)
    [34] Processed 810/900 batches (90.00%)
[18:51:45] Epoch [35/150] Loss: 0.2657 Accuracy: 92.14%
    [35] Processed 0/900 batches (0.00%)
    [35] Processed 270/900 batches (30.00%)
    [35] Processed 540/900 batches (60.00%)
    [35] Processed 810/900 batches (90.00%)
[19:02:29] Epoch [36/150] Loss: 0.2503 Accuracy: 92.60%
    [36] Processed 0/900 batches (0.00%)
    [36] Processed 270/900 batches (30.00%)
    [36] Processed 540/900 batches (60.00%)
    [36] Processed 810/900 batches (90.00%)
[19:13:14] Epoch [37/150] Loss: 0.2418 Accuracy: 92.82%
    [37] Processed 0/900 batches (0.00%)
    [37] Processed 270/900 batches (30.00%)
    [37] Processed 540/900 batches (60.00%)
    [37] Processed 810/900 batches (90.00%)
[19:23:59] Epoch [38/150] Loss: 0.2189 Accuracy: 93.50%
    [38] Processed 0/900 batches (0.00%)
    [38] Processed 270/900 batches (30.00%)
    [38] Processed 540/900 batches (60.00%)
    [38] Processed 810/900 batches (90.00%)
[19:34:43] Epoch [39/150] Loss: 0.2100 Accuracy: 93.73%
    [39] Processed 0/900 batches (0.00%)
    [39] Processed 270/900 batches (30.00%)
    [39] Processed 540/900 batches (60.00%)
    [39] Processed 810/900 batches (90.00%)
[19:45:28] Epoch [40/150] Loss: 0.1991 Accuracy: 94.06%
    [40] Processed 0/900 batches (0.00%)
    [40] Processed 270/900 batches (30.00%)
    [40] Processed 540/900 batches (60.00%)
    [40] Processed 810/900 batches (90.00%)
Checkpoint 41 saved to /virtual/drosari3/models/unet-18000-256-20-crop-150-000025/unet-18000-256-20-crop-150-000025-checkpoint_epoch_41.pth
[19:56:13] Epoch [41/150] Loss: 0.1991 Accuracy: 94.03%
    [41] Processed 0/900 batches (0.00%)
    [41] Processed 270/900 batches (30.00%)
    [41] Processed 540/900 batches (60.00%)
    [41] Processed 810/900 batches (90.00%)
[20:06:57] Epoch [42/150] Loss: 0.1793 Accuracy: 94.62%
    [42] Processed 0/900 batches (0.00%)
    [42] Processed 270/900 batches (30.00%)
    [42] Processed 540/900 batches (60.00%)
    [42] Processed 810/900 batches (90.00%)
[20:17:42] Epoch [43/150] Loss: 0.1826 Accuracy: 94.51%
    [43] Processed 0/900 batches (0.00%)
    [43] Processed 270/900 batches (30.00%)
    [43] Processed 540/900 batches (60.00%)
    [43] Processed 810/900 batches (90.00%)
[20:28:26] Epoch [44/150] Loss: 0.1595 Accuracy: 95.16%
    [44] Processed 0/900 batches (0.00%)
    [44] Processed 270/900 batches (30.00%)
    [44] Processed 540/900 batches (60.00%)
    [44] Processed 810/900 batches (90.00%)
[20:39:11] Epoch [45/150] Loss: 0.1638 Accuracy: 95.04%
    [45] Processed 0/900 batches (0.00%)
    [45] Processed 270/900 batches (30.00%)
    [45] Processed 540/900 batches (60.00%)
    [45] Processed 810/900 batches (90.00%)
[20:49:55] Epoch [46/150] Loss: 0.1627 Accuracy: 95.06%
    [46] Processed 0/900 batches (0.00%)
    [46] Processed 270/900 batches (30.00%)
    [46] Processed 540/900 batches (60.00%)
    [46] Processed 810/900 batches (90.00%)
[21:00:39] Epoch [47/150] Loss: 0.1456 Accuracy: 95.55%
    [47] Processed 0/900 batches (0.00%)
    [47] Processed 270/900 batches (30.00%)
    [47] Processed 540/900 batches (60.00%)
    [47] Processed 810/900 batches (90.00%)
[21:11:24] Epoch [48/150] Loss: 0.1536 Accuracy: 95.34%
    [48] Processed 0/900 batches (0.00%)
    [48] Processed 270/900 batches (30.00%)
    [48] Processed 540/900 batches (60.00%)
    [48] Processed 810/900 batches (90.00%)
[21:22:09] Epoch [49/150] Loss: 0.1298 Accuracy: 96.00%
    [49] Processed 0/900 batches (0.00%)
    [49] Processed 270/900 batches (30.00%)
    [49] Processed 540/900 batches (60.00%)
    [49] Processed 810/900 batches (90.00%)
[21:32:53] Epoch [50/150] Loss: 0.1481 Accuracy: 95.46%
    [50] Processed 0/900 batches (0.00%)
    [50] Processed 270/900 batches (30.00%)
    [50] Processed 540/900 batches (60.00%)
    [50] Processed 810/900 batches (90.00%)
Checkpoint 51 saved to /virtual/drosari3/models/unet-18000-256-20-crop-150-000025/unet-18000-256-20-crop-150-000025-checkpoint_epoch_51.pth
[21:43:39] Epoch [51/150] Loss: 0.1342 Accuracy: 95.86%
    [51] Processed 0/900 batches (0.00%)
    [51] Processed 270/900 batches (30.00%)
    [51] Processed 540/900 batches (60.00%)
    [51] Processed 810/900 batches (90.00%)
[21:54:25] Epoch [52/150] Loss: 0.1342 Accuracy: 95.85%
    [52] Processed 0/900 batches (0.00%)
    [52] Processed 270/900 batches (30.00%)
    [52] Processed 540/900 batches (60.00%)
    [52] Processed 810/900 batches (90.00%)
[22:05:11] Epoch [53/150] Loss: 0.1396 Accuracy: 95.71%
    [53] Processed 0/900 batches (0.00%)
    [53] Processed 270/900 batches (30.00%)
    [53] Processed 540/900 batches (60.00%)
    [53] Processed 810/900 batches (90.00%)
[22:15:55] Epoch [54/150] Loss: 0.1101 Accuracy: 96.54%
    [54] Processed 0/900 batches (0.00%)
    [54] Processed 270/900 batches (30.00%)
    [54] Processed 540/900 batches (60.00%)
    [54] Processed 810/900 batches (90.00%)
[22:26:41] Epoch [55/150] Loss: 0.1094 Accuracy: 96.55%
    [55] Processed 0/900 batches (0.00%)
    [55] Processed 270/900 batches (30.00%)
    [55] Processed 540/900 batches (60.00%)
    [55] Processed 810/900 batches (90.00%)
[22:37:27] Epoch [56/150] Loss: 0.1011 Accuracy: 96.77%
    [56] Processed 0/900 batches (0.00%)
    [56] Processed 270/900 batches (30.00%)
    [56] Processed 540/900 batches (60.00%)
    [56] Processed 810/900 batches (90.00%)
[22:48:12] Epoch [57/150] Loss: 0.1484 Accuracy: 95.42%
    [57] Processed 0/900 batches (0.00%)
    [57] Processed 270/900 batches (30.00%)
    [57] Processed 540/900 batches (60.00%)
    [57] Processed 810/900 batches (90.00%)
[22:58:58] Epoch [58/150] Loss: 0.0985 Accuracy: 96.85%
    [58] Processed 0/900 batches (0.00%)
    [58] Processed 270/900 batches (30.00%)
    [58] Processed 540/900 batches (60.00%)
    [58] Processed 810/900 batches (90.00%)
[23:09:43] Epoch [59/150] Loss: 0.0827 Accuracy: 97.29%
    [59] Processed 0/900 batches (0.00%)
    [59] Processed 270/900 batches (30.00%)
    [59] Processed 540/900 batches (60.00%)
    [59] Processed 810/900 batches (90.00%)
[23:20:28] Epoch [60/150] Loss: 0.1269 Accuracy: 95.99%
    [60] Processed 0/900 batches (0.00%)
    [60] Processed 270/900 batches (30.00%)
    [60] Processed 540/900 batches (60.00%)
    [60] Processed 810/900 batches (90.00%)
Checkpoint 61 saved to /virtual/drosari3/models/unet-18000-256-20-crop-150-000025/unet-18000-256-20-crop-150-000025-checkpoint_epoch_61.pth
[23:31:14] Epoch [61/150] Loss: 0.0973 Accuracy: 96.86%
    [61] Processed 0/900 batches (0.00%)
    [61] Processed 270/900 batches (30.00%)
    [61] Processed 540/900 batches (60.00%)
    [61] Processed 810/900 batches (90.00%)
[23:41:59] Epoch [62/150] Loss: 0.0885 Accuracy: 97.11%
    [62] Processed 0/900 batches (0.00%)
    [62] Processed 270/900 batches (30.00%)
    [62] Processed 540/900 batches (60.00%)
    [62] Processed 810/900 batches (90.00%)
[23:52:44] Epoch [63/150] Loss: 0.1140 Accuracy: 96.39%
    [63] Processed 0/900 batches (0.00%)
    [63] Processed 270/900 batches (30.00%)
    [63] Processed 540/900 batches (60.00%)
    [63] Processed 810/900 batches (90.00%)
[00:03:30] Epoch [64/150] Loss: 0.0805 Accuracy: 97.35%
    [64] Processed 0/900 batches (0.00%)
    [64] Processed 270/900 batches (30.00%)
    [64] Processed 540/900 batches (60.00%)
    [64] Processed 810/900 batches (90.00%)
[00:14:16] Epoch [65/150] Loss: 0.0903 Accuracy: 97.05%
    [65] Processed 0/900 batches (0.00%)
    [65] Processed 270/900 batches (30.00%)
    [65] Processed 540/900 batches (60.00%)
    [65] Processed 810/900 batches (90.00%)
[00:25:01] Epoch [66/150] Loss: 0.1194 Accuracy: 96.25%
    [66] Processed 0/900 batches (0.00%)
    [66] Processed 270/900 batches (30.00%)
    [66] Processed 540/900 batches (60.00%)
    [66] Processed 810/900 batches (90.00%)
[00:35:46] Epoch [67/150] Loss: 0.0869 Accuracy: 97.15%
    [67] Processed 0/900 batches (0.00%)
    [67] Processed 270/900 batches (30.00%)
    [67] Processed 540/900 batches (60.00%)
    [67] Processed 810/900 batches (90.00%)
[00:46:31] Epoch [68/150] Loss: 0.0713 Accuracy: 97.61%
    [68] Processed 0/900 batches (0.00%)
    [68] Processed 270/900 batches (30.00%)
    [68] Processed 540/900 batches (60.00%)
    [68] Processed 810/900 batches (90.00%)
[00:57:16] Epoch [69/150] Loss: 0.1179 Accuracy: 96.31%
    [69] Processed 0/900 batches (0.00%)
    [69] Processed 270/900 batches (30.00%)
    [69] Processed 540/900 batches (60.00%)
    [69] Processed 810/900 batches (90.00%)
[01:08:02] Epoch [70/150] Loss: 0.0645 Accuracy: 97.80%
    [70] Processed 0/900 batches (0.00%)
    [70] Processed 270/900 batches (30.00%)
    [70] Processed 540/900 batches (60.00%)
    [70] Processed 810/900 batches (90.00%)
Checkpoint 71 saved to /virtual/drosari3/models/unet-18000-256-20-crop-150-000025/unet-18000-256-20-crop-150-000025-checkpoint_epoch_71.pth
[01:18:47] Epoch [71/150] Loss: 0.0642 Accuracy: 97.81%
    [71] Processed 0/900 batches (0.00%)
    [71] Processed 270/900 batches (30.00%)
    [71] Processed 540/900 batches (60.00%)
    [71] Processed 810/900 batches (90.00%)
[01:29:33] Epoch [72/150] Loss: 0.1309 Accuracy: 95.96%
    [72] Processed 0/900 batches (0.00%)
    [72] Processed 270/900 batches (30.00%)
    [72] Processed 540/900 batches (60.00%)
    [72] Processed 810/900 batches (90.00%)
[01:40:18] Epoch [73/150] Loss: 0.0746 Accuracy: 97.51%
    [73] Processed 0/900 batches (0.00%)
    [73] Processed 270/900 batches (30.00%)
    [73] Processed 540/900 batches (60.00%)
    [73] Processed 810/900 batches (90.00%)
[01:51:03] Epoch [74/150] Loss: 0.0626 Accuracy: 97.86%
    [74] Processed 0/900 batches (0.00%)
    [74] Processed 270/900 batches (30.00%)
    [74] Processed 540/900 batches (60.00%)
    [74] Processed 810/900 batches (90.00%)
[02:01:48] Epoch [75/150] Loss: 0.0954 Accuracy: 96.90%
    [75] Processed 0/900 batches (0.00%)
    [75] Processed 270/900 batches (30.00%)
    [75] Processed 540/900 batches (60.00%)
    [75] Processed 810/900 batches (90.00%)
[02:12:35] Epoch [76/150] Loss: 0.0631 Accuracy: 97.83%
    [76] Processed 0/900 batches (0.00%)
    [76] Processed 270/900 batches (30.00%)
    [76] Processed 540/900 batches (60.00%)
    [76] Processed 810/900 batches (90.00%)
[02:23:20] Epoch [77/150] Loss: 0.0945 Accuracy: 96.95%
    [77] Processed 0/900 batches (0.00%)
    [77] Processed 270/900 batches (30.00%)
    [77] Processed 540/900 batches (60.00%)
    [77] Processed 810/900 batches (90.00%)
[02:34:05] Epoch [78/150] Loss: 0.0683 Accuracy: 97.67%
    [78] Processed 0/900 batches (0.00%)
    [78] Processed 270/900 batches (30.00%)
    [78] Processed 540/900 batches (60.00%)
    [78] Processed 810/900 batches (90.00%)
[02:44:49] Epoch [79/150] Loss: 0.0727 Accuracy: 97.57%
    [79] Processed 0/900 batches (0.00%)
    [79] Processed 270/900 batches (30.00%)
    [79] Processed 540/900 batches (60.00%)
    [79] Processed 810/900 batches (90.00%)
[02:55:34] Epoch [80/150] Loss: 0.0638 Accuracy: 97.81%
    [80] Processed 0/900 batches (0.00%)
    [80] Processed 270/900 batches (30.00%)
    [80] Processed 540/900 batches (60.00%)
    [80] Processed 810/900 batches (90.00%)
Checkpoint 81 saved to /virtual/drosari3/models/unet-18000-256-20-crop-150-000025/unet-18000-256-20-crop-150-000025-checkpoint_epoch_81.pth
[03:06:20] Epoch [81/150] Loss: 0.0872 Accuracy: 97.15%
    [81] Processed 0/900 batches (0.00%)
    [81] Processed 270/900 batches (30.00%)
    [81] Processed 540/900 batches (60.00%)
    [81] Processed 810/900 batches (90.00%)
[03:17:06] Epoch [82/150] Loss: 0.0581 Accuracy: 97.98%
    [82] Processed 0/900 batches (0.00%)
    [82] Processed 270/900 batches (30.00%)
    [82] Processed 540/900 batches (60.00%)
    [82] Processed 810/900 batches (90.00%)
[03:27:51] Epoch [83/150] Loss: 0.0520 Accuracy: 98.16%
    [83] Processed 0/900 batches (0.00%)
    [83] Processed 270/900 batches (30.00%)
    [83] Processed 540/900 batches (60.00%)
    [83] Processed 810/900 batches (90.00%)
[03:38:36] Epoch [84/150] Loss: 0.0600 Accuracy: 97.95%
    [84] Processed 0/900 batches (0.00%)
    [84] Processed 270/900 batches (30.00%)
    [84] Processed 540/900 batches (60.00%)
    [84] Processed 810/900 batches (90.00%)
[03:49:22] Epoch [85/150] Loss: 0.1092 Accuracy: 96.55%
    [85] Processed 0/900 batches (0.00%)
    [85] Processed 270/900 batches (30.00%)
    [85] Processed 540/900 batches (60.00%)
    [85] Processed 810/900 batches (90.00%)
[04:00:07] Epoch [86/150] Loss: 0.0753 Accuracy: 97.50%
    [86] Processed 0/900 batches (0.00%)
    [86] Processed 270/900 batches (30.00%)
    [86] Processed 540/900 batches (60.00%)
    [86] Processed 810/900 batches (90.00%)
[04:10:52] Epoch [87/150] Loss: 0.0559 Accuracy: 98.05%
    [87] Processed 0/900 batches (0.00%)
    [87] Processed 270/900 batches (30.00%)
    [87] Processed 540/900 batches (60.00%)
    [87] Processed 810/900 batches (90.00%)
[04:21:38] Epoch [88/150] Loss: 0.0505 Accuracy: 98.21%
    [88] Processed 0/900 batches (0.00%)
    [88] Processed 270/900 batches (30.00%)
    [88] Processed 540/900 batches (60.00%)
    [88] Processed 810/900 batches (90.00%)
[04:32:24] Epoch [89/150] Loss: 0.0877 Accuracy: 97.12%
    [89] Processed 0/900 batches (0.00%)
    [89] Processed 270/900 batches (30.00%)
    [89] Processed 540/900 batches (60.00%)
    [89] Processed 810/900 batches (90.00%)
[04:43:09] Epoch [90/150] Loss: 0.0576 Accuracy: 98.02%
    [90] Processed 0/900 batches (0.00%)
    [90] Processed 270/900 batches (30.00%)
    [90] Processed 540/900 batches (60.00%)
    [90] Processed 810/900 batches (90.00%)
Checkpoint 91 saved to /virtual/drosari3/models/unet-18000-256-20-crop-150-000025/unet-18000-256-20-crop-150-000025-checkpoint_epoch_91.pth
[04:53:55] Epoch [91/150] Loss: 0.0868 Accuracy: 97.24%
    [91] Processed 0/900 batches (0.00%)
    [91] Processed 270/900 batches (30.00%)
    [91] Processed 540/900 batches (60.00%)
    [91] Processed 810/900 batches (90.00%)
[05:04:40] Epoch [92/150] Loss: 0.0629 Accuracy: 97.85%
    [92] Processed 0/900 batches (0.00%)
    [92] Processed 270/900 batches (30.00%)
    [92] Processed 540/900 batches (60.00%)
    [92] Processed 810/900 batches (90.00%)
[05:15:26] Epoch [93/150] Loss: 0.0546 Accuracy: 98.08%
    [93] Processed 0/900 batches (0.00%)
    [93] Processed 270/900 batches (30.00%)
    [93] Processed 540/900 batches (60.00%)
    [93] Processed 810/900 batches (90.00%)
[05:26:10] Epoch [94/150] Loss: 0.0514 Accuracy: 98.18%
    [94] Processed 0/900 batches (0.00%)
    [94] Processed 270/900 batches (30.00%)
    [94] Processed 540/900 batches (60.00%)
    [94] Processed 810/900 batches (90.00%)
[05:36:55] Epoch [95/150] Loss: 0.0649 Accuracy: 97.80%
    [95] Processed 0/900 batches (0.00%)
    [95] Processed 270/900 batches (30.00%)
    [95] Processed 540/900 batches (60.00%)
    [95] Processed 810/900 batches (90.00%)
[05:47:41] Epoch [96/150] Loss: 0.0551 Accuracy: 98.06%
    [96] Processed 0/900 batches (0.00%)
    [96] Processed 270/900 batches (30.00%)
    [96] Processed 540/900 batches (60.00%)
    [96] Processed 810/900 batches (90.00%)
[05:58:26] Epoch [97/150] Loss: 0.0436 Accuracy: 98.42%
    [97] Processed 0/900 batches (0.00%)
    [97] Processed 270/900 batches (30.00%)
    [97] Processed 540/900 batches (60.00%)
    [97] Processed 810/900 batches (90.00%)
[06:09:12] Epoch [98/150] Loss: 0.0912 Accuracy: 97.07%
    [98] Processed 0/900 batches (0.00%)
    [98] Processed 270/900 batches (30.00%)
    [98] Processed 540/900 batches (60.00%)
    [98] Processed 810/900 batches (90.00%)
[06:19:57] Epoch [99/150] Loss: 0.0625 Accuracy: 97.87%
    [99] Processed 0/900 batches (0.00%)
    [99] Processed 270/900 batches (30.00%)
    [99] Processed 540/900 batches (60.00%)
    [99] Processed 810/900 batches (90.00%)
[06:30:42] Epoch [100/150] Loss: 0.0487 Accuracy: 98.27%
    [100] Processed 0/900 batches (0.00%)
    [100] Processed 270/900 batches (30.00%)
    [100] Processed 540/900 batches (60.00%)
    [100] Processed 810/900 batches (90.00%)
Checkpoint 101 saved to /virtual/drosari3/models/unet-18000-256-20-crop-150-000025/unet-18000-256-20-crop-150-000025-checkpoint_epoch_101.pth
[06:41:27] Epoch [101/150] Loss: 0.0545 Accuracy: 98.11%
    [101] Processed 0/900 batches (0.00%)
    [101] Processed 270/900 batches (30.00%)
    [101] Processed 540/900 batches (60.00%)
    [101] Processed 810/900 batches (90.00%)
[06:52:11] Epoch [102/150] Loss: 0.0666 Accuracy: 97.77%
    [102] Processed 0/900 batches (0.00%)
    [102] Processed 270/900 batches (30.00%)
    [102] Processed 540/900 batches (60.00%)
    [102] Processed 810/900 batches (90.00%)
[07:02:56] Epoch [103/150] Loss: 0.0459 Accuracy: 98.37%
    [103] Processed 0/900 batches (0.00%)
    [103] Processed 270/900 batches (30.00%)
    [103] Processed 540/900 batches (60.00%)
    [103] Processed 810/900 batches (90.00%)
[07:13:40] Epoch [104/150] Loss: 0.0575 Accuracy: 98.00%
    [104] Processed 0/900 batches (0.00%)
    [104] Processed 270/900 batches (30.00%)
    [104] Processed 540/900 batches (60.00%)
    [104] Processed 810/900 batches (90.00%)
[07:24:25] Epoch [105/150] Loss: 0.0421 Accuracy: 98.46%
    [105] Processed 0/900 batches (0.00%)
    [105] Processed 270/900 batches (30.00%)
    [105] Processed 540/900 batches (60.00%)
    [105] Processed 810/900 batches (90.00%)
[07:35:10] Epoch [106/150] Loss: 0.0399 Accuracy: 98.54%
    [106] Processed 0/900 batches (0.00%)
    [106] Processed 270/900 batches (30.00%)
    [106] Processed 540/900 batches (60.00%)
    [106] Processed 810/900 batches (90.00%)
[07:45:54] Epoch [107/150] Loss: 0.0984 Accuracy: 96.88%
    [107] Processed 0/900 batches (0.00%)
    [107] Processed 270/900 batches (30.00%)
    [107] Processed 540/900 batches (60.00%)
    [107] Processed 810/900 batches (90.00%)
[07:56:39] Epoch [108/150] Loss: 0.0465 Accuracy: 98.35%
    [108] Processed 0/900 batches (0.00%)
    [108] Processed 270/900 batches (30.00%)
    [108] Processed 540/900 batches (60.00%)
    [108] Processed 810/900 batches (90.00%)
[08:07:24] Epoch [109/150] Loss: 0.0418 Accuracy: 98.51%
    [109] Processed 0/900 batches (0.00%)
    [109] Processed 270/900 batches (30.00%)
    [109] Processed 540/900 batches (60.00%)
    [109] Processed 810/900 batches (90.00%)
[08:18:09] Epoch [110/150] Loss: 0.0731 Accuracy: 97.62%
    [110] Processed 0/900 batches (0.00%)
    [110] Processed 270/900 batches (30.00%)
    [110] Processed 540/900 batches (60.00%)
    [110] Processed 810/900 batches (90.00%)
Checkpoint 111 saved to /virtual/drosari3/models/unet-18000-256-20-crop-150-000025/unet-18000-256-20-crop-150-000025-checkpoint_epoch_111.pth
[08:28:53] Epoch [111/150] Loss: 0.0471 Accuracy: 98.31%
    [111] Processed 0/900 batches (0.00%)
    [111] Processed 270/900 batches (30.00%)
    [111] Processed 540/900 batches (60.00%)
    [111] Processed 810/900 batches (90.00%)
[08:39:38] Epoch [112/150] Loss: 0.0351 Accuracy: 98.69%
    [112] Processed 0/900 batches (0.00%)
    [112] Processed 270/900 batches (30.00%)
    [112] Processed 540/900 batches (60.00%)
    [112] Processed 810/900 batches (90.00%)
[08:50:23] Epoch [113/150] Loss: 0.0417 Accuracy: 98.52%
    [113] Processed 0/900 batches (0.00%)
    [113] Processed 270/900 batches (30.00%)
    [113] Processed 540/900 batches (60.00%)
    [113] Processed 810/900 batches (90.00%)
[09:01:07] Epoch [114/150] Loss: 0.0830 Accuracy: 97.30%
    [114] Processed 0/900 batches (0.00%)
    [114] Processed 270/900 batches (30.00%)
    [114] Processed 540/900 batches (60.00%)
    [114] Processed 810/900 batches (90.00%)
[09:11:52] Epoch [115/150] Loss: 0.0443 Accuracy: 98.41%
    [115] Processed 0/900 batches (0.00%)
    [115] Processed 270/900 batches (30.00%)
    [115] Processed 540/900 batches (60.00%)
    [115] Processed 810/900 batches (90.00%)
[09:22:37] Epoch [116/150] Loss: 0.0385 Accuracy: 98.60%
    [116] Processed 0/900 batches (0.00%)
    [116] Processed 270/900 batches (30.00%)
    [116] Processed 540/900 batches (60.00%)
    [116] Processed 810/900 batches (90.00%)
[09:33:22] Epoch [117/150] Loss: 0.0615 Accuracy: 97.92%
    [117] Processed 0/900 batches (0.00%)
    [117] Processed 270/900 batches (30.00%)
    [117] Processed 540/900 batches (60.00%)
    [117] Processed 810/900 batches (90.00%)
[09:44:07] Epoch [118/150] Loss: 0.0369 Accuracy: 98.64%
    [118] Processed 0/900 batches (0.00%)
    [118] Processed 270/900 batches (30.00%)
    [118] Processed 540/900 batches (60.00%)
    [118] Processed 810/900 batches (90.00%)
[09:54:52] Epoch [119/150] Loss: 0.0683 Accuracy: 97.80%
    [119] Processed 0/900 batches (0.00%)
    [119] Processed 270/900 batches (30.00%)
    [119] Processed 540/900 batches (60.00%)
    [119] Processed 810/900 batches (90.00%)
[10:05:37] Epoch [120/150] Loss: 0.0552 Accuracy: 98.08%
    [120] Processed 0/900 batches (0.00%)
    [120] Processed 270/900 batches (30.00%)
    [120] Processed 540/900 batches (60.00%)
    [120] Processed 810/900 batches (90.00%)
Checkpoint 121 saved to /virtual/drosari3/models/unet-18000-256-20-crop-150-000025/unet-18000-256-20-crop-150-000025-checkpoint_epoch_121.pth
[10:16:22] Epoch [121/150] Loss: 0.0450 Accuracy: 98.41%
    [121] Processed 0/900 batches (0.00%)
    [121] Processed 270/900 batches (30.00%)
    [121] Processed 540/900 batches (60.00%)
    [121] Processed 810/900 batches (90.00%)
[10:27:06] Epoch [122/150] Loss: 0.0417 Accuracy: 98.53%
    [122] Processed 0/900 batches (0.00%)
    [122] Processed 270/900 batches (30.00%)
    [122] Processed 540/900 batches (60.00%)
    [122] Processed 810/900 batches (90.00%)
[10:37:51] Epoch [123/150] Loss: 0.0399 Accuracy: 98.56%
    [123] Processed 0/900 batches (0.00%)
    [123] Processed 270/900 batches (30.00%)
    [123] Processed 540/900 batches (60.00%)
    [123] Processed 810/900 batches (90.00%)
[10:48:36] Epoch [124/150] Loss: 0.0514 Accuracy: 98.20%
    [124] Processed 0/900 batches (0.00%)
    [124] Processed 270/900 batches (30.00%)
    [124] Processed 540/900 batches (60.00%)
    [124] Processed 810/900 batches (90.00%)
[10:59:21] Epoch [125/150] Loss: 0.0469 Accuracy: 98.33%
    [125] Processed 0/900 batches (0.00%)
    [125] Processed 270/900 batches (30.00%)
    [125] Processed 540/900 batches (60.00%)
    [125] Processed 810/900 batches (90.00%)
[11:10:05] Epoch [126/150] Loss: 0.0592 Accuracy: 97.98%
    [126] Processed 0/900 batches (0.00%)
    [126] Processed 270/900 batches (30.00%)
    [126] Processed 540/900 batches (60.00%)
    [126] Processed 810/900 batches (90.00%)
[11:20:50] Epoch [127/150] Loss: 0.0385 Accuracy: 98.59%
    [127] Processed 0/900 batches (0.00%)
    [127] Processed 270/900 batches (30.00%)
    [127] Processed 540/900 batches (60.00%)
    [127] Processed 810/900 batches (90.00%)
[11:31:35] Epoch [128/150] Loss: 0.0541 Accuracy: 98.16%
    [128] Processed 0/900 batches (0.00%)
    [128] Processed 270/900 batches (30.00%)
    [128] Processed 540/900 batches (60.00%)
    [128] Processed 810/900 batches (90.00%)
[11:42:20] Epoch [129/150] Loss: 0.0391 Accuracy: 98.56%
    [129] Processed 0/900 batches (0.00%)
    [129] Processed 270/900 batches (30.00%)
    [129] Processed 540/900 batches (60.00%)
    [129] Processed 810/900 batches (90.00%)
[11:53:05] Epoch [130/150] Loss: 0.0310 Accuracy: 98.82%
    [130] Processed 0/900 batches (0.00%)
    [130] Processed 270/900 batches (30.00%)
    [130] Processed 540/900 batches (60.00%)
    [130] Processed 810/900 batches (90.00%)
Checkpoint 131 saved to /virtual/drosari3/models/unet-18000-256-20-crop-150-000025/unet-18000-256-20-crop-150-000025-checkpoint_epoch_131.pth
[12:03:51] Epoch [131/150] Loss: 0.0290 Accuracy: 98.89%
    [131] Processed 0/900 batches (0.00%)
    [131] Processed 270/900 batches (30.00%)
    [131] Processed 540/900 batches (60.00%)
    [131] Processed 810/900 batches (90.00%)
[12:14:36] Epoch [132/150] Loss: 0.0913 Accuracy: 97.14%
    [132] Processed 0/900 batches (0.00%)
    [132] Processed 270/900 batches (30.00%)
    [132] Processed 540/900 batches (60.00%)
    [132] Processed 810/900 batches (90.00%)
[12:25:21] Epoch [133/150] Loss: 0.0430 Accuracy: 98.46%
    [133] Processed 0/900 batches (0.00%)
    [133] Processed 270/900 batches (30.00%)
    [133] Processed 540/900 batches (60.00%)
    [133] Processed 810/900 batches (90.00%)
[12:36:06] Epoch [134/150] Loss: 0.0488 Accuracy: 98.30%
    [134] Processed 0/900 batches (0.00%)
    [134] Processed 270/900 batches (30.00%)
    [134] Processed 540/900 batches (60.00%)
    [134] Processed 810/900 batches (90.00%)
[12:46:51] Epoch [135/150] Loss: 0.0357 Accuracy: 98.69%
    [135] Processed 0/900 batches (0.00%)
    [135] Processed 270/900 batches (30.00%)
    [135] Processed 540/900 batches (60.00%)
    [135] Processed 810/900 batches (90.00%)
[12:57:36] Epoch [136/150] Loss: 0.0462 Accuracy: 98.38%
    [136] Processed 0/900 batches (0.00%)
    [136] Processed 270/900 batches (30.00%)
    [136] Processed 540/900 batches (60.00%)
    [136] Processed 810/900 batches (90.00%)
[13:08:21] Epoch [137/150] Loss: 0.0343 Accuracy: 98.73%
    [137] Processed 0/900 batches (0.00%)
    [137] Processed 270/900 batches (30.00%)
    [137] Processed 540/900 batches (60.00%)
    [137] Processed 810/900 batches (90.00%)
[13:19:06] Epoch [138/150] Loss: 0.0333 Accuracy: 98.76%
    [138] Processed 0/900 batches (0.00%)
    [138] Processed 270/900 batches (30.00%)
    [138] Processed 540/900 batches (60.00%)
    [138] Processed 810/900 batches (90.00%)
[13:29:51] Epoch [139/150] Loss: 0.0710 Accuracy: 97.67%
    [139] Processed 0/900 batches (0.00%)
    [139] Processed 270/900 batches (30.00%)
    [139] Processed 540/900 batches (60.00%)
    [139] Processed 810/900 batches (90.00%)
[13:40:36] Epoch [140/150] Loss: 0.0435 Accuracy: 98.45%
    [140] Processed 0/900 batches (0.00%)
    [140] Processed 270/900 batches (30.00%)
    [140] Processed 540/900 batches (60.00%)
    [140] Processed 810/900 batches (90.00%)
Checkpoint 141 saved to /virtual/drosari3/models/unet-18000-256-20-crop-150-000025/unet-18000-256-20-crop-150-000025-checkpoint_epoch_141.pth
[13:51:22] Epoch [141/150] Loss: 0.0331 Accuracy: 98.78%
    [141] Processed 0/900 batches (0.00%)
    [141] Processed 270/900 batches (30.00%)
    [141] Processed 540/900 batches (60.00%)
    [141] Processed 810/900 batches (90.00%)
[14:02:07] Epoch [142/150] Loss: 0.0334 Accuracy: 98.76%
    [142] Processed 0/900 batches (0.00%)
    [142] Processed 270/900 batches (30.00%)
    [142] Processed 540/900 batches (60.00%)
    [142] Processed 810/900 batches (90.00%)
[14:12:52] Epoch [143/150] Loss: 0.0519 Accuracy: 98.23%
    [143] Processed 0/900 batches (0.00%)
    [143] Processed 270/900 batches (30.00%)
    [143] Processed 540/900 batches (60.00%)
    [143] Processed 810/900 batches (90.00%)
[14:23:37] Epoch [144/150] Loss: 0.0359 Accuracy: 98.67%
    [144] Processed 0/900 batches (0.00%)
    [144] Processed 270/900 batches (30.00%)
    [144] Processed 540/900 batches (60.00%)
    [144] Processed 810/900 batches (90.00%)
[14:34:22] Epoch [145/150] Loss: 0.0278 Accuracy: 98.93%
    [145] Processed 0/900 batches (0.00%)
    [145] Processed 270/900 batches (30.00%)
    [145] Processed 540/900 batches (60.00%)
    [145] Processed 810/900 batches (90.00%)
[14:45:07] Epoch [146/150] Loss: 0.0472 Accuracy: 98.49%
    [146] Processed 0/900 batches (0.00%)
    [146] Processed 270/900 batches (30.00%)
    [146] Processed 540/900 batches (60.00%)
    [146] Processed 810/900 batches (90.00%)
[14:55:53] Epoch [147/150] Loss: 0.0655 Accuracy: 97.83%
    [147] Processed 0/900 batches (0.00%)
    [147] Processed 270/900 batches (30.00%)
    [147] Processed 540/900 batches (60.00%)
    [147] Processed 810/900 batches (90.00%)
[15:06:38] Epoch [148/150] Loss: 0.0329 Accuracy: 98.78%
    [148] Processed 0/900 batches (0.00%)
    [148] Processed 270/900 batches (30.00%)
    [148] Processed 540/900 batches (60.00%)
    [148] Processed 810/900 batches (90.00%)
[15:17:23] Epoch [149/150] Loss: 0.0248 Accuracy: 99.04%
    [149] Processed 0/900 batches (0.00%)
    [149] Processed 270/900 batches (30.00%)
    [149] Processed 540/900 batches (60.00%)
    [149] Processed 810/900 batches (90.00%)
[15:28:08] Epoch [150/150] Loss: 0.0236 Accuracy: 99.08%
Evaluating /virtual/drosari3/models/unet-18000-256-20-crop-150-000025/unet-18000-256-20-crop-150-000025.pth...
Accuracies: [58.28474731445313, 62.810631137424046, 67.0193849351671, 70.74553265041776, 72.77768113878038, 74.00829493204752, 74.98915888468424, 75.69771881103516, 76.41975513034397, 76.9564212375217, 77.55954344007704, 78.09593370225694, 78.64919645521375, 79.10321892632379, 79.74091525607639, 80.15361828274197, 80.83886710272895, 81.3883799235026, 82.09204974704319, 82.65360556708441, 83.46136101616753, 84.13440204196506, 84.87187135484484, 85.68411382039388, 86.32021196153428, 87.19712134467231, 87.83227242363824, 88.43656921386719, 89.11858944363064, 89.77912139892578, 90.4517593383789, 90.8909639146593, 91.28383221096463, 91.91837802463108, 92.14487677680121, 92.59801771375868, 92.82100236680773, 93.49627600775824, 93.73020095825196, 94.0603264702691, 94.03347439236111, 94.61911883884007, 94.50572611490885, 95.15909457736545, 95.03870078192817, 95.05770509507921, 95.54568227132161, 95.34075588650174, 95.99814893934462, 95.46346486409506, 95.86325658162436, 95.84899461534289, 95.7072765774197, 96.5409811231825, 96.5480349222819, 96.76990076700847, 95.42139172024197, 96.84570515950521, 97.2886344909668, 95.99480455186632, 96.8619389851888, 97.10713662041559, 96.39242884318034, 97.35037256876628, 97.05138532850478, 96.24585071139866, 97.14539371066623, 97.6127799987793, 96.30587522718642, 97.80067706637912, 97.80947579277887, 95.9572868347168, 97.5142685784234, 97.85737491183811, 96.89742906358507, 97.82715945773654, 96.95060416327583, 97.66666344536675, 97.56726014879015, 97.80918901231554, 97.14696841769748, 97.98026674058703, 98.16216430664062, 97.94504589504666, 96.54514270358615, 97.502512105306, 98.04614690144857, 98.21224051581488, 97.1226067437066, 98.01896684434679, 97.23646503024631, 97.84551527235243, 98.08421385023328, 98.18492821587456, 97.80004450480143, 98.05594584147136, 98.42285707261827, 97.06809505886501, 97.86749013264973, 98.26859707302518, 98.10551367865668, 97.7660541958279, 98.36880874633789, 97.99904268052843, 98.46144476996528, 98.54328969319661, 96.8795041402181, 98.35466808742947, 98.50955674913195, 97.61599807739258, 98.30900226169162, 98.6887208726671, 98.51582709418403, 97.30183410644531, 98.4101434495714, 98.5964459737142, 97.92002546522352, 98.6364034016927, 97.79998830159505, 98.07520463731554, 98.40543136596679, 98.53366826375326, 98.55608579847548, 98.19573805067274, 98.32989654541015, 97.97764638264974, 98.58582678900825, 98.16441277398003, 98.56488774617513, 98.82492836846245, 98.89228083292643, 97.14440943400065, 98.4569819132487, 98.30270317925347, 98.69169133504232, 98.3781711154514, 98.73152609931098, 98.7594239976671, 97.67412507798937, 98.44982969495985, 98.78024334377713, 98.75518196953668, 98.2268044365777, 98.66822636922201, 98.93379440307618, 98.48722958034939, 97.82606463962131, 98.77774378458659, 99.04222683376736, 99.0849004957411]
Losses: [1.681245030230946, 1.4326752393113242, 1.2886707064178256, 1.1644884869125154, 1.0836356789535946, 1.02676396763987, 0.9848049861192704, 0.948990406592687, 0.9143302798933453, 0.8887702533602715, 0.8584748376409213, 0.8341795412368245, 0.8080555716819233, 0.7856982336772813, 0.7565424703227149, 0.7353808292746544, 0.7063414960437351, 0.6797047102616893, 0.6496329618824853, 0.6216358800729116, 0.5889535076916218, 0.5632465810245938, 0.5317670082218117, 0.5008838221927484, 0.4754886879854732, 0.4435480605562528, 0.4195020863579379, 0.3977393594384193, 0.37414989613824423, 0.3512864487204287, 0.3266101098805666, 0.31074077889323237, 0.29718423010574446, 0.27374466092222266, 0.26565288280447324, 0.25029617661403286, 0.2418248155547513, 0.21890902371042303, 0.21001577352484066, 0.19913546712034277, 0.19905850749048923, 0.179347641799185, 0.1825677786105209, 0.15950026198393769, 0.16377932796461714, 0.16265590358939436, 0.14562376613832181, 0.15356398417717881, 0.12982708934694528, 0.14813475622899003, 0.1342401510145929, 0.13418375765697824, 0.13956708288855024, 0.11008227446013026, 0.10935234937195977, 0.1011154432553384, 0.1484104166717993, 0.09854516815394163, 0.08274156261649397, 0.12686017610960537, 0.09729163936028878, 0.08845225865435269, 0.1139852380918132, 0.08052387837113606, 0.09028566030371521, 0.11943035326691137, 0.08685289696893758, 0.07125787233105964, 0.1178781234452294, 0.06452322072452969, 0.06423957147532039, 0.13092662854947978, 0.07455499025475648, 0.06255675692525176, 0.09540047315259774, 0.06313704810208745, 0.09452380480865638, 0.06825731350108981, 0.07273188039246532, 0.06379116650463806, 0.08723141088046961, 0.05811792222162088, 0.051961259978512926, 0.059969515407250984, 0.10920382145585285, 0.07532873232331541, 0.05586523508032163, 0.05054045541005002, 0.0877365643510388, 0.05759975290960736, 0.08683987053939038, 0.06292757943272591, 0.054625632593201266, 0.05138867592232095, 0.06492592440918088, 0.05514684087907275, 0.04360223594432076, 0.09119976827253898, 0.06247384311217401, 0.04871700878979431, 0.054463506874938804, 0.06664150545580519, 0.04585706007770366, 0.057531603537499906, 0.04206628269205491, 0.03988405853820344, 0.0984498042261435, 0.04652512358398073, 0.04180611058655712, 0.07308947179466486, 0.04714810899872747, 0.035067735213993326, 0.04171014602606495, 0.08296898151851363, 0.044319342666616045, 0.03845352628992663, 0.06153540504889356, 0.03691764485504892, 0.06830802336956064, 0.055227814925213656, 0.04502697530409528, 0.04168559261183772, 0.03990471904269523, 0.05140857813776367, 0.04693654991996785, 0.0591834563586033, 0.03854527779337433, 0.05411704964107937, 0.03909366307987107, 0.030982894350050225, 0.02901960831342472, 0.09126981795144577, 0.04300358476945096, 0.04884385182418757, 0.03569764851385521, 0.0461563297909581, 0.03433751711725361, 0.03330527184531093, 0.0709744669486665, 0.04345721661216683, 0.03313475844450295, 0.03336500301543209, 0.05191855885605845, 0.03594499972959359, 0.027799830751286614, 0.047207081525896984, 0.06546632102897598, 0.0328984922512124, 0.02476846184167597, 0.023621128265642458]
Testing Image: 0/100
Testing Image: 5/100
Testing Image: 10/100
Testing Image: 15/100
Testing Image: 20/100
Testing Image: 25/100
Testing Image: 30/100
Testing Image: 35/100
Testing Image: 40/100
Testing Image: 45/100
Testing Image: 50/100
Testing Image: 55/100
Testing Image: 60/100
Testing Image: 65/100
Testing Image: 70/100
Testing Image: 75/100
Testing Image: 80/100
Testing Image: 85/100
Testing Image: 90/100
Testing Image: 95/100
Validation mIoU: 0.3323
