Training unet-18000-256-20-crop-100-00001...
epochs=100 lr=0.0001, error=<function cross_entropy at 0x7f26143039a0>
    [0] Processed 0/900 batches (0.00%)
    [0] Processed 270/900 batches (30.00%)
    [0] Processed 540/900 batches (60.00%)
    [0] Processed 810/900 batches (90.00%)
Checkpoint 1 saved to /virtual/drosari3/models/unet-18000-256-20-crop-100-00001/unet-18000-256-20-crop-100-00001-checkpoint_epoch_1.pth
[13:03:19] Epoch [1/100] Loss: 1.8023 Accuracy: 55.89%
    [1] Processed 0/900 batches (0.00%)
    [1] Processed 270/900 batches (30.00%)
    [1] Processed 540/900 batches (60.00%)
    [1] Processed 810/900 batches (90.00%)
[13:13:59] Epoch [2/100] Loss: 1.4756 Accuracy: 62.33%
    [2] Processed 0/900 batches (0.00%)
    [2] Processed 270/900 batches (30.00%)
    [2] Processed 540/900 batches (60.00%)
    [2] Processed 810/900 batches (90.00%)
[13:24:39] Epoch [3/100] Loss: 1.3474 Accuracy: 65.51%
    [3] Processed 0/900 batches (0.00%)
    [3] Processed 270/900 batches (30.00%)
    [3] Processed 540/900 batches (60.00%)
    [3] Processed 810/900 batches (90.00%)
[13:35:18] Epoch [4/100] Loss: 1.2544 Accuracy: 68.12%
    [4] Processed 0/900 batches (0.00%)
    [4] Processed 270/900 batches (30.00%)
    [4] Processed 540/900 batches (60.00%)
    [4] Processed 810/900 batches (90.00%)
[13:45:58] Epoch [5/100] Loss: 1.1788 Accuracy: 70.33%
    [5] Processed 0/900 batches (0.00%)
    [5] Processed 270/900 batches (30.00%)
    [5] Processed 540/900 batches (60.00%)
    [5] Processed 810/900 batches (90.00%)
[13:56:37] Epoch [6/100] Loss: 1.1122 Accuracy: 72.02%
    [6] Processed 0/900 batches (0.00%)
    [6] Processed 270/900 batches (30.00%)
    [6] Processed 540/900 batches (60.00%)
    [6] Processed 810/900 batches (90.00%)
[14:07:17] Epoch [7/100] Loss: 1.0587 Accuracy: 73.37%
    [7] Processed 0/900 batches (0.00%)
    [7] Processed 270/900 batches (30.00%)
    [7] Processed 540/900 batches (60.00%)
    [7] Processed 810/900 batches (90.00%)
[14:17:56] Epoch [8/100] Loss: 1.0157 Accuracy: 74.36%
    [8] Processed 0/900 batches (0.00%)
    [8] Processed 270/900 batches (30.00%)
    [8] Processed 540/900 batches (60.00%)
    [8] Processed 810/900 batches (90.00%)
[14:28:35] Epoch [9/100] Loss: 0.9782 Accuracy: 75.16%
    [9] Processed 0/900 batches (0.00%)
    [9] Processed 270/900 batches (30.00%)
    [9] Processed 540/900 batches (60.00%)
    [9] Processed 810/900 batches (90.00%)
[14:39:15] Epoch [10/100] Loss: 0.9448 Accuracy: 75.86%
    [10] Processed 0/900 batches (0.00%)
    [10] Processed 270/900 batches (30.00%)
    [10] Processed 540/900 batches (60.00%)
    [10] Processed 810/900 batches (90.00%)
Checkpoint 11 saved to /virtual/drosari3/models/unet-18000-256-20-crop-100-00001/unet-18000-256-20-crop-100-00001-checkpoint_epoch_11.pth
[14:49:54] Epoch [11/100] Loss: 0.9086 Accuracy: 76.62%
    [11] Processed 0/900 batches (0.00%)
    [11] Processed 270/900 batches (30.00%)
    [11] Processed 540/900 batches (60.00%)
    [11] Processed 810/900 batches (90.00%)
[15:00:33] Epoch [12/100] Loss: 0.8814 Accuracy: 77.12%
    [12] Processed 0/900 batches (0.00%)
    [12] Processed 270/900 batches (30.00%)
    [12] Processed 540/900 batches (60.00%)
    [12] Processed 810/900 batches (90.00%)
[15:11:12] Epoch [13/100] Loss: 0.8471 Accuracy: 77.88%
    [13] Processed 0/900 batches (0.00%)
    [13] Processed 270/900 batches (30.00%)
    [13] Processed 540/900 batches (60.00%)
    [13] Processed 810/900 batches (90.00%)
[15:21:51] Epoch [14/100] Loss: 0.8136 Accuracy: 78.56%
    [14] Processed 0/900 batches (0.00%)
    [14] Processed 270/900 batches (30.00%)
    [14] Processed 540/900 batches (60.00%)
    [14] Processed 810/900 batches (90.00%)
[15:32:30] Epoch [15/100] Loss: 0.7797 Accuracy: 79.29%
    [15] Processed 0/900 batches (0.00%)
    [15] Processed 270/900 batches (30.00%)
    [15] Processed 540/900 batches (60.00%)
    [15] Processed 810/900 batches (90.00%)
[15:43:09] Epoch [16/100] Loss: 0.7415 Accuracy: 80.06%
    [16] Processed 0/900 batches (0.00%)
    [16] Processed 270/900 batches (30.00%)
    [16] Processed 540/900 batches (60.00%)
    [16] Processed 810/900 batches (90.00%)
[15:53:48] Epoch [17/100] Loss: 0.7041 Accuracy: 80.89%
    [17] Processed 0/900 batches (0.00%)
    [17] Processed 270/900 batches (30.00%)
    [17] Processed 540/900 batches (60.00%)
    [17] Processed 810/900 batches (90.00%)
[16:04:27] Epoch [18/100] Loss: 0.6615 Accuracy: 81.78%
    [18] Processed 0/900 batches (0.00%)
    [18] Processed 270/900 batches (30.00%)
    [18] Processed 540/900 batches (60.00%)
    [18] Processed 810/900 batches (90.00%)
[16:15:06] Epoch [19/100] Loss: 0.6162 Accuracy: 82.85%
    [19] Processed 0/900 batches (0.00%)
    [19] Processed 270/900 batches (30.00%)
    [19] Processed 540/900 batches (60.00%)
    [19] Processed 810/900 batches (90.00%)
[16:25:45] Epoch [20/100] Loss: 0.5707 Accuracy: 83.90%
    [20] Processed 0/900 batches (0.00%)
    [20] Processed 270/900 batches (30.00%)
    [20] Processed 540/900 batches (60.00%)
    [20] Processed 810/900 batches (90.00%)
Checkpoint 21 saved to /virtual/drosari3/models/unet-18000-256-20-crop-100-00001/unet-18000-256-20-crop-100-00001-checkpoint_epoch_21.pth
[16:36:24] Epoch [21/100] Loss: 0.5253 Accuracy: 85.11%
    [21] Processed 0/900 batches (0.00%)
    [21] Processed 270/900 batches (30.00%)
    [21] Processed 540/900 batches (60.00%)
    [21] Processed 810/900 batches (90.00%)
[16:47:03] Epoch [22/100] Loss: 0.4817 Accuracy: 86.28%
    [22] Processed 0/900 batches (0.00%)
    [22] Processed 270/900 batches (30.00%)
    [22] Processed 540/900 batches (60.00%)
    [22] Processed 810/900 batches (90.00%)
[16:57:44] Epoch [23/100] Loss: 0.4411 Accuracy: 87.35%
    [23] Processed 0/900 batches (0.00%)
    [23] Processed 270/900 batches (30.00%)
    [23] Processed 540/900 batches (60.00%)
    [23] Processed 810/900 batches (90.00%)
[17:08:24] Epoch [24/100] Loss: 0.4127 Accuracy: 88.18%
    [24] Processed 0/900 batches (0.00%)
    [24] Processed 270/900 batches (30.00%)
    [24] Processed 540/900 batches (60.00%)
    [24] Processed 810/900 batches (90.00%)
[17:19:03] Epoch [25/100] Loss: 0.3769 Accuracy: 89.16%
    [25] Processed 0/900 batches (0.00%)
    [25] Processed 270/900 batches (30.00%)
    [25] Processed 540/900 batches (60.00%)
    [25] Processed 810/900 batches (90.00%)
[17:29:41] Epoch [26/100] Loss: 0.3448 Accuracy: 90.08%
    [26] Processed 0/900 batches (0.00%)
    [26] Processed 270/900 batches (30.00%)
    [26] Processed 540/900 batches (60.00%)
    [26] Processed 810/900 batches (90.00%)
[17:40:20] Epoch [27/100] Loss: 0.3209 Accuracy: 90.73%
    [27] Processed 0/900 batches (0.00%)
