Training unet-2000-256-16-crop-50-00001...
epochs=50 lr=0.0001, error=<function cross_entropy at 0x7f22d03dfa30>
    [0] Processed 0/125 batches (0.00%)
    [0] Processed 37/125 batches (29.60%)
    [0] Processed 74/125 batches (59.20%)
    [0] Processed 111/125 batches (88.80%)
Checkpoint 1 saved to /virtual/drosari3/models/unet-2000-256-16-crop-50-00001/unet-2000-256-16-crop-50-00001-checkpoint_epoch_1.pth
[10:06:35] Epoch [1/50] Loss: 2.7830 Accuracy: 33.74%
    [1] Processed 0/125 batches (0.00%)
    [1] Processed 37/125 batches (29.60%)
    [1] Processed 74/125 batches (59.20%)
    [1] Processed 111/125 batches (88.80%)
[10:11:48] Epoch [2/50] Loss: 1.8909 Accuracy: 53.39%
    [2] Processed 0/125 batches (0.00%)
    [2] Processed 37/125 batches (29.60%)
    [2] Processed 74/125 batches (59.20%)
    [2] Processed 111/125 batches (88.80%)
[10:17:02] Epoch [3/50] Loss: 1.7707 Accuracy: 54.01%
    [3] Processed 0/125 batches (0.00%)
    [3] Processed 37/125 batches (29.60%)
    [3] Processed 74/125 batches (59.20%)
    [3] Processed 111/125 batches (88.80%)
[10:22:14] Epoch [4/50] Loss: 1.7152 Accuracy: 54.99%
    [4] Processed 0/125 batches (0.00%)
    [4] Processed 37/125 batches (29.60%)
    [4] Processed 74/125 batches (59.20%)
    [4] Processed 111/125 batches (88.80%)
[10:27:28] Epoch [5/50] Loss: 1.6697 Accuracy: 56.90%
    [5] Processed 0/125 batches (0.00%)
    [5] Processed 37/125 batches (29.60%)
    [5] Processed 74/125 batches (59.20%)
    [5] Processed 111/125 batches (88.80%)
[10:32:42] Epoch [6/50] Loss: 1.6332 Accuracy: 57.72%
    [6] Processed 0/125 batches (0.00%)
    [6] Processed 37/125 batches (29.60%)
    [6] Processed 74/125 batches (59.20%)
    [6] Processed 111/125 batches (88.80%)
[10:37:56] Epoch [7/50] Loss: 1.5931 Accuracy: 58.67%
    [7] Processed 0/125 batches (0.00%)
    [7] Processed 37/125 batches (29.60%)
    [7] Processed 74/125 batches (59.20%)
    [7] Processed 111/125 batches (88.80%)
[10:43:10] Epoch [8/50] Loss: 1.5705 Accuracy: 59.46%
    [8] Processed 0/125 batches (0.00%)
    [8] Processed 37/125 batches (29.60%)
    [8] Processed 74/125 batches (59.20%)
    [8] Processed 111/125 batches (88.80%)
[10:48:24] Epoch [9/50] Loss: 1.5424 Accuracy: 60.26%
    [9] Processed 0/125 batches (0.00%)
    [9] Processed 37/125 batches (29.60%)
    [9] Processed 74/125 batches (59.20%)
    [9] Processed 111/125 batches (88.80%)
[10:53:38] Epoch [10/50] Loss: 1.5246 Accuracy: 60.66%
    [10] Processed 0/125 batches (0.00%)
    [10] Processed 37/125 batches (29.60%)
    [10] Processed 74/125 batches (59.20%)
    [10] Processed 111/125 batches (88.80%)
Checkpoint 11 saved to /virtual/drosari3/models/unet-2000-256-16-crop-50-00001/unet-2000-256-16-crop-50-00001-checkpoint_epoch_11.pth
[10:58:52] Epoch [11/50] Loss: 1.4910 Accuracy: 61.67%
    [11] Processed 0/125 batches (0.00%)
    [11] Processed 37/125 batches (29.60%)
    [11] Processed 74/125 batches (59.20%)
    [11] Processed 111/125 batches (88.80%)
[11:04:05] Epoch [12/50] Loss: 1.4789 Accuracy: 62.08%
    [12] Processed 0/125 batches (0.00%)
    [12] Processed 37/125 batches (29.60%)
    [12] Processed 74/125 batches (59.20%)
    [12] Processed 111/125 batches (88.80%)
[11:09:20] Epoch [13/50] Loss: 1.4598 Accuracy: 61.98%
    [13] Processed 0/125 batches (0.00%)
    [13] Processed 37/125 batches (29.60%)
    [13] Processed 74/125 batches (59.20%)
    [13] Processed 111/125 batches (88.80%)
[11:14:33] Epoch [14/50] Loss: 1.4538 Accuracy: 61.91%
    [14] Processed 0/125 batches (0.00%)
    [14] Processed 37/125 batches (29.60%)
    [14] Processed 74/125 batches (59.20%)
    [14] Processed 111/125 batches (88.80%)
[11:19:47] Epoch [15/50] Loss: 1.4156 Accuracy: 63.25%
    [15] Processed 0/125 batches (0.00%)
    [15] Processed 37/125 batches (29.60%)
    [15] Processed 74/125 batches (59.20%)
    [15] Processed 111/125 batches (88.80%)
[11:25:01] Epoch [16/50] Loss: 1.4025 Accuracy: 63.54%
    [16] Processed 0/125 batches (0.00%)
    [16] Processed 37/125 batches (29.60%)
    [16] Processed 74/125 batches (59.20%)
    [16] Processed 111/125 batches (88.80%)
[11:30:15] Epoch [17/50] Loss: 1.3978 Accuracy: 63.56%
    [17] Processed 0/125 batches (0.00%)
    [17] Processed 37/125 batches (29.60%)
    [17] Processed 74/125 batches (59.20%)
    [17] Processed 111/125 batches (88.80%)
[11:35:29] Epoch [18/50] Loss: 1.3861 Accuracy: 64.00%
    [18] Processed 0/125 batches (0.00%)
    [18] Processed 37/125 batches (29.60%)
    [18] Processed 74/125 batches (59.20%)
    [18] Processed 111/125 batches (88.80%)
[11:40:43] Epoch [19/50] Loss: 1.3688 Accuracy: 64.25%
    [19] Processed 0/125 batches (0.00%)
    [19] Processed 37/125 batches (29.60%)
    [19] Processed 74/125 batches (59.20%)
    [19] Processed 111/125 batches (88.80%)
[11:46:07] Epoch [20/50] Loss: 1.3568 Accuracy: 64.78%
    [20] Processed 0/125 batches (0.00%)
    [20] Processed 37/125 batches (29.60%)
    [20] Processed 74/125 batches (59.20%)
    [20] Processed 111/125 batches (88.80%)
Checkpoint 21 saved to /virtual/drosari3/models/unet-2000-256-16-crop-50-00001/unet-2000-256-16-crop-50-00001-checkpoint_epoch_21.pth
[11:51:23] Epoch [21/50] Loss: 1.3499 Accuracy: 64.67%
    [21] Processed 0/125 batches (0.00%)
    [21] Processed 37/125 batches (29.60%)
    [21] Processed 74/125 batches (59.20%)
    [21] Processed 111/125 batches (88.80%)
[11:56:37] Epoch [22/50] Loss: 1.3323 Accuracy: 65.37%
    [22] Processed 0/125 batches (0.00%)
    [22] Processed 37/125 batches (29.60%)
    [22] Processed 74/125 batches (59.20%)
    [22] Processed 111/125 batches (88.80%)
[12:01:51] Epoch [23/50] Loss: 1.3118 Accuracy: 66.04%
    [23] Processed 0/125 batches (0.00%)
    [23] Processed 37/125 batches (29.60%)
    [23] Processed 74/125 batches (59.20%)
    [23] Processed 111/125 batches (88.80%)
[12:07:06] Epoch [24/50] Loss: 1.2950 Accuracy: 66.61%
    [24] Processed 0/125 batches (0.00%)
    [24] Processed 37/125 batches (29.60%)
    [24] Processed 74/125 batches (59.20%)
    [24] Processed 111/125 batches (88.80%)
[12:12:20] Epoch [25/50] Loss: 1.2790 Accuracy: 67.21%
    [25] Processed 0/125 batches (0.00%)
    [25] Processed 37/125 batches (29.60%)
    [25] Processed 74/125 batches (59.20%)
    [25] Processed 111/125 batches (88.80%)
[12:17:35] Epoch [26/50] Loss: 1.2594 Accuracy: 67.44%
    [26] Processed 0/125 batches (0.00%)
    [26] Processed 37/125 batches (29.60%)
    [26] Processed 74/125 batches (59.20%)
    [26] Processed 111/125 batches (88.80%)
[12:22:49] Epoch [27/50] Loss: 1.2492 Accuracy: 67.83%
    [27] Processed 0/125 batches (0.00%)
    [27] Processed 37/125 batches (29.60%)
    [27] Processed 74/125 batches (59.20%)
    [27] Processed 111/125 batches (88.80%)
[12:28:03] Epoch [28/50] Loss: 1.2102 Accuracy: 69.04%
    [28] Processed 0/125 batches (0.00%)
    [28] Processed 37/125 batches (29.60%)
    [28] Processed 74/125 batches (59.20%)
    [28] Processed 111/125 batches (88.80%)
[12:33:17] Epoch [29/50] Loss: 1.2078 Accuracy: 68.99%
    [29] Processed 0/125 batches (0.00%)
    [29] Processed 37/125 batches (29.60%)
    [29] Processed 74/125 batches (59.20%)
    [29] Processed 111/125 batches (88.80%)
[12:38:31] Epoch [30/50] Loss: 1.1814 Accuracy: 69.83%
    [30] Processed 0/125 batches (0.00%)
    [30] Processed 37/125 batches (29.60%)
    [30] Processed 74/125 batches (59.20%)
    [30] Processed 111/125 batches (88.80%)
Checkpoint 31 saved to /virtual/drosari3/models/unet-2000-256-16-crop-50-00001/unet-2000-256-16-crop-50-00001-checkpoint_epoch_31.pth
[12:43:45] Epoch [31/50] Loss: 1.1585 Accuracy: 70.21%
    [31] Processed 0/125 batches (0.00%)
    [31] Processed 37/125 batches (29.60%)
    [31] Processed 74/125 batches (59.20%)
    [31] Processed 111/125 batches (88.80%)
[12:48:59] Epoch [32/50] Loss: 1.1304 Accuracy: 71.10%
    [32] Processed 0/125 batches (0.00%)
    [32] Processed 37/125 batches (29.60%)
    [32] Processed 74/125 batches (59.20%)
    [32] Processed 111/125 batches (88.80%)
[12:54:13] Epoch [33/50] Loss: 1.1183 Accuracy: 71.26%
    [33] Processed 0/125 batches (0.00%)
    [33] Processed 37/125 batches (29.60%)
    [33] Processed 74/125 batches (59.20%)
    [33] Processed 111/125 batches (88.80%)
[12:59:27] Epoch [34/50] Loss: 1.0817 Accuracy: 72.32%
    [34] Processed 0/125 batches (0.00%)
    [34] Processed 37/125 batches (29.60%)
    [34] Processed 74/125 batches (59.20%)
    [34] Processed 111/125 batches (88.80%)
[13:04:40] Epoch [35/50] Loss: 1.0855 Accuracy: 71.87%
    [35] Processed 0/125 batches (0.00%)
    [35] Processed 37/125 batches (29.60%)
    [35] Processed 74/125 batches (59.20%)
    [35] Processed 111/125 batches (88.80%)
[13:09:55] Epoch [36/50] Loss: 1.0345 Accuracy: 73.42%
    [36] Processed 0/125 batches (0.00%)
    [36] Processed 37/125 batches (29.60%)
    [36] Processed 74/125 batches (59.20%)
    [36] Processed 111/125 batches (88.80%)
[13:15:08] Epoch [37/50] Loss: 0.9954 Accuracy: 74.13%
    [37] Processed 0/125 batches (0.00%)
    [37] Processed 37/125 batches (29.60%)
    [37] Processed 74/125 batches (59.20%)
    [37] Processed 111/125 batches (88.80%)
[13:20:22] Epoch [38/50] Loss: 0.9866 Accuracy: 74.49%
    [38] Processed 0/125 batches (0.00%)
    [38] Processed 37/125 batches (29.60%)
    [38] Processed 74/125 batches (59.20%)
    [38] Processed 111/125 batches (88.80%)
[13:25:36] Epoch [39/50] Loss: 0.9377 Accuracy: 75.40%
    [39] Processed 0/125 batches (0.00%)
    [39] Processed 37/125 batches (29.60%)
    [39] Processed 74/125 batches (59.20%)
    [39] Processed 111/125 batches (88.80%)
[13:30:50] Epoch [40/50] Loss: 0.9164 Accuracy: 75.71%
    [40] Processed 0/125 batches (0.00%)
    [40] Processed 37/125 batches (29.60%)
    [40] Processed 74/125 batches (59.20%)
    [40] Processed 111/125 batches (88.80%)
Checkpoint 41 saved to /virtual/drosari3/models/unet-2000-256-16-crop-50-00001/unet-2000-256-16-crop-50-00001-checkpoint_epoch_41.pth
[13:36:04] Epoch [41/50] Loss: 0.8995 Accuracy: 76.21%
    [41] Processed 0/125 batches (0.00%)
    [41] Processed 37/125 batches (29.60%)
    [41] Processed 74/125 batches (59.20%)
    [41] Processed 111/125 batches (88.80%)
[13:41:17] Epoch [42/50] Loss: 0.8462 Accuracy: 77.48%
    [42] Processed 0/125 batches (0.00%)
    [42] Processed 37/125 batches (29.60%)
    [42] Processed 74/125 batches (59.20%)
    [42] Processed 111/125 batches (88.80%)
[13:46:30] Epoch [43/50] Loss: 0.8017 Accuracy: 78.42%
    [43] Processed 0/125 batches (0.00%)
    [43] Processed 37/125 batches (29.60%)
    [43] Processed 74/125 batches (59.20%)
    [43] Processed 111/125 batches (88.80%)
[13:51:44] Epoch [44/50] Loss: 0.7627 Accuracy: 79.23%
    [44] Processed 0/125 batches (0.00%)
    [44] Processed 37/125 batches (29.60%)
    [44] Processed 74/125 batches (59.20%)
    [44] Processed 111/125 batches (88.80%)
[13:56:57] Epoch [45/50] Loss: 0.7197 Accuracy: 80.30%
    [45] Processed 0/125 batches (0.00%)
    [45] Processed 37/125 batches (29.60%)
    [45] Processed 74/125 batches (59.20%)
    [45] Processed 111/125 batches (88.80%)
[14:02:11] Epoch [46/50] Loss: 0.7192 Accuracy: 80.35%
    [46] Processed 0/125 batches (0.00%)
    [46] Processed 37/125 batches (29.60%)
    [46] Processed 74/125 batches (59.20%)
    [46] Processed 111/125 batches (88.80%)
[14:07:24] Epoch [47/50] Loss: 0.6762 Accuracy: 81.32%
    [47] Processed 0/125 batches (0.00%)
    [47] Processed 37/125 batches (29.60%)
    [47] Processed 74/125 batches (59.20%)
    [47] Processed 111/125 batches (88.80%)
[14:12:37] Epoch [48/50] Loss: 0.6287 Accuracy: 82.46%
    [48] Processed 0/125 batches (0.00%)
    [48] Processed 37/125 batches (29.60%)
    [48] Processed 74/125 batches (59.20%)
    [48] Processed 111/125 batches (88.80%)
[14:17:50] Epoch [49/50] Loss: 0.6029 Accuracy: 83.21%
    [49] Processed 0/125 batches (0.00%)
    [49] Processed 37/125 batches (29.60%)
    [49] Processed 74/125 batches (59.20%)
    [49] Processed 111/125 batches (88.80%)
[14:23:03] Epoch [50/50] Loss: 0.5578 Accuracy: 84.40%
Evaluating /virtual/drosari3/models/unet-2000-256-16-crop-50-00001/unet-2000-256-16-crop-50-00001.pth...
Accuracies: [33.73901290893555, 53.391387176513675, 54.009169006347655, 54.99184875488281, 56.904074096679686, 57.72486419677735, 58.66767959594726, 59.46132049560547, 60.264913177490236, 60.658956909179686, 61.66873550415039, 62.08153762817383, 61.98413619995117, 61.911476135253906, 63.251407623291016, 63.542544555664065, 63.55899658203125, 64.00188369750977, 64.25127944946288, 64.78288269042969, 64.67246780395507, 65.37197341918946, 66.03920211791993, 66.61194610595703, 67.20610961914062, 67.44022598266602, 67.83279113769531, 69.03953704833984, 68.99263916015624, 69.83096694946289, 70.20627365112304, 71.1006591796875, 71.25541687011719, 72.32476348876953, 71.86553802490235, 73.4224624633789, 74.13284606933594, 74.48746871948242, 75.40028076171875, 75.71338272094727, 76.21329269409179, 77.47889556884766, 78.42245178222656, 79.22565231323242, 80.30139846801758, 80.35337677001954, 81.32176818847657, 82.46168975830078, 83.21452407836914, 84.40206604003906]
Losses: [2.782999217033386, 1.8909441270828247, 1.770658429145813, 1.715239975452423, 1.6697418241500854, 1.633178050994873, 1.5931055192947388, 1.5704634804725648, 1.5424476566314698, 1.5246458096504212, 1.4909820823669433, 1.4789194536209107, 1.459794310092926, 1.4538394160270691, 1.415573040008545, 1.4025327520370483, 1.397808717250824, 1.3861263794898986, 1.3688184814453126, 1.3567564187049865, 1.3498867058753967, 1.3322764449119568, 1.3117897901535034, 1.295041470527649, 1.2789793457984924, 1.2593950977325439, 1.2491704907417298, 1.2102104606628419, 1.2077855458259583, 1.181350070953369, 1.1585349364280702, 1.1303846554756165, 1.1182597365379334, 1.0816782805919647, 1.085489067554474, 1.0344645047187806, 0.9954483528137207, 0.9866068000793458, 0.9377288444042206, 0.9163958640098572, 0.8994841625690461, 0.846223450422287, 0.8016950604915619, 0.7626587872505188, 0.7196803910732269, 0.7191599311828614, 0.6762189371585846, 0.6287342067956925, 0.6028987355232239, 0.5577939832210541]
Testing Image: 0/125
Testing Image: 5/125
Testing Image: 10/125
Testing Image: 15/125
Testing Image: 20/125
Testing Image: 25/125
Testing Image: 30/125
Testing Image: 35/125
Testing Image: 40/125
Testing Image: 45/125
Testing Image: 50/125
Testing Image: 55/125
Testing Image: 60/125
Testing Image: 65/125
Testing Image: 70/125
Testing Image: 75/125
Testing Image: 80/125
Testing Image: 85/125
Testing Image: 90/125
Testing Image: 95/125
Testing Image: 100/125
Testing Image: 105/125
Testing Image: 110/125
Testing Image: 115/125
Testing Image: 120/125
Validation mIoU: 0.5718
