Training unet-2000-256-16-crop-100-0001...
epochs=100 lr=0.001, error=<function cross_entropy at 0x7fb74fde7b50>
    [0] Processed 0/125 batches (0.00%)
    [0] Processed 37/125 batches (29.60%)
    [0] Processed 74/125 batches (59.20%)
    [0] Processed 111/125 batches (88.80%)
Checkpoint 1 saved to /virtual/drosari3/models/unet-2000-256-16-crop-100-0001/unet-2000-256-16-crop-100-0001-checkpoint_epoch_1.pth
[20:49:38] Epoch [1/100] Loss: 4.3129 Accuracy: 47.16%
    [1] Processed 0/125 batches (0.00%)
    [1] Processed 37/125 batches (29.60%)
    [1] Processed 74/125 batches (59.20%)
    [1] Processed 111/125 batches (88.80%)
[20:55:07] Epoch [2/100] Loss: 1.7502 Accuracy: 53.80%
    [2] Processed 0/125 batches (0.00%)
    [2] Processed 37/125 batches (29.60%)
    [2] Processed 74/125 batches (59.20%)
    [2] Processed 111/125 batches (88.80%)
[21:00:42] Epoch [3/100] Loss: 1.7660 Accuracy: 55.18%
    [3] Processed 0/125 batches (0.00%)
    [3] Processed 37/125 batches (29.60%)
    [3] Processed 74/125 batches (59.20%)
    [3] Processed 111/125 batches (88.80%)
[21:06:15] Epoch [4/100] Loss: 1.7026 Accuracy: 57.07%
    [4] Processed 0/125 batches (0.00%)
    [4] Processed 37/125 batches (29.60%)
    [4] Processed 74/125 batches (59.20%)
    [4] Processed 111/125 batches (88.80%)
[21:11:46] Epoch [5/100] Loss: 1.6224 Accuracy: 58.81%
    [5] Processed 0/125 batches (0.00%)
    [5] Processed 37/125 batches (29.60%)
    [5] Processed 74/125 batches (59.20%)
    [5] Processed 111/125 batches (88.80%)
[21:17:17] Epoch [6/100] Loss: 1.5933 Accuracy: 59.33%
    [6] Processed 0/125 batches (0.00%)
    [6] Processed 37/125 batches (29.60%)
    [6] Processed 74/125 batches (59.20%)
    [6] Processed 111/125 batches (88.80%)
[21:22:33] Epoch [7/100] Loss: 1.6962 Accuracy: 57.71%
    [7] Processed 0/125 batches (0.00%)
    [7] Processed 37/125 batches (29.60%)
    [7] Processed 74/125 batches (59.20%)
    [7] Processed 111/125 batches (88.80%)
[21:27:46] Epoch [8/100] Loss: 1.5870 Accuracy: 58.87%
    [8] Processed 0/125 batches (0.00%)
    [8] Processed 37/125 batches (29.60%)
    [8] Processed 74/125 batches (59.20%)
    [8] Processed 111/125 batches (88.80%)
[21:33:00] Epoch [9/100] Loss: 1.5624 Accuracy: 59.33%
    [9] Processed 0/125 batches (0.00%)
    [9] Processed 37/125 batches (29.60%)
    [9] Processed 74/125 batches (59.20%)
    [9] Processed 111/125 batches (88.80%)
[21:38:14] Epoch [10/100] Loss: 1.5488 Accuracy: 59.59%
    [10] Processed 0/125 batches (0.00%)
    [10] Processed 37/125 batches (29.60%)
    [10] Processed 74/125 batches (59.20%)
    [10] Processed 111/125 batches (88.80%)
Checkpoint 11 saved to /virtual/drosari3/models/unet-2000-256-16-crop-100-0001/unet-2000-256-16-crop-100-0001-checkpoint_epoch_11.pth
[21:43:29] Epoch [11/100] Loss: 1.5294 Accuracy: 59.93%
    [11] Processed 0/125 batches (0.00%)
    [11] Processed 37/125 batches (29.60%)
    [11] Processed 74/125 batches (59.20%)
    [11] Processed 111/125 batches (88.80%)
[21:48:42] Epoch [12/100] Loss: 2.3510 Accuracy: 58.77%
    [12] Processed 0/125 batches (0.00%)
    [12] Processed 37/125 batches (29.60%)
    [12] Processed 74/125 batches (59.20%)
    [12] Processed 111/125 batches (88.80%)
[21:53:56] Epoch [13/100] Loss: 9.0543 Accuracy: 44.70%
    [13] Processed 0/125 batches (0.00%)
    [13] Processed 37/125 batches (29.60%)
    [13] Processed 74/125 batches (59.20%)
    [13] Processed 111/125 batches (88.80%)
[21:59:10] Epoch [14/100] Loss: 1.7207 Accuracy: 56.09%
    [14] Processed 0/125 batches (0.00%)
    [14] Processed 37/125 batches (29.60%)
    [14] Processed 74/125 batches (59.20%)
    [14] Processed 111/125 batches (88.80%)
[22:04:23] Epoch [15/100] Loss: 1.6509 Accuracy: 57.76%
    [15] Processed 0/125 batches (0.00%)
    [15] Processed 37/125 batches (29.60%)
    [15] Processed 74/125 batches (59.20%)
    [15] Processed 111/125 batches (88.80%)
[22:09:36] Epoch [16/100] Loss: 1.6104 Accuracy: 58.55%
    [16] Processed 0/125 batches (0.00%)
    [16] Processed 37/125 batches (29.60%)
    [16] Processed 74/125 batches (59.20%)
    [16] Processed 111/125 batches (88.80%)
[22:14:49] Epoch [17/100] Loss: 1.5902 Accuracy: 58.99%
    [17] Processed 0/125 batches (0.00%)
    [17] Processed 37/125 batches (29.60%)
    [17] Processed 74/125 batches (59.20%)
    [17] Processed 111/125 batches (88.80%)
[22:20:04] Epoch [18/100] Loss: 1.5617 Accuracy: 59.66%
    [18] Processed 0/125 batches (0.00%)
    [18] Processed 37/125 batches (29.60%)
    [18] Processed 74/125 batches (59.20%)
    [18] Processed 111/125 batches (88.80%)
[22:25:18] Epoch [19/100] Loss: 1.5678 Accuracy: 59.44%
    [19] Processed 0/125 batches (0.00%)
    [19] Processed 37/125 batches (29.60%)
    [19] Processed 74/125 batches (59.20%)
    [19] Processed 111/125 batches (88.80%)
[22:30:33] Epoch [20/100] Loss: 1.5444 Accuracy: 59.46%
    [20] Processed 0/125 batches (0.00%)
    [20] Processed 37/125 batches (29.60%)
    [20] Processed 74/125 batches (59.20%)
    [20] Processed 111/125 batches (88.80%)
Checkpoint 21 saved to /virtual/drosari3/models/unet-2000-256-16-crop-100-0001/unet-2000-256-16-crop-100-0001-checkpoint_epoch_21.pth
[22:35:47] Epoch [21/100] Loss: 1.5251 Accuracy: 59.83%
    [21] Processed 0/125 batches (0.00%)
    [21] Processed 37/125 batches (29.60%)
    [21] Processed 74/125 batches (59.20%)
    [21] Processed 111/125 batches (88.80%)
[22:41:01] Epoch [22/100] Loss: 1.5115 Accuracy: 60.14%
    [22] Processed 0/125 batches (0.00%)
    [22] Processed 37/125 batches (29.60%)
    [22] Processed 74/125 batches (59.20%)
    [22] Processed 111/125 batches (88.80%)
[22:46:15] Epoch [23/100] Loss: 1.5018 Accuracy: 60.34%
    [23] Processed 0/125 batches (0.00%)
    [23] Processed 37/125 batches (29.60%)
    [23] Processed 74/125 batches (59.20%)
    [23] Processed 111/125 batches (88.80%)
[22:51:28] Epoch [24/100] Loss: 1.5017 Accuracy: 60.31%
    [24] Processed 0/125 batches (0.00%)
    [24] Processed 37/125 batches (29.60%)
    [24] Processed 74/125 batches (59.20%)
    [24] Processed 111/125 batches (88.80%)
[22:56:41] Epoch [25/100] Loss: 1.4851 Accuracy: 60.89%
    [25] Processed 0/125 batches (0.00%)
    [25] Processed 37/125 batches (29.60%)
    [25] Processed 74/125 batches (59.20%)
    [25] Processed 111/125 batches (88.80%)
[23:01:55] Epoch [26/100] Loss: 1.4717 Accuracy: 60.89%
    [26] Processed 0/125 batches (0.00%)
    [26] Processed 37/125 batches (29.60%)
    [26] Processed 74/125 batches (59.20%)
    [26] Processed 111/125 batches (88.80%)
[23:07:09] Epoch [27/100] Loss: 1.4754 Accuracy: 60.84%
    [27] Processed 0/125 batches (0.00%)
    [27] Processed 37/125 batches (29.60%)
    [27] Processed 74/125 batches (59.20%)
    [27] Processed 111/125 batches (88.80%)
[23:12:24] Epoch [28/100] Loss: 1.4713 Accuracy: 60.92%
    [28] Processed 0/125 batches (0.00%)
    [28] Processed 37/125 batches (29.60%)
    [28] Processed 74/125 batches (59.20%)
    [28] Processed 111/125 batches (88.80%)
[23:17:39] Epoch [29/100] Loss: 1.4589 Accuracy: 61.29%
    [29] Processed 0/125 batches (0.00%)
    [29] Processed 37/125 batches (29.60%)
    [29] Processed 74/125 batches (59.20%)
    [29] Processed 111/125 batches (88.80%)
[23:22:53] Epoch [30/100] Loss: 1.4555 Accuracy: 61.32%
    [30] Processed 0/125 batches (0.00%)
    [30] Processed 37/125 batches (29.60%)
    [30] Processed 74/125 batches (59.20%)
    [30] Processed 111/125 batches (88.80%)
Checkpoint 31 saved to /virtual/drosari3/models/unet-2000-256-16-crop-100-0001/unet-2000-256-16-crop-100-0001-checkpoint_epoch_31.pth
[23:28:07] Epoch [31/100] Loss: 1.4536 Accuracy: 61.15%
    [31] Processed 0/125 batches (0.00%)
    [31] Processed 37/125 batches (29.60%)
    [31] Processed 74/125 batches (59.20%)
    [31] Processed 111/125 batches (88.80%)
[23:33:22] Epoch [32/100] Loss: 1.4377 Accuracy: 61.64%
    [32] Processed 0/125 batches (0.00%)
    [32] Processed 37/125 batches (29.60%)
    [32] Processed 74/125 batches (59.20%)
    [32] Processed 111/125 batches (88.80%)
[23:38:36] Epoch [33/100] Loss: 1.4390 Accuracy: 61.71%
    [33] Processed 0/125 batches (0.00%)
    [33] Processed 37/125 batches (29.60%)
    [33] Processed 74/125 batches (59.20%)
    [33] Processed 111/125 batches (88.80%)
[23:43:51] Epoch [34/100] Loss: 1.4307 Accuracy: 61.77%
    [34] Processed 0/125 batches (0.00%)
    [34] Processed 37/125 batches (29.60%)
    [34] Processed 74/125 batches (59.20%)
    [34] Processed 111/125 batches (88.80%)
[23:49:04] Epoch [35/100] Loss: 1.4221 Accuracy: 62.13%
    [35] Processed 0/125 batches (0.00%)
    [35] Processed 37/125 batches (29.60%)
    [35] Processed 74/125 batches (59.20%)
    [35] Processed 111/125 batches (88.80%)
[23:54:20] Epoch [36/100] Loss: 1.4137 Accuracy: 62.27%
    [36] Processed 0/125 batches (0.00%)
    [36] Processed 37/125 batches (29.60%)
    [36] Processed 74/125 batches (59.20%)
    [36] Processed 111/125 batches (88.80%)
[23:59:35] Epoch [37/100] Loss: 1.4126 Accuracy: 62.37%
    [37] Processed 0/125 batches (0.00%)
    [37] Processed 37/125 batches (29.60%)
    [37] Processed 74/125 batches (59.20%)
    [37] Processed 111/125 batches (88.80%)
[00:04:49] Epoch [38/100] Loss: 1.4046 Accuracy: 62.51%
    [38] Processed 0/125 batches (0.00%)
    [38] Processed 37/125 batches (29.60%)
    [38] Processed 74/125 batches (59.20%)
    [38] Processed 111/125 batches (88.80%)
[00:10:05] Epoch [39/100] Loss: 1.4030 Accuracy: 62.53%
    [39] Processed 0/125 batches (0.00%)
    [39] Processed 37/125 batches (29.60%)
    [39] Processed 74/125 batches (59.20%)
    [39] Processed 111/125 batches (88.80%)
[00:15:20] Epoch [40/100] Loss: 1.4161 Accuracy: 62.10%
    [40] Processed 0/125 batches (0.00%)
    [40] Processed 37/125 batches (29.60%)
    [40] Processed 74/125 batches (59.20%)
    [40] Processed 111/125 batches (88.80%)
Checkpoint 41 saved to /virtual/drosari3/models/unet-2000-256-16-crop-100-0001/unet-2000-256-16-crop-100-0001-checkpoint_epoch_41.pth
[00:20:33] Epoch [41/100] Loss: 1.4049 Accuracy: 62.50%
    [41] Processed 0/125 batches (0.00%)
    [41] Processed 37/125 batches (29.60%)
    [41] Processed 74/125 batches (59.20%)
    [41] Processed 111/125 batches (88.80%)
[00:25:47] Epoch [42/100] Loss: 1.3936 Accuracy: 62.83%
    [42] Processed 0/125 batches (0.00%)
    [42] Processed 37/125 batches (29.60%)
    [42] Processed 74/125 batches (59.20%)
    [42] Processed 111/125 batches (88.80%)
[00:31:01] Epoch [43/100] Loss: 1.3870 Accuracy: 63.01%
    [43] Processed 0/125 batches (0.00%)
    [43] Processed 37/125 batches (29.60%)
    [43] Processed 74/125 batches (59.20%)
    [43] Processed 111/125 batches (88.80%)
[00:36:15] Epoch [44/100] Loss: 1.3836 Accuracy: 63.03%
    [44] Processed 0/125 batches (0.00%)
    [44] Processed 37/125 batches (29.60%)
    [44] Processed 74/125 batches (59.20%)
    [44] Processed 111/125 batches (88.80%)
[00:41:29] Epoch [45/100] Loss: 1.3805 Accuracy: 63.22%
    [45] Processed 0/125 batches (0.00%)
    [45] Processed 37/125 batches (29.60%)
    [45] Processed 74/125 batches (59.20%)
    [45] Processed 111/125 batches (88.80%)
[00:46:47] Epoch [46/100] Loss: 1.3702 Accuracy: 63.65%
    [46] Processed 0/125 batches (0.00%)
    [46] Processed 37/125 batches (29.60%)
    [46] Processed 74/125 batches (59.20%)
    [46] Processed 111/125 batches (88.80%)
[00:52:02] Epoch [47/100] Loss: 1.3640 Accuracy: 63.99%
    [47] Processed 0/125 batches (0.00%)
    [47] Processed 37/125 batches (29.60%)
    [47] Processed 74/125 batches (59.20%)
    [47] Processed 111/125 batches (88.80%)
[00:57:16] Epoch [48/100] Loss: 1.3558 Accuracy: 63.90%
    [48] Processed 0/125 batches (0.00%)
    [48] Processed 37/125 batches (29.60%)
    [48] Processed 74/125 batches (59.20%)
    [48] Processed 111/125 batches (88.80%)
[01:02:31] Epoch [49/100] Loss: 1.3507 Accuracy: 63.96%
    [49] Processed 0/125 batches (0.00%)
    [49] Processed 37/125 batches (29.60%)
    [49] Processed 74/125 batches (59.20%)
    [49] Processed 111/125 batches (88.80%)
[01:07:46] Epoch [50/100] Loss: 1.3520 Accuracy: 64.18%
    [50] Processed 0/125 batches (0.00%)
    [50] Processed 37/125 batches (29.60%)
    [50] Processed 74/125 batches (59.20%)
    [50] Processed 111/125 batches (88.80%)
Checkpoint 51 saved to /virtual/drosari3/models/unet-2000-256-16-crop-100-0001/unet-2000-256-16-crop-100-0001-checkpoint_epoch_51.pth
[01:12:59] Epoch [51/100] Loss: 1.3439 Accuracy: 64.42%
    [51] Processed 0/125 batches (0.00%)
    [51] Processed 37/125 batches (29.60%)
    [51] Processed 74/125 batches (59.20%)
    [51] Processed 111/125 batches (88.80%)
[01:18:13] Epoch [52/100] Loss: 1.3344 Accuracy: 64.64%
    [52] Processed 0/125 batches (0.00%)
    [52] Processed 37/125 batches (29.60%)
    [52] Processed 74/125 batches (59.20%)
    [52] Processed 111/125 batches (88.80%)
[01:23:30] Epoch [53/100] Loss: 1.3302 Accuracy: 64.88%
    [53] Processed 0/125 batches (0.00%)
    [53] Processed 37/125 batches (29.60%)
    [53] Processed 74/125 batches (59.20%)
    [53] Processed 111/125 batches (88.80%)
[01:28:46] Epoch [54/100] Loss: 1.3196 Accuracy: 64.98%
    [54] Processed 0/125 batches (0.00%)
    [54] Processed 37/125 batches (29.60%)
    [54] Processed 74/125 batches (59.20%)
    [54] Processed 111/125 batches (88.80%)
[01:33:59] Epoch [55/100] Loss: 1.3299 Accuracy: 64.66%
    [55] Processed 0/125 batches (0.00%)
    [55] Processed 37/125 batches (29.60%)
    [55] Processed 74/125 batches (59.20%)
    [55] Processed 111/125 batches (88.80%)
[01:39:13] Epoch [56/100] Loss: 1.3176 Accuracy: 65.11%
    [56] Processed 0/125 batches (0.00%)
    [56] Processed 37/125 batches (29.60%)
    [56] Processed 74/125 batches (59.20%)
    [56] Processed 111/125 batches (88.80%)
[01:44:28] Epoch [57/100] Loss: 1.3160 Accuracy: 65.17%
    [57] Processed 0/125 batches (0.00%)
    [57] Processed 37/125 batches (29.60%)
    [57] Processed 74/125 batches (59.20%)
    [57] Processed 111/125 batches (88.80%)
[01:49:41] Epoch [58/100] Loss: 1.3190 Accuracy: 65.17%
    [58] Processed 0/125 batches (0.00%)
    [58] Processed 37/125 batches (29.60%)
    [58] Processed 74/125 batches (59.20%)
    [58] Processed 111/125 batches (88.80%)
[01:54:55] Epoch [59/100] Loss: 1.3048 Accuracy: 65.52%
    [59] Processed 0/125 batches (0.00%)
    [59] Processed 37/125 batches (29.60%)
    [59] Processed 74/125 batches (59.20%)
    [59] Processed 111/125 batches (88.80%)
[02:00:09] Epoch [60/100] Loss: 1.3036 Accuracy: 65.54%
    [60] Processed 0/125 batches (0.00%)
    [60] Processed 37/125 batches (29.60%)
    [60] Processed 74/125 batches (59.20%)
    [60] Processed 111/125 batches (88.80%)
Checkpoint 61 saved to /virtual/drosari3/models/unet-2000-256-16-crop-100-0001/unet-2000-256-16-crop-100-0001-checkpoint_epoch_61.pth
[02:05:24] Epoch [61/100] Loss: 1.3071 Accuracy: 65.40%
    [61] Processed 0/125 batches (0.00%)
    [61] Processed 37/125 batches (29.60%)
    [61] Processed 74/125 batches (59.20%)
    [61] Processed 111/125 batches (88.80%)
[02:10:38] Epoch [62/100] Loss: 1.3057 Accuracy: 65.49%
    [62] Processed 0/125 batches (0.00%)
    [62] Processed 37/125 batches (29.60%)
    [62] Processed 74/125 batches (59.20%)
    [62] Processed 111/125 batches (88.80%)
[02:15:52] Epoch [63/100] Loss: 1.3059 Accuracy: 65.63%
    [63] Processed 0/125 batches (0.00%)
    [63] Processed 37/125 batches (29.60%)
    [63] Processed 74/125 batches (59.20%)
    [63] Processed 111/125 batches (88.80%)
[02:21:06] Epoch [64/100] Loss: 1.2951 Accuracy: 65.97%
    [64] Processed 0/125 batches (0.00%)
    [64] Processed 37/125 batches (29.60%)
    [64] Processed 74/125 batches (59.20%)
    [64] Processed 111/125 batches (88.80%)
[02:26:20] Epoch [65/100] Loss: 1.2874 Accuracy: 65.92%
    [65] Processed 0/125 batches (0.00%)
    [65] Processed 37/125 batches (29.60%)
    [65] Processed 74/125 batches (59.20%)
    [65] Processed 111/125 batches (88.80%)
[02:31:35] Epoch [66/100] Loss: 1.2841 Accuracy: 65.96%
    [66] Processed 0/125 batches (0.00%)
    [66] Processed 37/125 batches (29.60%)
    [66] Processed 74/125 batches (59.20%)
    [66] Processed 111/125 batches (88.80%)
[02:36:50] Epoch [67/100] Loss: 1.2753 Accuracy: 66.31%
    [67] Processed 0/125 batches (0.00%)
    [67] Processed 37/125 batches (29.60%)
    [67] Processed 74/125 batches (59.20%)
    [67] Processed 111/125 batches (88.80%)
[02:42:04] Epoch [68/100] Loss: 1.2688 Accuracy: 66.34%
    [68] Processed 0/125 batches (0.00%)
    [68] Processed 37/125 batches (29.60%)
    [68] Processed 74/125 batches (59.20%)
    [68] Processed 111/125 batches (88.80%)
[02:47:19] Epoch [69/100] Loss: 1.2917 Accuracy: 65.67%
    [69] Processed 0/125 batches (0.00%)
    [69] Processed 37/125 batches (29.60%)
    [69] Processed 74/125 batches (59.20%)
    [69] Processed 111/125 batches (88.80%)
[02:52:32] Epoch [70/100] Loss: 1.2715 Accuracy: 66.42%
    [70] Processed 0/125 batches (0.00%)
    [70] Processed 37/125 batches (29.60%)
    [70] Processed 74/125 batches (59.20%)
    [70] Processed 111/125 batches (88.80%)
Checkpoint 71 saved to /virtual/drosari3/models/unet-2000-256-16-crop-100-0001/unet-2000-256-16-crop-100-0001-checkpoint_epoch_71.pth
[02:57:46] Epoch [71/100] Loss: 1.2676 Accuracy: 66.51%
    [71] Processed 0/125 batches (0.00%)
    [71] Processed 37/125 batches (29.60%)
    [71] Processed 74/125 batches (59.20%)
    [71] Processed 111/125 batches (88.80%)
[03:03:01] Epoch [72/100] Loss: 1.2678 Accuracy: 66.35%
    [72] Processed 0/125 batches (0.00%)
    [72] Processed 37/125 batches (29.60%)
    [72] Processed 74/125 batches (59.20%)
    [72] Processed 111/125 batches (88.80%)
[03:08:16] Epoch [73/100] Loss: 1.2680 Accuracy: 66.40%
    [73] Processed 0/125 batches (0.00%)
    [73] Processed 37/125 batches (29.60%)
    [73] Processed 74/125 batches (59.20%)
    [73] Processed 111/125 batches (88.80%)
[03:13:30] Epoch [74/100] Loss: 1.2727 Accuracy: 66.38%
    [74] Processed 0/125 batches (0.00%)
    [74] Processed 37/125 batches (29.60%)
    [74] Processed 74/125 batches (59.20%)
    [74] Processed 111/125 batches (88.80%)
[03:18:43] Epoch [75/100] Loss: 1.2547 Accuracy: 66.83%
    [75] Processed 0/125 batches (0.00%)
    [75] Processed 37/125 batches (29.60%)
    [75] Processed 74/125 batches (59.20%)
    [75] Processed 111/125 batches (88.80%)
[03:23:58] Epoch [76/100] Loss: 1.2540 Accuracy: 66.66%
    [76] Processed 0/125 batches (0.00%)
    [76] Processed 37/125 batches (29.60%)
    [76] Processed 74/125 batches (59.20%)
    [76] Processed 111/125 batches (88.80%)
[03:29:13] Epoch [77/100] Loss: 1.2510 Accuracy: 66.67%
    [77] Processed 0/125 batches (0.00%)
    [77] Processed 37/125 batches (29.60%)
    [77] Processed 74/125 batches (59.20%)
    [77] Processed 111/125 batches (88.80%)
[03:34:28] Epoch [78/100] Loss: 1.2430 Accuracy: 66.96%
    [78] Processed 0/125 batches (0.00%)
    [78] Processed 37/125 batches (29.60%)
    [78] Processed 74/125 batches (59.20%)
    [78] Processed 111/125 batches (88.80%)
[03:39:42] Epoch [79/100] Loss: 1.2357 Accuracy: 67.08%
    [79] Processed 0/125 batches (0.00%)
    [79] Processed 37/125 batches (29.60%)
    [79] Processed 74/125 batches (59.20%)
    [79] Processed 111/125 batches (88.80%)
[03:44:57] Epoch [80/100] Loss: 1.2475 Accuracy: 67.02%
    [80] Processed 0/125 batches (0.00%)
    [80] Processed 37/125 batches (29.60%)
    [80] Processed 74/125 batches (59.20%)
    [80] Processed 111/125 batches (88.80%)
Checkpoint 81 saved to /virtual/drosari3/models/unet-2000-256-16-crop-100-0001/unet-2000-256-16-crop-100-0001-checkpoint_epoch_81.pth
[03:50:11] Epoch [81/100] Loss: 1.2261 Accuracy: 67.50%
    [81] Processed 0/125 batches (0.00%)
    [81] Processed 37/125 batches (29.60%)
    [81] Processed 74/125 batches (59.20%)
    [81] Processed 111/125 batches (88.80%)
[03:55:25] Epoch [82/100] Loss: 1.2425 Accuracy: 67.11%
    [82] Processed 0/125 batches (0.00%)
    [82] Processed 37/125 batches (29.60%)
    [82] Processed 74/125 batches (59.20%)
    [82] Processed 111/125 batches (88.80%)
[04:00:40] Epoch [83/100] Loss: 1.2355 Accuracy: 67.20%
    [83] Processed 0/125 batches (0.00%)
    [83] Processed 37/125 batches (29.60%)
    [83] Processed 74/125 batches (59.20%)
    [83] Processed 111/125 batches (88.80%)
[04:05:56] Epoch [84/100] Loss: 1.2248 Accuracy: 67.66%
    [84] Processed 0/125 batches (0.00%)
    [84] Processed 37/125 batches (29.60%)
    [84] Processed 74/125 batches (59.20%)
    [84] Processed 111/125 batches (88.80%)
[04:11:11] Epoch [85/100] Loss: 1.2330 Accuracy: 67.28%
    [85] Processed 0/125 batches (0.00%)
    [85] Processed 37/125 batches (29.60%)
    [85] Processed 74/125 batches (59.20%)
    [85] Processed 111/125 batches (88.80%)
[04:16:27] Epoch [86/100] Loss: 1.2243 Accuracy: 67.38%
    [86] Processed 0/125 batches (0.00%)
    [86] Processed 37/125 batches (29.60%)
    [86] Processed 74/125 batches (59.20%)
    [86] Processed 111/125 batches (88.80%)
[04:21:41] Epoch [87/100] Loss: 1.2219 Accuracy: 67.52%
    [87] Processed 0/125 batches (0.00%)
    [87] Processed 37/125 batches (29.60%)
    [87] Processed 74/125 batches (59.20%)
    [87] Processed 111/125 batches (88.80%)
[04:26:55] Epoch [88/100] Loss: 1.2227 Accuracy: 67.62%
    [88] Processed 0/125 batches (0.00%)
    [88] Processed 37/125 batches (29.60%)
    [88] Processed 74/125 batches (59.20%)
    [88] Processed 111/125 batches (88.80%)
[04:32:10] Epoch [89/100] Loss: 1.2254 Accuracy: 67.36%
    [89] Processed 0/125 batches (0.00%)
    [89] Processed 37/125 batches (29.60%)
    [89] Processed 74/125 batches (59.20%)
    [89] Processed 111/125 batches (88.80%)
[04:37:27] Epoch [90/100] Loss: 1.2170 Accuracy: 67.80%
    [90] Processed 0/125 batches (0.00%)
    [90] Processed 37/125 batches (29.60%)
    [90] Processed 74/125 batches (59.20%)
    [90] Processed 111/125 batches (88.80%)
Checkpoint 91 saved to /virtual/drosari3/models/unet-2000-256-16-crop-100-0001/unet-2000-256-16-crop-100-0001-checkpoint_epoch_91.pth
[04:42:42] Epoch [91/100] Loss: 1.2216 Accuracy: 67.44%
    [91] Processed 0/125 batches (0.00%)
    [91] Processed 37/125 batches (29.60%)
    [91] Processed 74/125 batches (59.20%)
    [91] Processed 111/125 batches (88.80%)
[04:47:57] Epoch [92/100] Loss: 1.2097 Accuracy: 67.64%
    [92] Processed 0/125 batches (0.00%)
    [92] Processed 37/125 batches (29.60%)
    [92] Processed 74/125 batches (59.20%)
    [92] Processed 111/125 batches (88.80%)
[04:53:12] Epoch [93/100] Loss: 1.2044 Accuracy: 67.88%
    [93] Processed 0/125 batches (0.00%)
    [93] Processed 37/125 batches (29.60%)
    [93] Processed 74/125 batches (59.20%)
    [93] Processed 111/125 batches (88.80%)
[04:58:26] Epoch [94/100] Loss: 1.2073 Accuracy: 67.76%
    [94] Processed 0/125 batches (0.00%)
    [94] Processed 37/125 batches (29.60%)
    [94] Processed 74/125 batches (59.20%)
    [94] Processed 111/125 batches (88.80%)
[05:03:40] Epoch [95/100] Loss: 1.2056 Accuracy: 67.87%
    [95] Processed 0/125 batches (0.00%)
    [95] Processed 37/125 batches (29.60%)
    [95] Processed 74/125 batches (59.20%)
    [95] Processed 111/125 batches (88.80%)
[05:08:53] Epoch [96/100] Loss: 1.2016 Accuracy: 68.00%
    [96] Processed 0/125 batches (0.00%)
    [96] Processed 37/125 batches (29.60%)
    [96] Processed 74/125 batches (59.20%)
    [96] Processed 111/125 batches (88.80%)
[05:14:07] Epoch [97/100] Loss: 1.1963 Accuracy: 68.26%
    [97] Processed 0/125 batches (0.00%)
    [97] Processed 37/125 batches (29.60%)
    [97] Processed 74/125 batches (59.20%)
    [97] Processed 111/125 batches (88.80%)
[05:19:21] Epoch [98/100] Loss: 1.2020 Accuracy: 67.87%
    [98] Processed 0/125 batches (0.00%)
    [98] Processed 37/125 batches (29.60%)
    [98] Processed 74/125 batches (59.20%)
    [98] Processed 111/125 batches (88.80%)
[05:24:35] Epoch [99/100] Loss: 1.1941 Accuracy: 68.11%
    [99] Processed 0/125 batches (0.00%)
    [99] Processed 37/125 batches (29.60%)
    [99] Processed 74/125 batches (59.20%)
    [99] Processed 111/125 batches (88.80%)
[05:29:49] Epoch [100/100] Loss: 1.1968 Accuracy: 67.98%
Evaluating /virtual/drosari3/models/unet-2000-256-16-crop-100-0001/unet-2000-256-16-crop-100-0001.pth...
Accuracies: [47.1571762084961, 53.80379104614258, 55.18021697998047, 57.0663444519043, 58.81474304199219, 59.3297836303711, 57.71280517578125, 58.86863784790039, 59.333875274658205, 59.5926872253418, 59.928286743164065, 58.77084045410156, 44.70044479370117, 56.09083251953125, 57.76361312866211, 58.54747772216797, 58.992498779296874, 59.660458374023435, 59.43808517456055, 59.46223526000976, 59.83157577514648, 60.141787719726565, 60.344068908691405, 60.313683319091794, 60.892565155029295, 60.88694305419922, 60.836560821533205, 60.92408447265625, 61.29453582763672, 61.32023391723633, 61.14647674560547, 61.64187240600586, 61.70744857788086, 61.765384674072266, 62.12514038085938, 62.2724105834961, 62.36730041503906, 62.51087112426758, 62.53067398071289, 62.095130920410156, 62.500927734375, 62.8337287902832, 63.0130012512207, 63.027425384521486, 63.21958847045899, 63.6487434387207, 63.9907829284668, 63.89688720703125, 63.95924530029297, 64.17605895996094, 64.41779556274415, 64.63566055297852, 64.87543869018555, 64.97872161865234, 64.66452026367188, 65.10584869384766, 65.16735458374023, 65.16723403930663, 65.52225494384766, 65.53629989624024, 65.39712448120117, 65.48729019165039, 65.62539672851562, 65.97450180053711, 65.92395858764648, 65.9625228881836, 66.30729064941406, 66.33615188598633, 65.66515274047852, 66.42066268920898, 66.51205062866211, 66.34771041870117, 66.40227661132812, 66.38101043701172, 66.82886657714843, 66.65958175659179, 66.66981582641601, 66.9576202392578, 67.08071746826172, 67.02186965942383, 67.50376586914062, 67.10885772705078, 67.19690475463867, 67.6613540649414, 67.27862091064453, 67.38135528564453, 67.51921768188477, 67.61740188598633, 67.36231307983398, 67.79771347045899, 67.4389434814453, 67.64303512573242, 67.87943725585937, 67.75669860839844, 67.86587905883789, 68.0023422241211, 68.25628051757812, 67.86787490844726, 68.10883255004883, 67.97800216674804]
Losses: [4.312889780044555, 1.7501957626342775, 1.7660426383018493, 1.7026342420578002, 1.6224106659889221, 1.593315664768219, 1.6962252268791198, 1.5869688453674315, 1.5623512806892395, 1.548779047012329, 1.529399974822998, 2.351005358695984, 9.054255272865296, 1.7206542148590087, 1.6508896594047546, 1.6104370260238647, 1.5902150440216065, 1.5616967163085937, 1.5678454246520996, 1.5444430027008056, 1.5251219091415404, 1.5115177073478698, 1.5018477959632874, 1.5017373781204224, 1.4851237711906433, 1.4717469639778138, 1.475433621406555, 1.4712505354881287, 1.4588584656715393, 1.4554683203697205, 1.4535551137924194, 1.437705861568451, 1.4389774527549744, 1.4307204732894898, 1.4220574445724488, 1.413707748413086, 1.4126458535194397, 1.4045681934356689, 1.403021125793457, 1.416143871307373, 1.404899287223816, 1.3935655269622802, 1.387031035900116, 1.3835629091262818, 1.3804840626716615, 1.3701628813743592, 1.364013195514679, 1.355763081073761, 1.35072607254982, 1.352031681537628, 1.343909345626831, 1.3344216074943542, 1.3302413115501404, 1.3195898895263671, 1.3298884372711182, 1.317604085445404, 1.315971897125244, 1.318990110397339, 1.3048012952804566, 1.303590982437134, 1.3071393733024597, 1.3057212500572204, 1.3058850750923157, 1.2951218638420106, 1.2874495301246642, 1.2841302180290222, 1.2753246963024139, 1.2687757291793824, 1.2916554427146911, 1.2715073752403259, 1.267592131137848, 1.2678234796524048, 1.2679859652519225, 1.2726947994232178, 1.2547327198982239, 1.2539682912826537, 1.2510196461677552, 1.2430289664268495, 1.2357482528686523, 1.2474552297592163, 1.2261225471496582, 1.242533671617508, 1.2355310101509094, 1.22484770488739, 1.2330258960723877, 1.224264280796051, 1.2218906941413878, 1.2226943187713624, 1.2254245309829712, 1.2170380091667174, 1.2216399774551392, 1.2097006149291991, 1.2044253330230712, 1.207345600605011, 1.2056387057304383, 1.2015986156463623, 1.1963138155937194, 1.201957661628723, 1.1941424469947814, 1.1967709279060363]
Testing Image: 0/125
Testing Image: 5/125
Testing Image: 10/125
Testing Image: 15/125
Testing Image: 20/125
Testing Image: 25/125
Testing Image: 30/125
Testing Image: 35/125
Testing Image: 40/125
Testing Image: 45/125
Testing Image: 50/125
Testing Image: 55/125
Testing Image: 60/125
Testing Image: 65/125
Testing Image: 70/125
Testing Image: 75/125
Testing Image: 80/125
Testing Image: 85/125
Testing Image: 90/125
Testing Image: 95/125
Testing Image: 100/125
Testing Image: 105/125
Testing Image: 110/125
Testing Image: 115/125
Testing Image: 120/125
Validation mIoU: 0.5842
