Opening config.ini...
MAX_IMAGES: 18000
BATCH_SIZE: 20
LEARNING_RATE: 0.0005
EPOCHS: 100
TRANSFORM: RightCrop
IMAGE_DIMEN: 256
EVALUATION_IMAGES: ['_gcgraos355QHyu7iFMK1w', '_QDf_pTzs-sEyBubXqmqxA', '_wbVgGy7xrO_C_gsz-BCvA', 'FYoB0UGu40k9nKurB8pucw', '1pFw6qQwFQ__QdnYYB7YLA', '-C-x3xSPFIEjqbyVC5PRaQ', '_Uu1yfgmkbji9nkUT3Tikw', '_nDuQstcKZ714CoL0G5iZg']
CHECKPOINT_SAVE_INTERVAL: 10
MODEL_LOCATION: /virtual/drosari3/models/model-18000-RightCrop-256-20-00005-100-wCE
MODEL_NAME: model-18000-RightCrop-256-20-00005-100-wCE
Training model-18000-RightCrop-256-20-00005-100-wCE...
epochs=100 lr=0.0005, error=<function cross_entropy at 0x7f8eedd1f7f0>
    [0] Processed 0/900 batches (0.00%)
    [0] Processed 270/900 batches (30.00%)
    [0] Processed 540/900 batches (60.00%)
    [0] Processed 810/900 batches (90.00%)
Checkpoint 1 saved to /virtual/drosari3/models/model-18000-RightCrop-256-20-00005-100-wCE/checkpoints/checkpoint_epoch_1.pth
[21:37:32] Epoch [1/100] Loss: 8.6739 Accuracy: 98.49%
    [1] Processed 0/900 batches (0.00%)
    [1] Processed 270/900 batches (30.00%)
    [1] Processed 540/900 batches (60.00%)
    [1] Processed 810/900 batches (90.00%)
[21:59:44] Epoch [2/100] Loss: 0.0510 Accuracy: 99.67%
    [2] Processed 0/900 batches (0.00%)
    [2] Processed 270/900 batches (30.00%)
    [2] Processed 540/900 batches (60.00%)
    [2] Processed 810/900 batches (90.00%)
[22:22:10] Epoch [3/100] Loss: 0.0108 Accuracy: 99.67%
    [3] Processed 0/900 batches (0.00%)
    [3] Processed 270/900 batches (30.00%)
    [3] Processed 540/900 batches (60.00%)
    [3] Processed 810/900 batches (90.00%)
[22:44:37] Epoch [4/100] Loss: 0.0100 Accuracy: 99.67%
    [4] Processed 0/900 batches (0.00%)
    [4] Processed 270/900 batches (30.00%)
    [4] Processed 540/900 batches (60.00%)
    [4] Processed 810/900 batches (90.00%)
[23:06:59] Epoch [5/100] Loss: 0.0142 Accuracy: 99.68%
    [5] Processed 0/900 batches (0.00%)
    [5] Processed 270/900 batches (30.00%)
    [5] Processed 540/900 batches (60.00%)
    [5] Processed 810/900 batches (90.00%)
[23:28:20] Epoch [6/100] Loss: 0.0091 Accuracy: 99.68%
    [6] Processed 0/900 batches (0.00%)
    [6] Processed 270/900 batches (30.00%)
    [6] Processed 540/900 batches (60.00%)
    [6] Processed 810/900 batches (90.00%)
[23:50:08] Epoch [7/100] Loss: 0.0397 Accuracy: 99.69%
    [7] Processed 0/900 batches (0.00%)
    [7] Processed 270/900 batches (30.00%)
    [7] Processed 540/900 batches (60.00%)
    [7] Processed 810/900 batches (90.00%)
[00:11:26] Epoch [8/100] Loss: 0.0153 Accuracy: 99.66%
    [8] Processed 0/900 batches (0.00%)
    [8] Processed 270/900 batches (30.00%)
    [8] Processed 540/900 batches (60.00%)
    [8] Processed 810/900 batches (90.00%)
[00:32:59] Epoch [9/100] Loss: 0.0141 Accuracy: 99.59%
    [9] Processed 0/900 batches (0.00%)
    [9] Processed 270/900 batches (30.00%)
    [9] Processed 540/900 batches (60.00%)
    [9] Processed 810/900 batches (90.00%)
[00:54:26] Epoch [10/100] Loss: 0.0471 Accuracy: 99.61%
    [10] Processed 0/900 batches (0.00%)
    [10] Processed 270/900 batches (30.00%)
    [10] Processed 540/900 batches (60.00%)
    [10] Processed 810/900 batches (90.00%)
Checkpoint 11 saved to /virtual/drosari3/models/model-18000-RightCrop-256-20-00005-100-wCE/checkpoints/checkpoint_epoch_11.pth
[01:15:56] Epoch [11/100] Loss: 0.0101 Accuracy: 99.62%
    [11] Processed 0/900 batches (0.00%)
    [11] Processed 270/900 batches (30.00%)
    [11] Processed 540/900 batches (60.00%)
    [11] Processed 810/900 batches (90.00%)
[01:36:55] Epoch [12/100] Loss: 0.0078 Accuracy: 99.70%
    [12] Processed 0/900 batches (0.00%)
    [12] Processed 270/900 batches (30.00%)
    [12] Processed 540/900 batches (60.00%)
    [12] Processed 810/900 batches (90.00%)
[01:58:00] Epoch [13/100] Loss: 0.0075 Accuracy: 99.70%
    [13] Processed 0/900 batches (0.00%)
    [13] Processed 270/900 batches (30.00%)
    [13] Processed 540/900 batches (60.00%)
    [13] Processed 810/900 batches (90.00%)
[02:18:58] Epoch [14/100] Loss: 0.0079 Accuracy: 99.70%
    [14] Processed 0/900 batches (0.00%)
    [14] Processed 270/900 batches (30.00%)
    [14] Processed 540/900 batches (60.00%)
    [14] Processed 810/900 batches (90.00%)
[02:39:54] Epoch [15/100] Loss: 0.0074 Accuracy: 99.69%
    [15] Processed 0/900 batches (0.00%)
    [15] Processed 270/900 batches (30.00%)
    [15] Processed 540/900 batches (60.00%)
    [15] Processed 810/900 batches (90.00%)
[03:00:55] Epoch [16/100] Loss: 0.0077 Accuracy: 99.70%
    [16] Processed 0/900 batches (0.00%)
    [16] Processed 270/900 batches (30.00%)
    [16] Processed 540/900 batches (60.00%)
    [16] Processed 810/900 batches (90.00%)
[03:21:59] Epoch [17/100] Loss: 0.0073 Accuracy: 99.70%
    [17] Processed 0/900 batches (0.00%)
    [17] Processed 270/900 batches (30.00%)
    [17] Processed 540/900 batches (60.00%)
    [17] Processed 810/900 batches (90.00%)
[03:43:04] Epoch [18/100] Loss: 0.0073 Accuracy: 99.71%
    [18] Processed 0/900 batches (0.00%)
    [18] Processed 270/900 batches (30.00%)
    [18] Processed 540/900 batches (60.00%)
    [18] Processed 810/900 batches (90.00%)
[04:04:07] Epoch [19/100] Loss: 0.0072 Accuracy: 99.70%
    [19] Processed 0/900 batches (0.00%)
    [19] Processed 270/900 batches (30.00%)
    [19] Processed 540/900 batches (60.00%)
    [19] Processed 810/900 batches (90.00%)
[04:25:06] Epoch [20/100] Loss: 0.0073 Accuracy: 99.71%
    [20] Processed 0/900 batches (0.00%)
    [20] Processed 270/900 batches (30.00%)
    [20] Processed 540/900 batches (60.00%)
    [20] Processed 810/900 batches (90.00%)
Checkpoint 21 saved to /virtual/drosari3/models/model-18000-RightCrop-256-20-00005-100-wCE/checkpoints/checkpoint_epoch_21.pth
[04:46:09] Epoch [21/100] Loss: 0.0154 Accuracy: 99.51%
    [21] Processed 0/900 batches (0.00%)
    [21] Processed 270/900 batches (30.00%)
    [21] Processed 540/900 batches (60.00%)
    [21] Processed 810/900 batches (90.00%)
[05:07:17] Epoch [22/100] Loss: 0.0071 Accuracy: 99.71%
    [22] Processed 0/900 batches (0.00%)
    [22] Processed 270/900 batches (30.00%)
    [22] Processed 540/900 batches (60.00%)
    [22] Processed 810/900 batches (90.00%)
[05:28:33] Epoch [23/100] Loss: 0.0069 Accuracy: 99.72%
    [23] Processed 0/900 batches (0.00%)
    [23] Processed 270/900 batches (30.00%)
    [23] Processed 540/900 batches (60.00%)
    [23] Processed 810/900 batches (90.00%)
[05:49:30] Epoch [24/100] Loss: 0.0069 Accuracy: 99.72%
    [24] Processed 0/900 batches (0.00%)
    [24] Processed 270/900 batches (30.00%)
    [24] Processed 540/900 batches (60.00%)
    [24] Processed 810/900 batches (90.00%)
[06:10:34] Epoch [25/100] Loss: 0.0068 Accuracy: 99.71%
    [25] Processed 0/900 batches (0.00%)
    [25] Processed 270/900 batches (30.00%)
    [25] Processed 540/900 batches (60.00%)
    [25] Processed 810/900 batches (90.00%)
[06:31:58] Epoch [26/100] Loss: 0.0072 Accuracy: 99.76%
    [26] Processed 0/900 batches (0.00%)
    [26] Processed 270/900 batches (30.00%)
    [26] Processed 540/900 batches (60.00%)
    [26] Processed 810/900 batches (90.00%)
[06:53:03] Epoch [27/100] Loss: 0.0068 Accuracy: 99.71%
    [27] Processed 0/900 batches (0.00%)
    [27] Processed 270/900 batches (30.00%)
    [27] Processed 540/900 batches (60.00%)
    [27] Processed 810/900 batches (90.00%)
[07:14:04] Epoch [28/100] Loss: 0.0074 Accuracy: 99.72%
    [28] Processed 0/900 batches (0.00%)
    [28] Processed 270/900 batches (30.00%)
    [28] Processed 540/900 batches (60.00%)
    [28] Processed 810/900 batches (90.00%)
[07:35:12] Epoch [29/100] Loss: 0.0078 Accuracy: 99.76%
    [29] Processed 0/900 batches (0.00%)
    [29] Processed 270/900 batches (30.00%)
    [29] Processed 540/900 batches (60.00%)
    [29] Processed 810/900 batches (90.00%)
[07:56:26] Epoch [30/100] Loss: 0.0064 Accuracy: 99.73%
    [30] Processed 0/900 batches (0.00%)
    [30] Processed 270/900 batches (30.00%)
    [30] Processed 540/900 batches (60.00%)
    [30] Processed 810/900 batches (90.00%)
Checkpoint 31 saved to /virtual/drosari3/models/model-18000-RightCrop-256-20-00005-100-wCE/checkpoints/checkpoint_epoch_31.pth
[08:17:37] Epoch [31/100] Loss: 0.0072 Accuracy: 99.75%
    [31] Processed 0/900 batches (0.00%)
    [31] Processed 270/900 batches (30.00%)
    [31] Processed 540/900 batches (60.00%)
    [31] Processed 810/900 batches (90.00%)
[08:38:53] Epoch [32/100] Loss: 0.0063 Accuracy: 99.76%
    [32] Processed 0/900 batches (0.00%)
    [32] Processed 270/900 batches (30.00%)
    [32] Processed 540/900 batches (60.00%)
    [32] Processed 810/900 batches (90.00%)
[09:00:00] Epoch [33/100] Loss: 0.0076 Accuracy: 99.73%
    [33] Processed 0/900 batches (0.00%)
    [33] Processed 270/900 batches (30.00%)
    [33] Processed 540/900 batches (60.00%)
    [33] Processed 810/900 batches (90.00%)
[09:21:20] Epoch [34/100] Loss: 0.0068 Accuracy: 99.76%
    [34] Processed 0/900 batches (0.00%)
    [34] Processed 270/900 batches (30.00%)
    [34] Processed 540/900 batches (60.00%)
    [34] Processed 810/900 batches (90.00%)
[09:42:26] Epoch [35/100] Loss: 0.0061 Accuracy: 99.74%
    [35] Processed 0/900 batches (0.00%)
    [35] Processed 270/900 batches (30.00%)
    [35] Processed 540/900 batches (60.00%)
    [35] Processed 810/900 batches (90.00%)
[10:03:40] Epoch [36/100] Loss: 0.0065 Accuracy: 99.75%
    [36] Processed 0/900 batches (0.00%)
    [36] Processed 270/900 batches (30.00%)
    [36] Processed 540/900 batches (60.00%)
    [36] Processed 810/900 batches (90.00%)
[10:24:47] Epoch [37/100] Loss: 0.0062 Accuracy: 99.75%
    [37] Processed 0/900 batches (0.00%)
    [37] Processed 270/900 batches (30.00%)
    [37] Processed 540/900 batches (60.00%)
    [37] Processed 810/900 batches (90.00%)
[10:45:57] Epoch [38/100] Loss: 0.0082 Accuracy: 99.75%
    [38] Processed 0/900 batches (0.00%)
    [38] Processed 270/900 batches (30.00%)
    [38] Processed 540/900 batches (60.00%)
    [38] Processed 810/900 batches (90.00%)
[11:07:25] Epoch [39/100] Loss: 0.0064 Accuracy: 99.74%
    [39] Processed 0/900 batches (0.00%)
    [39] Processed 270/900 batches (30.00%)
    [39] Processed 540/900 batches (60.00%)
    [39] Processed 810/900 batches (90.00%)
[11:28:41] Epoch [40/100] Loss: 0.0060 Accuracy: 99.74%
    [40] Processed 0/900 batches (0.00%)
    [40] Processed 270/900 batches (30.00%)
    [40] Processed 540/900 batches (60.00%)
    [40] Processed 810/900 batches (90.00%)
Checkpoint 41 saved to /virtual/drosari3/models/model-18000-RightCrop-256-20-00005-100-wCE/checkpoints/checkpoint_epoch_41.pth
[11:50:16] Epoch [41/100] Loss: 0.0060 Accuracy: 99.73%
    [41] Processed 0/900 batches (0.00%)
    [41] Processed 270/900 batches (30.00%)
    [41] Processed 540/900 batches (60.00%)
    [41] Processed 810/900 batches (90.00%)
[12:11:22] Epoch [42/100] Loss: 0.0060 Accuracy: 99.73%
    [42] Processed 0/900 batches (0.00%)
    [42] Processed 270/900 batches (30.00%)
    [42] Processed 540/900 batches (60.00%)
    [42] Processed 810/900 batches (90.00%)
[12:32:34] Epoch [43/100] Loss: 0.0062 Accuracy: 99.73%
    [43] Processed 0/900 batches (0.00%)
    [43] Processed 270/900 batches (30.00%)
    [43] Processed 540/900 batches (60.00%)
    [43] Processed 810/900 batches (90.00%)
[12:53:47] Epoch [44/100] Loss: 0.0062 Accuracy: 99.75%
    [44] Processed 0/900 batches (0.00%)
    [44] Processed 270/900 batches (30.00%)
    [44] Processed 540/900 batches (60.00%)
    [44] Processed 810/900 batches (90.00%)
[13:14:54] Epoch [45/100] Loss: 0.0060 Accuracy: 99.73%
    [45] Processed 0/900 batches (0.00%)
    [45] Processed 270/900 batches (30.00%)
    [45] Processed 540/900 batches (60.00%)
    [45] Processed 810/900 batches (90.00%)
[13:36:01] Epoch [46/100] Loss: 0.0056 Accuracy: 99.75%
    [46] Processed 0/900 batches (0.00%)
    [46] Processed 270/900 batches (30.00%)
    [46] Processed 540/900 batches (60.00%)
    [46] Processed 810/900 batches (90.00%)
[13:57:16] Epoch [47/100] Loss: 0.0056 Accuracy: 99.75%
    [47] Processed 0/900 batches (0.00%)
    [47] Processed 270/900 batches (30.00%)
    [47] Processed 540/900 batches (60.00%)
    [47] Processed 810/900 batches (90.00%)
[14:18:36] Epoch [48/100] Loss: 0.0060 Accuracy: 99.77%
    [48] Processed 0/900 batches (0.00%)
    [48] Processed 270/900 batches (30.00%)
    [48] Processed 540/900 batches (60.00%)
    [48] Processed 810/900 batches (90.00%)
[14:39:47] Epoch [49/100] Loss: 0.0062 Accuracy: 99.75%
    [49] Processed 0/900 batches (0.00%)
    [49] Processed 270/900 batches (30.00%)
    [49] Processed 540/900 batches (60.00%)
    [49] Processed 810/900 batches (90.00%)
[15:00:58] Epoch [50/100] Loss: 0.0071 Accuracy: 99.74%
    [50] Processed 0/900 batches (0.00%)
    [50] Processed 270/900 batches (30.00%)
    [50] Processed 540/900 batches (60.00%)
    [50] Processed 810/900 batches (90.00%)
Checkpoint 51 saved to /virtual/drosari3/models/model-18000-RightCrop-256-20-00005-100-wCE/checkpoints/checkpoint_epoch_51.pth
[15:22:18] Epoch [51/100] Loss: 0.0057 Accuracy: 99.74%
    [51] Processed 0/900 batches (0.00%)
    [51] Processed 270/900 batches (30.00%)
    [51] Processed 540/900 batches (60.00%)
    [51] Processed 810/900 batches (90.00%)
[15:43:28] Epoch [52/100] Loss: 0.0055 Accuracy: 99.76%
    [52] Processed 0/900 batches (0.00%)
    [52] Processed 270/900 batches (30.00%)
    [52] Processed 540/900 batches (60.00%)
    [52] Processed 810/900 batches (90.00%)
[16:04:39] Epoch [53/100] Loss: 0.0053 Accuracy: 99.76%
    [53] Processed 0/900 batches (0.00%)
    [53] Processed 270/900 batches (30.00%)
    [53] Processed 540/900 batches (60.00%)
    [53] Processed 810/900 batches (90.00%)
[16:25:53] Epoch [54/100] Loss: 0.0055 Accuracy: 99.75%
    [54] Processed 0/900 batches (0.00%)
    [54] Processed 270/900 batches (30.00%)
    [54] Processed 540/900 batches (60.00%)
    [54] Processed 810/900 batches (90.00%)
[16:47:09] Epoch [55/100] Loss: 0.0055 Accuracy: 99.75%
    [55] Processed 0/900 batches (0.00%)
    [55] Processed 270/900 batches (30.00%)
    [55] Processed 540/900 batches (60.00%)
    [55] Processed 810/900 batches (90.00%)
[17:08:20] Epoch [56/100] Loss: 0.0058 Accuracy: 99.75%
    [56] Processed 0/900 batches (0.00%)
    [56] Processed 270/900 batches (30.00%)
    [56] Processed 540/900 batches (60.00%)
    [56] Processed 810/900 batches (90.00%)
[17:29:33] Epoch [57/100] Loss: 0.0057 Accuracy: 99.77%
    [57] Processed 0/900 batches (0.00%)
    [57] Processed 270/900 batches (30.00%)
    [57] Processed 540/900 batches (60.00%)
    [57] Processed 810/900 batches (90.00%)
[17:50:47] Epoch [58/100] Loss: 0.0058 Accuracy: 99.75%
    [58] Processed 0/900 batches (0.00%)
    [58] Processed 270/900 batches (30.00%)
    [58] Processed 540/900 batches (60.00%)
    [58] Processed 810/900 batches (90.00%)
[18:11:57] Epoch [59/100] Loss: 0.0062 Accuracy: 99.76%
    [59] Processed 0/900 batches (0.00%)
    [59] Processed 270/900 batches (30.00%)
    [59] Processed 540/900 batches (60.00%)
    [59] Processed 810/900 batches (90.00%)
[18:35:51] Epoch [60/100] Loss: 0.0055 Accuracy: 99.76%
    [60] Processed 0/900 batches (0.00%)
    [60] Processed 270/900 batches (30.00%)
    [60] Processed 540/900 batches (60.00%)
    [60] Processed 810/900 batches (90.00%)
Checkpoint 61 saved to /virtual/drosari3/models/model-18000-RightCrop-256-20-00005-100-wCE/checkpoints/checkpoint_epoch_61.pth
[19:00:35] Epoch [61/100] Loss: 0.0052 Accuracy: 99.77%
    [61] Processed 0/900 batches (0.00%)
    [61] Processed 270/900 batches (30.00%)
    [61] Processed 540/900 batches (60.00%)
    [61] Processed 810/900 batches (90.00%)
[19:25:06] Epoch [62/100] Loss: 0.0059 Accuracy: 99.74%
    [62] Processed 0/900 batches (0.00%)
    [62] Processed 270/900 batches (30.00%)
    [62] Processed 540/900 batches (60.00%)
    [62] Processed 810/900 batches (90.00%)
[19:49:31] Epoch [63/100] Loss: 0.0057 Accuracy: 99.77%
    [63] Processed 0/900 batches (0.00%)
    [63] Processed 270/900 batches (30.00%)
    [63] Processed 540/900 batches (60.00%)
    [63] Processed 810/900 batches (90.00%)
[20:13:57] Epoch [64/100] Loss: 0.0054 Accuracy: 99.77%
    [64] Processed 0/900 batches (0.00%)
    [64] Processed 270/900 batches (30.00%)
    [64] Processed 540/900 batches (60.00%)
    [64] Processed 810/900 batches (90.00%)
[20:38:27] Epoch [65/100] Loss: 0.0054 Accuracy: 99.77%
    [65] Processed 0/900 batches (0.00%)
    [65] Processed 270/900 batches (30.00%)
    [65] Processed 540/900 batches (60.00%)
    [65] Processed 810/900 batches (90.00%)
[21:02:56] Epoch [66/100] Loss: 0.0052 Accuracy: 99.76%
    [66] Processed 0/900 batches (0.00%)
    [66] Processed 270/900 batches (30.00%)
    [66] Processed 540/900 batches (60.00%)
    [66] Processed 810/900 batches (90.00%)
[21:27:18] Epoch [67/100] Loss: 0.0053 Accuracy: 99.76%
    [67] Processed 0/900 batches (0.00%)
    [67] Processed 270/900 batches (30.00%)
    [67] Processed 540/900 batches (60.00%)
    [67] Processed 810/900 batches (90.00%)
[21:51:44] Epoch [68/100] Loss: 0.0053 Accuracy: 99.75%
    [68] Processed 0/900 batches (0.00%)
    [68] Processed 270/900 batches (30.00%)
    [68] Processed 540/900 batches (60.00%)
    [68] Processed 810/900 batches (90.00%)
[22:16:11] Epoch [69/100] Loss: 0.0059 Accuracy: 99.75%
    [69] Processed 0/900 batches (0.00%)
    [69] Processed 270/900 batches (30.00%)
    [69] Processed 540/900 batches (60.00%)
    [69] Processed 810/900 batches (90.00%)
[22:40:48] Epoch [70/100] Loss: 0.0053 Accuracy: 99.76%
    [70] Processed 0/900 batches (0.00%)
    [70] Processed 270/900 batches (30.00%)
    [70] Processed 540/900 batches (60.00%)
    [70] Processed 810/900 batches (90.00%)
Checkpoint 71 saved to /virtual/drosari3/models/model-18000-RightCrop-256-20-00005-100-wCE/checkpoints/checkpoint_epoch_71.pth
[23:05:11] Epoch [71/100] Loss: 0.0050 Accuracy: 99.77%
    [71] Processed 0/900 batches (0.00%)
    [71] Processed 270/900 batches (30.00%)
    [71] Processed 540/900 batches (60.00%)
    [71] Processed 810/900 batches (90.00%)
[23:29:40] Epoch [72/100] Loss: 0.0053 Accuracy: 99.77%
    [72] Processed 0/900 batches (0.00%)
    [72] Processed 270/900 batches (30.00%)
    [72] Processed 540/900 batches (60.00%)
    [72] Processed 810/900 batches (90.00%)
[23:54:15] Epoch [73/100] Loss: 0.0050 Accuracy: 99.77%
    [73] Processed 0/900 batches (0.00%)
    [73] Processed 270/900 batches (30.00%)
    [73] Processed 540/900 batches (60.00%)
    [73] Processed 810/900 batches (90.00%)
[00:18:42] Epoch [74/100] Loss: 0.0054 Accuracy: 99.78%
    [74] Processed 0/900 batches (0.00%)
    [74] Processed 270/900 batches (30.00%)
    [74] Processed 540/900 batches (60.00%)
    [74] Processed 810/900 batches (90.00%)
[00:43:15] Epoch [75/100] Loss: 0.0051 Accuracy: 99.78%
    [75] Processed 0/900 batches (0.00%)
    [75] Processed 270/900 batches (30.00%)
    [75] Processed 540/900 batches (60.00%)
    [75] Processed 810/900 batches (90.00%)
[01:08:07] Epoch [76/100] Loss: 0.0055 Accuracy: 99.77%
    [76] Processed 0/900 batches (0.00%)
    [76] Processed 270/900 batches (30.00%)
    [76] Processed 540/900 batches (60.00%)
    [76] Processed 810/900 batches (90.00%)
[01:32:33] Epoch [77/100] Loss: 0.0049 Accuracy: 99.78%
    [77] Processed 0/900 batches (0.00%)
    [77] Processed 270/900 batches (30.00%)
    [77] Processed 540/900 batches (60.00%)
    [77] Processed 810/900 batches (90.00%)
[01:57:07] Epoch [78/100] Loss: 0.0049 Accuracy: 99.78%
    [78] Processed 0/900 batches (0.00%)
    [78] Processed 270/900 batches (30.00%)
    [78] Processed 540/900 batches (60.00%)
    [78] Processed 810/900 batches (90.00%)
[02:22:07] Epoch [79/100] Loss: 0.0056 Accuracy: 99.77%
    [79] Processed 0/900 batches (0.00%)
    [79] Processed 270/900 batches (30.00%)
    [79] Processed 540/900 batches (60.00%)
    [79] Processed 810/900 batches (90.00%)
[02:46:29] Epoch [80/100] Loss: 0.0047 Accuracy: 99.76%
    [80] Processed 0/900 batches (0.00%)
    [80] Processed 270/900 batches (30.00%)
    [80] Processed 540/900 batches (60.00%)
    [80] Processed 810/900 batches (90.00%)
Checkpoint 81 saved to /virtual/drosari3/models/model-18000-RightCrop-256-20-00005-100-wCE/checkpoints/checkpoint_epoch_81.pth
[03:11:12] Epoch [81/100] Loss: 0.0052 Accuracy: 99.76%
    [81] Processed 0/900 batches (0.00%)
    [81] Processed 270/900 batches (30.00%)
    [81] Processed 540/900 batches (60.00%)
    [81] Processed 810/900 batches (90.00%)
[03:35:47] Epoch [82/100] Loss: 0.0059 Accuracy: 99.78%
    [82] Processed 0/900 batches (0.00%)
    [82] Processed 270/900 batches (30.00%)
    [82] Processed 540/900 batches (60.00%)
    [82] Processed 810/900 batches (90.00%)
[04:00:15] Epoch [83/100] Loss: 0.0047 Accuracy: 99.78%
    [83] Processed 0/900 batches (0.00%)
    [83] Processed 270/900 batches (30.00%)
    [83] Processed 540/900 batches (60.00%)
    [83] Processed 810/900 batches (90.00%)
[04:24:49] Epoch [84/100] Loss: 0.0068 Accuracy: 99.77%
    [84] Processed 0/900 batches (0.00%)
    [84] Processed 270/900 batches (30.00%)
    [84] Processed 540/900 batches (60.00%)
    [84] Processed 810/900 batches (90.00%)
[04:49:24] Epoch [85/100] Loss: 0.0073 Accuracy: 99.74%
    [85] Processed 0/900 batches (0.00%)
    [85] Processed 270/900 batches (30.00%)
    [85] Processed 540/900 batches (60.00%)
    [85] Processed 810/900 batches (90.00%)
[05:14:08] Epoch [86/100] Loss: 0.0051 Accuracy: 99.77%
    [86] Processed 0/900 batches (0.00%)
    [86] Processed 270/900 batches (30.00%)
    [86] Processed 540/900 batches (60.00%)
    [86] Processed 810/900 batches (90.00%)
[05:38:47] Epoch [87/100] Loss: 0.0050 Accuracy: 99.76%
    [87] Processed 0/900 batches (0.00%)
    [87] Processed 270/900 batches (30.00%)
    [87] Processed 540/900 batches (60.00%)
    [87] Processed 810/900 batches (90.00%)
[06:03:06] Epoch [88/100] Loss: 0.0049 Accuracy: 99.77%
    [88] Processed 0/900 batches (0.00%)
    [88] Processed 270/900 batches (30.00%)
    [88] Processed 540/900 batches (60.00%)
    [88] Processed 810/900 batches (90.00%)
[06:27:46] Epoch [89/100] Loss: 0.0051 Accuracy: 99.77%
    [89] Processed 0/900 batches (0.00%)
    [89] Processed 270/900 batches (30.00%)
    [89] Processed 540/900 batches (60.00%)
    [89] Processed 810/900 batches (90.00%)
[06:52:07] Epoch [90/100] Loss: 0.0054 Accuracy: 99.75%
    [90] Processed 0/900 batches (0.00%)
    [90] Processed 270/900 batches (30.00%)
    [90] Processed 540/900 batches (60.00%)
    [90] Processed 810/900 batches (90.00%)
Checkpoint 91 saved to /virtual/drosari3/models/model-18000-RightCrop-256-20-00005-100-wCE/checkpoints/checkpoint_epoch_91.pth
[07:16:41] Epoch [91/100] Loss: 0.0047 Accuracy: 99.79%
    [91] Processed 0/900 batches (0.00%)
    [91] Processed 270/900 batches (30.00%)
    [91] Processed 540/900 batches (60.00%)
    [91] Processed 810/900 batches (90.00%)
[07:41:00] Epoch [92/100] Loss: 0.0142 Accuracy: 99.73%
    [92] Processed 0/900 batches (0.00%)
    [92] Processed 270/900 batches (30.00%)
    [92] Processed 540/900 batches (60.00%)
    [92] Processed 810/900 batches (90.00%)
[08:05:21] Epoch [93/100] Loss: 0.0059 Accuracy: 99.76%
    [93] Processed 0/900 batches (0.00%)
    [93] Processed 270/900 batches (30.00%)
    [93] Processed 540/900 batches (60.00%)
    [93] Processed 810/900 batches (90.00%)
[08:30:03] Epoch [94/100] Loss: 0.0057 Accuracy: 99.77%
    [94] Processed 0/900 batches (0.00%)
    [94] Processed 270/900 batches (30.00%)
    [94] Processed 540/900 batches (60.00%)
    [94] Processed 810/900 batches (90.00%)
[08:54:29] Epoch [95/100] Loss: 0.0050 Accuracy: 99.80%
    [95] Processed 0/900 batches (0.00%)
    [95] Processed 270/900 batches (30.00%)
    [95] Processed 540/900 batches (60.00%)
    [95] Processed 810/900 batches (90.00%)
[09:16:46] Epoch [96/100] Loss: 0.0045 Accuracy: 99.78%
    [96] Processed 0/900 batches (0.00%)
    [96] Processed 270/900 batches (30.00%)
    [96] Processed 540/900 batches (60.00%)
    [96] Processed 810/900 batches (90.00%)
[09:38:09] Epoch [97/100] Loss: 0.0047 Accuracy: 99.77%
    [97] Processed 0/900 batches (0.00%)
    [97] Processed 270/900 batches (30.00%)
    [97] Processed 540/900 batches (60.00%)
    [97] Processed 810/900 batches (90.00%)
[09:59:22] Epoch [98/100] Loss: 0.0048 Accuracy: 99.77%
    [98] Processed 0/900 batches (0.00%)
    [98] Processed 270/900 batches (30.00%)
    [98] Processed 540/900 batches (60.00%)
    [98] Processed 810/900 batches (90.00%)
[10:20:34] Epoch [99/100] Loss: 25867.6798 Accuracy: 89.91%
    [99] Processed 0/900 batches (0.00%)
    [99] Processed 270/900 batches (30.00%)
    [99] Processed 540/900 batches (60.00%)
    [99] Processed 810/900 batches (90.00%)
[10:41:54] Epoch [100/100] Loss: 1.7429 Accuracy: 99.67%
Testing Image: 0/1
Validation mIoU: 1.0000
Testing individual images...
Done
