Training unet-18000-256-16-crop-50-000025...
epochs=50 lr=0.00025, error=<function cross_entropy at 0x7fbfd51ef9a0>
    [0] Processed 0/1125 batches (0.00%)
    [0] Processed 337/1125 batches (29.96%)
    [0] Processed 674/1125 batches (59.91%)
    [0] Processed 1011/1125 batches (89.87%)
Checkpoint 1 saved to /virtual/drosari3/models/unet-18000-256-16-crop-50-000025/unet-18000-256-16-crop-50-000025-checkpoint_epoch_1.pth
[23:18:17] Epoch [1/50] Loss: 1.6779 Accuracy: 58.05%
    [1] Processed 0/1125 batches (0.00%)
    [1] Processed 337/1125 batches (29.96%)
    [1] Processed 674/1125 batches (59.91%)
    [1] Processed 1011/1125 batches (89.87%)
[23:27:05] Epoch [2/50] Loss: 1.3952 Accuracy: 64.09%
    [2] Processed 0/1125 batches (0.00%)
    [2] Processed 337/1125 batches (29.96%)
    [2] Processed 674/1125 batches (59.91%)
    [2] Processed 1011/1125 batches (89.87%)
[23:35:54] Epoch [3/50] Loss: 1.2785 Accuracy: 67.01%
    [3] Processed 0/1125 batches (0.00%)
    [3] Processed 337/1125 batches (29.96%)
    [3] Processed 674/1125 batches (59.91%)
    [3] Processed 1011/1125 batches (89.87%)
[23:44:43] Epoch [4/50] Loss: 1.1708 Accuracy: 70.28%
    [4] Processed 0/1125 batches (0.00%)
    [4] Processed 337/1125 batches (29.96%)
    [4] Processed 674/1125 batches (59.91%)
    [4] Processed 1011/1125 batches (89.87%)
[23:53:31] Epoch [5/50] Loss: 1.0843 Accuracy: 72.63%
    [5] Processed 0/1125 batches (0.00%)
    [5] Processed 337/1125 batches (29.96%)
    [5] Processed 674/1125 batches (59.91%)
    [5] Processed 1011/1125 batches (89.87%)
[00:02:20] Epoch [6/50] Loss: 1.0269 Accuracy: 74.04%
    [6] Processed 0/1125 batches (0.00%)
    [6] Processed 337/1125 batches (29.96%)
    [6] Processed 674/1125 batches (59.91%)
    [6] Processed 1011/1125 batches (89.87%)
[00:11:08] Epoch [7/50] Loss: 0.9808 Accuracy: 75.04%
    [7] Processed 0/1125 batches (0.00%)
    [7] Processed 337/1125 batches (29.96%)
    [7] Processed 674/1125 batches (59.91%)
    [7] Processed 1011/1125 batches (89.87%)
[00:19:57] Epoch [8/50] Loss: 0.9441 Accuracy: 75.85%
    [8] Processed 0/1125 batches (0.00%)
    [8] Processed 337/1125 batches (29.96%)
    [8] Processed 674/1125 batches (59.91%)
    [8] Processed 1011/1125 batches (89.87%)
[00:28:45] Epoch [9/50] Loss: 0.9163 Accuracy: 76.39%
    [9] Processed 0/1125 batches (0.00%)
    [9] Processed 337/1125 batches (29.96%)
    [9] Processed 674/1125 batches (59.91%)
    [9] Processed 1011/1125 batches (89.87%)
[00:37:34] Epoch [10/50] Loss: 0.8854 Accuracy: 76.99%
    [10] Processed 0/1125 batches (0.00%)
    [10] Processed 337/1125 batches (29.96%)
    [10] Processed 674/1125 batches (59.91%)
    [10] Processed 1011/1125 batches (89.87%)
Checkpoint 11 saved to /virtual/drosari3/models/unet-18000-256-16-crop-50-000025/unet-18000-256-16-crop-50-000025-checkpoint_epoch_11.pth
[00:46:24] Epoch [11/50] Loss: 0.8519 Accuracy: 77.76%
    [11] Processed 0/1125 batches (0.00%)
    [11] Processed 337/1125 batches (29.96%)
    [11] Processed 674/1125 batches (59.91%)
    [11] Processed 1011/1125 batches (89.87%)
[00:55:13] Epoch [12/50] Loss: 0.8246 Accuracy: 78.29%
    [12] Processed 0/1125 batches (0.00%)
    [12] Processed 337/1125 batches (29.96%)
    [12] Processed 674/1125 batches (59.91%)
    [12] Processed 1011/1125 batches (89.87%)
[01:04:02] Epoch [13/50] Loss: 0.7974 Accuracy: 78.87%
    [13] Processed 0/1125 batches (0.00%)
    [13] Processed 337/1125 batches (29.96%)
    [13] Processed 674/1125 batches (59.91%)
    [13] Processed 1011/1125 batches (89.87%)
[01:12:51] Epoch [14/50] Loss: 0.7670 Accuracy: 79.52%
    [14] Processed 0/1125 batches (0.00%)
    [14] Processed 337/1125 batches (29.96%)
    [14] Processed 674/1125 batches (59.91%)
    [14] Processed 1011/1125 batches (89.87%)
[01:21:39] Epoch [15/50] Loss: 0.7417 Accuracy: 80.08%
    [15] Processed 0/1125 batches (0.00%)
    [15] Processed 337/1125 batches (29.96%)
    [15] Processed 674/1125 batches (59.91%)
    [15] Processed 1011/1125 batches (89.87%)
[01:30:28] Epoch [16/50] Loss: 0.7088 Accuracy: 80.74%
    [16] Processed 0/1125 batches (0.00%)
    [16] Processed 337/1125 batches (29.96%)
    [16] Processed 674/1125 batches (59.91%)
    [16] Processed 1011/1125 batches (89.87%)
[01:39:16] Epoch [17/50] Loss: 0.6782 Accuracy: 81.42%
    [17] Processed 0/1125 batches (0.00%)
    [17] Processed 337/1125 batches (29.96%)
    [17] Processed 674/1125 batches (59.91%)
    [17] Processed 1011/1125 batches (89.87%)
[01:48:05] Epoch [18/50] Loss: 0.6514 Accuracy: 82.03%
    [18] Processed 0/1125 batches (0.00%)
    [18] Processed 337/1125 batches (29.96%)
    [18] Processed 674/1125 batches (59.91%)
    [18] Processed 1011/1125 batches (89.87%)
[01:56:55] Epoch [19/50] Loss: 0.6152 Accuracy: 82.91%
    [19] Processed 0/1125 batches (0.00%)
    [19] Processed 337/1125 batches (29.96%)
    [19] Processed 674/1125 batches (59.91%)
    [19] Processed 1011/1125 batches (89.87%)
[02:05:43] Epoch [20/50] Loss: 0.5873 Accuracy: 83.56%
    [20] Processed 0/1125 batches (0.00%)
    [20] Processed 337/1125 batches (29.96%)
    [20] Processed 674/1125 batches (59.91%)
    [20] Processed 1011/1125 batches (89.87%)
Checkpoint 21 saved to /virtual/drosari3/models/unet-18000-256-16-crop-50-000025/unet-18000-256-16-crop-50-000025-checkpoint_epoch_21.pth
[02:14:33] Epoch [21/50] Loss: 0.5533 Accuracy: 84.46%
    [21] Processed 0/1125 batches (0.00%)
    [21] Processed 337/1125 batches (29.96%)
    [21] Processed 674/1125 batches (59.91%)
    [21] Processed 1011/1125 batches (89.87%)
[02:23:22] Epoch [22/50] Loss: 0.5320 Accuracy: 84.99%
    [22] Processed 0/1125 batches (0.00%)
    [22] Processed 337/1125 batches (29.96%)
    [22] Processed 674/1125 batches (59.91%)
    [22] Processed 1011/1125 batches (89.87%)
[02:32:11] Epoch [23/50] Loss: 0.4898 Accuracy: 86.10%
    [23] Processed 0/1125 batches (0.00%)
    [23] Processed 337/1125 batches (29.96%)
    [23] Processed 674/1125 batches (59.91%)
    [23] Processed 1011/1125 batches (89.87%)
[02:41:00] Epoch [24/50] Loss: 0.4587 Accuracy: 86.91%
    [24] Processed 0/1125 batches (0.00%)
    [24] Processed 337/1125 batches (29.96%)
    [24] Processed 674/1125 batches (59.91%)
    [24] Processed 1011/1125 batches (89.87%)
[02:49:49] Epoch [25/50] Loss: 0.4371 Accuracy: 87.50%
    [25] Processed 0/1125 batches (0.00%)
    [25] Processed 337/1125 batches (29.96%)
    [25] Processed 674/1125 batches (59.91%)
    [25] Processed 1011/1125 batches (89.87%)
[02:58:38] Epoch [26/50] Loss: 0.4079 Accuracy: 88.25%
    [26] Processed 0/1125 batches (0.00%)
    [26] Processed 337/1125 batches (29.96%)
    [26] Processed 674/1125 batches (59.91%)
    [26] Processed 1011/1125 batches (89.87%)
[03:07:27] Epoch [27/50] Loss: 0.3822 Accuracy: 88.98%
    [27] Processed 0/1125 batches (0.00%)
    [27] Processed 337/1125 batches (29.96%)
    [27] Processed 674/1125 batches (59.91%)
    [27] Processed 1011/1125 batches (89.87%)
[03:16:16] Epoch [28/50] Loss: 0.3636 Accuracy: 89.50%
    [28] Processed 0/1125 batches (0.00%)
    [28] Processed 337/1125 batches (29.96%)
    [28] Processed 674/1125 batches (59.91%)
    [28] Processed 1011/1125 batches (89.87%)
[03:25:05] Epoch [29/50] Loss: 0.3361 Accuracy: 90.27%
    [29] Processed 0/1125 batches (0.00%)
    [29] Processed 337/1125 batches (29.96%)
    [29] Processed 674/1125 batches (59.91%)
    [29] Processed 1011/1125 batches (89.87%)
[03:33:54] Epoch [30/50] Loss: 0.3200 Accuracy: 90.71%
    [30] Processed 0/1125 batches (0.00%)
    [30] Processed 337/1125 batches (29.96%)
    [30] Processed 674/1125 batches (59.91%)
    [30] Processed 1011/1125 batches (89.87%)
Checkpoint 31 saved to /virtual/drosari3/models/unet-18000-256-16-crop-50-000025/unet-18000-256-16-crop-50-000025-checkpoint_epoch_31.pth
[03:42:43] Epoch [31/50] Loss: 0.3045 Accuracy: 91.13%
    [31] Processed 0/1125 batches (0.00%)
    [31] Processed 337/1125 batches (29.96%)
    [31] Processed 674/1125 batches (59.91%)
    [31] Processed 1011/1125 batches (89.87%)
[03:51:32] Epoch [32/50] Loss: 0.2820 Accuracy: 91.76%
    [32] Processed 0/1125 batches (0.00%)
    [32] Processed 337/1125 batches (29.96%)
    [32] Processed 674/1125 batches (59.91%)
    [32] Processed 1011/1125 batches (89.87%)
[04:00:21] Epoch [33/50] Loss: 0.2675 Accuracy: 92.16%
    [33] Processed 0/1125 batches (0.00%)
    [33] Processed 337/1125 batches (29.96%)
    [33] Processed 674/1125 batches (59.91%)
    [33] Processed 1011/1125 batches (89.87%)
[04:09:10] Epoch [34/50] Loss: 0.2576 Accuracy: 92.41%
    [34] Processed 0/1125 batches (0.00%)
    [34] Processed 337/1125 batches (29.96%)
    [34] Processed 674/1125 batches (59.91%)
    [34] Processed 1011/1125 batches (89.87%)
[04:18:00] Epoch [35/50] Loss: 0.2398 Accuracy: 92.93%
    [35] Processed 0/1125 batches (0.00%)
    [35] Processed 337/1125 batches (29.96%)
    [35] Processed 674/1125 batches (59.91%)
    [35] Processed 1011/1125 batches (89.87%)
[04:26:49] Epoch [36/50] Loss: 0.2289 Accuracy: 93.24%
    [36] Processed 0/1125 batches (0.00%)
    [36] Processed 337/1125 batches (29.96%)
    [36] Processed 674/1125 batches (59.91%)
    [36] Processed 1011/1125 batches (89.87%)
[04:35:38] Epoch [37/50] Loss: 0.2157 Accuracy: 93.60%
    [37] Processed 0/1125 batches (0.00%)
    [37] Processed 337/1125 batches (29.96%)
    [37] Processed 674/1125 batches (59.91%)
    [37] Processed 1011/1125 batches (89.87%)
[04:44:27] Epoch [38/50] Loss: 0.2068 Accuracy: 93.85%
    [38] Processed 0/1125 batches (0.00%)
    [38] Processed 337/1125 batches (29.96%)
    [38] Processed 674/1125 batches (59.91%)
    [38] Processed 1011/1125 batches (89.87%)
[04:53:16] Epoch [39/50] Loss: 0.2131 Accuracy: 93.67%
    [39] Processed 0/1125 batches (0.00%)
    [39] Processed 337/1125 batches (29.96%)
    [39] Processed 674/1125 batches (59.91%)
    [39] Processed 1011/1125 batches (89.87%)
[05:02:05] Epoch [40/50] Loss: 0.1810 Accuracy: 94.59%
    [40] Processed 0/1125 batches (0.00%)
    [40] Processed 337/1125 batches (29.96%)
    [40] Processed 674/1125 batches (59.91%)
    [40] Processed 1011/1125 batches (89.87%)
Checkpoint 41 saved to /virtual/drosari3/models/unet-18000-256-16-crop-50-000025/unet-18000-256-16-crop-50-000025-checkpoint_epoch_41.pth
[05:10:54] Epoch [41/50] Loss: 0.1763 Accuracy: 94.70%
    [41] Processed 0/1125 batches (0.00%)
    [41] Processed 337/1125 batches (29.96%)
    [41] Processed 674/1125 batches (59.91%)
    [41] Processed 1011/1125 batches (89.87%)
[05:19:43] Epoch [42/50] Loss: 0.1752 Accuracy: 94.73%
    [42] Processed 0/1125 batches (0.00%)
    [42] Processed 337/1125 batches (29.96%)
    [42] Processed 674/1125 batches (59.91%)
    [42] Processed 1011/1125 batches (89.87%)
[05:28:32] Epoch [43/50] Loss: 0.1718 Accuracy: 94.83%
    [43] Processed 0/1125 batches (0.00%)
    [43] Processed 337/1125 batches (29.96%)
    [43] Processed 674/1125 batches (59.91%)
    [43] Processed 1011/1125 batches (89.87%)
[05:37:21] Epoch [44/50] Loss: 0.1483 Accuracy: 95.49%
    [44] Processed 0/1125 batches (0.00%)
    [44] Processed 337/1125 batches (29.96%)
    [44] Processed 674/1125 batches (59.91%)
    [44] Processed 1011/1125 batches (89.87%)
[05:46:10] Epoch [45/50] Loss: 0.1411 Accuracy: 95.68%
    [45] Processed 0/1125 batches (0.00%)
    [45] Processed 337/1125 batches (29.96%)
    [45] Processed 674/1125 batches (59.91%)
    [45] Processed 1011/1125 batches (89.87%)
[05:54:59] Epoch [46/50] Loss: 0.1561 Accuracy: 95.24%
    [46] Processed 0/1125 batches (0.00%)
    [46] Processed 337/1125 batches (29.96%)
    [46] Processed 674/1125 batches (59.91%)
    [46] Processed 1011/1125 batches (89.87%)
[06:03:47] Epoch [47/50] Loss: 0.1535 Accuracy: 95.32%
    [47] Processed 0/1125 batches (0.00%)
    [47] Processed 337/1125 batches (29.96%)
    [47] Processed 674/1125 batches (59.91%)
    [47] Processed 1011/1125 batches (89.87%)
[06:12:37] Epoch [48/50] Loss: 0.1510 Accuracy: 95.40%
    [48] Processed 0/1125 batches (0.00%)
    [48] Processed 337/1125 batches (29.96%)
    [48] Processed 674/1125 batches (59.91%)
    [48] Processed 1011/1125 batches (89.87%)
[06:21:25] Epoch [49/50] Loss: 0.1245 Accuracy: 96.13%
    [49] Processed 0/1125 batches (0.00%)
    [49] Processed 337/1125 batches (29.96%)
    [49] Processed 674/1125 batches (59.91%)
    [49] Processed 1011/1125 batches (89.87%)
[06:30:14] Epoch [50/50] Loss: 0.1338 Accuracy: 95.85%
Evaluating /virtual/drosari3/models/unet-18000-256-16-crop-50-000025/unet-18000-256-16-crop-50-000025.pth...
Accuracies: [58.04806382921007, 64.09390953911675, 67.01409386528863, 70.28355153401692, 72.62836227416992, 74.0355946858724, 75.03682996961805, 75.85189039442274, 76.38896526760526, 76.99081310696072, 77.76395034790039, 78.29296366373698, 78.87493430243597, 79.51625103420682, 80.08234066433377, 80.74110378689237, 81.42310002644857, 82.03151101006402, 82.90740610758463, 83.56461970011394, 84.45691587660048, 84.98732613457574, 86.09701004028321, 86.91203011406793, 87.50388955010308, 88.24925740559895, 88.97763349745009, 89.49818835788302, 90.26930711534288, 90.70836995442708, 91.13123694525825, 91.76204469468858, 92.15821075439453, 92.40526996188693, 92.93458404541016, 93.24086218939887, 93.59702275594076, 93.85206553141276, 93.66950412326389, 94.58747066921659, 94.69894417656792, 94.7328587849935, 94.82582109239367, 95.48773549397787, 95.67945938110351, 95.24049657185873, 95.3158080206977, 95.39749035305447, 96.12903374565973, 95.8502673678928]
Losses: [1.6778632401890226, 1.3952051033973694, 1.2784701833195156, 1.170818666352166, 1.0842594678401947, 1.0268710640536414, 0.980833888636695, 0.9441286784807841, 0.9163373225529988, 0.8854384951061672, 0.8519134604401059, 0.8245606285995907, 0.7973732280466291, 0.7670098907417722, 0.741735710117552, 0.708759871562322, 0.6781831962002648, 0.6514247643815146, 0.6151933474938075, 0.5873310950332218, 0.5532560948928197, 0.5320264285405477, 0.4897858738766776, 0.4587403018209669, 0.43711997103028827, 0.4078992110225889, 0.3821555279625787, 0.3636435010433197, 0.33608654263946747, 0.31998196559813286, 0.30447122350003986, 0.2820379537873798, 0.2674728088080883, 0.2575745677749316, 0.2397975702252653, 0.22886244522531826, 0.21568900604711638, 0.206764442967044, 0.21307936659124163, 0.18100962641835214, 0.17625880719555748, 0.17516650090283817, 0.1718186309569412, 0.14834180483222006, 0.1410754060579671, 0.15612580063939094, 0.15353406643867493, 0.15100008664031825, 0.12449895660579205, 0.13380285485751098]
Testing Image: 0/125
Testing Image: 5/125
Testing Image: 10/125
Testing Image: 15/125
Testing Image: 20/125
Testing Image: 25/125
Testing Image: 30/125
Testing Image: 35/125
Testing Image: 40/125
Testing Image: 45/125
Testing Image: 50/125
Testing Image: 55/125
Testing Image: 60/125
Testing Image: 65/125
Testing Image: 70/125
Testing Image: 75/125
Testing Image: 80/125
Testing Image: 85/125
Testing Image: 90/125
Testing Image: 95/125
Testing Image: 100/125
Testing Image: 105/125
Testing Image: 110/125
Testing Image: 115/125
Testing Image: 120/125
Validation mIoU: 0.3711
