Opening config.ini...
MAX_IMAGES: 18000
BATCH_SIZE: 20
LEARNING_RATE: 5e-05
EPOCHS: 100
TRANSFORM: LeftCrop
IMAGE_DIMEN: 256
EVALUATION_IMAGES: ['_gcgraos355QHyu7iFMK1w', '_QDf_pTzs-sEyBubXqmqxA', '_wbVgGy7xrO_C_gsz-BCvA', 'FYoB0UGu40k9nKurB8pucw', '1pFw6qQwFQ__QdnYYB7YLA', '-C-x3xSPFIEjqbyVC5PRaQ', '_Uu1yfgmkbji9nkUT3Tikw', '_nDuQstcKZ714CoL0G5iZg']
CHECKPOINT_SAVE_INTERVAL: 10
MODEL_LOCATION: /virtual/drosari3/models/model-18000-LeftCrop-256-20-5e-05-100-wCE
MODEL_NAME: model-18000-LeftCrop-256-20-5e-05-100-wCE
Training model-18000-LeftCrop-256-20-5e-05-100-wCE...
epochs=100 lr=5e-05, error=<function cross_entropy at 0x7f1b4b5de170>
    [0] Processed 0/900 batches (0.00%)
    [0] Processed 270/900 batches (30.00%)
    [0] Processed 540/900 batches (60.00%)
    [0] Processed 810/900 batches (90.00%)
Checkpoint 1 saved to /virtual/drosari3/models/model-18000-LeftCrop-256-20-5e-05-100-wCE/checkpoints/checkpoint_epoch_1.pth
[21:00:11] Epoch [1/100] Loss: 0.4202 Accuracy: 95.66%
    [1] Processed 0/900 batches (0.00%)
    [1] Processed 270/900 batches (30.00%)
    [1] Processed 540/900 batches (60.00%)
    [1] Processed 810/900 batches (90.00%)
[21:19:55] Epoch [2/100] Loss: 0.0222 Accuracy: 99.54%
    [2] Processed 0/900 batches (0.00%)
    [2] Processed 270/900 batches (30.00%)
    [2] Processed 540/900 batches (60.00%)
    [2] Processed 810/900 batches (90.00%)
[21:39:34] Epoch [3/100] Loss: 0.0181 Accuracy: 99.54%
    [3] Processed 0/900 batches (0.00%)
    [3] Processed 270/900 batches (30.00%)
    [3] Processed 540/900 batches (60.00%)
    [3] Processed 810/900 batches (90.00%)
[21:59:19] Epoch [4/100] Loss: 0.0176 Accuracy: 99.54%
    [4] Processed 0/900 batches (0.00%)
    [4] Processed 270/900 batches (30.00%)
    [4] Processed 540/900 batches (60.00%)
    [4] Processed 810/900 batches (90.00%)
[22:19:12] Epoch [5/100] Loss: 0.0165 Accuracy: 99.57%
    [5] Processed 0/900 batches (0.00%)
    [5] Processed 270/900 batches (30.00%)
    [5] Processed 540/900 batches (60.00%)
    [5] Processed 810/900 batches (90.00%)
[22:38:56] Epoch [6/100] Loss: 0.0164 Accuracy: 99.58%
    [6] Processed 0/900 batches (0.00%)
    [6] Processed 270/900 batches (30.00%)
    [6] Processed 540/900 batches (60.00%)
    [6] Processed 810/900 batches (90.00%)
[22:58:44] Epoch [7/100] Loss: 0.0154 Accuracy: 99.54%
    [7] Processed 0/900 batches (0.00%)
    [7] Processed 270/900 batches (30.00%)
    [7] Processed 540/900 batches (60.00%)
    [7] Processed 810/900 batches (90.00%)
[23:18:25] Epoch [8/100] Loss: 0.0146 Accuracy: 99.55%
    [8] Processed 0/900 batches (0.00%)
    [8] Processed 270/900 batches (30.00%)
    [8] Processed 540/900 batches (60.00%)
    [8] Processed 810/900 batches (90.00%)
[23:38:02] Epoch [9/100] Loss: 0.0140 Accuracy: 99.58%
    [9] Processed 0/900 batches (0.00%)
    [9] Processed 270/900 batches (30.00%)
    [9] Processed 540/900 batches (60.00%)
    [9] Processed 810/900 batches (90.00%)
[23:57:41] Epoch [10/100] Loss: 0.0136 Accuracy: 99.61%
    [10] Processed 0/900 batches (0.00%)
    [10] Processed 270/900 batches (30.00%)
    [10] Processed 540/900 batches (60.00%)
    [10] Processed 810/900 batches (90.00%)
Checkpoint 11 saved to /virtual/drosari3/models/model-18000-LeftCrop-256-20-5e-05-100-wCE/checkpoints/checkpoint_epoch_11.pth
[00:17:25] Epoch [11/100] Loss: 0.0141 Accuracy: 99.56%
    [11] Processed 0/900 batches (0.00%)
    [11] Processed 270/900 batches (30.00%)
    [11] Processed 540/900 batches (60.00%)
    [11] Processed 810/900 batches (90.00%)
[00:37:12] Epoch [12/100] Loss: 0.0134 Accuracy: 99.55%
    [12] Processed 0/900 batches (0.00%)
    [12] Processed 270/900 batches (30.00%)
    [12] Processed 540/900 batches (60.00%)
    [12] Processed 810/900 batches (90.00%)
[00:57:03] Epoch [13/100] Loss: 0.0131 Accuracy: 99.57%
    [13] Processed 0/900 batches (0.00%)
    [13] Processed 270/900 batches (30.00%)
    [13] Processed 540/900 batches (60.00%)
    [13] Processed 810/900 batches (90.00%)
[01:16:50] Epoch [14/100] Loss: 0.0157 Accuracy: 99.65%
    [14] Processed 0/900 batches (0.00%)
    [14] Processed 270/900 batches (30.00%)
    [14] Processed 540/900 batches (60.00%)
    [14] Processed 810/900 batches (90.00%)
[01:36:36] Epoch [15/100] Loss: 0.0124 Accuracy: 99.58%
    [15] Processed 0/900 batches (0.00%)
    [15] Processed 270/900 batches (30.00%)
    [15] Processed 540/900 batches (60.00%)
    [15] Processed 810/900 batches (90.00%)
[01:56:24] Epoch [16/100] Loss: 0.0121 Accuracy: 99.64%
    [16] Processed 0/900 batches (0.00%)
    [16] Processed 270/900 batches (30.00%)
    [16] Processed 540/900 batches (60.00%)
    [16] Processed 810/900 batches (90.00%)
[02:16:16] Epoch [17/100] Loss: 0.0119 Accuracy: 99.65%
    [17] Processed 0/900 batches (0.00%)
    [17] Processed 270/900 batches (30.00%)
    [17] Processed 540/900 batches (60.00%)
    [17] Processed 810/900 batches (90.00%)
[02:36:19] Epoch [18/100] Loss: 0.0118 Accuracy: 99.65%
    [18] Processed 0/900 batches (0.00%)
    [18] Processed 270/900 batches (30.00%)
    [18] Processed 540/900 batches (60.00%)
    [18] Processed 810/900 batches (90.00%)
[02:55:55] Epoch [19/100] Loss: 0.0115 Accuracy: 99.64%
    [19] Processed 0/900 batches (0.00%)
    [19] Processed 270/900 batches (30.00%)
    [19] Processed 540/900 batches (60.00%)
    [19] Processed 810/900 batches (90.00%)
[03:15:44] Epoch [20/100] Loss: 0.0245 Accuracy: 99.63%
    [20] Processed 0/900 batches (0.00%)
    [20] Processed 270/900 batches (30.00%)
    [20] Processed 540/900 batches (60.00%)
    [20] Processed 810/900 batches (90.00%)
Checkpoint 21 saved to /virtual/drosari3/models/model-18000-LeftCrop-256-20-5e-05-100-wCE/checkpoints/checkpoint_epoch_21.pth
[03:35:34] Epoch [21/100] Loss: 0.0162 Accuracy: 99.59%
    [21] Processed 0/900 batches (0.00%)
    [21] Processed 270/900 batches (30.00%)
    [21] Processed 540/900 batches (60.00%)
    [21] Processed 810/900 batches (90.00%)
[03:55:27] Epoch [22/100] Loss: 0.0116 Accuracy: 99.62%
    [22] Processed 0/900 batches (0.00%)
    [22] Processed 270/900 batches (30.00%)
    [22] Processed 540/900 batches (60.00%)
    [22] Processed 810/900 batches (90.00%)
[04:15:06] Epoch [23/100] Loss: 0.0113 Accuracy: 99.64%
    [23] Processed 0/900 batches (0.00%)
    [23] Processed 270/900 batches (30.00%)
    [23] Processed 540/900 batches (60.00%)
    [23] Processed 810/900 batches (90.00%)
[04:34:55] Epoch [24/100] Loss: 0.0111 Accuracy: 99.65%
    [24] Processed 0/900 batches (0.00%)
    [24] Processed 270/900 batches (30.00%)
    [24] Processed 540/900 batches (60.00%)
    [24] Processed 810/900 batches (90.00%)
[04:54:46] Epoch [25/100] Loss: 0.0111 Accuracy: 99.63%
    [25] Processed 0/900 batches (0.00%)
    [25] Processed 270/900 batches (30.00%)
    [25] Processed 540/900 batches (60.00%)
    [25] Processed 810/900 batches (90.00%)
[05:14:31] Epoch [26/100] Loss: 0.0123 Accuracy: 99.66%
    [26] Processed 0/900 batches (0.00%)
    [26] Processed 270/900 batches (30.00%)
    [26] Processed 540/900 batches (60.00%)
    [26] Processed 810/900 batches (90.00%)
[05:34:26] Epoch [27/100] Loss: 0.0110 Accuracy: 99.71%
    [27] Processed 0/900 batches (0.00%)
    [27] Processed 270/900 batches (30.00%)
    [27] Processed 540/900 batches (60.00%)
    [27] Processed 810/900 batches (90.00%)
[05:54:13] Epoch [28/100] Loss: 0.0111 Accuracy: 99.65%
    [28] Processed 0/900 batches (0.00%)
    [28] Processed 270/900 batches (30.00%)
    [28] Processed 540/900 batches (60.00%)
    [28] Processed 810/900 batches (90.00%)
[06:13:57] Epoch [29/100] Loss: 0.0109 Accuracy: 99.68%
    [29] Processed 0/900 batches (0.00%)
    [29] Processed 270/900 batches (30.00%)
    [29] Processed 540/900 batches (60.00%)
    [29] Processed 810/900 batches (90.00%)
[06:33:41] Epoch [30/100] Loss: 0.0152 Accuracy: 99.67%
    [30] Processed 0/900 batches (0.00%)
    [30] Processed 270/900 batches (30.00%)
    [30] Processed 540/900 batches (60.00%)
    [30] Processed 810/900 batches (90.00%)
Checkpoint 31 saved to /virtual/drosari3/models/model-18000-LeftCrop-256-20-5e-05-100-wCE/checkpoints/checkpoint_epoch_31.pth
[06:53:23] Epoch [31/100] Loss: 0.0114 Accuracy: 99.66%
    [31] Processed 0/900 batches (0.00%)
    [31] Processed 270/900 batches (30.00%)
    [31] Processed 540/900 batches (60.00%)
    [31] Processed 810/900 batches (90.00%)
[07:13:04] Epoch [32/100] Loss: 0.0107 Accuracy: 99.62%
    [32] Processed 0/900 batches (0.00%)
    [32] Processed 270/900 batches (30.00%)
    [32] Processed 540/900 batches (60.00%)
    [32] Processed 810/900 batches (90.00%)
[07:32:45] Epoch [33/100] Loss: 0.0106 Accuracy: 99.67%
    [33] Processed 0/900 batches (0.00%)
    [33] Processed 270/900 batches (30.00%)
    [33] Processed 540/900 batches (60.00%)
    [33] Processed 810/900 batches (90.00%)
[07:52:33] Epoch [34/100] Loss: 0.0108 Accuracy: 99.65%
    [34] Processed 0/900 batches (0.00%)
    [34] Processed 270/900 batches (30.00%)
    [34] Processed 540/900 batches (60.00%)
    [34] Processed 810/900 batches (90.00%)
[08:12:10] Epoch [35/100] Loss: 0.0105 Accuracy: 99.65%
    [35] Processed 0/900 batches (0.00%)
    [35] Processed 270/900 batches (30.00%)
    [35] Processed 540/900 batches (60.00%)
    [35] Processed 810/900 batches (90.00%)
[08:31:57] Epoch [36/100] Loss: 0.0103 Accuracy: 99.68%
    [36] Processed 0/900 batches (0.00%)
    [36] Processed 270/900 batches (30.00%)
    [36] Processed 540/900 batches (60.00%)
    [36] Processed 810/900 batches (90.00%)
[08:51:48] Epoch [37/100] Loss: 0.0104 Accuracy: 99.64%
    [37] Processed 0/900 batches (0.00%)
    [37] Processed 270/900 batches (30.00%)
    [37] Processed 540/900 batches (60.00%)
    [37] Processed 810/900 batches (90.00%)
[09:11:28] Epoch [38/100] Loss: 0.0104 Accuracy: 99.66%
    [38] Processed 0/900 batches (0.00%)
    [38] Processed 270/900 batches (30.00%)
    [38] Processed 540/900 batches (60.00%)
    [38] Processed 810/900 batches (90.00%)
[09:31:24] Epoch [39/100] Loss: 0.0104 Accuracy: 99.65%
    [39] Processed 0/900 batches (0.00%)
    [39] Processed 270/900 batches (30.00%)
    [39] Processed 540/900 batches (60.00%)
    [39] Processed 810/900 batches (90.00%)
[09:51:10] Epoch [40/100] Loss: 0.0103 Accuracy: 99.67%
    [40] Processed 0/900 batches (0.00%)
    [40] Processed 270/900 batches (30.00%)
    [40] Processed 540/900 batches (60.00%)
    [40] Processed 810/900 batches (90.00%)
Checkpoint 41 saved to /virtual/drosari3/models/model-18000-LeftCrop-256-20-5e-05-100-wCE/checkpoints/checkpoint_epoch_41.pth
[10:10:54] Epoch [41/100] Loss: 0.0139 Accuracy: 99.58%
    [41] Processed 0/900 batches (0.00%)
    [41] Processed 270/900 batches (30.00%)
    [41] Processed 540/900 batches (60.00%)
    [41] Processed 810/900 batches (90.00%)
[10:30:34] Epoch [42/100] Loss: 0.0102 Accuracy: 99.67%
    [42] Processed 0/900 batches (0.00%)
    [42] Processed 270/900 batches (30.00%)
    [42] Processed 540/900 batches (60.00%)
    [42] Processed 810/900 batches (90.00%)
[10:50:19] Epoch [43/100] Loss: 0.0101 Accuracy: 99.68%
    [43] Processed 0/900 batches (0.00%)
    [43] Processed 270/900 batches (30.00%)
    [43] Processed 540/900 batches (60.00%)
    [43] Processed 810/900 batches (90.00%)
[11:10:06] Epoch [44/100] Loss: 0.0100 Accuracy: 99.67%
    [44] Processed 0/900 batches (0.00%)
    [44] Processed 270/900 batches (30.00%)
    [44] Processed 540/900 batches (60.00%)
    [44] Processed 810/900 batches (90.00%)
[11:29:47] Epoch [45/100] Loss: 0.0101 Accuracy: 99.66%
    [45] Processed 0/900 batches (0.00%)
    [45] Processed 270/900 batches (30.00%)
    [45] Processed 540/900 batches (60.00%)
    [45] Processed 810/900 batches (90.00%)
[11:49:33] Epoch [46/100] Loss: 0.0101 Accuracy: 99.67%
    [46] Processed 0/900 batches (0.00%)
    [46] Processed 270/900 batches (30.00%)
    [46] Processed 540/900 batches (60.00%)
    [46] Processed 810/900 batches (90.00%)
[12:09:25] Epoch [47/100] Loss: 0.0099 Accuracy: 99.67%
    [47] Processed 0/900 batches (0.00%)
    [47] Processed 270/900 batches (30.00%)
    [47] Processed 540/900 batches (60.00%)
    [47] Processed 810/900 batches (90.00%)
[12:29:11] Epoch [48/100] Loss: 0.0105 Accuracy: 99.63%
    [48] Processed 0/900 batches (0.00%)
    [48] Processed 270/900 batches (30.00%)
    [48] Processed 540/900 batches (60.00%)
    [48] Processed 810/900 batches (90.00%)
[12:48:51] Epoch [49/100] Loss: 0.0132 Accuracy: 99.65%
    [49] Processed 0/900 batches (0.00%)
    [49] Processed 270/900 batches (30.00%)
    [49] Processed 540/900 batches (60.00%)
    [49] Processed 810/900 batches (90.00%)
[13:08:58] Epoch [50/100] Loss: 0.0098 Accuracy: 99.66%
    [50] Processed 0/900 batches (0.00%)
    [50] Processed 270/900 batches (30.00%)
    [50] Processed 540/900 batches (60.00%)
    [50] Processed 810/900 batches (90.00%)
Checkpoint 51 saved to /virtual/drosari3/models/model-18000-LeftCrop-256-20-5e-05-100-wCE/checkpoints/checkpoint_epoch_51.pth
[13:28:40] Epoch [51/100] Loss: 0.0097 Accuracy: 99.69%
    [51] Processed 0/900 batches (0.00%)
    [51] Processed 270/900 batches (30.00%)
    [51] Processed 540/900 batches (60.00%)
    [51] Processed 810/900 batches (90.00%)
[13:48:41] Epoch [52/100] Loss: 0.0097 Accuracy: 99.67%
    [52] Processed 0/900 batches (0.00%)
    [52] Processed 270/900 batches (30.00%)
    [52] Processed 540/900 batches (60.00%)
    [52] Processed 810/900 batches (90.00%)
[14:08:53] Epoch [53/100] Loss: 0.0097 Accuracy: 99.65%
    [53] Processed 0/900 batches (0.00%)
    [53] Processed 270/900 batches (30.00%)
    [53] Processed 540/900 batches (60.00%)
    [53] Processed 810/900 batches (90.00%)
[14:28:43] Epoch [54/100] Loss: 0.0095 Accuracy: 99.67%
    [54] Processed 0/900 batches (0.00%)
    [54] Processed 270/900 batches (30.00%)
    [54] Processed 540/900 batches (60.00%)
    [54] Processed 810/900 batches (90.00%)
[14:48:45] Epoch [55/100] Loss: 0.0096 Accuracy: 99.67%
    [55] Processed 0/900 batches (0.00%)
    [55] Processed 270/900 batches (30.00%)
    [55] Processed 540/900 batches (60.00%)
    [55] Processed 810/900 batches (90.00%)
[15:09:24] Epoch [56/100] Loss: 0.0095 Accuracy: 99.67%
    [56] Processed 0/900 batches (0.00%)
    [56] Processed 270/900 batches (30.00%)
    [56] Processed 540/900 batches (60.00%)
    [56] Processed 810/900 batches (90.00%)
[15:29:18] Epoch [57/100] Loss: 0.0095 Accuracy: 99.65%
    [57] Processed 0/900 batches (0.00%)
    [57] Processed 270/900 batches (30.00%)
    [57] Processed 540/900 batches (60.00%)
    [57] Processed 810/900 batches (90.00%)
[15:49:17] Epoch [58/100] Loss: 0.0094 Accuracy: 99.68%
    [58] Processed 0/900 batches (0.00%)
    [58] Processed 270/900 batches (30.00%)
    [58] Processed 540/900 batches (60.00%)
    [58] Processed 810/900 batches (90.00%)
[16:08:59] Epoch [59/100] Loss: 0.0102 Accuracy: 99.66%
    [59] Processed 0/900 batches (0.00%)
    [59] Processed 270/900 batches (30.00%)
    [59] Processed 540/900 batches (60.00%)
    [59] Processed 810/900 batches (90.00%)
[16:28:55] Epoch [60/100] Loss: 0.0092 Accuracy: 99.69%
    [60] Processed 0/900 batches (0.00%)
    [60] Processed 270/900 batches (30.00%)
    [60] Processed 540/900 batches (60.00%)
    [60] Processed 810/900 batches (90.00%)
Checkpoint 61 saved to /virtual/drosari3/models/model-18000-LeftCrop-256-20-5e-05-100-wCE/checkpoints/checkpoint_epoch_61.pth
[16:48:39] Epoch [61/100] Loss: 0.0092 Accuracy: 99.67%
    [61] Processed 0/900 batches (0.00%)
    [61] Processed 270/900 batches (30.00%)
    [61] Processed 540/900 batches (60.00%)
    [61] Processed 810/900 batches (90.00%)
[17:08:21] Epoch [62/100] Loss: 0.0091 Accuracy: 99.68%
    [62] Processed 0/900 batches (0.00%)
    [62] Processed 270/900 batches (30.00%)
    [62] Processed 540/900 batches (60.00%)
    [62] Processed 810/900 batches (90.00%)
[17:28:21] Epoch [63/100] Loss: 0.0093 Accuracy: 99.68%
    [63] Processed 0/900 batches (0.00%)
    [63] Processed 270/900 batches (30.00%)
    [63] Processed 540/900 batches (60.00%)
    [63] Processed 810/900 batches (90.00%)
[17:48:05] Epoch [64/100] Loss: 0.0090 Accuracy: 99.65%
    [64] Processed 0/900 batches (0.00%)
    [64] Processed 270/900 batches (30.00%)
    [64] Processed 540/900 batches (60.00%)
    [64] Processed 810/900 batches (90.00%)
[18:08:16] Epoch [65/100] Loss: 0.0089 Accuracy: 99.69%
    [65] Processed 0/900 batches (0.00%)
    [65] Processed 270/900 batches (30.00%)
    [65] Processed 540/900 batches (60.00%)
    [65] Processed 810/900 batches (90.00%)
[18:28:15] Epoch [66/100] Loss: 0.0089 Accuracy: 99.68%
    [66] Processed 0/900 batches (0.00%)
    [66] Processed 270/900 batches (30.00%)
    [66] Processed 540/900 batches (60.00%)
    [66] Processed 810/900 batches (90.00%)
[18:48:05] Epoch [67/100] Loss: 0.0089 Accuracy: 99.68%
    [67] Processed 0/900 batches (0.00%)
    [67] Processed 270/900 batches (30.00%)
    [67] Processed 540/900 batches (60.00%)
    [67] Processed 810/900 batches (90.00%)
[19:07:52] Epoch [68/100] Loss: 0.0088 Accuracy: 99.67%
    [68] Processed 0/900 batches (0.00%)
    [68] Processed 270/900 batches (30.00%)
    [68] Processed 540/900 batches (60.00%)
    [68] Processed 810/900 batches (90.00%)
[19:29:08] Epoch [69/100] Loss: 0.0091 Accuracy: 99.67%
    [69] Processed 0/900 batches (0.00%)
    [69] Processed 270/900 batches (30.00%)
    [69] Processed 540/900 batches (60.00%)
    [69] Processed 810/900 batches (90.00%)
[19:49:09] Epoch [70/100] Loss: 0.0088 Accuracy: 99.69%
    [70] Processed 0/900 batches (0.00%)
    [70] Processed 270/900 batches (30.00%)
    [70] Processed 540/900 batches (60.00%)
    [70] Processed 810/900 batches (90.00%)
Checkpoint 71 saved to /virtual/drosari3/models/model-18000-LeftCrop-256-20-5e-05-100-wCE/checkpoints/checkpoint_epoch_71.pth
[20:09:08] Epoch [71/100] Loss: 0.0088 Accuracy: 99.68%
    [71] Processed 0/900 batches (0.00%)
    [71] Processed 270/900 batches (30.00%)
    [71] Processed 540/900 batches (60.00%)
    [71] Processed 810/900 batches (90.00%)
[20:29:00] Epoch [72/100] Loss: 0.0086 Accuracy: 99.68%
    [72] Processed 0/900 batches (0.00%)
    [72] Processed 270/900 batches (30.00%)
    [72] Processed 540/900 batches (60.00%)
    [72] Processed 810/900 batches (90.00%)
[20:49:07] Epoch [73/100] Loss: 0.0088 Accuracy: 99.68%
    [73] Processed 0/900 batches (0.00%)
    [73] Processed 270/900 batches (30.00%)
    [73] Processed 540/900 batches (60.00%)
    [73] Processed 810/900 batches (90.00%)
[21:08:57] Epoch [74/100] Loss: 0.0088 Accuracy: 99.69%
    [74] Processed 0/900 batches (0.00%)
    [74] Processed 270/900 batches (30.00%)
    [74] Processed 540/900 batches (60.00%)
    [74] Processed 810/900 batches (90.00%)
[21:29:03] Epoch [75/100] Loss: 0.0086 Accuracy: 99.68%
    [75] Processed 0/900 batches (0.00%)
    [75] Processed 270/900 batches (30.00%)
    [75] Processed 540/900 batches (60.00%)
    [75] Processed 810/900 batches (90.00%)
[21:49:16] Epoch [76/100] Loss: 0.0087 Accuracy: 99.68%
    [76] Processed 0/900 batches (0.00%)
    [76] Processed 270/900 batches (30.00%)
    [76] Processed 540/900 batches (60.00%)
    [76] Processed 810/900 batches (90.00%)
[22:09:34] Epoch [77/100] Loss: 0.0084 Accuracy: 99.69%
    [77] Processed 0/900 batches (0.00%)
    [77] Processed 270/900 batches (30.00%)
    [77] Processed 540/900 batches (60.00%)
    [77] Processed 810/900 batches (90.00%)
[22:29:22] Epoch [78/100] Loss: 0.0090 Accuracy: 99.68%
    [78] Processed 0/900 batches (0.00%)
    [78] Processed 270/900 batches (30.00%)
    [78] Processed 540/900 batches (60.00%)
    [78] Processed 810/900 batches (90.00%)
[22:49:21] Epoch [79/100] Loss: 0.0086 Accuracy: 99.69%
    [79] Processed 0/900 batches (0.00%)
    [79] Processed 270/900 batches (30.00%)
    [79] Processed 540/900 batches (60.00%)
    [79] Processed 810/900 batches (90.00%)
[23:09:08] Epoch [80/100] Loss: 0.0083 Accuracy: 99.69%
    [80] Processed 0/900 batches (0.00%)
    [80] Processed 270/900 batches (30.00%)
    [80] Processed 540/900 batches (60.00%)
    [80] Processed 810/900 batches (90.00%)
Checkpoint 81 saved to /virtual/drosari3/models/model-18000-LeftCrop-256-20-5e-05-100-wCE/checkpoints/checkpoint_epoch_81.pth
[23:29:04] Epoch [81/100] Loss: 0.0085 Accuracy: 99.69%
    [81] Processed 0/900 batches (0.00%)
    [81] Processed 270/900 batches (30.00%)
    [81] Processed 540/900 batches (60.00%)
    [81] Processed 810/900 batches (90.00%)
[23:49:16] Epoch [82/100] Loss: 0.0083 Accuracy: 99.69%
    [82] Processed 0/900 batches (0.00%)
    [82] Processed 270/900 batches (30.00%)
    [82] Processed 540/900 batches (60.00%)
    [82] Processed 810/900 batches (90.00%)
[00:09:00] Epoch [83/100] Loss: 0.0085 Accuracy: 99.68%
    [83] Processed 0/900 batches (0.00%)
    [83] Processed 270/900 batches (30.00%)
    [83] Processed 540/900 batches (60.00%)
    [83] Processed 810/900 batches (90.00%)
[00:28:59] Epoch [84/100] Loss: 0.0085 Accuracy: 99.67%
    [84] Processed 0/900 batches (0.00%)
    [84] Processed 270/900 batches (30.00%)
    [84] Processed 540/900 batches (60.00%)
    [84] Processed 810/900 batches (90.00%)
[00:49:36] Epoch [85/100] Loss: 0.0082 Accuracy: 99.68%
    [85] Processed 0/900 batches (0.00%)
    [85] Processed 270/900 batches (30.00%)
    [85] Processed 540/900 batches (60.00%)
    [85] Processed 810/900 batches (90.00%)
[01:09:30] Epoch [86/100] Loss: 0.0082 Accuracy: 99.68%
    [86] Processed 0/900 batches (0.00%)
    [86] Processed 270/900 batches (30.00%)
    [86] Processed 540/900 batches (60.00%)
    [86] Processed 810/900 batches (90.00%)
[01:29:19] Epoch [87/100] Loss: 0.0082 Accuracy: 99.68%
    [87] Processed 0/900 batches (0.00%)
    [87] Processed 270/900 batches (30.00%)
    [87] Processed 540/900 batches (60.00%)
    [87] Processed 810/900 batches (90.00%)
[01:49:12] Epoch [88/100] Loss: 0.0081 Accuracy: 99.70%
    [88] Processed 0/900 batches (0.00%)
    [88] Processed 270/900 batches (30.00%)
    [88] Processed 540/900 batches (60.00%)
    [88] Processed 810/900 batches (90.00%)
[02:09:01] Epoch [89/100] Loss: 0.0089 Accuracy: 99.68%
    [89] Processed 0/900 batches (0.00%)
    [89] Processed 270/900 batches (30.00%)
    [89] Processed 540/900 batches (60.00%)
    [89] Processed 810/900 batches (90.00%)
[02:29:08] Epoch [90/100] Loss: 0.0081 Accuracy: 99.70%
    [90] Processed 0/900 batches (0.00%)
    [90] Processed 270/900 batches (30.00%)
    [90] Processed 540/900 batches (60.00%)
    [90] Processed 810/900 batches (90.00%)
Checkpoint 91 saved to /virtual/drosari3/models/model-18000-LeftCrop-256-20-5e-05-100-wCE/checkpoints/checkpoint_epoch_91.pth
[02:49:01] Epoch [91/100] Loss: 0.0080 Accuracy: 99.68%
    [91] Processed 0/900 batches (0.00%)
    [91] Processed 270/900 batches (30.00%)
    [91] Processed 540/900 batches (60.00%)
    [91] Processed 810/900 batches (90.00%)
[03:08:39] Epoch [92/100] Loss: 0.0079 Accuracy: 99.68%
    [92] Processed 0/900 batches (0.00%)
    [92] Processed 270/900 batches (30.00%)
    [92] Processed 540/900 batches (60.00%)
    [92] Processed 810/900 batches (90.00%)
[03:28:32] Epoch [93/100] Loss: 0.0080 Accuracy: 99.69%
    [93] Processed 0/900 batches (0.00%)
    [93] Processed 270/900 batches (30.00%)
    [93] Processed 540/900 batches (60.00%)
    [93] Processed 810/900 batches (90.00%)
[03:48:14] Epoch [94/100] Loss: 0.0079 Accuracy: 99.69%
    [94] Processed 0/900 batches (0.00%)
    [94] Processed 270/900 batches (30.00%)
    [94] Processed 540/900 batches (60.00%)
    [94] Processed 810/900 batches (90.00%)
[04:08:03] Epoch [95/100] Loss: 0.0081 Accuracy: 99.69%
    [95] Processed 0/900 batches (0.00%)
    [95] Processed 270/900 batches (30.00%)
    [95] Processed 540/900 batches (60.00%)
    [95] Processed 810/900 batches (90.00%)
[04:27:53] Epoch [96/100] Loss: 0.0077 Accuracy: 99.70%
    [96] Processed 0/900 batches (0.00%)
    [96] Processed 270/900 batches (30.00%)
    [96] Processed 540/900 batches (60.00%)
    [96] Processed 810/900 batches (90.00%)
[04:47:37] Epoch [97/100] Loss: 0.0076 Accuracy: 99.69%
    [97] Processed 0/900 batches (0.00%)
    [97] Processed 270/900 batches (30.00%)
    [97] Processed 540/900 batches (60.00%)
    [97] Processed 810/900 batches (90.00%)
[05:07:24] Epoch [98/100] Loss: 0.0087 Accuracy: 99.69%
    [98] Processed 0/900 batches (0.00%)
    [98] Processed 270/900 batches (30.00%)
    [98] Processed 540/900 batches (60.00%)
    [98] Processed 810/900 batches (90.00%)
[05:27:12] Epoch [99/100] Loss: 0.0077 Accuracy: 99.71%
    [99] Processed 0/900 batches (0.00%)
    [99] Processed 270/900 batches (30.00%)
    [99] Processed 540/900 batches (60.00%)
    [99] Processed 810/900 batches (90.00%)
[05:47:08] Epoch [100/100] Loss: 0.0074 Accuracy: 99.71%
Testing Image: 0/1
Validation mIoU: 1.0000
Testing individual images...
Done
