Opening config.ini...
MAX_IMAGES: 18000
BATCH_SIZE: 18
LEARNING_RATE: 5e-05
EPOCHS: 100
TRANSFORM: RandomCrop
IMAGE_DIMEN: 256
EVALUATION_IMAGES: ['_gcgraos355QHyu7iFMK1w', '_QDf_pTzs-sEyBubXqmqxA', '_wbVgGy7xrO_C_gsz-BCvA', 'FYoB0UGu40k9nKurB8pucw', '1pFw6qQwFQ__QdnYYB7YLA', '-C-x3xSPFIEjqbyVC5PRaQ', '_Uu1yfgmkbji9nkUT3Tikw', '_nDuQstcKZ714CoL0G5iZg']
CHECKPOINT_SAVE_INTERVAL: 10
MODEL_LOCATION: /virtual/drosari3/models/model-18000-RandomCrop-256-18-5e-05-100-wCE
MODEL_NAME: model-18000-RandomCrop-256-18-5e-05-100-wCE
Training model-18000-RandomCrop-256-18-5e-05-100-wCE...
epochs=100 lr=5e-05, error=<function cross_entropy at 0x7fb4ee10f7f0>
    [0] Processed 0/1000 batches (0.00%)
    [0] Processed 300/1000 batches (30.00%)
    [0] Processed 600/1000 batches (60.00%)
    [0] Processed 900/1000 batches (90.00%)
Checkpoint 1 saved to /virtual/drosari3/models/model-18000-RandomCrop-256-18-5e-05-100-wCE/checkpoints/checkpoint_epoch_1.pth
[00:33:31] Epoch [1/100] Loss: 1.8585 Accuracy: 42.91%
    [1] Processed 0/1000 batches (0.00%)
    [1] Processed 300/1000 batches (30.00%)
    [1] Processed 600/1000 batches (60.00%)
    [1] Processed 900/1000 batches (90.00%)
[00:53:32] Epoch [2/100] Loss: 1.7277 Accuracy: 52.27%
    [2] Processed 0/1000 batches (0.00%)
    [2] Processed 300/1000 batches (30.00%)
    [2] Processed 600/1000 batches (60.00%)
    [2] Processed 900/1000 batches (90.00%)
[01:13:36] Epoch [3/100] Loss: 1.6787 Accuracy: 54.54%
    [3] Processed 0/1000 batches (0.00%)
    [3] Processed 300/1000 batches (30.00%)
    [3] Processed 600/1000 batches (60.00%)
    [3] Processed 900/1000 batches (90.00%)
[01:33:40] Epoch [4/100] Loss: 1.5963 Accuracy: 59.05%
    [4] Processed 0/1000 batches (0.00%)
    [4] Processed 300/1000 batches (30.00%)
    [4] Processed 600/1000 batches (60.00%)
    [4] Processed 900/1000 batches (90.00%)
[01:53:49] Epoch [5/100] Loss: 1.5378 Accuracy: 60.28%
    [5] Processed 0/1000 batches (0.00%)
    [5] Processed 300/1000 batches (30.00%)
    [5] Processed 600/1000 batches (60.00%)
    [5] Processed 900/1000 batches (90.00%)
[02:13:50] Epoch [6/100] Loss: 1.5086 Accuracy: 61.24%
    [6] Processed 0/1000 batches (0.00%)
    [6] Processed 300/1000 batches (30.00%)
    [6] Processed 600/1000 batches (60.00%)
    [6] Processed 900/1000 batches (90.00%)
[02:33:54] Epoch [7/100] Loss: 1.5115 Accuracy: 61.49%
    [7] Processed 0/1000 batches (0.00%)
    [7] Processed 300/1000 batches (30.00%)
    [7] Processed 600/1000 batches (60.00%)
    [7] Processed 900/1000 batches (90.00%)
[02:53:57] Epoch [8/100] Loss: 1.4609 Accuracy: 62.72%
    [8] Processed 0/1000 batches (0.00%)
    [8] Processed 300/1000 batches (30.00%)
    [8] Processed 600/1000 batches (60.00%)
    [8] Processed 900/1000 batches (90.00%)
[03:13:56] Epoch [9/100] Loss: 1.4661 Accuracy: 62.36%
    [9] Processed 0/1000 batches (0.00%)
    [9] Processed 300/1000 batches (30.00%)
    [9] Processed 600/1000 batches (60.00%)
    [9] Processed 900/1000 batches (90.00%)
[03:33:53] Epoch [10/100] Loss: 1.4322 Accuracy: 63.62%
    [10] Processed 0/1000 batches (0.00%)
    [10] Processed 300/1000 batches (30.00%)
    [10] Processed 600/1000 batches (60.00%)
    [10] Processed 900/1000 batches (90.00%)
Checkpoint 11 saved to /virtual/drosari3/models/model-18000-RandomCrop-256-18-5e-05-100-wCE/checkpoints/checkpoint_epoch_11.pth
[03:54:03] Epoch [11/100] Loss: 1.4318 Accuracy: 64.13%
    [11] Processed 0/1000 batches (0.00%)
    [11] Processed 300/1000 batches (30.00%)
    [11] Processed 600/1000 batches (60.00%)
    [11] Processed 900/1000 batches (90.00%)
[04:14:02] Epoch [12/100] Loss: 1.4293 Accuracy: 64.68%
    [12] Processed 0/1000 batches (0.00%)
    [12] Processed 300/1000 batches (30.00%)
    [12] Processed 600/1000 batches (60.00%)
    [12] Processed 900/1000 batches (90.00%)
[04:34:00] Epoch [13/100] Loss: 1.3978 Accuracy: 64.90%
    [13] Processed 0/1000 batches (0.00%)
    [13] Processed 300/1000 batches (30.00%)
    [13] Processed 600/1000 batches (60.00%)
    [13] Processed 900/1000 batches (90.00%)
[04:53:56] Epoch [14/100] Loss: 1.4097 Accuracy: 65.21%
    [14] Processed 0/1000 batches (0.00%)
    [14] Processed 300/1000 batches (30.00%)
    [14] Processed 600/1000 batches (60.00%)
    [14] Processed 900/1000 batches (90.00%)
[05:13:55] Epoch [15/100] Loss: 1.3853 Accuracy: 65.91%
    [15] Processed 0/1000 batches (0.00%)
    [15] Processed 300/1000 batches (30.00%)
    [15] Processed 600/1000 batches (60.00%)
    [15] Processed 900/1000 batches (90.00%)
[05:33:55] Epoch [16/100] Loss: 1.3773 Accuracy: 65.80%
    [16] Processed 0/1000 batches (0.00%)
    [16] Processed 300/1000 batches (30.00%)
    [16] Processed 600/1000 batches (60.00%)
    [16] Processed 900/1000 batches (90.00%)
[05:54:02] Epoch [17/100] Loss: 1.3805 Accuracy: 66.28%
    [17] Processed 0/1000 batches (0.00%)
    [17] Processed 300/1000 batches (30.00%)
    [17] Processed 600/1000 batches (60.00%)
    [17] Processed 900/1000 batches (90.00%)
[06:14:03] Epoch [18/100] Loss: 1.3520 Accuracy: 66.89%
    [18] Processed 0/1000 batches (0.00%)
    [18] Processed 300/1000 batches (30.00%)
    [18] Processed 600/1000 batches (60.00%)
    [18] Processed 900/1000 batches (90.00%)
[06:34:05] Epoch [19/100] Loss: 1.3493 Accuracy: 67.02%
    [19] Processed 0/1000 batches (0.00%)
    [19] Processed 300/1000 batches (30.00%)
    [19] Processed 600/1000 batches (60.00%)
    [19] Processed 900/1000 batches (90.00%)
[06:54:00] Epoch [20/100] Loss: 1.3328 Accuracy: 67.15%
    [20] Processed 0/1000 batches (0.00%)
    [20] Processed 300/1000 batches (30.00%)
    [20] Processed 600/1000 batches (60.00%)
    [20] Processed 900/1000 batches (90.00%)
Checkpoint 21 saved to /virtual/drosari3/models/model-18000-RandomCrop-256-18-5e-05-100-wCE/checkpoints/checkpoint_epoch_21.pth
[07:13:59] Epoch [21/100] Loss: 1.3148 Accuracy: 67.80%
    [21] Processed 0/1000 batches (0.00%)
    [21] Processed 300/1000 batches (30.00%)
    [21] Processed 600/1000 batches (60.00%)
    [21] Processed 900/1000 batches (90.00%)
[07:33:57] Epoch [22/100] Loss: 1.3165 Accuracy: 67.64%
    [22] Processed 0/1000 batches (0.00%)
    [22] Processed 300/1000 batches (30.00%)
    [22] Processed 600/1000 batches (60.00%)
    [22] Processed 900/1000 batches (90.00%)
[07:53:48] Epoch [23/100] Loss: 1.3024 Accuracy: 68.10%
    [23] Processed 0/1000 batches (0.00%)
    [23] Processed 300/1000 batches (30.00%)
    [23] Processed 600/1000 batches (60.00%)
    [23] Processed 900/1000 batches (90.00%)
[08:13:46] Epoch [24/100] Loss: 1.2745 Accuracy: 68.36%
    [24] Processed 0/1000 batches (0.00%)
    [24] Processed 300/1000 batches (30.00%)
    [24] Processed 600/1000 batches (60.00%)
    [24] Processed 900/1000 batches (90.00%)
[08:33:47] Epoch [25/100] Loss: 1.2982 Accuracy: 67.75%
    [25] Processed 0/1000 batches (0.00%)
    [25] Processed 300/1000 batches (30.00%)
    [25] Processed 600/1000 batches (60.00%)
    [25] Processed 900/1000 batches (90.00%)
[08:53:47] Epoch [26/100] Loss: 1.2741 Accuracy: 68.29%
    [26] Processed 0/1000 batches (0.00%)
    [26] Processed 300/1000 batches (30.00%)
    [26] Processed 600/1000 batches (60.00%)
    [26] Processed 900/1000 batches (90.00%)
[09:13:50] Epoch [27/100] Loss: 1.2761 Accuracy: 68.36%
    [27] Processed 0/1000 batches (0.00%)
    [27] Processed 300/1000 batches (30.00%)
    [27] Processed 600/1000 batches (60.00%)
    [27] Processed 900/1000 batches (90.00%)
[09:33:58] Epoch [28/100] Loss: 1.2755 Accuracy: 68.47%
    [28] Processed 0/1000 batches (0.00%)
    [28] Processed 300/1000 batches (30.00%)
    [28] Processed 600/1000 batches (60.00%)
    [28] Processed 900/1000 batches (90.00%)
[09:54:00] Epoch [29/100] Loss: 1.2689 Accuracy: 68.95%
    [29] Processed 0/1000 batches (0.00%)
    [29] Processed 300/1000 batches (30.00%)
    [29] Processed 600/1000 batches (60.00%)
    [29] Processed 900/1000 batches (90.00%)
[10:14:05] Epoch [30/100] Loss: 1.2505 Accuracy: 69.42%
    [30] Processed 0/1000 batches (0.00%)
    [30] Processed 300/1000 batches (30.00%)
    [30] Processed 600/1000 batches (60.00%)
    [30] Processed 900/1000 batches (90.00%)
Checkpoint 31 saved to /virtual/drosari3/models/model-18000-RandomCrop-256-18-5e-05-100-wCE/checkpoints/checkpoint_epoch_31.pth
[10:34:08] Epoch [31/100] Loss: 1.2458 Accuracy: 69.57%
    [31] Processed 0/1000 batches (0.00%)
    [31] Processed 300/1000 batches (30.00%)
    [31] Processed 600/1000 batches (60.00%)
    [31] Processed 900/1000 batches (90.00%)
[10:54:07] Epoch [32/100] Loss: 1.2522 Accuracy: 68.85%
    [32] Processed 0/1000 batches (0.00%)
    [32] Processed 300/1000 batches (30.00%)
    [32] Processed 600/1000 batches (60.00%)
    [32] Processed 900/1000 batches (90.00%)
[11:14:10] Epoch [33/100] Loss: 1.2467 Accuracy: 69.03%
    [33] Processed 0/1000 batches (0.00%)
    [33] Processed 300/1000 batches (30.00%)
    [33] Processed 600/1000 batches (60.00%)
    [33] Processed 900/1000 batches (90.00%)
[11:34:15] Epoch [34/100] Loss: 1.2172 Accuracy: 69.56%
    [34] Processed 0/1000 batches (0.00%)
    [34] Processed 300/1000 batches (30.00%)
    [34] Processed 600/1000 batches (60.00%)
    [34] Processed 900/1000 batches (90.00%)
[11:54:24] Epoch [35/100] Loss: 1.2188 Accuracy: 69.82%
