Training unet-2000-256-20-crop-100-00005...
epochs=100 lr=0.0005, error=<function cross_entropy at 0x7f66dabf3a30>
    [0] Processed 0/100 batches (0.00%)
    [0] Processed 30/100 batches (30.00%)
    [0] Processed 60/100 batches (60.00%)
    [0] Processed 90/100 batches (90.00%)
Checkpoint 1 saved to /virtual/drosari3/models/unet-2000-256-20-crop-100-00005/unet-2000-256-20-crop-100-00005-checkpoint_epoch_1.pth
[22:59:08] Epoch [1/100] Loss: 2.3695 Accuracy: 47.15%
    [1] Processed 0/100 batches (0.00%)
    [1] Processed 30/100 batches (30.00%)
    [1] Processed 60/100 batches (60.00%)
    [1] Processed 90/100 batches (90.00%)
[23:04:39] Epoch [2/100] Loss: 1.7471 Accuracy: 54.47%
    [2] Processed 0/100 batches (0.00%)
    [2] Processed 30/100 batches (30.00%)
    [2] Processed 60/100 batches (60.00%)
    [2] Processed 90/100 batches (90.00%)
[23:10:07] Epoch [3/100] Loss: 1.6895 Accuracy: 56.98%
    [3] Processed 0/100 batches (0.00%)
    [3] Processed 30/100 batches (30.00%)
    [3] Processed 60/100 batches (60.00%)
    [3] Processed 90/100 batches (90.00%)
[23:15:35] Epoch [4/100] Loss: 1.6474 Accuracy: 58.20%
    [4] Processed 0/100 batches (0.00%)
    [4] Processed 30/100 batches (30.00%)
    [4] Processed 60/100 batches (60.00%)
    [4] Processed 90/100 batches (90.00%)
[23:21:04] Epoch [5/100] Loss: 1.6010 Accuracy: 58.86%
    [5] Processed 0/100 batches (0.00%)
    [5] Processed 30/100 batches (30.00%)
    [5] Processed 60/100 batches (60.00%)
    [5] Processed 90/100 batches (90.00%)
[23:26:31] Epoch [6/100] Loss: 1.5784 Accuracy: 59.41%
    [6] Processed 0/100 batches (0.00%)
    [6] Processed 30/100 batches (30.00%)
    [6] Processed 60/100 batches (60.00%)
    [6] Processed 90/100 batches (90.00%)
[23:31:59] Epoch [7/100] Loss: 1.5528 Accuracy: 59.40%
    [7] Processed 0/100 batches (0.00%)
    [7] Processed 30/100 batches (30.00%)
    [7] Processed 60/100 batches (60.00%)
    [7] Processed 90/100 batches (90.00%)
[23:37:27] Epoch [8/100] Loss: 1.5464 Accuracy: 59.57%
    [8] Processed 0/100 batches (0.00%)
    [8] Processed 30/100 batches (30.00%)
    [8] Processed 60/100 batches (60.00%)
    [8] Processed 90/100 batches (90.00%)
[23:42:55] Epoch [9/100] Loss: 1.5108 Accuracy: 60.26%
    [9] Processed 0/100 batches (0.00%)
    [9] Processed 30/100 batches (30.00%)
    [9] Processed 60/100 batches (60.00%)
    [9] Processed 90/100 batches (90.00%)
[23:48:24] Epoch [10/100] Loss: 1.4914 Accuracy: 60.58%
    [10] Processed 0/100 batches (0.00%)
    [10] Processed 30/100 batches (30.00%)
    [10] Processed 60/100 batches (60.00%)
    [10] Processed 90/100 batches (90.00%)
Checkpoint 11 saved to /virtual/drosari3/models/unet-2000-256-20-crop-100-00005/unet-2000-256-20-crop-100-00005-checkpoint_epoch_11.pth
[23:53:54] Epoch [11/100] Loss: 1.4660 Accuracy: 61.40%
    [11] Processed 0/100 batches (0.00%)
    [11] Processed 30/100 batches (30.00%)
    [11] Processed 60/100 batches (60.00%)
    [11] Processed 90/100 batches (90.00%)
[23:59:24] Epoch [12/100] Loss: 1.4603 Accuracy: 61.88%
    [12] Processed 0/100 batches (0.00%)
    [12] Processed 30/100 batches (30.00%)
    [12] Processed 60/100 batches (60.00%)
    [12] Processed 90/100 batches (90.00%)
[00:04:54] Epoch [13/100] Loss: 1.4259 Accuracy: 62.39%
    [13] Processed 0/100 batches (0.00%)
    [13] Processed 30/100 batches (30.00%)
    [13] Processed 60/100 batches (60.00%)
    [13] Processed 90/100 batches (90.00%)
[00:10:24] Epoch [14/100] Loss: 1.4347 Accuracy: 61.95%
    [14] Processed 0/100 batches (0.00%)
    [14] Processed 30/100 batches (30.00%)
    [14] Processed 60/100 batches (60.00%)
    [14] Processed 90/100 batches (90.00%)
[00:15:55] Epoch [15/100] Loss: 1.3989 Accuracy: 63.49%
    [15] Processed 0/100 batches (0.00%)
    [15] Processed 30/100 batches (30.00%)
    [15] Processed 60/100 batches (60.00%)
    [15] Processed 90/100 batches (90.00%)
[00:21:26] Epoch [16/100] Loss: 1.3866 Accuracy: 63.74%
    [16] Processed 0/100 batches (0.00%)
    [16] Processed 30/100 batches (30.00%)
    [16] Processed 60/100 batches (60.00%)
    [16] Processed 90/100 batches (90.00%)
[00:26:57] Epoch [17/100] Loss: 1.3702 Accuracy: 63.83%
    [17] Processed 0/100 batches (0.00%)
    [17] Processed 30/100 batches (30.00%)
    [17] Processed 60/100 batches (60.00%)
    [17] Processed 90/100 batches (90.00%)
[00:32:29] Epoch [18/100] Loss: 1.3536 Accuracy: 64.72%
    [18] Processed 0/100 batches (0.00%)
    [18] Processed 30/100 batches (30.00%)
    [18] Processed 60/100 batches (60.00%)
    [18] Processed 90/100 batches (90.00%)
[00:38:00] Epoch [19/100] Loss: 1.3342 Accuracy: 65.16%
    [19] Processed 0/100 batches (0.00%)
    [19] Processed 30/100 batches (30.00%)
    [19] Processed 60/100 batches (60.00%)
    [19] Processed 90/100 batches (90.00%)
[00:43:31] Epoch [20/100] Loss: 1.3137 Accuracy: 65.67%
    [20] Processed 0/100 batches (0.00%)
    [20] Processed 30/100 batches (30.00%)
    [20] Processed 60/100 batches (60.00%)
    [20] Processed 90/100 batches (90.00%)
Checkpoint 21 saved to /virtual/drosari3/models/unet-2000-256-20-crop-100-00005/unet-2000-256-20-crop-100-00005-checkpoint_epoch_21.pth
[00:49:02] Epoch [21/100] Loss: 1.2886 Accuracy: 66.20%
    [21] Processed 0/100 batches (0.00%)
    [21] Processed 30/100 batches (30.00%)
    [21] Processed 60/100 batches (60.00%)
    [21] Processed 90/100 batches (90.00%)
[00:54:32] Epoch [22/100] Loss: 1.2904 Accuracy: 66.40%
    [22] Processed 0/100 batches (0.00%)
    [22] Processed 30/100 batches (30.00%)
    [22] Processed 60/100 batches (60.00%)
    [22] Processed 90/100 batches (90.00%)
[01:00:03] Epoch [23/100] Loss: 1.2754 Accuracy: 66.73%
    [23] Processed 0/100 batches (0.00%)
    [23] Processed 30/100 batches (30.00%)
    [23] Processed 60/100 batches (60.00%)
    [23] Processed 90/100 batches (90.00%)
[01:05:33] Epoch [24/100] Loss: 1.2602 Accuracy: 67.06%
    [24] Processed 0/100 batches (0.00%)
    [24] Processed 30/100 batches (30.00%)
    [24] Processed 60/100 batches (60.00%)
    [24] Processed 90/100 batches (90.00%)
[01:11:04] Epoch [25/100] Loss: 1.2430 Accuracy: 67.57%
    [25] Processed 0/100 batches (0.00%)
    [25] Processed 30/100 batches (30.00%)
    [25] Processed 60/100 batches (60.00%)
    [25] Processed 90/100 batches (90.00%)
[01:16:34] Epoch [26/100] Loss: 1.2363 Accuracy: 67.82%
    [26] Processed 0/100 batches (0.00%)
    [26] Processed 30/100 batches (30.00%)
    [26] Processed 60/100 batches (60.00%)
    [26] Processed 90/100 batches (90.00%)
[01:22:05] Epoch [27/100] Loss: 1.2033 Accuracy: 68.83%
    [27] Processed 0/100 batches (0.00%)
    [27] Processed 30/100 batches (30.00%)
    [27] Processed 60/100 batches (60.00%)
    [27] Processed 90/100 batches (90.00%)
[01:27:38] Epoch [28/100] Loss: 1.2011 Accuracy: 68.88%
    [28] Processed 0/100 batches (0.00%)
    [28] Processed 30/100 batches (30.00%)
    [28] Processed 60/100 batches (60.00%)
    [28] Processed 90/100 batches (90.00%)
[01:33:11] Epoch [29/100] Loss: 1.1634 Accuracy: 69.84%
    [29] Processed 0/100 batches (0.00%)
    [29] Processed 30/100 batches (30.00%)
    [29] Processed 60/100 batches (60.00%)
    [29] Processed 90/100 batches (90.00%)
[01:38:43] Epoch [30/100] Loss: 1.1461 Accuracy: 70.22%
    [30] Processed 0/100 batches (0.00%)
    [30] Processed 30/100 batches (30.00%)
    [30] Processed 60/100 batches (60.00%)
    [30] Processed 90/100 batches (90.00%)
Checkpoint 31 saved to /virtual/drosari3/models/unet-2000-256-20-crop-100-00005/unet-2000-256-20-crop-100-00005-checkpoint_epoch_31.pth
[01:44:16] Epoch [31/100] Loss: 1.1338 Accuracy: 70.81%
    [31] Processed 0/100 batches (0.00%)
    [31] Processed 30/100 batches (30.00%)
    [31] Processed 60/100 batches (60.00%)
    [31] Processed 90/100 batches (90.00%)
[01:49:47] Epoch [32/100] Loss: 1.1099 Accuracy: 71.11%
    [32] Processed 0/100 batches (0.00%)
    [32] Processed 30/100 batches (30.00%)
    [32] Processed 60/100 batches (60.00%)
    [32] Processed 90/100 batches (90.00%)
[01:55:18] Epoch [33/100] Loss: 1.1062 Accuracy: 71.33%
    [33] Processed 0/100 batches (0.00%)
    [33] Processed 30/100 batches (30.00%)
    [33] Processed 60/100 batches (60.00%)
    [33] Processed 90/100 batches (90.00%)
[02:00:49] Epoch [34/100] Loss: 1.0863 Accuracy: 71.90%
    [34] Processed 0/100 batches (0.00%)
    [34] Processed 30/100 batches (30.00%)
    [34] Processed 60/100 batches (60.00%)
    [34] Processed 90/100 batches (90.00%)
[02:06:21] Epoch [35/100] Loss: 1.0698 Accuracy: 72.03%
    [35] Processed 0/100 batches (0.00%)
    [35] Processed 30/100 batches (30.00%)
    [35] Processed 60/100 batches (60.00%)
    [35] Processed 90/100 batches (90.00%)
[02:11:53] Epoch [36/100] Loss: 1.0453 Accuracy: 72.88%
    [36] Processed 0/100 batches (0.00%)
    [36] Processed 30/100 batches (30.00%)
    [36] Processed 60/100 batches (60.00%)
    [36] Processed 90/100 batches (90.00%)
[02:17:25] Epoch [37/100] Loss: 1.0335 Accuracy: 73.06%
    [37] Processed 0/100 batches (0.00%)
    [37] Processed 30/100 batches (30.00%)
    [37] Processed 60/100 batches (60.00%)
    [37] Processed 90/100 batches (90.00%)
[02:22:58] Epoch [38/100] Loss: 1.0117 Accuracy: 73.78%
    [38] Processed 0/100 batches (0.00%)
    [38] Processed 30/100 batches (30.00%)
    [38] Processed 60/100 batches (60.00%)
    [38] Processed 90/100 batches (90.00%)
[02:28:32] Epoch [39/100] Loss: 0.9993 Accuracy: 73.75%
    [39] Processed 0/100 batches (0.00%)
    [39] Processed 30/100 batches (30.00%)
    [39] Processed 60/100 batches (60.00%)
    [39] Processed 90/100 batches (90.00%)
[02:34:03] Epoch [40/100] Loss: 0.9721 Accuracy: 74.59%
    [40] Processed 0/100 batches (0.00%)
    [40] Processed 30/100 batches (30.00%)
    [40] Processed 60/100 batches (60.00%)
    [40] Processed 90/100 batches (90.00%)
Checkpoint 41 saved to /virtual/drosari3/models/unet-2000-256-20-crop-100-00005/unet-2000-256-20-crop-100-00005-checkpoint_epoch_41.pth
[02:39:35] Epoch [41/100] Loss: 0.9523 Accuracy: 75.15%
    [41] Processed 0/100 batches (0.00%)
    [41] Processed 30/100 batches (30.00%)
    [41] Processed 60/100 batches (60.00%)
    [41] Processed 90/100 batches (90.00%)
[02:45:08] Epoch [42/100] Loss: 0.9536 Accuracy: 75.02%
    [42] Processed 0/100 batches (0.00%)
    [42] Processed 30/100 batches (30.00%)
    [42] Processed 60/100 batches (60.00%)
    [42] Processed 90/100 batches (90.00%)
[02:50:39] Epoch [43/100] Loss: 0.9343 Accuracy: 75.43%
    [43] Processed 0/100 batches (0.00%)
    [43] Processed 30/100 batches (30.00%)
    [43] Processed 60/100 batches (60.00%)
    [43] Processed 90/100 batches (90.00%)
[02:56:12] Epoch [44/100] Loss: 0.8743 Accuracy: 76.79%
    [44] Processed 0/100 batches (0.00%)
    [44] Processed 30/100 batches (30.00%)
    [44] Processed 60/100 batches (60.00%)
    [44] Processed 90/100 batches (90.00%)
[03:01:43] Epoch [45/100] Loss: 0.8581 Accuracy: 77.20%
    [45] Processed 0/100 batches (0.00%)
    [45] Processed 30/100 batches (30.00%)
    [45] Processed 60/100 batches (60.00%)
    [45] Processed 90/100 batches (90.00%)
[03:07:15] Epoch [46/100] Loss: 0.8426 Accuracy: 77.78%
    [46] Processed 0/100 batches (0.00%)
    [46] Processed 30/100 batches (30.00%)
    [46] Processed 60/100 batches (60.00%)
    [46] Processed 90/100 batches (90.00%)
[03:12:48] Epoch [47/100] Loss: 0.8239 Accuracy: 78.17%
    [47] Processed 0/100 batches (0.00%)
    [47] Processed 30/100 batches (30.00%)
    [47] Processed 60/100 batches (60.00%)
    [47] Processed 90/100 batches (90.00%)
[03:18:19] Epoch [48/100] Loss: 0.8498 Accuracy: 77.61%
    [48] Processed 0/100 batches (0.00%)
    [48] Processed 30/100 batches (30.00%)
    [48] Processed 60/100 batches (60.00%)
    [48] Processed 90/100 batches (90.00%)
[03:23:52] Epoch [49/100] Loss: 0.7917 Accuracy: 78.89%
    [49] Processed 0/100 batches (0.00%)
    [49] Processed 30/100 batches (30.00%)
    [49] Processed 60/100 batches (60.00%)
    [49] Processed 90/100 batches (90.00%)
[03:29:24] Epoch [50/100] Loss: 0.7459 Accuracy: 80.01%
    [50] Processed 0/100 batches (0.00%)
    [50] Processed 30/100 batches (30.00%)
    [50] Processed 60/100 batches (60.00%)
    [50] Processed 90/100 batches (90.00%)
Checkpoint 51 saved to /virtual/drosari3/models/unet-2000-256-20-crop-100-00005/unet-2000-256-20-crop-100-00005-checkpoint_epoch_51.pth
[03:34:57] Epoch [51/100] Loss: 0.7329 Accuracy: 80.36%
    [51] Processed 0/100 batches (0.00%)
    [51] Processed 30/100 batches (30.00%)
    [51] Processed 60/100 batches (60.00%)
    [51] Processed 90/100 batches (90.00%)
[03:40:29] Epoch [52/100] Loss: 0.7193 Accuracy: 80.48%
    [52] Processed 0/100 batches (0.00%)
    [52] Processed 30/100 batches (30.00%)
    [52] Processed 60/100 batches (60.00%)
    [52] Processed 90/100 batches (90.00%)
[03:46:02] Epoch [53/100] Loss: 0.6768 Accuracy: 81.64%
    [53] Processed 0/100 batches (0.00%)
    [53] Processed 30/100 batches (30.00%)
    [53] Processed 60/100 batches (60.00%)
    [53] Processed 90/100 batches (90.00%)
[03:51:34] Epoch [54/100] Loss: 0.6623 Accuracy: 82.06%
    [54] Processed 0/100 batches (0.00%)
    [54] Processed 30/100 batches (30.00%)
    [54] Processed 60/100 batches (60.00%)
    [54] Processed 90/100 batches (90.00%)
[03:57:06] Epoch [55/100] Loss: 0.6448 Accuracy: 82.24%
    [55] Processed 0/100 batches (0.00%)
    [55] Processed 30/100 batches (30.00%)
    [55] Processed 60/100 batches (60.00%)
    [55] Processed 90/100 batches (90.00%)
[04:02:38] Epoch [56/100] Loss: 0.6475 Accuracy: 82.26%
    [56] Processed 0/100 batches (0.00%)
    [56] Processed 30/100 batches (30.00%)
    [56] Processed 60/100 batches (60.00%)
    [56] Processed 90/100 batches (90.00%)
[04:08:10] Epoch [57/100] Loss: 0.6447 Accuracy: 82.30%
    [57] Processed 0/100 batches (0.00%)
    [57] Processed 30/100 batches (30.00%)
    [57] Processed 60/100 batches (60.00%)
    [57] Processed 90/100 batches (90.00%)
[04:13:42] Epoch [58/100] Loss: 0.6299 Accuracy: 82.57%
    [58] Processed 0/100 batches (0.00%)
    [58] Processed 30/100 batches (30.00%)
    [58] Processed 60/100 batches (60.00%)
    [58] Processed 90/100 batches (90.00%)
[04:19:14] Epoch [59/100] Loss: 0.5962 Accuracy: 83.51%
    [59] Processed 0/100 batches (0.00%)
    [59] Processed 30/100 batches (30.00%)
    [59] Processed 60/100 batches (60.00%)
    [59] Processed 90/100 batches (90.00%)
[04:24:46] Epoch [60/100] Loss: 0.5467 Accuracy: 84.68%
    [60] Processed 0/100 batches (0.00%)
    [60] Processed 30/100 batches (30.00%)
    [60] Processed 60/100 batches (60.00%)
    [60] Processed 90/100 batches (90.00%)
Checkpoint 61 saved to /virtual/drosari3/models/unet-2000-256-20-crop-100-00005/unet-2000-256-20-crop-100-00005-checkpoint_epoch_61.pth
[04:30:20] Epoch [61/100] Loss: 0.5501 Accuracy: 84.43%
    [61] Processed 0/100 batches (0.00%)
    [61] Processed 30/100 batches (30.00%)
    [61] Processed 60/100 batches (60.00%)
    [61] Processed 90/100 batches (90.00%)
[04:35:51] Epoch [62/100] Loss: 0.5371 Accuracy: 84.87%
    [62] Processed 0/100 batches (0.00%)
    [62] Processed 30/100 batches (30.00%)
    [62] Processed 60/100 batches (60.00%)
    [62] Processed 90/100 batches (90.00%)
[04:41:23] Epoch [63/100] Loss: 0.4960 Accuracy: 85.92%
    [63] Processed 0/100 batches (0.00%)
    [63] Processed 30/100 batches (30.00%)
    [63] Processed 60/100 batches (60.00%)
    [63] Processed 90/100 batches (90.00%)
[04:46:54] Epoch [64/100] Loss: 0.4852 Accuracy: 86.22%
    [64] Processed 0/100 batches (0.00%)
    [64] Processed 30/100 batches (30.00%)
    [64] Processed 60/100 batches (60.00%)
    [64] Processed 90/100 batches (90.00%)
[04:52:25] Epoch [65/100] Loss: 0.4665 Accuracy: 86.60%
    [65] Processed 0/100 batches (0.00%)
    [65] Processed 30/100 batches (30.00%)
    [65] Processed 60/100 batches (60.00%)
    [65] Processed 90/100 batches (90.00%)
[04:57:57] Epoch [66/100] Loss: 0.4413 Accuracy: 87.20%
    [66] Processed 0/100 batches (0.00%)
    [66] Processed 30/100 batches (30.00%)
    [66] Processed 60/100 batches (60.00%)
    [66] Processed 90/100 batches (90.00%)
[05:03:28] Epoch [67/100] Loss: 0.4169 Accuracy: 87.97%
    [67] Processed 0/100 batches (0.00%)
    [67] Processed 30/100 batches (30.00%)
    [67] Processed 60/100 batches (60.00%)
    [67] Processed 90/100 batches (90.00%)
[05:08:59] Epoch [68/100] Loss: 0.4123 Accuracy: 87.95%
    [68] Processed 0/100 batches (0.00%)
    [68] Processed 30/100 batches (30.00%)
    [68] Processed 60/100 batches (60.00%)
    [68] Processed 90/100 batches (90.00%)
[05:14:29] Epoch [69/100] Loss: 0.4230 Accuracy: 87.76%
    [69] Processed 0/100 batches (0.00%)
    [69] Processed 30/100 batches (30.00%)
    [69] Processed 60/100 batches (60.00%)
    [69] Processed 90/100 batches (90.00%)
[05:20:01] Epoch [70/100] Loss: 0.4612 Accuracy: 86.94%
    [70] Processed 0/100 batches (0.00%)
    [70] Processed 30/100 batches (30.00%)
    [70] Processed 60/100 batches (60.00%)
    [70] Processed 90/100 batches (90.00%)
Checkpoint 71 saved to /virtual/drosari3/models/unet-2000-256-20-crop-100-00005/unet-2000-256-20-crop-100-00005-checkpoint_epoch_71.pth
[05:25:32] Epoch [71/100] Loss: 0.4602 Accuracy: 86.92%
    [71] Processed 0/100 batches (0.00%)
    [71] Processed 30/100 batches (30.00%)
    [71] Processed 60/100 batches (60.00%)
    [71] Processed 90/100 batches (90.00%)
[05:31:02] Epoch [72/100] Loss: 0.3642 Accuracy: 89.40%
    [72] Processed 0/100 batches (0.00%)
    [72] Processed 30/100 batches (30.00%)
    [72] Processed 60/100 batches (60.00%)
    [72] Processed 90/100 batches (90.00%)
[05:36:33] Epoch [73/100] Loss: 0.3475 Accuracy: 89.90%
    [73] Processed 0/100 batches (0.00%)
    [73] Processed 30/100 batches (30.00%)
    [73] Processed 60/100 batches (60.00%)
    [73] Processed 90/100 batches (90.00%)
[05:42:03] Epoch [74/100] Loss: 0.3112 Accuracy: 90.79%
    [74] Processed 0/100 batches (0.00%)
    [74] Processed 30/100 batches (30.00%)
    [74] Processed 60/100 batches (60.00%)
    [74] Processed 90/100 batches (90.00%)
[05:47:34] Epoch [75/100] Loss: 0.2929 Accuracy: 91.34%
    [75] Processed 0/100 batches (0.00%)
    [75] Processed 30/100 batches (30.00%)
    [75] Processed 60/100 batches (60.00%)
    [75] Processed 90/100 batches (90.00%)
[05:53:05] Epoch [76/100] Loss: 0.3439 Accuracy: 90.03%
    [76] Processed 0/100 batches (0.00%)
    [76] Processed 30/100 batches (30.00%)
    [76] Processed 60/100 batches (60.00%)
    [76] Processed 90/100 batches (90.00%)
[05:58:36] Epoch [77/100] Loss: 0.3303 Accuracy: 90.27%
    [77] Processed 0/100 batches (0.00%)
    [77] Processed 30/100 batches (30.00%)
    [77] Processed 60/100 batches (60.00%)
    [77] Processed 90/100 batches (90.00%)
[06:04:06] Epoch [78/100] Loss: 0.2820 Accuracy: 91.60%
    [78] Processed 0/100 batches (0.00%)
    [78] Processed 30/100 batches (30.00%)
    [78] Processed 60/100 batches (60.00%)
    [78] Processed 90/100 batches (90.00%)
[06:09:37] Epoch [79/100] Loss: 0.2502 Accuracy: 92.54%
    [79] Processed 0/100 batches (0.00%)
    [79] Processed 30/100 batches (30.00%)
    [79] Processed 60/100 batches (60.00%)
    [79] Processed 90/100 batches (90.00%)
[06:15:08] Epoch [80/100] Loss: 0.2333 Accuracy: 92.99%
    [80] Processed 0/100 batches (0.00%)
    [80] Processed 30/100 batches (30.00%)
    [80] Processed 60/100 batches (60.00%)
    [80] Processed 90/100 batches (90.00%)
Checkpoint 81 saved to /virtual/drosari3/models/unet-2000-256-20-crop-100-00005/unet-2000-256-20-crop-100-00005-checkpoint_epoch_81.pth
[06:20:40] Epoch [81/100] Loss: 0.2364 Accuracy: 92.91%
    [81] Processed 0/100 batches (0.00%)
    [81] Processed 30/100 batches (30.00%)
    [81] Processed 60/100 batches (60.00%)
    [81] Processed 90/100 batches (90.00%)
[06:26:10] Epoch [82/100] Loss: 0.2227 Accuracy: 93.34%
    [82] Processed 0/100 batches (0.00%)
    [82] Processed 30/100 batches (30.00%)
    [82] Processed 60/100 batches (60.00%)
    [82] Processed 90/100 batches (90.00%)
[06:31:43] Epoch [83/100] Loss: 0.2118 Accuracy: 93.72%
    [83] Processed 0/100 batches (0.00%)
    [83] Processed 30/100 batches (30.00%)
    [83] Processed 60/100 batches (60.00%)
    [83] Processed 90/100 batches (90.00%)
[06:37:15] Epoch [84/100] Loss: 0.2869 Accuracy: 91.61%
    [84] Processed 0/100 batches (0.00%)
    [84] Processed 30/100 batches (30.00%)
    [84] Processed 60/100 batches (60.00%)
    [84] Processed 90/100 batches (90.00%)
[06:42:45] Epoch [85/100] Loss: 0.3186 Accuracy: 90.71%
    [85] Processed 0/100 batches (0.00%)
    [85] Processed 30/100 batches (30.00%)
    [85] Processed 60/100 batches (60.00%)
    [85] Processed 90/100 batches (90.00%)
[06:48:17] Epoch [86/100] Loss: 0.2609 Accuracy: 92.31%
    [86] Processed 0/100 batches (0.00%)
    [86] Processed 30/100 batches (30.00%)
    [86] Processed 60/100 batches (60.00%)
    [86] Processed 90/100 batches (90.00%)
[06:53:48] Epoch [87/100] Loss: 0.2071 Accuracy: 93.79%
    [87] Processed 0/100 batches (0.00%)
    [87] Processed 30/100 batches (30.00%)
    [87] Processed 60/100 batches (60.00%)
    [87] Processed 90/100 batches (90.00%)
[06:59:19] Epoch [88/100] Loss: 0.1943 Accuracy: 94.17%
    [88] Processed 0/100 batches (0.00%)
    [88] Processed 30/100 batches (30.00%)
    [88] Processed 60/100 batches (60.00%)
    [88] Processed 90/100 batches (90.00%)
[07:04:50] Epoch [89/100] Loss: 0.1632 Accuracy: 95.10%
    [89] Processed 0/100 batches (0.00%)
    [89] Processed 30/100 batches (30.00%)
    [89] Processed 60/100 batches (60.00%)
    [89] Processed 90/100 batches (90.00%)
[07:10:22] Epoch [90/100] Loss: 0.1517 Accuracy: 95.46%
    [90] Processed 0/100 batches (0.00%)
    [90] Processed 30/100 batches (30.00%)
    [90] Processed 60/100 batches (60.00%)
    [90] Processed 90/100 batches (90.00%)
Checkpoint 91 saved to /virtual/drosari3/models/unet-2000-256-20-crop-100-00005/unet-2000-256-20-crop-100-00005-checkpoint_epoch_91.pth
[07:15:53] Epoch [91/100] Loss: 0.1346 Accuracy: 95.94%
    [91] Processed 0/100 batches (0.00%)
    [91] Processed 30/100 batches (30.00%)
    [91] Processed 60/100 batches (60.00%)
    [91] Processed 90/100 batches (90.00%)
[07:21:25] Epoch [92/100] Loss: 0.1247 Accuracy: 96.26%
    [92] Processed 0/100 batches (0.00%)
    [92] Processed 30/100 batches (30.00%)
    [92] Processed 60/100 batches (60.00%)
    [92] Processed 90/100 batches (90.00%)
[07:26:56] Epoch [93/100] Loss: 0.1215 Accuracy: 96.29%
    [93] Processed 0/100 batches (0.00%)
    [93] Processed 30/100 batches (30.00%)
    [93] Processed 60/100 batches (60.00%)
    [93] Processed 90/100 batches (90.00%)
[07:32:27] Epoch [94/100] Loss: 0.1260 Accuracy: 96.17%
    [94] Processed 0/100 batches (0.00%)
    [94] Processed 30/100 batches (30.00%)
    [94] Processed 60/100 batches (60.00%)
    [94] Processed 90/100 batches (90.00%)
[07:37:58] Epoch [95/100] Loss: 0.1513 Accuracy: 95.52%
    [95] Processed 0/100 batches (0.00%)
    [95] Processed 30/100 batches (30.00%)
    [95] Processed 60/100 batches (60.00%)
    [95] Processed 90/100 batches (90.00%)
[07:43:28] Epoch [96/100] Loss: 0.1788 Accuracy: 94.60%
    [96] Processed 0/100 batches (0.00%)
    [96] Processed 30/100 batches (30.00%)
    [96] Processed 60/100 batches (60.00%)
    [96] Processed 90/100 batches (90.00%)
[07:48:59] Epoch [97/100] Loss: 0.1790 Accuracy: 94.58%
    [97] Processed 0/100 batches (0.00%)
    [97] Processed 30/100 batches (30.00%)
    [97] Processed 60/100 batches (60.00%)
    [97] Processed 90/100 batches (90.00%)
[07:54:30] Epoch [98/100] Loss: 0.2115 Accuracy: 93.85%
    [98] Processed 0/100 batches (0.00%)
    [98] Processed 30/100 batches (30.00%)
    [98] Processed 60/100 batches (60.00%)
    [98] Processed 90/100 batches (90.00%)
[08:00:01] Epoch [99/100] Loss: 0.2627 Accuracy: 92.36%
    [99] Processed 0/100 batches (0.00%)
    [99] Processed 30/100 batches (30.00%)
    [99] Processed 60/100 batches (60.00%)
    [99] Processed 90/100 batches (90.00%)
[08:05:31] Epoch [100/100] Loss: 0.1719 Accuracy: 94.84%
Evaluating /virtual/drosari3/models/unet-2000-256-20-crop-100-00005/unet-2000-256-20-crop-100-00005.pth...
Accuracies: [47.14745025634765, 54.47410430908203, 56.98278579711914, 58.20481796264649, 58.859564208984374, 59.41314544677734, 59.40413818359375, 59.57108688354492, 60.258447265625, 60.577511596679685, 61.39752883911133, 61.878196716308594, 62.393927001953124, 61.94776077270508, 63.48893508911133, 63.7427375793457, 63.83248062133789, 64.7225730895996, 65.1642822265625, 65.66518859863281, 66.20319976806641, 66.40237045288086, 66.73284683227538, 67.05581130981446, 67.57451934814453, 67.81546401977539, 68.8322364807129, 68.88387451171874, 69.83527526855468, 70.21962661743164, 70.81387634277344, 71.10964813232422, 71.33442611694336, 71.90248794555664, 72.02770462036133, 72.87773208618164, 73.06361083984375, 73.78231430053711, 73.74895553588867, 74.5884780883789, 75.14647216796875, 75.01541671752929, 75.42620010375977, 76.78616180419922, 77.20379104614258, 77.78475799560547, 78.1719955444336, 77.61045303344727, 78.88721542358398, 80.01170654296875, 80.35868835449219, 80.48392791748047, 81.6416145324707, 82.06271438598633, 82.24099426269531, 82.25544357299805, 82.30401458740235, 82.56528854370117, 83.50679321289063, 84.6790557861328, 84.43136825561524, 84.87103118896485, 85.92324447631836, 86.22041473388671, 86.59953842163085, 87.19602508544922, 87.96985321044922, 87.95267486572266, 87.76499557495117, 86.94408264160157, 86.92037734985351, 89.39572372436524, 89.90280838012696, 90.78860702514649, 91.3414924621582, 90.0271728515625, 90.27044296264648, 91.60290145874023, 92.53952484130859, 92.98873596191406, 92.91373062133789, 93.34017562866211, 93.7174674987793, 91.60732574462891, 90.71467056274415, 92.30653686523438, 93.78861618041992, 94.17247085571289, 95.09693984985351, 95.46144943237304, 95.93636550903321, 96.25716781616211, 96.29431610107422, 96.16849899291992, 95.51954193115235, 94.6021125793457, 94.57846908569336, 93.85426483154296, 92.35931396484375, 94.84345703125]
Losses: [2.369481658935547, 1.7470688819885254, 1.6894693851470948, 1.647350469827652, 1.6009565055370332, 1.5784200167655944, 1.5527821671962738, 1.5464003086090088, 1.5107856976985932, 1.4914144390821458, 1.465956102013588, 1.460277636051178, 1.4259193861484527, 1.4346805584430695, 1.3988845932483673, 1.3866020649671555, 1.3701848644018173, 1.3535737293958663, 1.334209965467453, 1.3137028247117997, 1.28862773001194, 1.2903794342279433, 1.2753578865528106, 1.2602018570899964, 1.243019053339958, 1.2362893491983413, 1.2032809609174728, 1.2011160826683045, 1.1634447675943376, 1.146129914522171, 1.1338163083791732, 1.1099206894636153, 1.1061667001247406, 1.0862702983617782, 1.0697710722684861, 1.0452819788455963, 1.033542184829712, 1.0116653603315353, 0.9992913556098938, 0.9720815873146057, 0.9522533655166626, 0.9535720312595367, 0.9342722579836845, 0.874288672208786, 0.8580538716912269, 0.8426262068748475, 0.8239489290118217, 0.8497563916444778, 0.79167195469141, 0.7459096786379814, 0.7328708133101464, 0.7192713734507561, 0.6768021985888482, 0.662269904911518, 0.6448427739739419, 0.6474983638525009, 0.644686584174633, 0.6298699143528939, 0.5962022793292999, 0.5467326872050762, 0.5500712329149247, 0.5370506411790847, 0.49596614480018614, 0.4851813519001007, 0.4665274803340435, 0.44130931556224823, 0.4169283460080624, 0.4122659130394459, 0.42302568450570105, 0.4611655141413212, 0.4602434940636158, 0.3642483377456665, 0.3474587884545326, 0.31122526332736017, 0.29289849996566775, 0.3439464311301708, 0.33029830977320673, 0.28201438531279566, 0.2501887722313404, 0.23331820972263814, 0.23639433585107328, 0.22273546144366263, 0.21181014411151408, 0.28687586918473246, 0.3185514835268259, 0.2609032562375069, 0.2071357800811529, 0.19426763109862805, 0.1632005490362644, 0.15173050604760646, 0.13455601118505, 0.12474672570824623, 0.12148243453353644, 0.12600676342844963, 0.1512792819738388, 0.1788390301167965, 0.17902299262583254, 0.21152582190930844, 0.2627234070003033, 0.1719289441406727]
Testing Image: 0/100
Testing Image: 5/100
Testing Image: 10/100
Testing Image: 15/100
Testing Image: 20/100
Testing Image: 25/100
Testing Image: 30/100
Testing Image: 35/100
Testing Image: 40/100
Testing Image: 45/100
Testing Image: 50/100
Testing Image: 55/100
Testing Image: 60/100
Testing Image: 65/100
Testing Image: 70/100
Testing Image: 75/100
Testing Image: 80/100
Testing Image: 85/100
Testing Image: 90/100
Testing Image: 95/100
Validation mIoU: 0.3086
